Q_target [[ 1.08644286e+00  8.45420183e-01  5.88371433e-01  1.72172535e+00
  -6.03346424e-02 -3.24906411e-01 -7.86827070e-01 -6.34597459e-01
   7.27882521e-01  5.04511990e-01  3.73277962e-02  2.33945699e+00
   1.38161699e+00 -1.15932590e+00 -2.56245589e-01  1.12239906e+00
  -5.68667915e-01 -1.27268968e+00  1.72853632e+00 -1.52324833e+00
   1.46514047e+00  4.68850394e-01 -6.31873049e-01 -9.76505704e-01
   4.95352320e-01 -5.74249592e-01 -3.82911064e-01  1.30733106e+00
  -1.05972165e+00 -4.80660071e-01 -6.94556270e-01 -6.73440696e-01
  -1.17181903e+00  1.21049164e+00  2.37454172e-01  3.40559235e-01
  -2.09636605e-03 -2.99227990e-02  2.06830100e+00 -1.47508399e+00
  -5.25328712e-01 -4.53721355e-01 -1.47355071e+00  1.19895122e+00
   9.26101614e-01 -5.64120930e-01 -1.02848121e-01  8.67580417e-01
   2.76365098e-01  8.31387838e-01  3.33615362e-01 -8.10741395e-02
   8.89490345e-01 -1.21939534e+00  7.63606551e-02 -5.09346237e-01
   1.15094244e+00  1.60820664e+00 -7.27198518e-01  7.39833038e-01
   1.71932869e+00 -1.36502648e+00  8.91950796e-01 -2.86058486e-01
   1.14420510e-03  6.47120107e-02  5.02146109e-02 -5.89539004e-01
  -2.20168227e-01  2.03362716e-01 -4.53747756e-01 -8.70726559e-01
  -9.11409601e-01 -1.80624289e+00 -3.26652858e-01 -7.26043085e-01
   1.91029940e+00  7.42085357e-01 -2.25027497e-01  3.70380494e-01
   2.48742968e+00  3.92451531e-02  6.71777976e-01 -1.01389869e+00
   1.72784115e+00  1.30374243e+00  6.29109099e-01 -5.22481786e-01
   8.53786654e-01  6.22612726e-01 -1.50795807e-02 -5.67335181e-01
  -3.12742772e-01  1.27301206e-01  6.94817186e-01 -4.06397816e-01
  -1.13779852e+00 -1.67830337e+00 -1.50813469e+00 -4.10455229e-01]
 [ 1.20097887e+00  7.70525932e-01 -7.40142895e-01  7.10631619e-01
   2.53885652e-01  8.01207739e-01 -1.00975135e+00 -4.93326935e-01
   3.06259657e-01 -1.07147047e+00  2.62820245e-01 -1.18171375e+00
   8.91112807e-03  2.33800996e-01  9.04513221e-01  6.23042701e-01
   1.51732542e+00  5.17510790e-01  2.39104685e+00 -9.31272140e-01
  -2.92037124e-01 -1.02493507e+00  1.81687198e+00  1.07240253e+00
   1.70728123e-01 -7.09660618e-01 -1.75819730e+00  9.57971003e-01
  -8.84902571e-02 -5.70051594e-01  9.47501205e-02 -4.94472927e-01
   2.59549985e-01  1.92486140e-01 -1.35828359e-01 -3.60373033e-01
  -7.43139416e-01  4.07900612e-01 -1.82606196e+00 -2.02636926e-01
  -1.30747241e-01  1.24809350e+00  1.04766792e+00  6.44209675e-01
   2.89048815e-01  1.43082751e+00  1.03715161e+00  2.33640008e-01
  -8.27245341e-01 -2.71370441e-01  2.88161912e-01 -5.60198690e-01
  -1.90005817e+00  8.14040648e-01  1.24684739e+00  2.51940226e-02
   1.79566650e+00 -3.89339397e-01  2.01354935e+00 -9.79865766e-02
  -6.05281263e-01  5.61245338e-02 -2.50251535e-02 -6.74651080e-01
  -3.59690483e-01  4.74021387e-01  6.25307701e-02  9.02244241e-01
  -1.10649162e+00  7.18203101e-01  1.54060954e+00  9.99033331e-02
  -7.87967252e-01 -1.32323564e+00 -4.11256965e-02 -3.61623935e-01
   4.76095730e-01  1.59006189e+00  1.16684422e+00  6.20897952e-01
  -1.38007987e+00 -4.34367287e-01 -1.08539398e+00  9.44395316e-01
   4.21946282e-01  1.22869120e-01  1.06891034e+00 -1.23479028e+00
  -1.08108421e+00  5.31891929e-01 -8.94791176e-02 -1.28657036e-02
  -8.65667000e-01  2.80552159e-01 -1.03504593e+00 -1.77370488e-01
  -8.03023647e-01 -1.44835315e+00 -4.47098962e-01 -1.96062468e+00]
 [-1.22451744e+00 -7.57015310e-01  9.21456821e-01  5.72227132e-01
  -4.59345732e-02  6.95198405e-01 -1.07636770e+00 -1.37367053e+00
  -9.87290881e-02 -6.36498626e-01 -1.35991641e+00  8.63312312e-02
   1.21079114e+00 -1.77110854e+00  1.98681311e-01 -1.85913393e-01
  -1.26689310e+00  2.19032258e+00  1.93566915e+00  9.46159992e-02
  -7.29407992e-01 -1.46223058e+00  1.16760332e+00  6.65433433e-01
   7.18425771e-01  6.84498036e-01 -5.92630620e-01 -9.81818063e-01
   1.16066872e+00 -7.80495081e-01 -5.04529844e-01 -1.88130737e+00
   1.84740404e+00  1.32400661e+00 -1.20529708e+00  1.04028565e+00
   9.17443388e-01  1.69773067e+00  9.27907357e-01 -6.47535121e-01
   4.35100263e-02 -1.74550691e+00  1.69893635e+00 -7.37393328e-01
  -1.36933177e+00  7.46607020e-01 -4.78678911e-01 -2.12212688e+00
  -1.63546490e+00 -5.19029233e-01 -1.54996529e+00  1.30276093e-01
  -8.14329401e-01  6.59450219e-01  1.85550046e+00 -1.32246339e+00
   1.21066768e+00  1.52214167e+00  5.20559678e-01 -2.13108897e-01
  -8.22963740e-01 -2.82817979e-01  2.43854782e+00  1.36165402e+00
  -6.59716743e-01  8.88211517e-01 -3.26691408e-01 -1.14027129e+00
  -7.18433273e-01  9.60045863e-01 -7.83202720e-01 -2.45577339e+00
  -6.45048453e-02  1.01748229e+00 -1.00241820e+00  2.06977820e-01
   9.07876874e-01 -7.17452336e-01 -1.12126656e+00  2.52425947e-01
  -7.93444687e-01  9.51053464e-01 -2.34057527e-01 -6.30068601e-01
  -3.76293477e-01 -1.51733408e+00  1.59122180e-01 -7.85761304e-01
  -1.57311883e+00 -2.28597813e-01 -1.43697527e-01 -2.14456262e-01
  -3.34559665e-01  1.07857518e+00  1.14894785e+00  4.38963130e-01
  -4.87683630e-01 -3.64783960e-02  2.59871337e-01 -4.27738647e-01]
 [ 2.43075973e-01  6.35661667e-01  2.46271132e-01 -4.51424017e-01
   2.67414971e-02  5.07260174e-01 -1.50079788e-01  8.62779408e-01
  -1.77199623e+00 -5.80790878e-01 -5.84983898e-01 -1.20779922e+00
   1.60560613e+00 -1.15918761e-01  1.56554680e+00  5.09920261e-01
   2.25151709e+00 -6.87566669e-01 -8.71001385e-01  1.67382490e+00
  -8.78397699e-01 -1.09002053e+00  5.03470276e-01 -3.41205563e-01
   3.77087770e+00  1.56298785e+00 -9.59540578e-01  5.91695166e-02
  -7.20959377e-01 -1.46322622e-01  9.10431492e-01  3.77316194e-01
  -1.62736779e+00 -5.70242547e-02 -6.45829736e-02  1.17545633e+00
   3.38442029e-01 -6.23043288e-01  7.17509083e-01  8.22677229e-01
   3.09445779e-01  6.71229696e-01 -6.77137017e-01 -9.00132825e-01
  -3.90431753e-01 -1.17918889e+00  1.52234460e+00  1.14114431e+00
  -1.94753074e-01  3.36192491e-01 -7.45613940e-01 -1.69275465e+00
   1.61605505e+00  1.06283591e+00 -5.52447052e-01 -1.31699543e+00
  -7.36302626e-01 -7.72929483e-01 -6.07635632e-01  1.58950023e+00
  -9.98990638e-01  2.18291967e+00  1.48172626e+00 -2.20998617e-01
   2.75217553e+00  1.71235163e+00  1.72174582e+00 -2.55944683e-02
  -2.93776452e-01  4.24283101e-01  7.72208899e-01 -3.37237384e-01
   9.75090321e-01  7.54121226e-01  1.60891253e+00 -6.66412379e-01
  -3.14953396e-01 -1.78956333e-01  1.67342011e+00 -2.54288182e-01
  -9.12044371e-01  1.22929130e+00  5.78526449e-01 -4.98054897e-01
   8.71056553e-01 -6.32883741e-01  2.23320948e+00  2.89379548e+00
   3.70583996e-01  7.91674536e-01 -2.62594478e-01  1.08499601e+00
  -6.68929079e-01 -1.02690215e+00  4.59021356e-01  2.60129888e-01
  -1.04907431e+00  5.00187622e-01  1.56920855e+00  1.39822911e-01]
 [ 7.44087386e-01 -7.72608214e-01  8.80320554e-01 -6.62365072e-02
   1.33252459e-01  9.14658110e-01  1.31853138e+00 -5.46468127e-01
  -3.40516512e-01  2.04011719e-01 -4.24760991e-01 -2.10936503e+00
  -4.33814311e-01  7.12439221e-01 -5.90887778e-01  7.55976447e-01
  -4.72025664e-01  1.02154890e+00 -1.32781752e+00 -1.26478737e-01
  -7.71386385e-01  1.02916140e+00  6.25968051e-01  1.31477730e+00
   1.64598544e-01  4.93260682e-01 -1.55402176e-01 -1.45595965e+00
   4.94169840e-01  1.46699516e+00  1.77905827e-01  1.01714865e-01
   6.08246824e-02  3.59444238e-01 -8.86688612e-01  7.18690144e-01
  -5.06329852e-04 -3.44639453e-01  6.43963556e-01 -1.22058224e-01
  -7.71730202e-01  4.43890048e-01  9.08612484e-01 -8.39443391e-01
  -1.71925073e+00  8.29693518e-01  1.00113619e+00  6.05908753e-01
  -2.43287905e+00 -1.81141236e+00 -1.76064136e+00  1.33115941e+00
  -3.39541666e-01 -9.74650893e-02  1.67278162e+00 -1.41075066e+00
   3.94248882e-01 -2.14218853e-01 -2.68616016e-01  1.96989229e+00
   1.85673713e+00  7.19416294e-01  3.46928205e+00 -2.14359055e-01
   4.38145410e-01  7.04015636e-01 -1.52886772e+00 -1.08671448e+00
  -6.46834309e-01 -9.45406533e-01  4.22438531e-01 -1.29044971e-01
   3.37847310e-01 -1.02301469e+00  4.03181754e-01 -1.45818027e+00
  -4.74433835e-01 -3.89680089e-01  5.73042257e-02 -1.75392337e-01
  -9.55271740e-02  7.85560137e-01 -1.48676169e+00 -2.69727164e-01
   3.82908394e-01  2.32027383e-01 -1.31257191e+00 -7.30552121e-01
   3.35324674e-02  7.61678236e-01  7.76212535e-02 -2.18203650e-01
  -9.81978506e-01  8.20616854e-01  1.24749195e-01 -1.12925276e+00
   7.78848446e-01  6.24703757e-01 -6.61734319e-01 -7.44187247e-01]]
R [[0.475 0.475 0.475]
 [0.475 0.475 0.485]
 [0.475 0.475 0.495]
 [0.475 0.475 0.505]
 [0.475 0.475 0.515]
 [0.475 0.485 0.475]
 [0.475 0.485 0.485]
 [0.475 0.485 0.495]
 [0.475 0.485 0.505]
 [0.475 0.485 0.515]
 [0.475 0.495 0.475]
 [0.475 0.495 0.485]
 [0.475 0.495 0.495]
 [0.475 0.495 0.505]
 [0.475 0.495 0.515]
 [0.475 0.505 0.475]
 [0.475 0.505 0.485]
 [0.475 0.505 0.495]
 [0.475 0.505 0.505]
 [0.475 0.505 0.515]
 [0.475 0.515 0.475]
 [0.475 0.515 0.485]
 [0.475 0.515 0.495]
 [0.475 0.515 0.505]
 [0.475 0.515 0.515]
 [0.485 0.475 0.475]
 [0.485 0.475 0.485]
 [0.485 0.475 0.495]
 [0.485 0.475 0.505]
 [0.485 0.475 0.515]
 [0.485 0.485 0.475]
 [0.485 0.485 0.485]
 [0.485 0.485 0.495]
 [0.485 0.485 0.505]
 [0.485 0.485 0.515]
 [0.485 0.495 0.475]
 [0.485 0.495 0.485]
 [0.485 0.495 0.495]
 [0.485 0.495 0.505]
 [0.485 0.495 0.515]
 [0.485 0.505 0.475]
 [0.485 0.505 0.485]
 [0.485 0.505 0.495]
 [0.485 0.505 0.505]
 [0.485 0.505 0.515]
 [0.485 0.515 0.475]
 [0.485 0.515 0.485]
 [0.485 0.515 0.495]
 [0.485 0.515 0.505]
 [0.485 0.515 0.515]
 [0.495 0.475 0.475]
 [0.495 0.475 0.485]
 [0.495 0.475 0.495]
 [0.495 0.475 0.505]
 [0.495 0.475 0.515]
 [0.495 0.485 0.475]
 [0.495 0.485 0.485]
 [0.495 0.485 0.495]
 [0.495 0.485 0.505]
 [0.495 0.485 0.515]
 [0.495 0.495 0.475]
 [0.495 0.495 0.485]
 [0.495 0.495 0.495]
 [0.495 0.495 0.505]
 [0.495 0.495 0.515]
 [0.495 0.505 0.475]
 [0.495 0.505 0.485]
 [0.495 0.505 0.495]
 [0.495 0.505 0.505]
 [0.495 0.505 0.515]
 [0.495 0.515 0.475]
 [0.495 0.515 0.485]
 [0.495 0.515 0.495]
 [0.495 0.515 0.505]
 [0.495 0.515 0.515]
 [0.505 0.475 0.475]
 [0.505 0.475 0.485]
 [0.505 0.475 0.495]
 [0.505 0.475 0.505]
 [0.505 0.475 0.515]
 [0.505 0.485 0.475]
 [0.505 0.485 0.485]
 [0.505 0.485 0.495]
 [0.505 0.485 0.505]
 [0.505 0.485 0.515]
 [0.505 0.495 0.475]
 [0.505 0.495 0.485]
 [0.505 0.495 0.495]
 [0.505 0.495 0.505]
 [0.505 0.495 0.515]
 [0.505 0.505 0.475]
 [0.505 0.505 0.485]
 [0.505 0.505 0.495]
 [0.505 0.505 0.505]
 [0.505 0.505 0.515]
 [0.505 0.515 0.475]
 [0.505 0.515 0.485]
 [0.505 0.515 0.495]
 [0.505 0.515 0.505]
 [0.505 0.515 0.515]
 [0.515 0.475 0.475]
 [0.515 0.475 0.485]
 [0.515 0.475 0.495]
 [0.515 0.475 0.505]
 [0.515 0.475 0.515]
 [0.515 0.485 0.475]
 [0.515 0.485 0.485]
 [0.515 0.485 0.495]
 [0.515 0.485 0.505]
 [0.515 0.485 0.515]
 [0.515 0.495 0.475]
 [0.515 0.495 0.485]
 [0.515 0.495 0.495]
 [0.515 0.495 0.505]
 [0.515 0.495 0.515]
 [0.515 0.505 0.475]
 [0.515 0.505 0.485]
 [0.515 0.505 0.495]
 [0.515 0.505 0.505]
 [0.515 0.505 0.515]
 [0.515 0.515 0.475]
 [0.515 0.515 0.485]
 [0.515 0.515 0.495]
 [0.515 0.515 0.505]
 [0.515 0.515 0.515]]
S [[0.52822408 0.74724648 0.51061892]
 [0.23373738 0.79006068 0.63309691]
 [0.62042402 0.53091093 0.03032132]
 [0.01532737 0.20653567 0.795256  ]
 [0.02526214 0.17527665 0.43088012]]
D [[0.27967777 0.42715983 0.47118288 0.62123742 0.54225897]
 [0.27858083 0.4235606  0.48063175 0.61614187 0.54316406]
 [0.2778397  0.42016859 0.49010249 0.61116748 0.5442514 ]
 [0.27745724 0.41698885 0.49959386 0.60631722 0.54551992]
 [0.27743493 0.41402628 0.5091047  0.60159409 0.54696836]
 [0.26995319 0.41983843 0.47010114 0.62562386 0.54784967]
 [0.26881657 0.41617588 0.47957133 0.62056434 0.54874553]
 [0.26804845 0.41272318 0.48906261 0.61562568 0.54982184]
 [0.267652   0.40948564 0.49857377 0.61081082 0.55107754]
 [0.26762887 0.40646839 0.50810371 0.60612271 0.5525114 ]
 [0.26024949 0.41262948 0.46923008 0.63013848 0.55356457]
 [0.2590703  0.40890237 0.4787175  0.6251155  0.55445119]
 [0.25827319 0.40538773 0.48822537 0.62021308 0.55551645]
 [0.25786171 0.40209113 0.49775254 0.61543411 0.5567593 ]
 [0.25783771 0.39901797 0.5072979  0.61078149 0.55817857]
 [0.25056909 0.40553899 0.46857086 0.63477854 0.55939985]
 [0.24934412 0.40174611 0.47807136 0.62979256 0.56027725]
 [0.24851582 0.39816831 0.48759183 0.62492684 0.56133144]
 [0.24808815 0.39481143 0.49713114 0.62018419 0.56256145]
 [0.24806321 0.39168115 0.50668821 0.61556747 0.56396612]
 [0.24091479 0.39857328 0.46812437 0.6395413  0.5653518 ]
 [0.23964048 0.39471347 0.47763375 0.63459275 0.56621997]
 [0.23877852 0.39107133 0.48716278 0.62976411 0.56726313]
 [0.23833339 0.387653   0.49671033 0.62505817 0.5684803 ]
 [0.23830742 0.38446445 0.50627534 0.62047772 0.56987038]
 [0.27794815 0.43288655 0.46819315 0.62867271 0.5505811 ]
 [0.27684435 0.42933534 0.47770116 0.62363793 0.55147253]
 [0.27609857 0.42598931 0.48722887 0.6187238  0.55254352]
 [0.27571369 0.42285335 0.49677515 0.61393324 0.55379305]
 [0.27569124 0.41993216 0.50633894 0.60926915 0.5552199 ]
 [0.26816086 0.42566367 0.46710449 0.63300764 0.55608814]
 [0.2670166  0.42205168 0.47663422 0.6280076  0.55697075]
 [0.26624329 0.41864744 0.48618284 0.62312794 0.55803119]
 [0.26584415 0.41545606 0.49574926 0.6183715  0.55926846]
 [0.26582086 0.41248249 0.50533246 0.61374114 0.56068138]
 [0.25838985 0.41855506 0.46622783 0.63746996 0.56171922]
 [0.25720213 0.41488119 0.47577512 0.63250521 0.562593  ]
 [0.25639922 0.41141763 0.48534064 0.62766051 0.56364287]
 [0.25598473 0.40816973 0.49492333 0.62293868 0.56486784]
 [0.25596055 0.40514268 0.50452223 0.61834252 0.56626679]
 [0.24863706 0.41156668 0.46556435 0.64205704 0.56747066]
 [0.24740252 0.40782985 0.47512497 0.63712803 0.5683356 ]
 [0.2465677  0.40430589 0.48470333 0.63231875 0.56937487]
 [0.24613665 0.40100039 0.49429838 0.62763196 0.57058754]
 [0.2461115  0.39791881 0.50390918 0.62307043 0.5719725 ]
 [0.2389047  0.40470473 0.46511499 0.64676621 0.57333883]
 [0.23761961 0.40090395 0.47468466 0.64187336 0.57419493]
 [0.23675029 0.39731856 0.48427172 0.63709991 0.57522362]
 [0.23630134 0.39395444 0.49387516 0.63244855 0.57642399]
 [0.23627514 0.3908173  0.50349404 0.62792201 0.57779495]
 [0.27656951 0.43876648 0.46539912 0.6361783  0.55895823]
 [0.27546019 0.43526323 0.47496307 0.63120339 0.55983632]
 [0.27471064 0.43196313 0.48454462 0.62634862 0.56089135]
 [0.27432382 0.42887085 0.49414276 0.62161682 0.56212232]
 [0.27430126 0.42599093 0.50375653 0.61701082 0.56352808]
 [0.26673163 0.43164199 0.46430391 0.64046243 0.56438354]
 [0.26558122 0.42808045 0.47388996 0.63552105 0.56525319]
 [0.26480371 0.42472454 0.48349278 0.63069952 0.56629813]
 [0.2644024  0.42157917 0.49311139 0.62600061 0.56751737]
 [0.26437899 0.41864908 0.50274488 0.6214271  0.5689098 ]
 [0.25690627 0.42463348 0.46342195 0.64487317 0.56993266]
 [0.25571166 0.42101266 0.47302588 0.63996585 0.57079387]
 [0.25490405 0.41759995 0.48264589 0.63517806 0.57182868]
 [0.25448713 0.41440051 0.49228104 0.63051253 0.57303615]
 [0.25446281 0.4114193  0.50193047 0.62597199 0.57441521]
 [0.24709493 0.41774679 0.46275446 0.64940796 0.57560204]
 [0.24585265 0.41406575 0.47237195 0.64453516 0.57645477]
 [0.24501255 0.41059531 0.48200502 0.63978157 0.57747944]
 [0.24457876 0.40734085 0.49165273 0.63514985 0.57867513]
 [0.24455345 0.40430759 0.50131425 0.6306427  0.58004077]
 [0.23729934 0.41098804 0.46230236 0.6540642  0.58138815]
 [0.2360055  0.40724591 0.47192907 0.64922636 0.58223241]
 [0.23513021 0.40371685 0.48157099 0.64450736 0.58324692]
 [0.23467816 0.40040648 0.49122723 0.63990985 0.58443081]
 [0.23465179 0.39732029 0.50089696 0.63543647 0.58578304]
 [0.27554711 0.44479352 0.46280435 0.64375173 0.56738793]
 [0.27443366 0.44133812 0.47242083 0.63883579 0.56825299]
 [0.2736813  0.43808378 0.48205291 0.63403947 0.56929242]
 [0.27329302 0.43503501 0.49169969 0.6293655  0.57050527]
 [0.27327038 0.43219616 0.50136031 0.62481662 0.57189042]
 [0.26567138 0.43776713 0.46170298 0.64798578 0.57273339]
 [0.26451636 0.43425583 0.47134193 0.64310221 0.57359039]
 [0.26373571 0.43094801 0.48099563 0.63833795 0.57462016]
 [0.26333277 0.42784839 0.49066319 0.63369568 0.57582178]
 [0.26330926 0.42496154 0.50034382 0.62917811 0.57719418]
 [0.2558053  0.43085827 0.46081604 0.65234566 0.57820239]
 [0.25460553 0.42729019 0.47047317 0.64749497 0.57905129]
 [0.2537944  0.42392803 0.48014433 0.64276327 0.58007137]
 [0.25337564 0.4207767  0.48982869 0.6381532  0.58126172]
 [0.25335122 0.41784099 0.49952549 0.63366741 0.58262131]
 [0.24595004 0.42407267 0.46014477 0.65682886 0.58379146]
 [0.24470195 0.42044702 0.46981569 0.65201152 0.58463225]
 [0.24385788 0.41702968 0.47950011 0.64731284 0.58564261]
 [0.24342204 0.41382583 0.48919723 0.64273539 0.58682166]
 [0.24339661 0.41084046 0.49890631 0.63828181 0.58816839]
 [0.23610695 0.41741636 0.4596901  0.66143286 0.58949719]
 [0.23480655 0.41373238 0.46937039 0.65664931 0.59032985]
 [0.23392678 0.41025912 0.47906381 0.65198404 0.59133047]
 [0.23347239 0.40700197 0.48876959 0.64743963 0.59249821]
 [0.23344588 0.40396617 0.49848699 0.64301863 0.59383207]
 [0.27488494 0.45096178 0.46041219 0.65139062 0.57586789]
 [0.27376879 0.44755401 0.47007761 0.64653277 0.57672023]
 [0.2730146  0.44434519 0.47975674 0.64179397 0.57774442]
 [0.27262537 0.44133968 0.48944878 0.63717688 0.57893956]
 [0.27260267 0.43854164 0.49915296 0.63268417 0.58030459]
 [0.26498453 0.44403301 0.45930509 0.65557534 0.58113535]
 [0.2638265  0.44057165 0.46899332 0.65074873 0.58197997]
 [0.2630438  0.4373116  0.47869438 0.64604086 0.58299493]
 [0.2626398  0.43425741 0.4884075  0.64145434 0.58417932]
 [0.26261623 0.43141344 0.49813197 0.6369918  0.58553213]
 [0.25509189 0.43722317 0.45841351 0.65988508 0.58652601]
 [0.25388874 0.43370746 0.4681202  0.65509022 0.58736288]
 [0.25307531 0.43039543 0.47783898 0.65041377 0.58836855]
 [0.25265537 0.4272918  0.48756914 0.64585831 0.58954215]
 [0.25263087 0.42440116 0.49731    0.64142641 0.59088268]
 [0.24520795 0.4305379  0.45773871 0.66431739 0.59203651]
 [0.24395607 0.42696715 0.46745941 0.65955476 0.5928656 ]
 [0.24310941 0.42360242 0.47719165 0.65491019 0.59386195]
 [0.24267222 0.42044865 0.48693475 0.65038622 0.59502472]
 [0.24264671 0.41751064 0.49668805 0.64598539 0.59635293]
 [0.23533383 0.4239831  0.45728165 0.66886986 0.59766353]
 [0.23402913 0.42035668 0.46701186 0.66413987 0.59848483]
 [0.23314642 0.4169386  0.47675324 0.65952759 0.59947184]
 [0.23269052 0.41373404 0.48650512 0.65503552 0.60062375]
 [0.23266392 0.410748   0.49626687 0.65066613 0.6019396 ]]
U [[12.78451027  5.48048759  4.50423456  2.59110366  3.40084239]
 [12.88538943  5.57402482  4.32887543  2.63413815  3.38951808]
 [12.95422371  5.66438602  4.16318951  2.67719203  3.37598794]
 [12.98996165  5.75110256  4.00650616  2.72019599  3.36030554]
 [12.99205069  5.83370112  3.85820928  2.76307629  3.34253216]
 [13.72217839  5.67329846  4.52498749  2.55489697  3.33178671]
 [13.83846529  5.77359322  4.34804047  2.59672747  3.32091689]
 [13.91789028  5.87059701  4.18091255  2.6385574   3.30792783]
 [13.95915155  5.96379422  4.02291765  2.68031945  3.29286996]
 [13.96156398  6.05266239  3.87342604  2.72194215  3.27580098]
 [14.76455035  5.87326356  4.5418032   2.51841907  3.26334835]
 [14.89926189  5.98082005  4.3635645   2.55905412  3.2529198 ]
 [14.99137086  6.08497497  4.19526413  2.59966962  3.24045621]
 [15.03925347  6.18516115  4.03620332  2.64020029  3.226005  ]
 [15.04205371  6.28080196  3.88574116  2.68057691  3.20962046]
 [15.92740479  6.08043653  4.55459171  2.48173573  3.19562129]
 [16.08428443  6.19578925  4.37536765  2.52118635  3.18562044]
 [16.19168078  6.30763603  4.20617322  2.56059947  3.17366629]
 [16.24755224  6.41535326  4.04629988  2.59991182  3.15980339]
 [16.25082057  6.5183047   3.89509811  2.63905644  3.14408277]
 [17.22951533  6.29482455  4.56328392  2.44490961  3.1286893 ]
 [17.41324213  6.41853779  4.38338864  2.48318908  3.11910237]
 [17.5391883   6.53864923  4.21358534  2.52141414  3.10764133]
 [17.60476505  6.65447354  4.05315879  2.55952353  3.09434803]
 [17.60860227  6.76530894  3.90145359  2.59745255  3.07927041]
 [12.94411675  5.33644215  4.5619434   2.53017626  3.29881072]
 [13.04754064  5.4250873   4.38215172  2.57119469  3.28815465]
 [13.11812301  5.51064706  4.21244238  2.61219957  3.27542013]
 [13.15477227  5.59268619  4.05210119  2.65312496  3.26065609]
 [13.15691466  5.67076611  3.90047367  2.69390091  3.2439186 ]
 [13.90622434  5.51908191  4.58323277  2.49564093  3.23379687]
 [14.02566509  5.61395259  4.40179246  2.53553843  3.22355604]
 [14.10725979  5.70562362  4.23058816  2.5754051   3.21131603]
 [14.14965323  5.79361718  4.06888912  2.61517691  3.19712299]
 [14.15213196  5.87745036  3.9160263   2.65478604  3.18102978]
 [14.97783682  5.70814238  4.60048499  2.46082396  3.16928597]
 [15.11648679  5.80968391  4.41770339  2.49960734  3.15944903]
 [15.21130971  5.90791455  4.24528341  2.53834348  3.14769012]
 [15.26060991  6.0023099   4.08248069  2.57697026  3.13405273]
 [15.2634932   6.09233831  3.92861424  2.615422    3.11858667]
 [16.17589387  5.90363629  4.61360657  2.42578762  3.10536871]
 [16.33773163  6.01231838  4.42980165  2.46346605  3.09592396]
 [16.44855088  6.11758292  4.25645453  2.5010817   3.08463231]
 [16.50621229  6.21885466  4.09281039  2.53857438  3.07153471]
 [16.50958552  6.31554846  3.93817906  2.57588053  3.05667807]
 [17.52066591  6.10553111  4.62252572  2.39059142  3.04212659]
 [17.71068878  6.22184704  4.43802365  2.42717617  3.03306205]
 [17.84099052  6.33464516  4.26404508  2.46368352  3.02222349]
 [17.90884786  6.4432948   4.09982802  2.50005519  3.00964943]
 [17.9128188   6.54715224  3.94467602  2.53622973  2.99538403]
 [13.07348596  5.19437287  4.61688311  2.47082673  3.20067282]
 [13.17899594  5.27832381  4.43282223  2.50992856  3.19064039]
 [13.25101164  5.3592824   4.25924326  2.54898775  3.1786486 ]
 [13.28840824  5.43684486  4.09538874  2.58794165  3.16474223]
 [13.29059439  5.51060528  3.94056621  2.62672396  3.14897255]
 [14.05565072  5.36725991  4.63868957  2.43788202  3.13943379]
 [14.17768337  5.45694046  4.45292085  2.47594004  3.12978101]
 [14.26106166  5.54351591  4.27779538  2.51394054  3.1182415 ]
 [14.30438593  5.62654399  4.11253803  2.55182266  3.10485755]
 [14.30691918  5.70557883  3.95644087  2.5895221   3.08967759]
 [15.15132375  5.54589354  4.65636262  2.40464727  3.07859743]
 [15.29321948  5.64169622  4.46920424  2.44166682  3.06931458]
 [15.3902797   5.73428302  4.29282099  2.47861471  3.05821585]
 [15.44074874  5.82316967  4.12642326  2.51543187  3.04534116]
 [15.4437005   5.90786653  3.96929039  2.55205602  3.03073622]
 [16.37843242  5.73025245  4.66980536  2.37118145  3.01825098]
 [16.54436909  5.83258919  4.48158661  2.40717004  3.00932795]
 [16.65801908  5.93160253  4.30424403  2.44307361  2.99865806]
 [16.71716109  6.02676245  4.13697682  2.47883487  2.98627893]
 [16.72062109  6.11753143  3.97905455  2.51439355  2.9722337 ]
 [17.75852768  5.92027167  4.67894333  2.33754101  2.95847331]
 [17.95377385  6.02957279  4.49000215  2.37250816  2.94989973]
 [18.08769054  6.1354477   4.31200614  2.4073777   2.93964637]
 [18.15744114  6.23731669  4.14414686  2.44209415  2.92774871]
 [18.1615231   6.33458995  3.98568719  2.47659922  2.9142474 ]
 [13.17068221  5.05455701  4.66879862  2.41303257  3.10627435]
 [13.2777733   5.13401483  4.48065939  2.45031276  3.09682409]
 [13.35087556  5.21057503  4.30338873  2.48752477  3.0855259 ]
 [13.38883877  5.28386342  4.1361867   2.52460908  3.07242072]
 [13.39105809  5.35350473  3.97832359  2.56150291  3.05755552]
 [14.16806236  5.21811565  4.69109944  2.38160123  3.04856177]
 [14.29206337  5.30284206  4.50119515  2.41790923  3.03945889]
 [14.37679643  5.38456034  4.32232827  2.45413628  3.02857465]
 [14.42082783  5.46286154  4.1536801   2.49022453  3.0159478 ]
 [14.42340249  5.53733441  3.99450454  2.5261131   3.00162277]
 [15.28202549  5.38680355  4.70917488  2.34987329  2.99116411]
 [15.42639154  5.47714388  4.51783416  2.38521316  2.98240029]
 [15.52515496  5.56436671  4.33766891  2.42045993  2.97192016]
 [15.57651395  5.64802526  4.16784501  2.45555747  2.95976035]
 [15.57951785  5.72766901  4.0076029   2.49044676  2.94596288]
 [16.53126939  5.56057139  4.72292473  2.31790456  2.93416497]
 [16.70033339  5.65688625  4.53048786  2.35228238  2.9257315 ]
 [16.81614374  5.74997641  4.3493322   2.38655563  2.91564518]
 [16.87641591  5.83935404  4.17861179  2.42066988  2.90394061]
 [16.87994216  5.92452578  4.0175567   2.45456798  2.8906575 ]
 [17.93834821  5.7393282   4.73227198  2.28574859  2.87764043]
 [18.13759065  5.84199227  4.53908822  2.31917231  2.86952831]
 [18.27427398  5.94132783  4.35725793  2.35248067  2.85982514]
 [18.34547386  6.03680257  4.185927    2.38562096  2.84856359]
 [18.34964081  6.12787651  4.02431843  2.41853787  2.83578113]
 [13.23421269  4.91723007  4.71743991  2.3567689   3.01546491]
 [13.34234364  4.99239687  4.52544065  2.39231805  3.00655832]
 [13.41616061  5.06476184  4.34468035  2.42777668  2.99590803]
 [13.45449653  5.13397857  4.17431778  2.46308828  2.98355154]
 [13.45673767  5.19970038  4.01358717  2.49819343  2.96953189]
 [14.24160601  5.07188604  4.74020896  2.3267771   2.9610478 ]
 [14.36690337  5.15189394  4.54638991  2.36142058  2.95245932]
 [14.45252882  5.2289923   4.3639859   2.39596259  2.94218819]
 [14.49702605  5.30280337  4.19213591  2.43034824  2.93026998]
 [14.49962799  5.37294815  4.03005684  2.46451986  2.91674547]
 [15.36762344  5.23110773  4.75866557  2.2964838   2.90686895]
 [15.513619    5.31626002  4.56336536  2.33022454  2.89859144]
 [15.61350609  5.39839557  4.37962421  2.36385343  2.88869106]
 [15.66545227  5.47710261  4.20656478  2.39731719  2.87720148]
 [15.66849058  5.55196693  4.04338978  2.43055991  2.8641613 ]
 [16.63147979  5.39482321  4.77270638  2.26594181  2.85300825]
 [16.80261031  5.485435    4.57627576  2.29878462  2.84503422]
 [16.91984848  5.57292421  4.39151452  2.3315058   2.83549572]
 [16.98086769  5.65684222  4.21753279  2.36405367  2.82442459]
 [16.98443773  5.73673658  4.05352237  2.39637407  2.81185738]
 [18.05640458  5.56292109  4.78225192  2.23520186  2.79953882]
 [18.25829293  5.65931807  4.58505101  2.26715334  2.79186048]
 [18.39680847  5.75248894  4.39959487  2.298974    2.78267462]
 [18.46896827  5.84194531  4.22498504  2.33061375  2.77201135]
 [18.47319152  5.92719322  4.06040581  2.36202019  2.75990524]]
P [[ 18.11643485  10.64091281  11.24809984 ... -26.13771847 -18.7450344
  -20.08785138]
 [ 18.55513522  10.96712513  11.0772666  ... -26.42165145 -18.9095412
  -20.22319668]
 [ 18.94172469  11.25819265  10.89690616 ... -26.64892455 -19.02029611
  -20.34165532]
 ...
 [ 24.13769662  15.96636679  13.63634605 ... -36.47928578 -27.40728993
  -22.46079651]
 [ 24.53709857  16.25683362  13.45010176 ... -36.71442231 -27.54478294
  -22.57875843]
 [ 24.8442241   16.47999591  13.23491554 ... -36.83082931 -27.57474156
  -22.66383358]]
test
channel noise power 2.9129567982515763
P power 291.29567982515766
snr test 20.0
ground truth loss 18205.97998907235
/opt/conda/lib/python3.7/site-packages/scipy/optimize/_lsq/trf.py:426: RuntimeWarning: divide by zero encountered in true_divide
  scale, scale_inv = x_scale, 1 / x_scale
   Iteration     Total nfev        Cost      Cost reduction    Step norm     Optimality   
       0              1         1.9746e+06                                    4.53e+05    
       1              3         1.6719e+06      3.03e+05       5.50e+00       3.31e+04    
       2              5         1.5232e+06      1.49e+05       1.38e+00       3.04e+05    
       3              7         1.3905e+06      1.33e+05       6.88e-01       8.99e+04    
       4              8         1.1996e+06      1.91e+05       1.38e+00       5.65e+05    
       5              9         7.9683e+05      4.03e+05       2.75e+00       1.25e+06    
       6             10         1.6955e+05      6.27e+05       5.50e+00       1.78e+06    
       7             12         7.4397e+04      9.51e+04       2.75e+00       6.66e+05    
       8             13         5.2825e+04      2.16e+04       2.75e+00       4.53e+05    
       9             14         3.6497e+04      1.63e+04       2.75e+00       4.22e+05    
      10             15         2.3796e+04      1.27e+04       2.75e+00       2.79e+05    
      11             18         2.1360e+04      2.44e+03       3.44e-01       1.77e+04    
      12             20         2.1264e+04      9.68e+01       1.72e-01       1.53e+04    
      13             21         2.1167e+04      9.62e+01       3.44e-01       3.27e+04    
      14             22         2.0953e+04      2.15e+02       3.44e-01       1.88e+04    
      15             23         2.0682e+04      2.71e+02       6.88e-01       2.51e+04    
      16             24         2.0112e+04      5.70e+02       1.38e+00       2.12e+04    
      17             25         1.9220e+04      8.92e+02       2.75e+00       2.09e+04    
      18             26         1.8565e+04      6.55e+02       5.50e+00       1.76e+04    
      19             31         1.8469e+04      9.63e+01       4.30e-02       1.68e+04    
      20             32         1.8465e+04      3.71e+00       8.60e-02       3.52e+04    
      21             33         1.8396e+04      6.86e+01       2.15e-02       8.57e+02    
      22             34         1.8390e+04      6.65e+00       4.30e-02       3.23e+03    
      23             35         1.8379e+04      1.07e+01       8.60e-02       4.77e+03    
      24             36         1.8359e+04      1.95e+01       1.72e-01       3.88e+03    
      25             37         1.8324e+04      3.51e+01       3.44e-01       2.32e+03    
      26             38         1.8258e+04      6.64e+01       6.88e-01       2.04e+03    
      27             39         1.8132e+04      1.26e+02       1.38e+00       4.69e+03    
      28             40         1.7929e+04      2.03e+02       2.75e+00       1.55e+04    
      29             41         1.7819e+04      1.11e+02       5.50e+00       3.22e+04    
      30             43         1.7757e+04      6.18e+01       1.38e+00       1.22e+04    
      31             44         1.7683e+04      7.36e+01       1.38e+00       4.33e+03    
      32             45         1.7649e+04      3.42e+01       2.75e+00       2.55e+04    
      33             47         1.7625e+04      2.37e+01       1.38e+00       6.79e+03    
      34             49         1.7617e+04      8.60e+00       6.88e-01       1.90e+03    
      35             50         1.7606e+04      1.06e+01       1.38e+00       1.27e+04    
      36             52         1.7599e+04      7.36e+00       6.88e-01       3.69e+03    
      37             53         1.7598e+04      1.28e+00       1.38e+00       2.59e+04    
      38             54         1.7589e+04      8.67e+00       3.44e-01       1.52e+03    
      39             55         1.7587e+04      2.10e+00       6.88e-01       9.39e+03    
      40             56         1.7585e+04      2.25e+00       6.88e-01       1.13e+04    
      41             57         1.7583e+04      1.89e+00       6.88e-01       1.30e+04    
      42             58         1.7581e+04      1.81e+00       6.88e-01       1.37e+04    
      43             59         1.7579e+04      1.82e+00       6.88e-01       1.33e+04    
      44             60         1.7577e+04      1.89e+00       6.88e-01       1.18e+04    
      45             61         1.7575e+04      1.93e+00       6.88e-01       8.93e+03    
      46             63         1.7574e+04      1.54e+00       3.44e-01       1.32e+03    
      47             65         1.7573e+04      4.84e-01       1.72e-01       2.33e+02    
      48             66         1.7572e+04      7.41e-01       3.44e-01       5.45e+02    
      49             68         1.7572e+04      6.37e-01       1.72e-01       1.41e+02    
      50             69         1.7571e+04      6.34e-01       3.44e-01       7.72e+02    
      51             70         1.7570e+04      1.14e+00       3.44e-01       8.73e+02    
      52             71         1.7570e+04      5.17e-01       6.88e-01       2.78e+03    
      53             72         1.7567e+04      2.91e+00       1.72e-01       1.85e+02    
      54             73         1.7565e+04      1.32e+00       3.44e-01       6.38e+02    
      55             74         1.7563e+04      2.70e+00       6.88e-01       1.72e+03    
      56             75         1.7559e+04      3.95e+00       1.38e+00       5.66e+03    
      57             76         1.7550e+04      8.95e+00       1.38e+00       6.34e+03    
      58             78         1.7542e+04      8.20e+00       6.88e-01       3.35e+03    
      59             79         1.7533e+04      8.64e+00       1.38e+00       1.23e+03    
      60             81         1.7526e+04      7.23e+00       6.88e-01       5.71e+03    
      61             82         1.7517e+04      9.01e+00       1.38e+00       1.96e+03    
      62             84         1.7508e+04      8.54e+00       6.88e-01       7.02e+03    
      63             85         1.7500e+04      7.90e+00       1.38e+00       2.89e+03    
      64             86         1.7491e+04      9.28e+00       1.38e+00       2.26e+04    
      65             87         1.7479e+04      1.18e+01       1.38e+00       2.43e+04    
      66             88         1.7472e+04      6.99e+00       1.38e+00       3.41e+04    
      67             89         1.7465e+04      7.13e+00       1.38e+00       3.90e+04    
      68             90         1.7457e+04      8.09e+00       1.38e+00       3.66e+04    
      69             91         1.7448e+04      8.75e+00       1.38e+00       2.43e+04    
      70             92         1.7442e+04      5.80e+00       1.38e+00       5.92e+03    
      71             94         1.7439e+04      3.81e+00       3.44e-01       2.99e+03    
      72             95         1.7438e+04      4.29e-01       6.88e-01       1.34e+04    
      73             96         1.7436e+04      1.85e+00       1.72e-01       2.70e+03    
      74             97         1.7436e+04      4.59e-01       3.44e-01       8.03e+03    
      75             98         1.7435e+04      5.42e-01       3.44e-01       1.07e+04    
      76             99         1.7435e+04      5.96e-01       3.44e-01       1.26e+04    
      77             100        1.7434e+04      6.14e-01       3.44e-01       1.43e+04    
      78             101        1.7433e+04      7.11e-01       3.44e-01       1.55e+04    
      79             102        1.7432e+04      8.93e-01       3.44e-01       1.58e+04    
      80             103        1.7431e+04      1.11e+00       3.44e-01       1.52e+04    
      81             104        1.7430e+04      1.28e+00       3.44e-01       1.36e+04    
      82             105        1.7429e+04      1.35e+00       3.44e-01       1.13e+04    
      83             106        1.7427e+04      1.31e+00       3.44e-01       8.77e+03    
      84             107        1.7426e+04      1.22e+00       3.44e-01       6.33e+03    
      85             108        1.7426e+04      6.49e-01       6.88e-01       4.87e+03    
      86             109        1.7424e+04      1.52e+00       6.88e-01       4.97e+03    
      87             110        1.7422e+04      2.16e+00       6.88e-01       4.42e+03    
      88             111        1.7420e+04      2.11e+00       6.88e-01       4.45e+03    
      89             112        1.7418e+04      1.82e+00       6.88e-01       5.51e+03    
      90             113        1.7416e+04      1.53e+00       6.88e-01       6.75e+03    
      91             114        1.7415e+04      1.25e+00       6.88e-01       8.65e+03    
      92             115        1.7414e+04      9.97e-01       6.88e-01       1.13e+04    
      93             116        1.7413e+04      7.89e-01       6.88e-01       1.43e+04    
      94             117        1.7413e+04      5.98e-01       6.88e-01       1.78e+04    
      95             118        1.7412e+04      3.62e-01       6.88e-01       2.17e+04    
      96             119        1.7410e+04      2.07e+00       1.72e-01       4.64e+03    
      97             120        1.7410e+04      3.09e-01       3.44e-01       6.06e+03    
      98             122        1.7410e+04      2.68e-01       1.72e-01       3.08e+03    
      99             123        1.7410e+04      1.60e-01       3.44e-01       7.42e+03    
      100            124        1.7409e+04      1.60e-01       3.44e-01       1.02e+04    
      101            125        1.7409e+04      2.57e-01       3.44e-01       1.09e+04    
      102            126        1.7409e+04      2.27e-01       3.44e-01       1.22e+04    
      103            127        1.7409e+04      2.46e-01       3.44e-01       1.32e+04    
      104            128        1.7408e+04      2.56e-01       3.44e-01       1.41e+04    
      105            129        1.7408e+04      2.80e-01       3.44e-01       1.49e+04    
      106            130        1.7408e+04      3.08e-01       3.44e-01       1.54e+04    
      107            131        1.7407e+04      3.42e-01       3.44e-01       1.56e+04    
      108            132        1.7407e+04      3.78e-01       3.44e-01       1.55e+04    
      109            133        1.7407e+04      4.12e-01       3.44e-01       1.50e+04    
      110            134        1.7406e+04      4.42e-01       3.44e-01       1.40e+04    
      111            135        1.7406e+04      4.64e-01       3.44e-01       1.26e+04    
      112            136        1.7405e+04      4.78e-01       3.44e-01       1.09e+04    
      113            137        1.7405e+04      4.84e-01       3.44e-01       8.84e+03    
      114            139        1.7404e+04      3.74e-01       1.72e-01       2.61e+03    
      115            140        1.7404e+04      3.60e-01       3.44e-01       4.75e+03    
      116            141        1.7404e+04      6.14e-02       6.88e-01       9.57e+03    
      117            142        1.7403e+04      1.18e+00       1.72e-01       2.04e+03    
      118            143        1.7402e+04      4.33e-01       3.44e-01       2.44e+03    
      119            145        1.7402e+04      3.12e-01       1.72e-01       4.62e+02    
      120            146        1.7402e+04      4.39e-01       3.44e-01       3.86e+03    
      121            148        1.7401e+04      3.28e-01       1.72e-01       3.24e+02    
      122            149        1.7401e+04      4.39e-01       3.44e-01       5.03e+03    
      123            151        1.7401e+04      3.51e-01       1.72e-01       3.79e+02    
      124            152        1.7400e+04      4.32e-01       3.44e-01       5.58e+03    
      125            154        1.7400e+04      3.77e-01       1.72e-01       3.82e+02    
      126            155        1.7399e+04      4.15e-01       3.44e-01       5.59e+03    
      127            157        1.7399e+04      4.08e-01       1.72e-01       3.96e+02    
      128            158        1.7399e+04      3.85e-01       3.44e-01       5.17e+03    
      129            159        1.7398e+04      5.21e-01       3.44e-01       3.74e+03    
      130            160        1.7398e+04      5.04e-01       3.44e-01       3.13e+03    
      131            161        1.7397e+04      4.91e-01       3.44e-01       2.29e+03    
      132            162        1.7397e+04      4.74e-01       3.44e-01       2.53e+03    
      133            163        1.7396e+04      4.51e-01       3.44e-01       2.87e+03    
      134            164        1.7396e+04      4.24e-01       3.44e-01       3.26e+03    
      135            165        1.7395e+04      3.91e-01       3.44e-01       3.70e+03    
      136            166        1.7395e+04      3.59e-01       3.44e-01       4.18e+03    
      137            167        1.7395e+04      3.30e-01       3.44e-01       4.94e+03    
      138            168        1.7393e+04      1.36e+00       8.60e-02       1.86e+03    
      139            169        1.7393e+04      1.36e-01       1.72e-01       3.45e+03    
      140            170        1.7393e+04      2.78e-01       1.72e-01       3.25e+03    
      141            171        1.7393e+04      2.68e-01       1.72e-01       3.10e+03    
      142            172        1.7392e+04      2.65e-01       1.72e-01       3.04e+03    
      143            173        1.7392e+04      2.62e-01       1.72e-01       3.05e+03    
      144            174        1.7392e+04      2.60e-01       1.72e-01       3.11e+03    
      145            175        1.7392e+04      2.59e-01       1.72e-01       3.19e+03    
      146            176        1.7391e+04      2.58e-01       1.72e-01       3.27e+03    
      147            177        1.7391e+04      2.58e-01       1.72e-01       3.36e+03    
      148            178        1.7391e+04      2.58e-01       1.72e-01       3.43e+03    
      149            179        1.7390e+04      2.58e-01       1.72e-01       3.48e+03    
      150            180        1.7390e+04      2.57e-01       1.72e-01       3.52e+03    
      151            181        1.7390e+04      2.55e-01       1.72e-01       3.56e+03    
      152            182        1.7390e+04      2.53e-01       1.72e-01       3.58e+03    
      153            183        1.7389e+04      2.49e-01       1.72e-01       3.61e+03    
      154            185        1.7389e+04      2.19e-01       8.60e-02       1.35e+03    
      155            186        1.7389e+04      1.52e-01       1.72e-01       3.26e+03    
      156            187        1.7389e+04      2.43e-01       1.72e-01       3.74e+03    
      157            189        1.7389e+04      1.79e-01       8.60e-02       1.19e+03    
      158            190        1.7388e+04      1.68e-01       1.72e-01       3.45e+03    
      159            192        1.7388e+04      1.66e-01       8.60e-02       1.19e+03    
      160            193        1.7388e+04      1.71e-01       1.72e-01       3.73e+03    
      161            195        1.7388e+04      1.51e-01       8.60e-02       1.19e+03    
      162            196        1.7388e+04      1.70e-01       1.72e-01       4.17e+03    
      163            198        1.7388e+04      1.41e-01       8.60e-02       1.24e+03    
      164            199        1.7388e+04      1.66e-01       1.72e-01       4.75e+03    
      165            201        1.7387e+04      1.35e-01       8.60e-02       1.32e+03    
      166            202        1.7387e+04      1.60e-01       1.72e-01       5.45e+03    
      167            204        1.7387e+04      1.30e-01       8.60e-02       1.42e+03    
      168            205        1.7387e+04      1.51e-01       1.72e-01       6.23e+03    
      169            207        1.7387e+04      1.26e-01       8.60e-02       1.55e+03    
      170            208        1.7387e+04      1.42e-01       1.72e-01       7.06e+03    
      171            210        1.7387e+04      1.23e-01       8.60e-02       1.69e+03    
      172            211        1.7386e+04      1.31e-01       1.72e-01       7.90e+03    
      173            213        1.7386e+04      1.19e-01       8.60e-02       1.83e+03    
      174            214        1.7386e+04      1.20e-01       1.72e-01       8.67e+03    
      175            216        1.7386e+04      1.15e-01       8.60e-02       1.95e+03    
      176            217        1.7386e+04      1.09e-01       1.72e-01       9.30e+03    
      177            219        1.7386e+04      1.10e-01       8.60e-02       2.06e+03    
      178            220        1.7386e+04      9.89e-02       1.72e-01       9.70e+03    
      179            222        1.7386e+04      1.03e-01       8.60e-02       2.13e+03    
      180            223        1.7386e+04      8.91e-02       1.72e-01       9.80e+03    
      181            225        1.7385e+04      9.40e-02       8.60e-02       2.15e+03    
      182            226        1.7385e+04      8.02e-02       1.72e-01       9.56e+03    
      183            228        1.7385e+04      8.38e-02       8.60e-02       2.12e+03    
      184            229        1.7385e+04      7.24e-02       1.72e-01       8.94e+03    
      185            231        1.7385e+04      7.24e-02       8.60e-02       2.03e+03    
      186            232        1.7385e+04      6.56e-02       1.72e-01       7.92e+03    
      187            233        1.7385e+04      5.13e-02       3.44e-01       1.90e+04    
      188            234        1.7385e+04      1.75e-01       3.44e-01       9.45e+03    
      189            235        1.7385e+04      2.79e-03       6.88e-01       8.90e+03    
      190            236        1.7385e+04      2.18e-01       1.72e-01       1.63e+03    
      191            237        1.7385e+04      5.86e-02       3.44e-01       2.02e+03    
      192            239        1.7385e+04      5.01e-02       1.72e-01       6.71e+02    
      193            240        1.7384e+04      4.93e-02       3.44e-01       6.85e+02    
      194            242        1.7384e+04      4.12e-02       1.72e-01       2.48e+02    
      195            243        1.7384e+04      4.32e-02       3.44e-01       5.27e+02    
      196            245        1.7384e+04      3.53e-02       1.72e-01       3.16e+02    
      197            246        1.7384e+04      3.90e-02       3.44e-01       4.88e+02    
      198            248        1.7384e+04      3.10e-02       1.72e-01       3.14e+02    
      199            249        1.7384e+04      3.57e-02       3.44e-01       4.45e+02    
      200            250        1.7384e+04      2.83e-03       6.88e-01       2.01e+03    
      201            251        1.7384e+04      9.53e-02       1.72e-01       2.19e+02    
      202            252        1.7384e+04      3.07e-02       3.44e-01       3.70e+02    
      203            253        1.7384e+04      7.29e-03       6.88e-01       2.01e+03    
      204            254        1.7384e+04      7.65e-02       1.72e-01       2.10e+02    
      205            255        1.7384e+04      2.67e-02       3.44e-01       3.22e+02    
      206            256        1.7384e+04      1.02e-02       6.88e-01       2.00e+03    
      207            257        1.7384e+04      6.19e-02       1.72e-01       1.73e+02    
      208            258        1.7384e+04      2.33e-02       3.44e-01       2.82e+02    
      209            259        1.7384e+04      1.15e-02       6.88e-01       1.95e+03    
      210            260        1.7384e+04      5.10e-02       1.72e-01       1.48e+02    
      211            261        1.7384e+04      2.04e-02       3.44e-01       2.52e+02    
      212            262        1.7384e+04      1.21e-02       6.88e-01       1.92e+03    
      213            263        1.7384e+04      4.00e-02       6.88e-01       1.85e+03    
      214            264        1.7384e+04      3.79e-02       6.88e-01       1.74e+03    
      215            265        1.7384e+04      3.51e-02       6.88e-01       1.66e+03    
      216            266        1.7384e+04      3.28e-02       6.88e-01       1.59e+03    
      217            267        1.7384e+04      3.04e-02       6.88e-01       1.53e+03    
      218            268        1.7384e+04      2.83e-02       6.88e-01       1.49e+03    
      219            269        1.7384e+04      2.63e-02       6.88e-01       1.44e+03    
      220            270        1.7384e+04      2.45e-02       6.88e-01       1.42e+03    
      221            271        1.7384e+04      2.27e-02       6.88e-01       1.38e+03    
      222            272        1.7384e+04      2.11e-02       6.88e-01       1.36e+03    
      223            273        1.7384e+04      1.96e-02       6.88e-01       1.33e+03    
      224            274        1.7384e+04      1.82e-02       6.88e-01       1.32e+03    
      225            275        1.7383e+04      1.69e-02       6.88e-01       1.30e+03    
      226            276        1.7383e+04      1.57e-02       6.88e-01       1.29e+03    
      227            277        1.7383e+04      1.45e-02       6.88e-01       1.27e+03    
      228            278        1.7383e+04      1.35e-02       6.88e-01       1.28e+03    
      229            279        1.7383e+04      1.24e-02       6.88e-01       1.28e+03    
      230            280        1.7383e+04      1.15e-02       6.88e-01       1.30e+03    
      231            281        1.7383e+04      1.06e-02       6.88e-01       1.32e+03    
      232            282        1.7383e+04      9.72e-03       6.88e-01       1.37e+03    
      233            283        1.7383e+04      8.93e-03       6.88e-01       1.43e+03    
      234            284        1.7383e+04      8.16e-03       6.88e-01       1.53e+03    
      235            285        1.7383e+04      7.45e-03       6.88e-01       1.65e+03    
      236            286        1.7383e+04      6.79e-03       6.88e-01       1.89e+03    
      237            287        1.7383e+04      6.11e-03       6.88e-01       2.16e+03    
      238            288        1.7383e+04      5.52e-03       6.88e-01       2.69e+03    
      239            289        1.7383e+04      4.88e-03       6.88e-01       3.31e+03    
      240            290        1.7383e+04      4.23e-03       6.88e-01       4.53e+03    
      241            291        1.7383e+04      3.35e-03       6.88e-01       6.52e+03    
      242            292        1.7383e+04      1.90e-03       6.88e-01       9.82e+03    
      243            294        1.7383e+04      6.90e-03       1.72e-01       4.74e+02    
      244            295        1.7383e+04      1.35e-03       3.44e-01       2.94e+03    
      245            297        1.7383e+04      1.57e-03       1.72e-01       7.51e+02    
      246            298        1.7383e+04      8.02e-04       3.44e-01       4.18e+03    
      247            299        1.7383e+04      9.04e-04       3.44e-01       5.49e+03    
      248            300        1.7383e+04      4.65e-04       3.44e-01       7.27e+03    
      249            301        1.7383e+04      2.50e-03       8.60e-02       4.45e+02    
      250            302        1.7383e+04      5.87e-04       1.72e-01       2.05e+03    
      251            304        1.7383e+04      6.58e-04       8.60e-02       5.33e+02    
      252            305        1.7383e+04      4.19e-04       1.72e-01       2.46e+03    
      253            307        1.7383e+04      6.33e-04       8.60e-02       6.50e+02    
      254            308        1.7383e+04      2.56e-04       1.72e-01       2.90e+03    
      255            309        1.7383e+04      4.01e-04       1.72e-01       3.34e+03    
      256            310        1.7383e+04      3.35e-04       1.72e-01       3.84e+03    
      257            311        1.7383e+04      2.78e-04       1.72e-01       4.35e+03    
      258            312        1.7383e+04      1.65e-04       1.72e-01       5.02e+03    
      259            313        1.7383e+04      1.16e-03       4.30e-02       3.32e+02    
      260            314        1.7383e+04      1.92e-04       8.60e-02       1.34e+03    
      261            316        1.7383e+04      2.44e-04       4.30e-02       3.53e+02    
      262            317        1.7383e+04      1.50e-04       8.60e-02       1.44e+03    
`ftol` termination condition is satisfied.
Function evaluations 317, initial cost 1.9746e+06, final cost 1.7383e+04, first-order optimality 1.44e+03.
prediction loss 17383.32036605144
rms error 2.077335424902784
permuted prediction loss 17383.32036605144
