Q_target [[ 7.91302404e-01 -2.70415832e-01 -4.92881860e-01  3.96937184e-01
   1.34180542e+00 -5.14919488e-02  2.37003064e-03 -1.22117784e+00
   4.32573804e-01 -1.82913602e+00 -6.46579316e-01 -4.90214146e-01
   2.27967413e+00 -3.45050839e-01  1.49863535e-01 -1.08721290e+00
  -2.75133679e+00 -1.99840648e-01 -3.70279278e-01  3.10430800e-01
  -8.79367209e-01 -7.75668554e-01 -1.62255121e+00  1.77222965e-01
  -6.90114657e-01  7.47558097e-01 -1.22031983e+00  1.02070244e+00
  -9.16315406e-01  6.79106051e-01  6.67602045e-01  7.22237010e-01
   2.88377748e-01 -9.20137829e-01 -1.51678660e-01  3.09857913e-01
  -1.01949381e+00  1.40457547e+00 -1.91655849e-01  1.90488989e-02
  -1.43353319e-01 -4.10091190e-01 -8.44644190e-01  4.37857778e-01
   1.16529360e-01  4.08405989e-01  4.47087856e-01  1.61106639e+00
   7.33887448e-01 -6.20839121e-01 -8.63813470e-01  1.69944875e-02
  -1.37653921e+00 -1.32125483e+00 -1.54480990e-01  1.35241072e+00
   1.52404417e+00 -2.72465969e-01 -1.86700372e+00 -8.98497082e-01
  -1.48171440e+00  7.46524809e-01 -2.02364792e-01  2.82225070e-01
   5.88648520e-01 -2.54343835e-01 -9.64807024e-01 -1.57601340e-01
   4.52916366e-01  8.86093338e-01  3.27073091e-01  5.73887976e-01
  -1.38823680e+00  1.71564234e+00 -1.95253533e-01 -1.86172028e+00
  -1.80976263e-01 -8.25012787e-01  8.46570831e-01  2.22210734e-01
  -1.21928771e+00  5.59480367e-03  4.65402886e-01 -2.10697705e+00
  -7.09838560e-01  1.74661950e+00 -8.19639434e-01 -6.61896700e-01
  -8.68935575e-01  1.52057656e+00  3.75892182e-01  4.89934864e-01
   2.51806183e+00 -6.95497339e-01 -1.56994100e+00  2.22131037e-01
   7.27660811e-01 -1.65320798e+00  1.32398917e+00  1.12199267e+00]
 [-1.24557326e+00  8.34135289e-01  1.03445252e-01  2.94899627e-01
  -9.97792587e-01  5.03921505e-01  1.91237991e+00  9.04301212e-01
   3.50349094e-02 -8.26171670e-01 -2.31858718e+00 -9.22737963e-01
  -5.64023076e-01  1.05639333e+00 -2.24261248e-01 -8.67844100e-02
   3.87258843e-01 -5.00178724e-01  1.48209934e+00  2.48141305e-01
   8.71828254e-01 -4.88730297e-01  4.26890677e-01  7.48610725e-01
  -8.90917924e-02 -7.05584057e-01 -1.41818941e-01 -3.88670955e-02
   8.50224512e-01 -2.00930897e-01  3.22590725e-02  9.03908709e-01
  -1.43299372e+00  6.44531031e-01  2.91112086e+00 -4.25172738e-01
   5.23232419e-01  7.97479864e-01 -9.15227815e-02 -1.22353002e-01
  -1.91057880e+00 -8.20221383e-01  1.04943518e-01 -7.27742343e-01
  -1.48543201e+00 -1.29115790e+00  2.31059063e+00  2.43368988e-01
  -3.67038003e-01 -1.12502706e+00 -2.33898528e-01 -2.53314728e-01
  -9.05011152e-01  9.17415084e-01  5.95764671e-01 -6.53494736e-02
   7.79469128e-01  7.14766478e-01  5.34698828e-01 -4.08497888e-01
  -1.75721663e-01  1.03221304e+00 -1.85155813e+00  1.23510577e+00
   9.77585248e-01 -8.82159317e-01 -3.06743990e-01 -1.42142604e+00
   8.25076154e-01 -9.55825628e-01  5.59264420e-02  8.33927248e-01
   6.40337637e-01  1.56281215e-02  8.12797448e-01 -2.93963260e-01
   3.98997560e-01 -4.12652929e-01 -8.11881881e-01 -3.35066024e-01
  -4.17945151e-01 -8.69319434e-01 -7.33293651e-01 -1.19046611e+00
  -5.89018026e-01 -1.69692844e+00  2.18429102e-01  4.46489539e-01
   1.15991355e+00 -1.80021233e+00 -1.21431544e+00 -2.76565286e-01
   6.07261228e-01 -6.17449331e-01  3.56607644e-01 -5.92451543e-01
  -7.81422787e-01  1.01432198e+00 -7.29006269e-01 -1.28656049e+00]
 [-7.16093190e-01 -1.43926927e+00 -4.10608723e-01 -3.08262025e-01
  -1.19859066e-01  2.30789831e-01 -1.89972413e-01  9.85217970e-01
   1.95414304e-01  8.26093090e-01 -1.11351598e-01 -1.50733480e-01
   5.74990595e-01 -1.94900520e+00 -1.28215738e+00  6.33956549e-01
  -9.69520272e-01  3.69624324e-01  1.13851272e+00 -4.15152859e-01
  -1.02061233e+00 -8.18495788e-01 -2.83494897e+00 -7.71333912e-01
  -8.79495308e-01 -7.58567636e-01  1.57059438e+00 -5.08073800e-01
   1.01418673e+00 -5.89794120e-01  5.30241378e-01 -5.89599755e-01
  -1.12362968e+00 -2.87046959e-01  3.40324133e-01 -1.87215453e+00
   9.05960711e-01  9.22796463e-01 -1.36055392e+00 -2.91915307e-01
   2.82445355e-01 -1.43757667e-01 -3.21389931e-01 -2.35798187e-01
  -1.25398023e+00 -4.76084772e-01  1.17985515e+00 -1.10778630e+00
  -4.01907376e-01 -7.69134581e-01  6.34378470e-01 -7.54291502e-01
  -1.52897348e+00 -7.61163228e-01 -1.50480226e+00 -4.77402731e-01
  -2.52687601e-02  1.26733105e+00  2.78775304e-02  6.99105146e-01
   9.93899652e-02  5.99687480e-01  1.22385139e-01  2.20055754e-01
  -1.78884106e+00 -4.04103052e-01 -8.78432929e-01  1.41428125e+00
   1.94375652e-01 -4.83217022e-01 -9.35345084e-01  1.80441650e-01
   2.56096625e-01  1.87780737e-01  1.15613575e+00  7.46613051e-01
   5.62379782e-01 -8.50346071e-01  2.96241768e-01  3.59696003e-01
  -8.28240375e-01 -9.75938110e-01 -4.84094022e-01  9.51162700e-01
  -9.09802504e-02 -2.45827947e+00  1.00570957e+00 -1.37603292e+00
  -2.05507565e-01 -1.05894969e-03  1.22895615e+00  5.02391763e-01
   1.53428161e+00 -3.38725555e-01  1.02710532e+00  1.43331907e+00
  -1.35951518e-01 -7.61220256e-01  5.98473514e-01  1.11530266e-01]
 [-6.98025171e-01 -7.37592690e-01 -1.23695925e+00 -7.93332040e-01
  -4.29964945e-01 -4.67449876e-01  1.14787008e+00 -7.96835416e-01
  -4.17400445e-01 -1.25549769e-01  9.80750717e-02  5.74178194e-01
   1.24659519e+00  1.61120568e+00 -1.03921987e+00 -1.20142030e+00
  -6.61029409e-01 -8.69452857e-01 -2.10879783e-01  1.03840912e+00
   7.50124593e-01  1.03380592e+00  1.99957873e+00  2.04051868e+00
   1.93376676e+00 -1.13086204e+00 -5.37776355e-01  2.76518489e-02
   4.69538044e-01 -1.69913538e+00  1.95921719e+00 -1.29500642e+00
  -2.64649730e-01 -6.29239790e-01 -3.97877088e-02 -3.12257782e-01
   2.85101164e-01  1.44171847e-01  1.71280285e-01  1.23417144e+00
   4.13754373e-01 -1.78175816e-01  8.36749218e-01 -1.28257384e+00
   2.85174295e-01 -3.23533155e-02  1.31894028e+00  1.61882312e+00
   3.53654479e-02  1.40085832e+00 -2.69487444e-01 -1.13157049e+00
  -3.88243012e-01 -2.87262255e-01 -2.43986393e-01 -1.00413944e-01
  -1.62863678e+00 -3.88896773e-01 -3.52181833e-01  7.47940652e-01
  -7.14642731e-01  9.27688211e-01  1.02359783e+00  1.36345651e+00
  -3.24098915e-01  3.88661579e-01 -4.18169351e-01  4.58345288e-01
  -4.16688893e-02 -6.91843894e-01  5.51267952e-01 -1.31205831e+00
   6.21208484e-01  6.62829274e-01  1.80511988e+00  3.27395207e-01
   6.61538295e-01  3.66816591e-01  1.10713681e+00 -1.82330375e-01
   9.75669370e-01 -4.13725427e-01  2.93255030e-01  9.35873990e-01
   2.48581368e-01  1.70674234e+00 -3.71351138e-01  9.94897846e-01
  -8.90750339e-01  4.96496070e-02  5.66237968e-01 -4.13643488e-01
   1.96206078e+00  1.24849173e-01  8.31328188e-02  3.95322337e-01
   4.52980502e-01 -2.80124587e-01 -8.86873623e-01  8.19828540e-01]
 [ 4.90577069e-01  5.41088940e-01  1.20413239e+00 -5.14233736e-01
   2.10123397e+00  1.13555914e+00 -1.80227699e+00  1.18676076e+00
  -7.40744608e-01 -1.13687706e+00  6.49421845e-01 -1.23515254e+00
  -4.73252197e-01 -6.79585240e-01  2.23688326e-01 -1.40707428e+00
   6.65667667e-01 -7.67188304e-02 -1.57618345e+00 -9.37426391e-01
   3.67734739e-01 -1.40017389e+00  1.28388201e+00  2.65611950e-01
  -5.50120986e-01  7.21066371e-01  7.31899036e-01  8.46817461e-01
  -3.68462484e-01 -9.43377756e-02 -1.95760336e+00 -2.24067332e-01
   6.47279767e-01 -1.26769523e-01  1.19417503e+00 -1.50177444e+00
  -4.38381297e-01 -3.65444667e-01  6.77152751e-01 -1.12299792e+00
  -1.31918399e+00 -3.09807917e-01  1.10770885e+00 -6.72431962e-03
   8.74819210e-01  2.22673982e-02 -5.92984512e-03  1.96800177e-01
   5.58223431e-01 -5.99310361e-01  2.30070835e-01  6.57799901e-01
   7.28806850e-02  5.75189651e-01 -8.68183031e-02  3.31398101e-01
   9.82272867e-01 -5.61669941e-01  1.46730880e+00  1.21442196e+00
   8.13688434e-01  3.53068891e-01  5.93556740e-02  1.10691456e+00
   1.33962602e+00 -7.19239774e-01  8.53636238e-01 -3.80903313e-01
   5.77773020e-01  8.56241662e-02 -1.28343747e+00  1.19153700e+00
  -9.57545748e-01 -1.41804520e+00 -2.67622960e-01 -2.39464202e-01
   1.10351695e+00  5.69232292e-02  6.44961122e-01  1.25185796e+00
   1.05921158e+00  1.48429031e+00  7.78402561e-01  3.37488553e-01
   1.50949176e+00 -1.55738374e+00  1.84782814e+00 -1.74221783e+00
  -1.25599366e+00  7.35754590e-01 -1.27114245e-01  2.16865863e-01
  -2.47818774e-01  6.44928872e-02 -6.13755659e-01  3.67640101e-01
  -5.70371852e-01 -2.09387227e-01  1.71652556e-01  1.48003336e+00]]
R [[0.475 0.475 0.475]
 [0.475 0.475 0.485]
 [0.475 0.475 0.495]
 [0.475 0.475 0.505]
 [0.475 0.475 0.515]
 [0.475 0.485 0.475]
 [0.475 0.485 0.485]
 [0.475 0.485 0.495]
 [0.475 0.485 0.505]
 [0.475 0.485 0.515]
 [0.475 0.495 0.475]
 [0.475 0.495 0.485]
 [0.475 0.495 0.495]
 [0.475 0.495 0.505]
 [0.475 0.495 0.515]
 [0.475 0.505 0.475]
 [0.475 0.505 0.485]
 [0.475 0.505 0.495]
 [0.475 0.505 0.505]
 [0.475 0.505 0.515]
 [0.475 0.515 0.475]
 [0.475 0.515 0.485]
 [0.475 0.515 0.495]
 [0.475 0.515 0.505]
 [0.475 0.515 0.515]
 [0.485 0.475 0.475]
 [0.485 0.475 0.485]
 [0.485 0.475 0.495]
 [0.485 0.475 0.505]
 [0.485 0.475 0.515]
 [0.485 0.485 0.475]
 [0.485 0.485 0.485]
 [0.485 0.485 0.495]
 [0.485 0.485 0.505]
 [0.485 0.485 0.515]
 [0.485 0.495 0.475]
 [0.485 0.495 0.485]
 [0.485 0.495 0.495]
 [0.485 0.495 0.505]
 [0.485 0.495 0.515]
 [0.485 0.505 0.475]
 [0.485 0.505 0.485]
 [0.485 0.505 0.495]
 [0.485 0.505 0.505]
 [0.485 0.505 0.515]
 [0.485 0.515 0.475]
 [0.485 0.515 0.485]
 [0.485 0.515 0.495]
 [0.485 0.515 0.505]
 [0.485 0.515 0.515]
 [0.495 0.475 0.475]
 [0.495 0.475 0.485]
 [0.495 0.475 0.495]
 [0.495 0.475 0.505]
 [0.495 0.475 0.515]
 [0.495 0.485 0.475]
 [0.495 0.485 0.485]
 [0.495 0.485 0.495]
 [0.495 0.485 0.505]
 [0.495 0.485 0.515]
 [0.495 0.495 0.475]
 [0.495 0.495 0.485]
 [0.495 0.495 0.495]
 [0.495 0.495 0.505]
 [0.495 0.495 0.515]
 [0.495 0.505 0.475]
 [0.495 0.505 0.485]
 [0.495 0.505 0.495]
 [0.495 0.505 0.505]
 [0.495 0.505 0.515]
 [0.495 0.515 0.475]
 [0.495 0.515 0.485]
 [0.495 0.515 0.495]
 [0.495 0.515 0.505]
 [0.495 0.515 0.515]
 [0.505 0.475 0.475]
 [0.505 0.475 0.485]
 [0.505 0.475 0.495]
 [0.505 0.475 0.505]
 [0.505 0.475 0.515]
 [0.505 0.485 0.475]
 [0.505 0.485 0.485]
 [0.505 0.485 0.495]
 [0.505 0.485 0.505]
 [0.505 0.485 0.515]
 [0.505 0.495 0.475]
 [0.505 0.495 0.485]
 [0.505 0.495 0.495]
 [0.505 0.495 0.505]
 [0.505 0.495 0.515]
 [0.505 0.505 0.475]
 [0.505 0.505 0.485]
 [0.505 0.505 0.495]
 [0.505 0.505 0.505]
 [0.505 0.505 0.515]
 [0.505 0.515 0.475]
 [0.505 0.515 0.485]
 [0.505 0.515 0.495]
 [0.505 0.515 0.505]
 [0.505 0.515 0.515]
 [0.515 0.475 0.475]
 [0.515 0.475 0.485]
 [0.515 0.475 0.495]
 [0.515 0.475 0.505]
 [0.515 0.475 0.515]
 [0.515 0.485 0.475]
 [0.515 0.485 0.485]
 [0.515 0.485 0.495]
 [0.515 0.485 0.505]
 [0.515 0.485 0.515]
 [0.515 0.495 0.475]
 [0.515 0.495 0.485]
 [0.515 0.495 0.495]
 [0.515 0.495 0.505]
 [0.515 0.495 0.515]
 [0.515 0.505 0.475]
 [0.515 0.505 0.485]
 [0.515 0.505 0.495]
 [0.515 0.505 0.505]
 [0.515 0.505 0.515]
 [0.515 0.515 0.475]
 [0.515 0.515 0.485]
 [0.515 0.515 0.495]
 [0.515 0.515 0.505]
 [0.515 0.515 0.515]]
S [[0.13541622 0.91869462 0.44674517]
 [0.78978406 0.17868131 0.95592612]
 [0.25618826 0.69503894 0.23836201]
 [0.86555051 0.71297415 0.97150345]
 [0.41943363 0.74914686 0.01443275]]
D [[0.5594465  0.64667125 0.39024768 0.67503857 0.53885649]
 [0.56004061 0.63926925 0.39639123 0.66771776 0.54742822]
 [0.56081243 0.63193881 0.40268942 0.66046721 0.55604766]
 [0.56176123 0.62468243 0.4091351  0.65328927 0.56471263]
 [0.56288612 0.61750272 0.41572141 0.64618635 0.57342104]
 [0.55154918 0.65131411 0.3846979  0.67157844 0.53383834]
 [0.55215179 0.64396549 0.39092868 0.66421949 0.54248938]
 [0.55293462 0.63668912 0.39731347 0.65693033 0.55118605]
 [0.55389691 0.6294875  0.40384496 0.64971331 0.55992626]
 [0.55503773 0.62236323 0.41051615 0.64257087 0.56870797]
 [0.54372107 0.65607656 0.37933059 0.66825004 0.52896166]
 [0.54433235 0.64878188 0.38564809 0.66085403 0.53769116]
 [0.54512641 0.64156013 0.39211888 0.65352733 0.54646421]
 [0.54610246 0.63441381 0.39873547 0.64627231 0.55527874]
 [0.54725953 0.62734549 0.40549073 0.63909141 0.5641328 ]
 [0.53596522 0.66095599 0.3741536  0.66505536 0.52423039]
 [0.53658533 0.65371576 0.38055706 0.65762342 0.53303738]
 [0.53739083 0.64654913 0.38711295 0.65026033 0.54188577]
 [0.53838091 0.63945856 0.39381365 0.64296845 0.55077358]
 [0.53955454 0.63244662 0.40065191 0.63575023 0.55969892]
 [0.52828479 0.66594984 0.36917494 0.66199633 0.5196485 ]
 [0.52891391 0.65876451 0.37566327 0.65452966 0.52853184]
 [0.52973108 0.6516534  0.38230309 0.64713137 0.53745442]
 [0.53073545 0.64461898 0.38908664 0.63980383 0.54641431]
 [0.53192594 0.63766379 0.39600653 0.6325495  0.55540971]
 [0.56557234 0.64186293 0.39594127 0.66930267 0.5399793 ]
 [0.56616002 0.63440484 0.40199782 0.66191842 0.54853349]
 [0.56692351 0.62701752 0.40820951 0.65460364 0.55713583]
 [0.56786209 0.61970352 0.41456937 0.64736069 0.56578413]
 [0.56897492 0.61246545 0.42107069 0.640192   0.5744763 ]
 [0.55776175 0.64654033 0.39047241 0.66581272 0.53497169]
 [0.55835766 0.63913682 0.39661249 0.65838933 0.54360468]
 [0.5591318  0.63180483 0.40290722 0.6510349  0.5522838 ]
 [0.56008344 0.6245469  0.40934947 0.6437518  0.5610069 ]
 [0.56121169 0.61736562 0.41593238 0.63654246 0.56977196]
 [0.55002207 0.65133768 0.38518558 0.66245536 0.53010543]
 [0.55062635 0.64398932 0.39140859 0.65499392 0.5388164 ]
 [0.55141135 0.63671322 0.39778568 0.64760093 0.54757142]
 [0.5523763  0.62951187 0.40430954 0.64027876 0.55636841]
 [0.55352025 0.62238788 0.4109732  0.63302988 0.5652054 ]
 [0.54235633 0.65625235 0.38008834 0.6592326  0.52538446]
 [0.54296914 0.64895964 0.38639346 0.65173426 0.53417242]
 [0.54376519 0.6417399  0.39285197 0.64430387 0.54300232]
 [0.54474368 0.6345956  0.39945642 0.63694381 0.55187215]
 [0.54590363 0.62752932 0.40619969 0.62965653 0.56078   ]
 [0.5347677  0.66128172 0.37518845 0.65614643 0.52081272]
 [0.5353892  0.6540451  0.38157454 0.64861242 0.52967654]
 [0.5361965  0.64688211 0.38811324 0.64114585 0.53858015]
 [0.53718878 0.63979524 0.39479697 0.63374911 0.54752162]
 [0.53836501 0.63278703 0.40161849 0.62642466 0.55649912]
 [0.57180744 0.63717528 0.40180309 0.66366788 0.54128455]
 [0.57238871 0.62966167 0.40777258 0.65622023 0.54981844]
 [0.57314391 0.62221804 0.41389762 0.64884121 0.55840098]
 [0.57407232 0.61484695 0.42017139 0.6415332  0.56702999]
 [0.57517313 0.60755103 0.42658734 0.63429865 0.57570335]
 [0.56408319 0.64188684 0.39641511 0.66014815 0.53628913]
 [0.56467242 0.63442903 0.40246453 0.65266033 0.54490125]
 [0.56543792 0.627042   0.40866913 0.6452406  0.55356004]
 [0.56637897 0.61972828 0.41502195 0.63789134 0.56226334]
 [0.5674947  0.61249051 0.42151629 0.63061502 0.57100912]
 [0.55643145 0.64671871 0.39120859 0.65676182 0.53143494]
 [0.55702877 0.63931726 0.39733729 0.64923495 0.54012447]
 [0.55780476 0.63198737 0.40362072 0.64177563 0.54885862]
 [0.55875867 0.62473156 0.41005176 0.63438623 0.5576353 ]
 [0.55988958 0.61755242 0.41662357 0.62706923 0.56645254]
 [0.54885523 0.65166821 0.38619086 0.65351099 0.52672588]
 [0.54946079 0.64432363 0.39239794 0.64594624 0.53549183]
 [0.55024745 0.63705134 0.3987592  0.63844849 0.54430033]
 [0.55121444 0.62985387 0.4052674  0.63102013 0.55314934]
 [0.5523608  0.62273379 0.41191555 0.62366364 0.56203695]
 [0.54135771 0.6567327  0.38136938 0.65039767 0.52216589]
 [0.54197165 0.64944539 0.38765367 0.64279628 0.53100712]
 [0.54276917 0.6422311  0.39409152 0.63526135 0.53988879]
 [0.54374945 0.63509233 0.40067554 0.62779528 0.54880894]
 [0.54491152 0.62803164 0.40739863 0.62040056 0.55776572]
 [0.57814827 0.63261098 0.40782589 0.6581368  0.54277094]
 [0.57872318 0.62504251 0.41370849 0.65062584 0.55128182]
 [0.57947011 0.61754321 0.41974692 0.64318264 0.55984193]
 [0.58038841 0.61011564 0.42593454 0.63580959 0.56844906]
 [0.58147726 0.60276245 0.43226496 0.62850916 0.5771011 ]
 [0.57050988 0.63735628 0.40251854 0.65458732 0.53778933]
 [0.57109248 0.62984483 0.40847758 0.64703516 0.5463778 ]
 [0.57184939 0.6224034  0.4145922  0.63955017 0.55501356]
 [0.5727799  0.61503452 0.42085562 0.63213476 0.56369442]
 [0.57388319 0.60774085 0.4272613  0.6247914  0.57241833]
 [0.5629455  0.64222224 0.39739199 0.65117208 0.5329488 ]
 [0.56353592 0.63476837 0.40342677 0.64357984 0.54161404]
 [0.56430296 0.62738534 0.40961679 0.6360542  0.55032455]
 [0.5652459  0.62007567 0.41595514 0.62859755 0.55907822]
 [0.56636386 0.612842   0.42243513 0.62121237 0.56787305]
 [0.55545814 0.64720613 0.39245333 0.6478932  0.52825324]
 [0.55605651 0.63981033 0.39856289 0.64026208 0.53699425]
 [0.55683385 0.63248615 0.40482729 0.63269697 0.5457785 ]
 [0.55778942 0.62523612 0.41123947 0.62520028 0.55460393]
 [0.55892229 0.61806285 0.4177926  0.61777449 0.5634686 ]
 [0.54805096 0.65230526 0.38770974 0.64475275 0.52370655]
 [0.5486574  0.64496793 0.39389288 0.63708402 0.5325222 ]
 [0.54944521 0.63770299 0.40023038 0.62948072 0.54137901]
 [0.55041361 0.63051295 0.40671503 0.62194526 0.55027501]
 [0.55156163 0.6234004  0.41333991 0.61448014 0.5592083 ]
 [0.58459139 0.62817273 0.41400264 0.65271206 0.54443698]
 [0.58515997 0.62055012 0.4197987  0.64513794 0.55292221]
 [0.5858987  0.61299587 0.42575076 0.63763069 0.56145731]
 [0.58680694 0.60551252 0.43185237 0.63019269 0.57004005]
 [0.5878839  0.59810274 0.43809728 0.62282643 0.5786683 ]
 [0.5770383  0.6329513  0.4087755  0.64913292 0.53947075]
 [0.57761432 0.62538694 0.41464463 0.64151655 0.54803287]
 [0.57836268 0.61789182 0.42066962 0.63396641 0.55664295]
 [0.57928274 0.61046849 0.42684387 0.62648491 0.56529879]
 [0.58037366 0.60311961 0.433161   0.61907453 0.57399832]
 [0.56956063 0.63785086 0.40372841 0.64568883 0.53464544]
 [0.5701442  0.6303453  0.40966986 0.63803135 0.54328362]
 [0.57090236 0.62290985 0.41576694 0.63043948 0.55196779]
 [0.57183442 0.61554704 0.42201293 0.62291561 0.5606958 ]
 [0.57293952 0.60825951 0.4284013  0.61546226 0.56946565]
 [0.56216138 0.64286865 0.39886822 0.64238196 0.52996492]
 [0.56275262 0.63542236 0.40488099 0.63468458 0.53867816]
 [0.56352073 0.62804701 0.41104911 0.62705219 0.54743539]
 [0.56446497 0.62074514 0.41736571 0.61948719 0.55623453]
 [0.56558448 0.61351936 0.42382413 0.61199208 0.56507362]
 [0.55484369 0.64800191 0.39420182 0.63921444 0.52543304]
 [0.55544273 0.64061529 0.40028469 0.63147845 0.5342202 ]
 [0.55622093 0.63330042 0.40652256 0.62380683 0.54304932]
 [0.55717754 0.62605983 0.41290841 0.61620199 0.55191839]
 [0.55831166 0.6188961  0.41943547 0.60866643 0.56082551]]
U [[3.19508834 2.39129358 6.56627917 2.19453655 3.44392566]
 [3.18831304 2.44699097 6.36431865 2.24292186 3.33691875]
 [3.17954322 2.50409008 6.16679565 2.29243734 3.23426767]
 [3.16881198 2.56260355 5.97401791 2.34308989 3.13577581]
 [3.15615939 2.62254077 5.78622368 2.39488375 3.04125436]
 [3.28724074 2.35732261 6.75710046 2.2172084  3.50897659]
 [3.28006942 2.41143085 6.54342211 2.26660987 3.39795424]
 [3.27078831 2.46686367 6.33480757 2.31718856 3.2915735 ]
 [3.2594334  2.5236306  6.13155553 2.36895314 3.18961551]
 [3.24604832 2.58173792 5.93389013 2.42190965 3.09187102]
 [3.3825768  2.32322333 6.94967151 2.23935021 3.5739758 ]
 [3.37498397 2.37576007 6.72384386 2.2897545  3.45886972]
 [3.36515875 2.42954677 6.50375993 2.34138315 3.34870243]
 [3.35314036 2.48459007 6.28970483 2.3942467  3.24323124]
 [3.33897627 2.5408934  6.08188408 2.448353   3.14222509]
 [3.48118246 2.28904807 7.14332073 2.26091589 3.63877843]
 [3.47314102 2.34003355 6.90494842 2.31230682 3.51952999]
 [3.46273687 2.39219697 6.67305349 2.36496918 3.40552835]
 [3.45001271 2.44554233 6.44790249 2.41891541 3.29650546]
 [3.43502022 2.50007042 6.22967748 2.47415527 3.19220711]
 [3.58314003 2.25484636 7.33728818 2.28185914 3.70322962]
 [3.57462123 2.30430317 7.08602242 2.33421758 3.57979109]
 [3.56360117 2.35486856 6.84202057 2.38789429 3.46191754]
 [3.55012639 2.40654409 6.60552526 2.44290361 3.34931402]
 [3.53425316 2.4593282  6.37668988 2.49925729 3.24170182]
 [3.12624984 2.42725505 6.37879239 2.23231194 3.42961825]
 [3.11976305 2.48466035 6.18803283 2.28239634 3.32348489]
 [3.11136579 2.54355213 6.00114003 2.33369    3.22164604]
 [3.10108908 2.6039466  5.81842674 2.38620282 3.12390979]
 [3.0889705  2.66585674 5.64014123 2.4399421  3.03009164]
 [3.21441937 2.39226212 6.55872291 2.2557752  3.49412475]
 [3.20756192 2.44800516 6.35721982 2.30693005 3.38402548]
 [3.19868605 2.50515217 6.16013038 2.35934502 3.27850155]
 [3.18782541 2.56371586 5.96776264 2.41303205 3.17733932]
 [3.17502085 2.62370573 5.7803553  2.46800047 3.08033434]
 [3.30551978 2.35715206 6.74000112 2.27869797 3.55856984]
 [3.29826857 2.41125238 6.52738584 2.33090979 3.44443814]
 [3.28888432 2.46667691 6.31977635 2.38443273 3.33517371]
 [3.27740364 2.52343514 6.11747232 2.43928085 3.23053969]
 [3.26387088 2.58153336 5.92069932 2.49546558 3.1303103 ]
 [3.39962153 2.32197887 6.92198889 2.30103196 3.62280998]
 [3.39195206 2.3744587  6.69792773 2.35428423 3.50458886]
 [3.38202795 2.42818582 6.47950954 2.40889859 3.39153754]
 [3.36988898 2.48316677 6.26702168 2.46489125 3.28339438]
 [3.35558334 2.53940489 6.0606726  2.52227584 3.179911  ]
 [3.49679084 2.28679357 7.10396949 2.32272857 3.68669177]
 [3.48867721 2.33767756 6.8681729  2.37700165 3.56433506]
 [3.47817992 2.38973483 6.63870048 2.43268755 3.44746056]
 [3.46534222 2.4429692  6.41582297 2.4898047  3.33578037]
 [3.45021649 2.49738134 6.19972758 2.54836894 3.22902222]
 [3.05844309 2.46310067 6.19403227 2.2703792  3.41309778]
 [3.05223435 2.52223466 6.01400734 2.32220616 3.30796878]
 [3.04419622 2.58294286 5.8373286  2.37532558 3.20706417]
 [3.03435773 2.64524532 5.66431032 2.42975074 3.11019736]
 [3.02275412 2.70915893 5.4952072  2.4854923  3.01718878]
 [3.1427778  2.42707423 6.36355196 2.29465387 3.47697854]
 [3.13622231 2.48447088 6.17368929 2.34760794 3.3679403 ]
 [3.12773634 2.54335358 5.98764888 2.40190941 3.26340166]
 [3.11735138 2.60373851 5.80574373 2.45757388 3.16315489]
 [3.10510561 2.66563863 5.62822276 2.51461432 3.06700098]
 [3.22980768 2.39094262 6.53406169 2.31837776 3.54078692]
 [3.22288449 2.44662346 6.33404797 2.37244535 3.42777494]
 [3.21392373 2.50370523 6.13837057 2.42791547 3.31954852]
 [3.20295955 2.5622005  5.94733838 2.48480613 3.21587738]
 [3.19003336 2.62211864 5.76119162 2.54313271 3.11654176]
 [3.3195895  2.35476149 6.70495717 2.34150029 3.60438088]
 [3.3122765  2.40875087 6.49451257 2.39666458 3.48734005]
 [3.30281249 2.46405914 6.28895601 2.45328654 3.37538105]
 [3.29123454 2.52069559 6.08858909 2.51138662 3.2682495 ]
 [3.27758755 2.57866627 5.89364019 2.5709827  3.16570365]
 [3.41217536 2.3185834  6.87556442 2.36397049 3.66760873]
 [3.40444921 2.37090813 6.65445066 2.42021134 3.54649462]
 [3.39445194 2.42447289 6.43881318 2.47796478 3.43076818]
 [3.38222379 2.47928393 6.22894288 2.53725375 3.32014952]
 [3.36781345 2.53534432 6.02505297 2.59809869 3.21437365]
 [2.99172412 2.4987715  6.01243534 2.30870078 3.39442971]
 [2.98578306 2.55965182 5.84266698 2.36231273 3.29043006]
 [2.97809067 2.62219692 5.67577237 2.41730456 3.19057645]
 [2.96867418 2.68643099 5.51206431 2.47369326 3.09468819]
 [2.95756656 2.75237513 5.35180078 2.53149323 3.00259115]
 [3.07237099 2.46170188 6.17203272 2.33380636 3.45760712]
 [3.06610564 2.52076792 5.99326587 2.38860448 3.34976163]
 [3.05799438 2.58140468 5.81778593 2.44484177 3.24633113]
 [3.04806664 2.64363207 5.64590714 2.50253785 3.14711444]
 [3.03635814 2.70746681 5.47788476 2.56170975 3.05191857]
 [3.15549357 2.42453981 6.33230423 2.35835106 3.52070004]
 [3.14888497 2.48181523 6.14427405 2.41432169 3.40894641]
 [3.14033043 2.54057063 5.95997577 2.47179104 3.30188713]
 [3.12986181 2.60082192 5.77972285 2.53078143 3.19929915]
 [3.11751776 2.6625818  5.60376547 2.59131265 3.10096941]
 [3.24113659 2.38734262 6.49267937 2.38228193 3.5835681 ]
 [3.2341648  2.44285397 6.29515284 2.43940798 3.46785333]
 [3.22514129 2.49975794 6.10183456 2.49809233 3.35712218]
 [3.21410058 2.55806676 5.9130347  2.55836009 3.25112834]
 [3.20108449 2.61778947 5.72899588 2.62023388 3.1496374 ]
 [3.3293398  2.35016437 6.65252607 2.40554556 3.64606153]
 [3.32198382 2.40394075 6.44530899 2.4638064  3.52634311]
 [3.31246434 2.45902582 6.24280675 2.52368493 3.41190685]
 [3.30081874 2.51542847 6.04532351 2.58520909 3.30248174]
 [3.28709232 2.57315437 5.85309164 2.64840441 3.19781088]
 [2.92614046 2.53420559 5.83436734 2.34723581 3.37368686]
 [2.92045677 2.59684644 5.6743722  2.40267388 3.27093513]
 [2.91309689 2.66124531 5.5168241  2.45958352 3.17224349]
 [2.9040863  2.72743085 5.36203181 2.51798579 3.07743764]
 [2.89345589 2.79542868 5.21025383 2.57789922 2.98634936]
 [3.00324469 2.4960852  5.98453318 2.37319118 3.43608739]
 [2.99725782 2.55683311 5.81631482 2.42987689 3.32955948]
 [2.98950628 2.61923885 5.65090099 2.48809809 3.22735374]
 [2.98001756 2.68332631 5.48860403 2.54787881 3.12927614]
 [2.96882506 2.74911625 5.32968214 2.60924057 3.03514025]
 [3.08262062 2.45788582 6.13509609 2.3985758  3.49839031]
 [3.07631343 2.51676669 5.95843189 2.45649546 3.38802631]
 [3.06814815 2.5772088  5.78495634 2.51601486 3.28225661]
 [3.05815448 2.63923163 5.61498356 2.57716108 3.1808661 ]
 [3.0463685  2.70285147 5.44876962 2.63995877 3.08364895]
 [3.16430244 2.41966648 6.28551895 2.42333426 3.56045712]
 [3.15765694 2.47670918 6.10021632 2.48247054 3.44620627]
 [3.14905474 2.53522021 5.91851251 2.5432709  3.33683142]
 [3.13852796 2.595215   5.74072148 2.60576555 3.23209499]
 [3.12611559 2.65670573 5.56709513 2.66998235 3.13177057]
 [3.24831914 2.38148271 6.43521041 2.44741062 3.62214015]
 [3.24131645 2.43671872 6.24111288 2.50774243 3.50396204]
 [3.23225304 2.4933339  6.05104929 2.56980247 3.3909505 ]
 [3.22116366 2.55133995 5.86533127 2.63362418 3.28284418]
 [3.20809043 2.61074532 5.68420445 2.69923872 3.17939493]]
P [[-4.99464884 -8.07518793 -2.59121448 ... -9.19084629  5.06162059
   8.13692924]
 [-5.01103207 -7.82980997 -2.68788782 ... -8.96056182  4.82989874
   7.9164385 ]
 [-5.03256922 -7.58758692 -2.78140816 ... -8.73016478  4.59691541
   7.69977476]
 ...
 [-5.01131986 -7.56402557 -2.91539658 ... -8.850611    4.38618001
   8.21913171]
 [-5.05693792 -7.35091326 -3.03679212 ... -8.62731078  4.1429052
   8.00366994]
 [-5.1081233  -7.14150772 -3.1555602  ... -8.40428372  3.89794076
   7.79305646]]
test
channel noise power 5.731765224293321e-07
P power 57.317652242933214
snr test 80.0
ground truth loss 0.003582353265183162
/opt/conda/lib/python3.7/site-packages/scipy/optimize/_lsq/trf.py:426: RuntimeWarning: divide by zero encountered in true_divide
  scale, scale_inv = x_scale, 1 / x_scale
   Iteration     Total nfev        Cost      Cost reduction    Step norm     Optimality   
       0              1         6.7779e+05                                    2.20e+06    
       1              2         6.8188e+04      6.10e+05       2.29e+01       3.88e+05    
       2              3         4.0672e+03      6.41e+04       4.57e+01       1.02e+05    
       3              8         1.2824e+03      2.78e+03       3.57e-01       1.18e+04    
       4             10         9.4365e+02      3.39e+02       1.79e-01       2.59e+03    
       5             11         5.7970e+02      3.64e+02       3.57e-01       9.51e+03    
       6             13         4.3289e+02      1.47e+02       1.79e-01       3.31e+03    
       7             15         3.9016e+02      4.27e+01       8.93e-02       1.46e+03    
       8             17         3.7461e+02      1.55e+01       4.46e-02       4.88e+02    
       9             18         3.5706e+02      1.76e+01       8.93e-02       2.58e+03    
      10             20         3.4361e+02      1.35e+01       4.46e-02       7.11e+02    
      11             21         3.3432e+02      9.28e+00       8.93e-02       2.94e+03    
      12             22         3.2104e+02      1.33e+01       8.93e-02       2.70e+03    
      13             23         3.0953e+02      1.15e+01       8.93e-02       2.30e+03    
      14             25         3.0164e+02      7.90e+00       4.46e-02       4.96e+02    
      15             26         2.9545e+02      6.19e+00       8.93e-02       1.50e+03    
      16             27         2.8802e+02      7.42e+00       1.79e-01       2.41e+03    
      17             28         2.7379e+02      1.42e+01       1.79e-01       8.10e+02    
      18             30         2.6627e+02      7.52e+00       8.93e-02       1.94e+02    
      19             31         2.5899e+02      7.28e+00       1.79e-01       6.46e+02    
      20             32         2.5847e+02      5.20e-01       3.57e-01       2.30e+03    
      21             33         2.3678e+02      2.17e+01       8.93e-02       3.67e+01    
      22             34         2.2967e+02      7.11e+00       1.79e-01       3.35e+02    
      23             35         2.1733e+02      1.23e+01       3.57e-01       8.97e+02    
      24             36         1.9632e+02      2.10e+01       7.14e-01       1.57e+03    
      25             38         1.7957e+02      1.67e+01       3.57e-01       1.47e+03    
      26             39         1.6707e+02      1.25e+01       7.14e-01       2.75e+03    
      27             40         1.5951e+02      7.56e+00       7.14e-01       5.05e+03    
      28             41         1.3135e+02      2.82e+01       1.79e-01       4.36e+02    
      29             42         1.2373e+02      7.62e+00       3.57e-01       1.16e+03    
      30             43         1.1372e+02      1.00e+01       7.14e-01       2.35e+03    
      31             44         9.2514e+01      2.12e+01       7.14e-01       1.30e+03    
      32             45         7.0566e+01      2.19e+01       1.43e+00       1.90e+03    
      33             46         5.0900e+01      1.97e+01       2.86e+00       4.70e+03    
      34             47         3.9313e+01      1.16e+01       5.71e+00       2.56e+03    
      35             49         3.7436e+01      1.88e+00       1.43e+00       1.88e+03    
      36             50         2.8117e+01      9.32e+00       3.57e-01       3.96e+01    
      37             51         2.7236e+01      8.81e-01       7.14e-01       7.27e+01    
      38             52         2.6364e+01      8.71e-01       1.43e+00       6.59e+02    
      39             54         2.5694e+01      6.71e-01       3.57e-01       1.19e+02    
      40             55         2.5360e+01      3.34e-01       7.14e-01       3.00e+02    
      41             57         2.5131e+01      2.29e-01       3.57e-01       1.08e+02    
      42             59         2.5052e+01      7.88e-02       1.79e-01       2.74e+01    
      43             60         2.4973e+01      7.86e-02       3.57e-01       1.65e+02    
      44             62         2.4909e+01      6.49e-02       1.79e-01       5.23e+01    
      45             64         2.4887e+01      2.13e-02       8.93e-02       1.30e+01    
      46             65         2.4860e+01      2.75e-02       1.79e-01       6.73e+01    
      47             67         2.4842e+01      1.78e-02       8.93e-02       1.89e+01    
      48             68         2.4826e+01      1.60e-02       1.79e-01       9.37e+01    
      49             69         2.4809e+01      1.67e-02       1.79e-01       1.10e+02    
      50             70         2.4793e+01      1.62e-02       1.79e-01       1.12e+02    
      51             71         2.4777e+01      1.59e-02       1.79e-01       1.05e+02    
      52             72         2.4761e+01      1.57e-02       1.79e-01       9.28e+01    
      53             73         2.4746e+01      1.51e-02       1.79e-01       7.76e+01    
      54             75         2.4735e+01      1.13e-02       8.93e-02       1.65e+01    
      55             76         2.4725e+01      1.01e-02       1.79e-01       5.54e+01    
      56             77         2.4714e+01      1.06e-02       3.57e-01       1.43e+02    
      57             78         2.4671e+01      4.32e-02       3.57e-01       7.48e+01    
      58             79         2.4602e+01      6.95e-02       7.14e-01       1.26e+02    
      59             80         2.4397e+01      2.05e-01       1.43e+00       1.59e+02    
      60             83         2.4128e+01      2.69e-01       1.79e-01       8.66e+01    
      61             84         2.4113e+01      1.52e-02       3.57e-01       2.11e+02    
      62             85         2.3788e+01      3.25e-01       8.93e-02       1.33e+01    
      63             86         2.3651e+01      1.37e-01       1.79e-01       4.12e+01    
      64             87         2.3325e+01      3.26e-01       3.57e-01       2.61e+01    
      65             89         2.3138e+01      1.86e-01       1.79e-01       1.56e+01    
      66             90         2.2818e+01      3.20e-01       3.57e-01       1.23e+02    
      67             92         2.2549e+01      2.69e-01       1.79e-01       9.64e+00    
      68             93         2.2178e+01      3.71e-01       3.57e-01       1.16e+02    
      69             94         2.1841e+01      3.37e-01       7.14e-01       3.63e+02    
      70             95         2.0724e+01      1.12e+00       7.14e-01       2.16e+02    
      71             96         1.9524e+01      1.20e+00       7.14e-01       1.96e+02    
      72             97         1.9179e+01      3.45e-01       1.43e+00       3.51e+02    
      73             98         1.5940e+01      3.24e+00       3.57e-01       8.76e+01    
      74             99         1.4855e+01      1.09e+00       7.14e-01       1.25e+02    
      75             100        1.3617e+01      1.24e+00       1.43e+00       2.73e+02    
      76             101        1.0854e+01      2.76e+00       1.43e+00       2.56e+02    
      77             102        7.9850e+00      2.87e+00       1.43e+00       1.69e+02    
      78             103        5.9641e+00      2.02e+00       2.86e+00       6.70e+02    
      79             105        3.5421e+00      2.42e+00       7.14e-01       8.63e+01    
      80             107        3.2163e+00      3.26e-01       3.57e-01       1.25e+01    
      81             108        3.1546e+00      6.17e-02       7.14e-01       2.63e+02    
      82             109        2.8353e+00      3.19e-01       1.79e-01       1.97e+01    
      83             110        2.8043e+00      3.10e-02       3.57e-01       1.45e+02    
      84             112        2.7066e+00      9.77e-02       8.93e-02       1.05e+01    
      85             113        2.6745e+00      3.21e-02       1.79e-01       5.29e+01    
      86             115        2.6464e+00      2.81e-02       8.93e-02       1.51e+01    
      87             116        2.6280e+00      1.84e-02       1.79e-01       7.19e+01    
      88             117        2.6009e+00      2.71e-02       1.79e-01       8.27e+01    
      89             118        2.5741e+00      2.68e-02       1.79e-01       8.91e+01    
      90             119        2.5469e+00      2.72e-02       1.79e-01       9.19e+01    
      91             120        2.5190e+00      2.80e-02       1.79e-01       9.13e+01    
      92             121        2.4906e+00      2.84e-02       1.79e-01       8.82e+01    
      93             122        2.4622e+00      2.83e-02       1.79e-01       8.37e+01    
      94             123        2.4343e+00      2.80e-02       1.79e-01       7.92e+01    
      95             124        2.4069e+00      2.74e-02       1.79e-01       7.42e+01    
      96             125        2.3802e+00      2.67e-02       1.79e-01       6.91e+01    
      97             126        2.3542e+00      2.60e-02       1.79e-01       6.41e+01    
      98             127        2.3288e+00      2.54e-02       1.79e-01       5.93e+01    
      99             128        2.3040e+00      2.48e-02       1.79e-01       5.47e+01    
      100            130        2.2855e+00      1.85e-02       8.93e-02       1.18e+01    
      101            131        2.2683e+00      1.72e-02       1.79e-01       5.03e+01    
      102            132        2.2444e+00      2.39e-02       1.79e-01       4.44e+01    
      103            134        2.2290e+00      1.55e-02       8.93e-02       9.42e+00    
      104            135        2.2104e+00      1.86e-02       1.79e-01       4.07e+01    
      105            137        2.1960e+00      1.44e-02       8.93e-02       8.22e+00    
      106            138        2.1770e+00      1.90e-02       1.79e-01       3.56e+01    
      107            139        2.1684e+00      8.63e-03       3.57e-01       1.31e+02    
      108            140        2.1216e+00      4.67e-02       8.93e-02       3.35e+00    
      109            141        2.1025e+00      1.92e-02       1.79e-01       2.53e+01    
      110            142        2.0795e+00      2.30e-02       3.57e-01       9.27e+01    
      111            143        2.0326e+00      4.69e-02       3.57e-01       6.52e+01    
      112            145        2.0035e+00      2.91e-02       1.79e-01       9.58e+00    
      113            146        1.9743e+00      2.92e-02       3.57e-01       5.06e+01    
      114            148        1.9483e+00      2.61e-02       1.79e-01       1.46e+01    
      115            149        1.9197e+00      2.86e-02       3.57e-01       4.52e+01    
      116            151        1.8958e+00      2.39e-02       1.79e-01       2.30e+01    
      117            152        1.8698e+00      2.59e-02       3.57e-01       7.93e+01    
      118            154        1.8458e+00      2.40e-02       1.79e-01       3.11e+01    
      119            155        1.8240e+00      2.18e-02       3.57e-01       1.12e+02    
      120            156        1.7962e+00      2.79e-02       3.57e-01       1.39e+02    
      121            157        1.7688e+00      2.74e-02       3.57e-01       1.58e+02    
      122            158        1.7422e+00      2.65e-02       3.57e-01       1.75e+02    
      123            159        1.7163e+00      2.59e-02       3.57e-01       1.89e+02    
      124            160        1.6907e+00      2.56e-02       3.57e-01       2.01e+02    
      125            161        1.6652e+00      2.55e-02       3.57e-01       2.09e+02    
      126            162        1.6396e+00      2.56e-02       3.57e-01       2.14e+02    
      127            163        1.6139e+00      2.57e-02       3.57e-01       2.15e+02    
      128            164        1.5880e+00      2.59e-02       3.57e-01       2.13e+02    
      129            165        1.5620e+00      2.60e-02       3.57e-01       2.08e+02    
      130            166        1.5360e+00      2.60e-02       3.57e-01       2.00e+02    
      131            167        1.5100e+00      2.59e-02       3.57e-01       1.90e+02    
      132            168        1.4843e+00      2.57e-02       3.57e-01       1.79e+02    
      133            169        1.4589e+00      2.54e-02       3.57e-01       1.66e+02    
      134            170        1.4339e+00      2.50e-02       3.57e-01       1.52e+02    
      135            171        1.4093e+00      2.46e-02       3.57e-01       1.38e+02    
      136            172        1.3851e+00      2.42e-02       3.57e-01       1.24e+02    
      137            173        1.3613e+00      2.38e-02       3.57e-01       1.10e+02    
      138            175        1.3434e+00      1.79e-02       1.79e-01       2.08e+01    
      139            176        1.3272e+00      1.62e-02       3.57e-01       1.00e+02    
      140            177        1.3034e+00      2.38e-02       3.57e-01       7.64e+01    
      141            179        1.2885e+00      1.49e-02       1.79e-01       1.26e+01    
      142            180        1.2703e+00      1.82e-02       3.57e-01       6.79e+01    
      143            181        1.2693e+00      9.95e-04       7.14e-01       2.10e+02    
      144            182        1.2133e+00      5.60e-02       1.79e-01       1.48e+01    
      145            183        1.1937e+00      1.95e-02       3.57e-01       3.29e+01    
      146            184        1.1743e+00      1.94e-02       7.14e-01       9.83e+01    
      147            185        1.1268e+00      4.76e-02       7.14e-01       8.03e+01    
      148            186        1.0876e+00      3.92e-02       7.14e-01       1.40e+02    
      149            187        1.0510e+00      3.66e-02       7.14e-01       1.99e+02    
      150            188        1.0159e+00      3.51e-02       7.14e-01       2.49e+02    
      151            189        9.8161e-01      3.42e-02       7.14e-01       2.86e+02    
      152            190        9.4815e-01      3.35e-02       7.14e-01       3.09e+02    
      153            191        9.1635e-01      3.18e-02       7.14e-01       3.14e+02    
      154            192        8.8844e-01      2.79e-02       7.14e-01       2.97e+02    
      155            193        8.6852e-01      1.99e-02       7.14e-01       2.55e+02    
      156            194        7.9644e-01      7.21e-02       1.79e-01       2.43e+01    
      157            195        7.8665e-01      9.79e-03       3.57e-01       5.98e+01    
      158            196        7.7229e-01      1.44e-02       3.57e-01       6.27e+01    
      159            197        7.5934e-01      1.29e-02       3.57e-01       7.23e+01    
      160            198        7.4764e-01      1.17e-02       3.57e-01       8.24e+01    
      161            199        7.3733e-01      1.03e-02       3.57e-01       9.27e+01    
      162            200        7.2853e-01      8.80e-03       3.57e-01       1.02e+02    
      163            201        7.2115e-01      7.38e-03       3.57e-01       1.09e+02    
      164            202        6.9549e-01      2.57e-02       8.93e-02       1.30e+01    
      165            203        6.9245e-01      3.03e-03       1.79e-01       2.98e+01    
      166            204        6.8796e-01      4.49e-03       1.79e-01       2.91e+01    
      167            205        6.8366e-01      4.30e-03       1.79e-01       2.77e+01    
      168            206        6.7959e-01      4.07e-03       1.79e-01       2.75e+01    
      169            207        6.7577e-01      3.82e-03       1.79e-01       2.58e+01    
      170            208        6.7227e-01      3.50e-03       1.79e-01       2.26e+01    
      171            209        6.6854e-01      3.73e-03       3.57e-01       3.54e+01    
      172            210        6.6296e-01      5.58e-03       3.57e-01       2.72e+01    
      173            211        6.5875e-01      4.21e-03       7.14e-01       4.59e+01    
      174            212        6.5680e-01      1.95e-03       7.14e-01       7.05e+01    
      175            213        6.4650e-01      1.03e-02       1.79e-01       6.86e+00    
      176            214        6.4406e-01      2.43e-03       3.57e-01       1.89e+01    
      177            216        6.4201e-01      2.05e-03       1.79e-01       4.43e+00    
      178            217        6.4000e-01      2.01e-03       3.57e-01       2.20e+01    
      179            218        6.3735e-01      2.65e-03       3.57e-01       2.25e+01    
      180            219        6.3480e-01      2.55e-03       3.57e-01       2.28e+01    
      181            220        6.3234e-01      2.46e-03       3.57e-01       2.33e+01    
      182            221        6.2998e-01      2.36e-03       3.57e-01       2.38e+01    
      183            222        6.2772e-01      2.26e-03       3.57e-01       2.42e+01    
      184            223        6.2554e-01      2.17e-03       3.57e-01       2.46e+01    
      185            224        6.2346e-01      2.09e-03       3.57e-01       2.50e+01    
      186            225        6.2145e-01      2.01e-03       3.57e-01       2.53e+01    
      187            226        6.1952e-01      1.93e-03       3.57e-01       2.56e+01    
      188            227        6.1767e-01      1.85e-03       3.57e-01       2.60e+01    
      189            228        6.1589e-01      1.78e-03       3.57e-01       2.63e+01    
      190            229        6.1417e-01      1.72e-03       3.57e-01       2.65e+01    
      191            230        6.1251e-01      1.66e-03       3.57e-01       2.68e+01    
      192            231        6.1091e-01      1.60e-03       3.57e-01       2.70e+01    
      193            232        6.0936e-01      1.55e-03       3.57e-01       2.72e+01    
      194            233        6.0787e-01      1.50e-03       3.57e-01       2.73e+01    
      195            234        6.0642e-01      1.45e-03       3.57e-01       2.74e+01    
      196            235        6.0501e-01      1.41e-03       3.57e-01       2.74e+01    
      197            236        6.0364e-01      1.37e-03       3.57e-01       2.74e+01    
      198            237        6.0231e-01      1.33e-03       3.57e-01       2.73e+01    
      199            238        6.0102e-01      1.30e-03       3.57e-01       2.72e+01    
      200            239        5.9975e-01      1.27e-03       3.57e-01       2.70e+01    
      201            240        5.9851e-01      1.24e-03       3.57e-01       2.67e+01    
      202            241        5.9729e-01      1.22e-03       3.57e-01       2.64e+01    
      203            242        5.9610e-01      1.20e-03       3.57e-01       2.59e+01    
      204            243        5.9492e-01      1.18e-03       3.57e-01       2.54e+01    
      205            244        5.9375e-01      1.17e-03       3.57e-01       2.47e+01    
      206            245        5.9260e-01      1.16e-03       3.57e-01       2.38e+01    
      207            246        5.9144e-01      1.15e-03       3.57e-01       2.27e+01    
      208            247        5.9028e-01      1.16e-03       3.57e-01       2.14e+01    
      209            248        5.8912e-01      1.16e-03       3.57e-01       1.98e+01    
      210            249        5.8796e-01      1.17e-03       3.57e-01       1.77e+01    
      211            250        5.8679e-01      1.17e-03       3.57e-01       1.51e+01    
      212            252        5.8583e-01      9.59e-04       1.79e-01       2.85e+00    
      213            253        5.8511e-01      7.14e-04       3.57e-01       1.20e+01    
      214            254        5.8420e-01      9.16e-04       3.57e-01       1.55e+01    
      215            255        5.8377e-01      4.33e-04       3.57e-01       2.30e+01    
      216            256        5.8149e-01      2.27e-03       8.93e-02       2.00e+00    
      217            257        5.8097e-01      5.27e-04       1.79e-01       9.17e+00    
      218            258        5.8024e-01      7.28e-04       1.79e-01       1.12e+01    
      219            259        5.7950e-01      7.35e-04       1.79e-01       1.38e+01    
      220            260        5.7878e-01      7.24e-04       1.79e-01       1.68e+01    
      221            261        5.7809e-01      6.86e-04       1.79e-01       2.04e+01    
      222            262        5.7748e-01      6.12e-04       1.79e-01       2.47e+01    
      223            263        5.7493e-01      2.55e-03       4.46e-02       1.79e+00    
      224            264        5.7440e-01      5.32e-04       8.93e-02       7.61e+00    
      225            265        5.7367e-01      7.31e-04       8.93e-02       8.30e+00    
      226            267        5.7303e-01      6.33e-04       4.46e-02       2.24e+00    
      227            268        5.7250e-01      5.34e-04       8.93e-02       9.39e+00    
      228            269        5.7167e-01      8.28e-04       8.93e-02       1.01e+01    
      229            270        5.7080e-01      8.69e-04       8.93e-02       1.08e+01    
      230            271        5.6989e-01      9.12e-04       8.93e-02       1.15e+01    
      231            272        5.6894e-01      9.56e-04       8.93e-02       1.21e+01    
      232            273        5.6793e-01      1.00e-03       8.93e-02       1.26e+01    
      233            274        5.6688e-01      1.05e-03       8.93e-02       1.29e+01    
      234            275        5.6578e-01      1.10e-03       8.93e-02       1.30e+01    
      235            276        5.6464e-01      1.14e-03       8.93e-02       1.30e+01    
      236            277        5.6345e-01      1.19e-03       8.93e-02       1.27e+01    
      237            278        5.6223e-01      1.22e-03       8.93e-02       1.22e+01    
      238            279        5.6099e-01      1.24e-03       8.93e-02       1.15e+01    
      239            280        5.5973e-01      1.26e-03       8.93e-02       1.08e+01    
      240            281        5.5846e-01      1.27e-03       8.93e-02       1.01e+01    
      241            283        5.5748e-01      9.76e-04       4.46e-02       2.42e+00    
      242            284        5.5655e-01      9.35e-04       8.93e-02       8.95e+00    
      243            286        5.5564e-01      9.11e-04       4.46e-02       2.14e+00    
      244            287        5.5463e-01      1.00e-03       8.93e-02       7.94e+00    
      245            289        5.5378e-01      8.58e-04       4.46e-02       1.90e+00    
      246            290        5.5272e-01      1.06e-03       8.93e-02       7.12e+00    
      247            291        5.5264e-01      7.54e-05       1.79e-01       2.60e+01    
      248            292        5.4937e-01      3.27e-03       4.46e-02       1.41e+00    
      249            293        5.4822e-01      1.15e-03       8.93e-02       5.74e+00    
      250            294        5.4725e-01      9.72e-04       1.79e-01       2.10e+01    
      251            295        5.4430e-01      2.96e-03       1.79e-01       1.86e+01    
      252            296        5.4143e-01      2.87e-03       1.79e-01       1.67e+01    
      253            297        5.3858e-01      2.85e-03       1.79e-01       1.51e+01    
      254            299        5.3633e-01      2.24e-03       8.93e-02       3.55e+00    
      255            300        5.3429e-01      2.04e-03       1.79e-01       1.30e+01    
      256            302        5.3223e-01      2.06e-03       8.93e-02       3.10e+00    
      257            303        5.2999e-01      2.24e-03       1.79e-01       1.11e+01    
      258            305        5.2804e-01      1.95e-03       8.93e-02       2.72e+00    
      259            306        5.2564e-01      2.40e-03       1.79e-01       9.39e+00    
      260            307        5.2533e-01      3.06e-04       3.57e-01       3.19e+01    
      261            308        5.1794e-01      7.39e-03       8.93e-02       2.32e+00    
      262            309        5.1526e-01      2.69e-03       1.79e-01       5.22e+00    
      263            310        5.1313e-01      2.13e-03       3.57e-01       1.43e+01    
      264            311        5.0755e-01      5.58e-03       3.57e-01       1.68e+01    
      265            312        5.0226e-01      5.29e-03       3.57e-01       2.54e+01    
      266            313        4.9883e-01      3.42e-03       3.57e-01       3.52e+01    
      267            314        4.9681e-01      2.02e-03       3.57e-01       4.29e+01    
      268            315        4.8153e-01      1.53e-02       8.93e-02       2.21e+01    
      269            316        4.7804e-01      3.48e-03       1.79e-01       1.42e+01    
      270            317        4.7564e-01      2.40e-03       1.79e-01       2.06e+01    
      271            318        4.7407e-01      1.57e-03       1.79e-01       3.78e+01    
      272            319        4.6776e-01      6.31e-03       4.46e-02       7.19e+00    
      273            320        4.6612e-01      1.65e-03       8.93e-02       1.20e+01    
      274            322        4.6470e-01      1.42e-03       4.46e-02       4.55e+00    
      275            323        4.6322e-01      1.48e-03       8.93e-02       1.42e+01    
      276            324        4.6135e-01      1.86e-03       8.93e-02       1.67e+01    
      277            325        4.5937e-01      1.99e-03       8.93e-02       1.71e+01    
      278            326        4.5737e-01      2.00e-03       8.93e-02       1.72e+01    
      279            327        4.5535e-01      2.02e-03       8.93e-02       1.70e+01    
      280            328        4.5332e-01      2.02e-03       8.93e-02       1.65e+01    
      281            330        4.5171e-01      1.61e-03       4.46e-02       4.37e+00    
      282            331        4.5026e-01      1.45e-03       8.93e-02       1.53e+01    
      283            332        4.4826e-01      2.00e-03       8.93e-02       1.50e+01    
      284            334        4.4676e-01      1.50e-03       4.46e-02       3.86e+00    
      285            335        4.4523e-01      1.53e-03       8.93e-02       1.38e+01    
      286            337        4.4380e-01      1.42e-03       4.46e-02       3.57e+00    
      287            338        4.4222e-01      1.58e-03       8.93e-02       1.28e+01    
      288            340        4.4086e-01      1.37e-03       4.46e-02       3.29e+00    
      289            341        4.3924e-01      1.62e-03       8.93e-02       1.19e+01    
      290            343        4.3792e-01      1.32e-03       4.46e-02       3.04e+00    
      291            344        4.3627e-01      1.65e-03       8.93e-02       1.11e+01    
      292            345        4.3602e-01      2.42e-04       1.79e-01       3.81e+01    
      293            346        4.3110e-01      4.92e-03       4.46e-02       2.60e+00    
      294            347        4.2940e-01      1.70e-03       8.93e-02       9.72e+00    
      295            348        4.2850e-01      9.05e-04       1.79e-01       3.35e+01    
      296            349        4.2434e-01      4.16e-03       4.46e-02       2.23e+00    
      297            350        4.2261e-01      1.73e-03       8.93e-02       8.56e+00    
      298            351        4.2123e-01      1.38e-03       1.79e-01       2.98e+01    
      299            352        4.1717e-01      4.06e-03       1.79e-01       2.81e+01    
      300            353        4.1319e-01      3.98e-03       1.79e-01       2.66e+01    
      301            354        4.0925e-01      3.94e-03       1.79e-01       2.52e+01    
      302            355        4.0536e-01      3.90e-03       1.79e-01       2.38e+01    
      303            356        4.0150e-01      3.85e-03       1.79e-01       2.25e+01    
      304            357        3.9769e-01      3.81e-03       1.79e-01       2.13e+01    
      305            358        3.9392e-01      3.77e-03       1.79e-01       2.02e+01    
      306            359        3.9019e-01      3.73e-03       1.79e-01       1.91e+01    
      307            360        3.8650e-01      3.69e-03       1.79e-01       1.80e+01    
      308            361        3.8285e-01      3.65e-03       1.79e-01       1.69e+01    
      309            363        3.8000e-01      2.85e-03       8.93e-02       4.22e+00    
      310            364        3.7746e-01      2.53e-03       1.79e-01       1.55e+01    
      311            365        3.7391e-01      3.56e-03       1.79e-01       1.44e+01    
      312            367        3.7132e-01      2.59e-03       8.93e-02       3.56e+00    
      313            368        3.6868e-01      2.64e-03       1.79e-01       1.30e+01    
      314            370        3.6622e-01      2.46e-03       8.93e-02       3.18e+00    
      315            371        3.6354e-01      2.68e-03       1.79e-01       1.15e+01    
      316            373        3.6122e-01      2.32e-03       8.93e-02       2.82e+00    
      317            374        3.5851e-01      2.71e-03       1.79e-01       1.01e+01    
      318            376        3.5631e-01      2.20e-03       8.93e-02       2.48e+00    
      319            377        3.5357e-01      2.74e-03       1.79e-01       8.82e+00    
      320            378        3.5317e-01      4.05e-04       3.57e-01       2.76e+01    
      321            379        3.4520e-01      7.96e-03       8.93e-02       1.83e+00    
      322            380        3.4246e-01      2.75e-03       1.79e-01       6.42e+00    
      323            381        3.4043e-01      2.03e-03       3.57e-01       2.45e+01    
      324            382        3.3361e-01      6.82e-03       3.57e-01       2.34e+01    
      325            383        3.2710e-01      6.50e-03       3.57e-01       2.23e+01    
      326            384        3.2090e-01      6.21e-03       3.57e-01       2.11e+01    
      327            386        3.1621e-01      4.69e-03       1.79e-01       5.24e+00    
      328            387        3.1211e-01      4.10e-03       3.57e-01       1.90e+01    
      329            389        3.0813e-01      3.98e-03       1.79e-01       4.80e+00    
      330            390        3.0394e-01      4.19e-03       3.57e-01       1.67e+01    
      331            392        3.0035e-01      3.59e-03       1.79e-01       4.34e+00    
      332            393        2.9628e-01      4.07e-03       3.57e-01       1.45e+01    
      333            395        2.9282e-01      3.45e-03       1.79e-01       3.88e+00    
      334            396        2.8903e-01      3.80e-03       3.57e-01       1.73e+01    
      335            398        2.8553e-01      3.49e-03       1.79e-01       4.45e+00    
      336            399        2.8209e-01      3.44e-03       3.57e-01       2.23e+01    
      337            400        2.7756e-01      4.53e-03       3.57e-01       2.47e+01    
      338            402        2.7382e-01      3.74e-03       1.79e-01       6.44e+00    
      339            403        2.7102e-01      2.80e-03       3.57e-01       2.95e+01    
      340            404        2.6666e-01      4.36e-03       3.57e-01       3.14e+01    
      341            405        2.6240e-01      4.26e-03       3.57e-01       3.37e+01    
      342            406        2.5817e-01      4.23e-03       3.57e-01       3.57e+01    
      343            407        2.5396e-01      4.21e-03       3.57e-01       3.73e+01    
      344            408        2.4977e-01      4.19e-03       3.57e-01       3.87e+01    
      345            409        2.4558e-01      4.19e-03       3.57e-01       3.97e+01    
      346            410        2.4139e-01      4.19e-03       3.57e-01       4.05e+01    
      347            411        2.3719e-01      4.20e-03       3.57e-01       4.22e+01    
      348            412        2.3299e-01      4.21e-03       3.57e-01       4.37e+01    
      349            413        2.2877e-01      4.21e-03       3.57e-01       4.49e+01    
      350            414        2.2455e-01      4.22e-03       3.57e-01       4.57e+01    
      351            415        2.2033e-01      4.22e-03       3.57e-01       4.62e+01    
      352            416        2.1612e-01      4.21e-03       3.57e-01       4.63e+01    
      353            417        2.1192e-01      4.19e-03       3.57e-01       4.60e+01    
      354            418        2.0777e-01      4.16e-03       3.57e-01       4.54e+01    
      355            420        2.0452e-01      3.25e-03       1.79e-01       1.13e+01    
      356            421        2.0165e-01      2.87e-03       3.57e-01       4.36e+01    
      357            422        1.9762e-01      4.02e-03       3.57e-01       4.19e+01    
      358            424        1.9480e-01      2.83e-03       1.79e-01       1.05e+01    
      359            425        1.9176e-01      3.03e-03       3.57e-01       3.91e+01    
      360            427        1.8903e-01      2.73e-03       1.79e-01       9.81e+00    
      361            428        1.8606e-01      2.97e-03       3.57e-01       3.58e+01    
      362            430        1.8332e-01      2.75e-03       1.79e-01       9.14e+00    
      363            431        1.8049e-01      2.83e-03       3.57e-01       3.26e+01    
      364            432        1.7680e-01      3.69e-03       3.57e-01       3.10e+01    
      365            434        1.7388e-01      2.92e-03       1.79e-01       8.21e+00    
      366            435        1.7133e-01      2.55e-03       3.57e-01       2.83e+01    
      367            436        1.6764e-01      3.69e-03       3.57e-01       2.74e+01    
      368            437        1.6395e-01      3.69e-03       3.57e-01       2.67e+01    
      369            438        1.6026e-01      3.69e-03       3.57e-01       2.61e+01    
      370            439        1.5657e-01      3.69e-03       3.57e-01       2.58e+01    
      371            440        1.5288e-01      3.69e-03       3.57e-01       2.56e+01    
      372            441        1.4920e-01      3.68e-03       3.57e-01       2.57e+01    
      373            443        1.4623e-01      2.97e-03       1.79e-01       7.49e+00    
      374            444        1.4378e-01      2.45e-03       3.57e-01       2.48e+01    
      375            445        1.4012e-01      3.66e-03       3.57e-01       2.58e+01    
      376            447        1.3732e-01      2.79e-03       1.79e-01       7.63e+00    
      377            448        1.3479e-01      2.54e-03       3.57e-01       2.52e+01    
      378            449        1.3122e-01      3.57e-03       3.57e-01       2.63e+01    
      379            451        1.2864e-01      2.58e-03       1.79e-01       7.80e+00    
      380            452        1.2604e-01      2.60e-03       3.57e-01       2.56e+01    
      381            454        1.2355e-01      2.49e-03       1.79e-01       7.77e+00    
      382            455        1.2093e-01      2.61e-03       3.57e-01       2.54e+01    
      383            457        1.1855e-01      2.38e-03       1.79e-01       7.75e+00    
      384            458        1.1594e-01      2.61e-03       3.57e-01       2.51e+01    
      385            460        1.1366e-01      2.27e-03       1.79e-01       7.69e+00    
      386            461        1.1106e-01      2.61e-03       3.57e-01       2.48e+01    
      387            463        1.0889e-01      2.17e-03       1.79e-01       7.59e+00    
      388            464        1.0630e-01      2.59e-03       3.57e-01       2.43e+01    
      389            466        1.0423e-01      2.07e-03       1.79e-01       7.45e+00    
      390            467        1.0167e-01      2.56e-03       3.57e-01       2.37e+01    
      391            469        9.9693e-02      1.98e-03       1.79e-01       7.28e+00    
      392            470        9.7173e-02      2.52e-03       3.57e-01       2.31e+01    
      393            472        9.5291e-02      1.88e-03       1.79e-01       7.09e+00    
      394            473        9.2818e-02      2.47e-03       3.57e-01       2.25e+01    
      395            475        9.1025e-02      1.79e-03       1.79e-01       6.88e+00    
      396            476        8.8610e-02      2.42e-03       3.57e-01       2.18e+01    
      397            477        8.8561e-02      4.85e-05       7.14e-01       7.24e+01    
      398            478        8.1640e-02      6.92e-03       1.79e-01       7.61e+00    
      399            479        7.9396e-02      2.24e-03       3.57e-01       2.30e+01    
      400            480        7.8713e-02      6.83e-04       7.14e-01       7.44e+01    
      401            481        7.3080e-02      5.63e-03       1.79e-01       6.46e+00    
      402            482        7.1064e-02      2.02e-03       3.57e-01       2.15e+01    
      403            483        7.0456e-02      6.08e-04       7.14e-01       7.27e+01    
      404            484        6.5380e-02      5.08e-03       1.79e-01       4.99e+00    
      405            485        6.3601e-02      1.78e-03       3.57e-01       1.92e+01    
      406            486        6.3119e-02      4.82e-04       7.14e-01       6.69e+01    
      407            487        5.8542e-02      4.58e-03       1.79e-01       3.16e+00    
      408            488        5.6954e-02      1.59e-03       3.57e-01       1.53e+01    
      409            489        5.5857e-02      1.10e-03       7.14e-01       5.13e+01    
      410            490        5.1574e-02      4.28e-03       7.14e-01       3.64e+01    
      411            492        4.8766e-02      2.81e-03       3.57e-01       6.78e+00    
      412            493        4.6481e-02      2.29e-03       7.14e-01       2.20e+01    
      413            495        4.4733e-02      1.75e-03       3.57e-01       1.74e+01    
      414            496        4.4628e-02      1.04e-04       7.14e-01       7.95e+01    
      415            497        4.1614e-02      3.01e-03       1.79e-01       1.04e+01    
      416            498        4.0845e-02      7.69e-04       3.57e-01       3.23e+01    
      417            499        3.9967e-02      8.78e-04       3.57e-01       3.93e+01    
      418            500        3.9168e-02      7.99e-04       3.57e-01       4.62e+01    
      419            501        3.8462e-02      7.06e-04       3.57e-01       5.34e+01    
      420            502        3.7845e-02      6.18e-04       3.57e-01       6.06e+01    
      421            503        3.7310e-02      5.35e-04       3.57e-01       6.79e+01    
      422            504        3.5143e-02      2.17e-03       8.93e-02       5.15e+00    
      423            505        3.4831e-02      3.12e-04       1.79e-01       1.89e+01    
      424            506        3.4400e-02      4.31e-04       1.79e-01       1.97e+01    
      425            507        3.3978e-02      4.22e-04       1.79e-01       2.05e+01    
      426            508        3.3565e-02      4.13e-04       1.79e-01       2.14e+01    
      427            509        3.3160e-02      4.05e-04       1.79e-01       2.22e+01    
      428            510        3.2763e-02      3.97e-04       1.79e-01       2.31e+01    
      429            511        3.2374e-02      3.90e-04       1.79e-01       2.39e+01    
      430            512        3.1991e-02      3.82e-04       1.79e-01       2.47e+01    
      431            513        3.1616e-02      3.76e-04       1.79e-01       2.55e+01    
      432            514        3.1247e-02      3.69e-04       1.79e-01       2.63e+01    
      433            515        3.0884e-02      3.63e-04       1.79e-01       2.70e+01    
      434            516        3.0528e-02      3.56e-04       1.79e-01       2.77e+01    
      435            517        3.0177e-02      3.51e-04       1.79e-01       2.84e+01    
      436            518        2.9832e-02      3.45e-04       1.79e-01       2.90e+01    
      437            519        2.9493e-02      3.39e-04       1.79e-01       2.96e+01    
      438            520        2.9159e-02      3.34e-04       1.79e-01       3.02e+01    
      439            521        2.8831e-02      3.29e-04       1.79e-01       3.07e+01    
      440            522        2.8507e-02      3.24e-04       1.79e-01       3.12e+01    
      441            523        2.8188e-02      3.19e-04       1.79e-01       3.16e+01    
      442            524        2.7874e-02      3.14e-04       1.79e-01       3.20e+01    
      443            525        2.7565e-02      3.09e-04       1.79e-01       3.23e+01    
      444            526        2.7260e-02      3.05e-04       1.79e-01       3.26e+01    
      445            527        2.6959e-02      3.01e-04       1.79e-01       3.29e+01    
      446            528        2.6663e-02      2.96e-04       1.79e-01       3.31e+01    
      447            529        2.6371e-02      2.92e-04       1.79e-01       3.33e+01    
      448            530        2.6083e-02      2.88e-04       1.79e-01       3.34e+01    
      449            531        2.5798e-02      2.84e-04       1.79e-01       3.35e+01    
      450            532        2.5518e-02      2.81e-04       1.79e-01       3.36e+01    
      451            533        2.5241e-02      2.77e-04       1.79e-01       3.36e+01    
      452            534        2.4967e-02      2.73e-04       1.79e-01       3.36e+01    
      453            535        2.4697e-02      2.70e-04       1.79e-01       3.35e+01    
      454            536        2.4431e-02      2.66e-04       1.79e-01       3.34e+01    
      455            537        2.4168e-02      2.63e-04       1.79e-01       3.32e+01    
      456            538        2.3909e-02      2.60e-04       1.79e-01       3.30e+01    
      457            539        2.3653e-02      2.56e-04       1.79e-01       3.27e+01    
      458            540        2.3400e-02      2.53e-04       1.79e-01       3.24e+01    
      459            541        2.3150e-02      2.50e-04       1.79e-01       3.21e+01    
      460            542        2.2904e-02      2.46e-04       1.79e-01       3.18e+01    
      461            543        2.2661e-02      2.43e-04       1.79e-01       3.14e+01    
      462            544        2.2422e-02      2.39e-04       1.79e-01       3.09e+01    
      463            545        2.2186e-02      2.36e-04       1.79e-01       3.04e+01    
      464            546        2.1954e-02      2.32e-04       1.79e-01       3.00e+01    
      465            547        2.1725e-02      2.29e-04       1.79e-01       2.94e+01    
      466            548        2.1500e-02      2.25e-04       1.79e-01       2.89e+01    
      467            549        2.1278e-02      2.21e-04       1.79e-01       2.83e+01    
      468            550        2.1061e-02      2.17e-04       1.79e-01       2.77e+01    
      469            551        2.0847e-02      2.14e-04       1.79e-01       2.71e+01    
      470            552        2.0638e-02      2.10e-04       1.79e-01       2.65e+01    
      471            553        2.0432e-02      2.05e-04       1.79e-01       2.58e+01    
      472            554        2.0231e-02      2.01e-04       1.79e-01       2.52e+01    
      473            555        2.0034e-02      1.97e-04       1.79e-01       2.45e+01    
      474            556        1.9841e-02      1.93e-04       1.79e-01       2.38e+01    
      475            557        1.9652e-02      1.89e-04       1.79e-01       2.32e+01    
      476            558        1.9468e-02      1.84e-04       1.79e-01       2.25e+01    
      477            559        1.9288e-02      1.80e-04       1.79e-01       2.18e+01    
      478            560        1.9112e-02      1.76e-04       1.79e-01       2.11e+01    
      479            561        1.8940e-02      1.72e-04       1.79e-01       2.05e+01    
      480            562        1.8772e-02      1.68e-04       1.79e-01       1.98e+01    
      481            563        1.8608e-02      1.64e-04       1.79e-01       1.91e+01    
      482            564        1.8448e-02      1.60e-04       1.79e-01       1.85e+01    
      483            565        1.8291e-02      1.56e-04       1.79e-01       1.78e+01    
      484            566        1.8138e-02      1.53e-04       1.79e-01       1.72e+01    
      485            567        1.7989e-02      1.49e-04       1.79e-01       1.65e+01    
      486            568        1.7843e-02      1.46e-04       1.79e-01       1.59e+01    
      487            569        1.7700e-02      1.43e-04       1.79e-01       1.53e+01    
      488            570        1.7560e-02      1.40e-04       1.79e-01       1.47e+01    
      489            571        1.7423e-02      1.37e-04       1.79e-01       1.41e+01    
      490            572        1.7289e-02      1.34e-04       1.79e-01       1.35e+01    
      491            573        1.7158e-02      1.32e-04       1.79e-01       1.29e+01    
      492            574        1.7028e-02      1.29e-04       1.79e-01       1.23e+01    
      493            575        1.6902e-02      1.27e-04       1.79e-01       1.17e+01    
      494            576        1.6777e-02      1.25e-04       1.79e-01       1.12e+01    
      495            577        1.6655e-02      1.22e-04       1.79e-01       1.07e+01    
      496            578        1.6534e-02      1.21e-04       1.79e-01       1.03e+01    
      497            579        1.6415e-02      1.19e-04       1.79e-01       9.81e+00    
      498            580        1.6298e-02      1.17e-04       1.79e-01       9.36e+00    
      499            581        1.6183e-02      1.15e-04       1.79e-01       8.92e+00    
      500            582        1.6069e-02      1.14e-04       1.79e-01       8.48e+00    
      501            583        1.5957e-02      1.12e-04       1.79e-01       8.05e+00    
      502            584        1.5846e-02      1.11e-04       1.79e-01       7.64e+00    
      503            585        1.5736e-02      1.10e-04       1.79e-01       7.23e+00    
      504            586        1.5627e-02      1.09e-04       1.79e-01       6.89e+00    
      505            587        1.5520e-02      1.08e-04       1.79e-01       6.58e+00    
      506            588        1.5413e-02      1.07e-04       1.79e-01       6.29e+00    
      507            589        1.5307e-02      1.06e-04       1.79e-01       6.02e+00    
      508            590        1.5203e-02      1.05e-04       1.79e-01       5.77e+00    
      509            591        1.5099e-02      1.04e-04       1.79e-01       5.54e+00    
      510            592        1.4996e-02      1.03e-04       1.79e-01       5.32e+00    
      511            593        1.4894e-02      1.02e-04       1.79e-01       5.25e+00    
      512            594        1.4792e-02      1.02e-04       1.79e-01       5.18e+00    
      513            595        1.4692e-02      1.01e-04       1.79e-01       5.12e+00    
      514            596        1.4591e-02      1.00e-04       1.79e-01       5.08e+00    
      515            597        1.4492e-02      9.96e-05       1.79e-01       5.04e+00    
      516            598        1.4393e-02      9.90e-05       1.79e-01       5.00e+00    
      517            599        1.4294e-02      9.85e-05       1.79e-01       4.98e+00    
      518            600        1.4196e-02      9.80e-05       1.79e-01       4.96e+00    
      519            601        1.4099e-02      9.75e-05       1.79e-01       4.95e+00    
      520            602        1.4002e-02      9.71e-05       1.79e-01       4.94e+00    
      521            603        1.3905e-02      9.67e-05       1.79e-01       4.94e+00    
      522            604        1.3809e-02      9.63e-05       1.79e-01       4.95e+00    
      523            605        1.3713e-02      9.59e-05       1.79e-01       4.96e+00    
      524            606        1.3617e-02      9.56e-05       1.79e-01       4.98e+00    
      525            607        1.3522e-02      9.53e-05       1.79e-01       5.00e+00    
      526            608        1.3427e-02      9.50e-05       1.79e-01       5.02e+00    
      527            609        1.3332e-02      9.48e-05       1.79e-01       5.05e+00    
      528            610        1.3237e-02      9.46e-05       1.79e-01       5.09e+00    
      529            611        1.3143e-02      9.44e-05       1.79e-01       5.12e+00    
      530            612        1.3049e-02      9.42e-05       1.79e-01       5.16e+00    
      531            613        1.2955e-02      9.40e-05       1.79e-01       5.21e+00    
      532            614        1.2861e-02      9.39e-05       1.79e-01       5.25e+00    
      533            615        1.2767e-02      9.37e-05       1.79e-01       5.30e+00    
      534            616        1.2674e-02      9.37e-05       1.79e-01       5.35e+00    
      535            617        1.2580e-02      9.36e-05       1.79e-01       5.41e+00    
      536            618        1.2486e-02      9.35e-05       1.79e-01       5.46e+00    
      537            619        1.2393e-02      9.35e-05       1.79e-01       5.52e+00    
      538            620        1.2299e-02      9.35e-05       1.79e-01       5.58e+00    
      539            621        1.2206e-02      9.35e-05       1.79e-01       5.64e+00    
      540            622        1.2113e-02      9.35e-05       1.79e-01       5.70e+00    
      541            623        1.2019e-02      9.35e-05       1.79e-01       5.77e+00    
      542            624        1.1926e-02      9.35e-05       1.79e-01       5.83e+00    
      543            625        1.1832e-02      9.36e-05       1.79e-01       5.90e+00    
      544            626        1.1738e-02      9.37e-05       1.79e-01       5.97e+00    
      545            627        1.1645e-02      9.37e-05       1.79e-01       6.04e+00    
      546            628        1.1551e-02      9.38e-05       1.79e-01       6.11e+00    
      547            629        1.1457e-02      9.39e-05       1.79e-01       6.18e+00    
      548            630        1.1363e-02      9.41e-05       1.79e-01       6.25e+00    
      549            631        1.1269e-02      9.42e-05       1.79e-01       6.32e+00    
      550            632        1.1174e-02      9.43e-05       1.79e-01       6.39e+00    
      551            633        1.1080e-02      9.45e-05       1.79e-01       6.47e+00    
      552            634        1.0985e-02      9.46e-05       1.79e-01       6.54e+00    
      553            635        1.0890e-02      9.48e-05       1.79e-01       6.61e+00    
      554            636        1.0795e-02      9.49e-05       1.79e-01       6.68e+00    
      555            637        1.0700e-02      9.51e-05       1.79e-01       6.76e+00    
      556            638        1.0605e-02      9.53e-05       1.79e-01       6.83e+00    
      557            639        1.0510e-02      9.54e-05       1.79e-01       6.90e+00    
      558            640        1.0414e-02      9.56e-05       1.79e-01       6.97e+00    
      559            641        1.0318e-02      9.58e-05       1.79e-01       7.04e+00    
      560            642        1.0222e-02      9.60e-05       1.79e-01       7.11e+00    
      561            643        1.0126e-02      9.61e-05       1.79e-01       7.17e+00    
      562            644        1.0030e-02      9.63e-05       1.79e-01       7.24e+00    
      563            645        9.9333e-03      9.65e-05       1.79e-01       7.30e+00    
      564            646        9.8367e-03      9.66e-05       1.79e-01       7.36e+00    
      565            647        9.7399e-03      9.68e-05       1.79e-01       7.42e+00    
      566            648        9.6430e-03      9.69e-05       1.79e-01       7.48e+00    
      567            649        9.5460e-03      9.70e-05       1.79e-01       7.53e+00    
      568            650        9.4489e-03      9.71e-05       1.79e-01       7.58e+00    
      569            651        9.3517e-03      9.72e-05       1.79e-01       7.63e+00    
      570            652        9.2544e-03      9.73e-05       1.79e-01       7.68e+00    
      571            653        9.1571e-03      9.73e-05       1.79e-01       7.72e+00    
      572            654        9.0597e-03      9.73e-05       1.79e-01       7.77e+00    
      573            655        8.9624e-03      9.73e-05       1.79e-01       7.80e+00    
      574            656        8.8651e-03      9.73e-05       1.79e-01       7.84e+00    
      575            657        8.7679e-03      9.72e-05       1.79e-01       7.87e+00    
      576            658        8.6707e-03      9.71e-05       1.79e-01       7.89e+00    
      577            659        8.5738e-03      9.70e-05       1.79e-01       7.92e+00    
      578            660        8.4770e-03      9.68e-05       1.79e-01       7.93e+00    
      579            661        8.3804e-03      9.66e-05       1.79e-01       7.95e+00    
      580            662        8.2841e-03      9.63e-05       1.79e-01       7.96e+00    
      581            663        8.1881e-03      9.60e-05       1.79e-01       7.96e+00    
      582            664        8.0926e-03      9.56e-05       1.79e-01       7.97e+00    
      583            665        7.9974e-03      9.52e-05       1.79e-01       7.96e+00    
      584            666        7.9028e-03      9.47e-05       1.79e-01       7.95e+00    
      585            667        7.8087e-03      9.41e-05       1.79e-01       7.94e+00    
      586            668        7.7152e-03      9.35e-05       1.79e-01       7.93e+00    
      587            669        7.6224e-03      9.28e-05       1.79e-01       7.90e+00    
      588            670        7.5304e-03      9.20e-05       1.79e-01       7.88e+00    
      589            671        7.4392e-03      9.12e-05       1.79e-01       7.85e+00    
      590            672        7.3489e-03      9.03e-05       1.79e-01       7.81e+00    
      591            673        7.2596e-03      8.93e-05       1.79e-01       7.77e+00    
      592            674        7.1713e-03      8.82e-05       1.79e-01       7.72e+00    
      593            675        7.0842e-03      8.71e-05       1.79e-01       7.67e+00    
      594            676        6.9983e-03      8.59e-05       1.79e-01       7.62e+00    
      595            677        6.9138e-03      8.46e-05       1.79e-01       7.56e+00    
      596            678        6.8305e-03      8.32e-05       1.79e-01       7.50e+00    
      597            679        6.7488e-03      8.18e-05       1.79e-01       7.43e+00    
      598            680        6.6685e-03      8.02e-05       1.79e-01       7.36e+00    
      599            681        6.5899e-03      7.86e-05       1.79e-01       7.29e+00    
      600            682        6.5129e-03      7.70e-05       1.79e-01       7.21e+00    
      601            683        6.4377e-03      7.52e-05       1.79e-01       7.14e+00    
      602            684        6.3643e-03      7.34e-05       1.79e-01       7.06e+00    
      603            685        6.2927e-03      7.16e-05       1.79e-01       6.99e+00    
      604            686        6.2229e-03      6.97e-05       1.79e-01       6.92e+00    
      605            687        6.1551e-03      6.78e-05       1.79e-01       6.85e+00    
      606            688        6.0892e-03      6.59e-05       1.79e-01       6.79e+00    
      607            689        6.0253e-03      6.39e-05       1.79e-01       6.73e+00    
      608            690        5.9633e-03      6.20e-05       1.79e-01       6.69e+00    
      609            691        5.9032e-03      6.01e-05       1.79e-01       6.65e+00    
      610            692        5.8450e-03      5.82e-05       1.79e-01       6.63e+00    
      611            693        5.7886e-03      5.64e-05       1.79e-01       6.62e+00    
      612            694        5.7341e-03      5.46e-05       1.79e-01       6.63e+00    
      613            695        5.6812e-03      5.28e-05       1.79e-01       6.64e+00    
      614            696        5.6301e-03      5.12e-05       1.79e-01       6.67e+00    
      615            697        5.5804e-03      4.96e-05       1.79e-01       6.71e+00    
      616            698        5.5323e-03      4.81e-05       1.79e-01       6.75e+00    
      617            699        5.4855e-03      4.68e-05       1.79e-01       6.79e+00    
      618            700        5.4400e-03      4.55e-05       1.79e-01       6.84e+00    
      619            701        5.3956e-03      4.44e-05       1.79e-01       6.87e+00    
      620            702        5.3521e-03      4.34e-05       1.79e-01       6.89e+00    
      621            703        5.3096e-03      4.26e-05       1.79e-01       6.90e+00    
      622            704        5.2677e-03      4.18e-05       1.79e-01       6.89e+00    
      623            705        5.2266e-03      4.12e-05       1.79e-01       6.86e+00    
      624            706        5.1859e-03      4.07e-05       1.79e-01       6.80e+00    
      625            707        5.1456e-03      4.03e-05       1.79e-01       6.72e+00    
      626            708        5.1057e-03      3.99e-05       1.79e-01       6.61e+00    
      627            709        5.0661e-03      3.96e-05       1.79e-01       6.47e+00    
      628            710        5.0266e-03      3.94e-05       1.79e-01       6.32e+00    
      629            711        4.9874e-03      3.92e-05       1.79e-01       6.14e+00    
      630            712        4.9483e-03      3.91e-05       1.79e-01       5.95e+00    
      631            713        4.9093e-03      3.90e-05       1.79e-01       5.74e+00    
      632            714        4.8705e-03      3.88e-05       1.79e-01       5.53e+00    
      633            715        4.8318e-03      3.87e-05       1.79e-01       5.30e+00    
      634            716        4.7932e-03      3.86e-05       1.79e-01       5.07e+00    
      635            717        4.7548e-03      3.85e-05       1.79e-01       4.85e+00    
      636            718        4.7165e-03      3.83e-05       1.79e-01       4.62e+00    
      637            719        4.6782e-03      3.82e-05       1.79e-01       4.40e+00    
      638            720        4.6402e-03      3.81e-05       1.79e-01       4.19e+00    
      639            721        4.6022e-03      3.80e-05       1.79e-01       3.98e+00    
      640            722        4.5644e-03      3.78e-05       1.79e-01       3.79e+00    
      641            723        4.5266e-03      3.77e-05       1.79e-01       3.61e+00    
      642            724        4.4890e-03      3.76e-05       1.79e-01       3.44e+00    
      643            726        4.4591e-03      2.99e-05       8.93e-02       8.51e-01    
      644            727        4.4325e-03      2.66e-05       1.79e-01       3.16e+00    
      645            728        4.3955e-03      3.70e-05       1.79e-01       3.07e+00    
      646            730        4.3671e-03      2.84e-05       8.93e-02       7.64e-01    
      647            731        4.3395e-03      2.77e-05       1.79e-01       2.86e+00    
      648            732        4.3028e-03      3.67e-05       1.79e-01       2.80e+00    
      649            734        4.2752e-03      2.76e-05       8.93e-02       7.00e-01    
      650            735        4.2474e-03      2.78e-05       1.79e-01       2.64e+00    
      651            737        4.2203e-03      2.71e-05       8.93e-02       6.72e-01    
      652            738        4.1927e-03      2.76e-05       1.79e-01       2.56e+00    
      653            740        4.1656e-03      2.71e-05       8.93e-02       6.53e-01    
      654            741        4.1385e-03      2.71e-05       1.79e-01       2.51e+00    
      655            742        4.1031e-03      3.55e-05       1.79e-01       2.54e+00    
      656            744        4.0755e-03      2.76e-05       8.93e-02       6.43e-01    
      657            745        4.0499e-03      2.56e-05       1.79e-01       2.52e+00    
      658            746        4.0154e-03      3.45e-05       1.79e-01       2.59e+00    
      659            748        3.9873e-03      2.81e-05       8.93e-02       6.58e-01    
      660            749        3.9639e-03      2.34e-05       1.79e-01       2.65e+00    
      661            750        3.9308e-03      3.31e-05       1.79e-01       2.76e+00    
      662            751        3.8982e-03      3.27e-05       1.79e-01       2.86e+00    
      663            752        3.8663e-03      3.19e-05       1.79e-01       2.99e+00    
      664            753        3.8354e-03      3.10e-05       1.79e-01       3.14e+00    
      665            754        3.8055e-03      2.99e-05       1.79e-01       3.32e+00    
      666            755        3.7767e-03      2.87e-05       1.79e-01       3.54e+00    
      667            756        3.7494e-03      2.73e-05       1.79e-01       3.78e+00    
      668            757        3.7237e-03      2.57e-05       1.79e-01       4.07e+00    
      669            758        3.6998e-03      2.39e-05       1.79e-01       4.39e+00    
      670            759        3.6781e-03      2.17e-05       1.79e-01       4.76e+00    
      671            760        3.6588e-03      1.93e-05       1.79e-01       5.18e+00    
      672            761        3.6423e-03      1.65e-05       1.79e-01       5.64e+00    
      673            762        3.6289e-03      1.33e-05       1.79e-01       6.16e+00    
      674            763        3.5719e-03      5.70e-05       4.46e-02       3.94e-01    
      675            764        3.5651e-03      6.81e-06       8.93e-02       1.64e+00    
      676            765        3.5556e-03      9.52e-06       8.93e-02       1.73e+00    
      677            766        3.5464e-03      9.13e-06       8.93e-02       1.81e+00    
      678            767        3.5377e-03      8.72e-06       8.93e-02       1.90e+00    
      679            768        3.5294e-03      8.30e-06       8.93e-02       1.99e+00    
      680            769        3.5216e-03      7.88e-06       8.93e-02       2.08e+00    
      681            770        3.5141e-03      7.46e-06       8.93e-02       2.17e+00    
      682            771        3.5070e-03      7.05e-06       8.93e-02       2.27e+00    
      683            772        3.5004e-03      6.63e-06       8.93e-02       2.37e+00    
      684            773        3.4942e-03      6.23e-06       8.93e-02       2.46e+00    
      685            774        3.4884e-03      5.83e-06       8.93e-02       2.56e+00    
      686            775        3.4829e-03      5.44e-06       8.93e-02       2.66e+00    
      687            776        3.4779e-03      5.05e-06       8.93e-02       2.76e+00    
      688            777        3.4732e-03      4.68e-06       8.93e-02       2.85e+00    
      689            778        3.4689e-03      4.31e-06       8.93e-02       2.95e+00    
      690            779        3.4649e-03      3.96e-06       8.93e-02       3.04e+00    
      691            780        3.4502e-03      1.47e-05       2.23e-02       1.92e-01    
      692            781        3.4488e-03      1.37e-06       4.46e-02       7.78e-01    
      693            782        3.4467e-03      2.10e-06       4.46e-02       7.90e-01    
      694            783        3.4447e-03      2.01e-06       4.46e-02       8.01e-01    
      695            784        3.4428e-03      1.92e-06       4.46e-02       8.12e-01    
      696            785        3.4409e-03      1.84e-06       4.46e-02       8.22e-01    
      697            786        3.4392e-03      1.75e-06       4.46e-02       8.32e-01    
      698            787        3.4375e-03      1.67e-06       4.46e-02       8.42e-01    
      699            788        3.4359e-03      1.58e-06       4.46e-02       8.51e-01    
      700            789        3.4344e-03      1.49e-06       4.46e-02       8.61e-01    
      701            790        3.4330e-03      1.41e-06       4.46e-02       8.70e-01    
      702            791        3.4317e-03      1.32e-06       4.46e-02       8.78e-01    
      703            792        3.4305e-03      1.24e-06       4.46e-02       8.87e-01    
      704            793        3.4293e-03      1.15e-06       4.46e-02       8.95e-01    
      705            794        3.4282e-03      1.07e-06       4.46e-02       9.03e-01    
      706            795        3.4273e-03      9.85e-07       4.46e-02       9.11e-01    
      707            796        3.4264e-03      9.01e-07       4.46e-02       9.19e-01    
      708            797        3.4255e-03      8.16e-07       4.46e-02       9.26e-01    
      709            798        3.4248e-03      7.32e-07       4.46e-02       9.33e-01    
      710            799        3.4242e-03      6.47e-07       4.46e-02       9.40e-01    
      711            800        3.4236e-03      5.63e-07       4.46e-02       9.47e-01    
      712            801        3.4231e-03      4.79e-07       4.46e-02       9.54e-01    
      713            802        3.4227e-03      3.95e-07       4.46e-02       9.61e-01    
      714            803        3.4212e-03      1.49e-06       1.12e-02       6.04e-02    
      715            804        3.4212e-03      8.27e-08       2.23e-02       2.42e-01    
      716            805        3.4210e-03      1.45e-07       2.23e-02       2.43e-01    
      717            806        3.4209e-03      1.24e-07       2.23e-02       2.44e-01    
      718            807        3.4208e-03      1.03e-07       2.23e-02       2.45e-01    
      719            808        3.4207e-03      8.18e-08       2.23e-02       2.46e-01    
      720            809        3.4206e-03      6.08e-08       2.23e-02       2.46e-01    
      721            810        3.4206e-03      3.98e-08       2.23e-02       2.47e-01    
      722            811        3.4206e-03      1.89e-08       2.23e-02       2.48e-01    
      723            812        3.4205e-03      9.59e-08       5.58e-03       1.56e-02    
      724            813        3.4205e-03      6.25e-10       4.13e-03       8.54e-03    
      725            814        3.4205e-03      1.12e-10       2.79e-05       4.00e-07    
      726            818        3.4205e-03      0.00e+00       0.00e+00       4.00e-07    
`xtol` termination condition is satisfied.
Function evaluations 818, initial cost 6.7779e+05, final cost 3.4205e-03, first-order optimality 4.00e-07.
prediction loss 0.0034204850396729407
rms error 0.005511186001427803
permuted prediction loss 0.0034204850396729407
