Q_target [[-0.41394102 -0.48078387  2.42656748 -1.20122455  0.81679596  0.87257254
  -0.95653691  0.71060797  0.03772052 -1.43312972  0.8196976   0.57475941
   1.4954859  -0.15758005 -0.14343104  0.06037134  1.22449066  0.4584212
  -1.48471699 -0.15723943 -0.12512492  1.03641822  1.18439372  0.16066094
   0.86801851 -1.93099102  1.45835743 -0.01832589 -1.11479446 -0.30650627
  -0.5649582  -0.08570146  0.39187847 -0.19886726 -1.03547677 -1.93709202
  -0.83685784 -1.3182014  -1.57059057 -0.59529226 -0.63992924  1.27814808
   0.97060639 -0.130897   -0.2042204   1.08693471 -0.30285295 -1.92891801
  -0.26427473 -0.12091383 -1.21011656  1.05637358  1.00676992 -1.78351161
   0.16387533  0.37504928 -0.48705831  0.59459986  0.12112532 -0.51214976
   0.15227904 -0.9637205   1.00391944 -1.36120283  0.47000563  0.63003589
   0.97583149 -0.41303904 -0.80975695  0.15110452  0.83097467  1.11865234
  -1.31205003  2.13420679 -0.9815146   0.57034267  0.03459107 -0.14511305
   0.46454298 -1.28630518 -2.70007757  2.42104682 -0.56146448  2.41220642
   0.68443378  0.11884336  1.97929292  1.45943559  0.37999735  1.10257476
  -0.33403335 -1.43439729  1.20215788  0.55976524 -1.59809185 -0.89425219
   0.4125495   0.0784183   1.07637965  2.34813011]
 [ 0.72506085 -0.02334987 -0.61975957 -0.06637552  0.75942049  0.49805356
   0.92444582 -1.210488    0.24395802 -0.07603973 -0.55818586  0.87784727
   2.19422769 -0.13204918  0.03562426  0.39329876 -0.52019202  0.33582023
  -0.80017716 -0.63435062 -1.47384897 -3.33439362  1.17956703 -0.16984004
   0.40638457  0.49195537 -1.23421248 -0.04945457  0.76008882  0.64532419
  -0.05472735  1.22045584  0.37559309 -0.49294761  0.80175909  0.54759052
   0.2970033   0.61531021 -0.33606977 -1.18150088  1.56364619  0.99029301
   0.21490834  0.30818211 -0.10619019  1.53744437  0.93947823 -0.35721471
  -0.54901004  0.77621004 -0.3284373  -0.32350753 -0.75410616 -0.7850088
  -0.28436017 -0.49896742 -0.74455319 -0.08256795  1.08880785 -1.17382223
  -0.77489431  1.69572828  1.67122122  0.58548882 -1.59781486 -1.07446314
  -0.26451444  1.78846433  2.60184895  1.45685377  1.92325    -0.54116417
  -1.06093582 -1.41872905 -0.46408147  1.70024396  0.3791526   0.23443604
   0.37509645 -1.71197783  0.80059784  0.79171157  0.04467789  1.68054545
  -0.18406071 -0.53910029 -0.41758953 -0.25178832  0.42643737  0.67099279
  -0.47620997 -0.84495868 -0.09607096 -0.22273017  0.29334429  0.74758353
  -1.35825253 -0.76980094 -1.44384314 -0.53184621]
 [ 0.4967574   0.36919011  0.81701023 -0.53697523  1.02547411 -0.00753744
  -0.78532011  1.8190674  -0.21256543  1.18815395 -0.1307118   0.14760079
  -0.22661596 -1.14837121  1.38043794  0.55271101 -0.50035075 -1.37853056
   0.28292482 -0.33999839  0.03891588  0.31600098 -0.15269522 -0.79054826
  -0.15684807  0.09988339  1.63665013  1.10326433 -0.74220633 -1.18443298
   0.73598531  0.95421295  1.28244437  0.21397368  0.29021858  1.28220262
  -0.7629963  -1.76315146 -0.9759128   0.48632491 -0.03515639 -0.22756552
   1.73981277  0.21049963 -1.59896329 -0.29626864  0.26233498  0.37966506
  -0.44838222 -0.99474718 -1.20279689  3.50055734 -0.80580381 -0.59907714
  -1.08880896 -0.0636334   0.83122984  1.10770156 -0.20661019 -0.49681986
  -0.09431141 -1.0077229   0.49980835 -0.24110569  0.23343252 -1.24059142
   0.80422336  0.99478672 -0.01248216 -1.69414155  2.26901523 -0.04133641
   0.56576032  0.36462205  0.85128086  0.26792791 -0.07733733 -1.04501059
   0.59534729 -0.57540703 -0.17121242 -1.57140404  1.21888621 -0.99695112
  -0.78544413 -1.14385353  1.32285001  0.917423    0.47327549 -0.67276423
   0.07217411  0.8610864   1.96416615 -0.25052525  1.08441297 -2.51472717
   1.60047476  0.31999723 -0.17337866  0.30542902]
 [-0.26382212  1.35851668  2.44936527 -0.87885974  0.99177653  0.06610404
   0.40153513  1.01506182 -0.55719594 -1.38749977 -1.06071528 -1.81683884
   2.12339668 -1.26109434 -0.09394994 -0.42775998 -0.63637591 -1.30951749
   0.33064224  0.68406016 -0.21840224  0.19041849  1.44190882  0.41629288
  -0.7589642   0.19808759 -0.32751744  1.41607333  0.47352224  1.31274112
   2.3500214  -0.26627502 -0.15056375  0.09767587  0.09181995 -0.36624262
  -0.04681086 -0.08752715 -1.41093872  0.95216151 -0.30350029 -1.21759385
   1.61092756  1.66644479 -0.84863344  0.45065793 -0.1596487   0.54846422
  -0.15827401  0.52154678  0.30285458  0.31688703  1.64619761  0.29345373
   1.79974131  0.41232064 -2.23242481 -1.16209226 -0.52109902 -2.07083476
  -0.91936725 -0.44524087  0.7642881   1.59090968 -0.36112745  1.30677942
   1.06125024 -1.82820751  1.6453835  -0.52379562 -0.60561199 -0.83164799
   0.69249078 -1.03322876 -0.1742031   0.91328302  1.98804455 -1.04257165
  -1.70426568 -1.06575382 -0.17360696 -0.26629485 -0.16629264 -0.48875963
  -0.06471604  0.5001948   1.49623536 -0.07891038  1.53483707 -0.24341987
   1.34857848  0.19130081  0.11960965  0.09896967 -0.84238293 -0.2622074
  -0.67858597 -0.1243141  -0.74162107 -1.71716452]
 [-1.53082808 -1.38710141  0.95421625  0.61977681 -1.05141829 -0.5117092
  -0.81566102  0.4312236  -0.29881044  0.36791823  1.47604347  0.20971059
   0.31086647  1.35690195 -1.79765691 -0.13418733 -2.03341408  0.90208027
  -0.20881097 -0.94046604  0.4144019  -0.90311784 -0.18073078 -0.73307077
   1.11791194  0.40565076 -1.29178158 -0.75544605 -1.40317532  1.29059462
   1.35043052  1.01836972  1.80396031  0.14257483  0.54408077  1.58336014
   1.05830931  0.25237708 -1.50051468 -0.18484657 -1.26889831  0.17669677
   1.14359076  1.11999101 -1.12398492  1.48325083 -0.64602126 -0.47763078
   0.81437872  1.91378876 -2.52385547 -0.16669442  0.05207765  0.20773265
   0.69815218  0.97477798  0.25996812 -0.20782588  0.22554335  0.07513438
  -0.39287699  2.01467295 -0.63913675  0.41364459  0.06253774 -1.30883768
   0.73680355  0.47585169  0.84719546  0.52382439 -0.55374415  0.6124361
  -1.10379186  0.52383155  0.10184291  2.15303924  0.69926454  1.93127137
  -0.51650271  2.58945323 -0.47048039 -0.87420726  0.97978974  1.19930506
   0.01704445  1.22689448 -0.24586231 -2.02832473 -1.09409749 -2.69063088
  -1.69679981  0.22282435  0.41489156  0.39890621 -0.17830831  0.6609811
  -1.67525401 -1.34834395  0.15601971 -0.53268443]]
R [[0.375      0.375      0.375     ]
 [0.375      0.375      0.41666667]
 [0.375      0.375      0.45833333]
 [0.375      0.375      0.5       ]
 [0.375      0.375      0.54166667]
 [0.375      0.375      0.58333333]
 [0.375      0.41666667 0.375     ]
 [0.375      0.41666667 0.41666667]
 [0.375      0.41666667 0.45833333]
 [0.375      0.41666667 0.5       ]
 [0.375      0.41666667 0.54166667]
 [0.375      0.41666667 0.58333333]
 [0.375      0.45833333 0.375     ]
 [0.375      0.45833333 0.41666667]
 [0.375      0.45833333 0.45833333]
 [0.375      0.45833333 0.5       ]
 [0.375      0.45833333 0.54166667]
 [0.375      0.45833333 0.58333333]
 [0.375      0.5        0.375     ]
 [0.375      0.5        0.41666667]
 [0.375      0.5        0.45833333]
 [0.375      0.5        0.5       ]
 [0.375      0.5        0.54166667]
 [0.375      0.5        0.58333333]
 [0.375      0.54166667 0.375     ]
 [0.375      0.54166667 0.41666667]
 [0.375      0.54166667 0.45833333]
 [0.375      0.54166667 0.5       ]
 [0.375      0.54166667 0.54166667]
 [0.375      0.54166667 0.58333333]
 [0.375      0.58333333 0.375     ]
 [0.375      0.58333333 0.41666667]
 [0.375      0.58333333 0.45833333]
 [0.375      0.58333333 0.5       ]
 [0.375      0.58333333 0.54166667]
 [0.375      0.58333333 0.58333333]
 [0.41666667 0.375      0.375     ]
 [0.41666667 0.375      0.41666667]
 [0.41666667 0.375      0.45833333]
 [0.41666667 0.375      0.5       ]
 [0.41666667 0.375      0.54166667]
 [0.41666667 0.375      0.58333333]
 [0.41666667 0.41666667 0.375     ]
 [0.41666667 0.41666667 0.41666667]
 [0.41666667 0.41666667 0.45833333]
 [0.41666667 0.41666667 0.5       ]
 [0.41666667 0.41666667 0.54166667]
 [0.41666667 0.41666667 0.58333333]
 [0.41666667 0.45833333 0.375     ]
 [0.41666667 0.45833333 0.41666667]
 [0.41666667 0.45833333 0.45833333]
 [0.41666667 0.45833333 0.5       ]
 [0.41666667 0.45833333 0.54166667]
 [0.41666667 0.45833333 0.58333333]
 [0.41666667 0.5        0.375     ]
 [0.41666667 0.5        0.41666667]
 [0.41666667 0.5        0.45833333]
 [0.41666667 0.5        0.5       ]
 [0.41666667 0.5        0.54166667]
 [0.41666667 0.5        0.58333333]
 [0.41666667 0.54166667 0.375     ]
 [0.41666667 0.54166667 0.41666667]
 [0.41666667 0.54166667 0.45833333]
 [0.41666667 0.54166667 0.5       ]
 [0.41666667 0.54166667 0.54166667]
 [0.41666667 0.54166667 0.58333333]
 [0.41666667 0.58333333 0.375     ]
 [0.41666667 0.58333333 0.41666667]
 [0.41666667 0.58333333 0.45833333]
 [0.41666667 0.58333333 0.5       ]
 [0.41666667 0.58333333 0.54166667]
 [0.41666667 0.58333333 0.58333333]
 [0.45833333 0.375      0.375     ]
 [0.45833333 0.375      0.41666667]
 [0.45833333 0.375      0.45833333]
 [0.45833333 0.375      0.5       ]
 [0.45833333 0.375      0.54166667]
 [0.45833333 0.375      0.58333333]
 [0.45833333 0.41666667 0.375     ]
 [0.45833333 0.41666667 0.41666667]
 [0.45833333 0.41666667 0.45833333]
 [0.45833333 0.41666667 0.5       ]
 [0.45833333 0.41666667 0.54166667]
 [0.45833333 0.41666667 0.58333333]
 [0.45833333 0.45833333 0.375     ]
 [0.45833333 0.45833333 0.41666667]
 [0.45833333 0.45833333 0.45833333]
 [0.45833333 0.45833333 0.5       ]
 [0.45833333 0.45833333 0.54166667]
 [0.45833333 0.45833333 0.58333333]
 [0.45833333 0.5        0.375     ]
 [0.45833333 0.5        0.41666667]
 [0.45833333 0.5        0.45833333]
 [0.45833333 0.5        0.5       ]
 [0.45833333 0.5        0.54166667]
 [0.45833333 0.5        0.58333333]
 [0.45833333 0.54166667 0.375     ]
 [0.45833333 0.54166667 0.41666667]
 [0.45833333 0.54166667 0.45833333]
 [0.45833333 0.54166667 0.5       ]
 [0.45833333 0.54166667 0.54166667]
 [0.45833333 0.54166667 0.58333333]
 [0.45833333 0.58333333 0.375     ]
 [0.45833333 0.58333333 0.41666667]
 [0.45833333 0.58333333 0.45833333]
 [0.45833333 0.58333333 0.5       ]
 [0.45833333 0.58333333 0.54166667]
 [0.45833333 0.58333333 0.58333333]
 [0.5        0.375      0.375     ]
 [0.5        0.375      0.41666667]
 [0.5        0.375      0.45833333]
 [0.5        0.375      0.5       ]
 [0.5        0.375      0.54166667]
 [0.5        0.375      0.58333333]
 [0.5        0.41666667 0.375     ]
 [0.5        0.41666667 0.41666667]
 [0.5        0.41666667 0.45833333]
 [0.5        0.41666667 0.5       ]
 [0.5        0.41666667 0.54166667]
 [0.5        0.41666667 0.58333333]
 [0.5        0.45833333 0.375     ]
 [0.5        0.45833333 0.41666667]
 [0.5        0.45833333 0.45833333]
 [0.5        0.45833333 0.5       ]
 [0.5        0.45833333 0.54166667]
 [0.5        0.45833333 0.58333333]
 [0.5        0.5        0.375     ]
 [0.5        0.5        0.41666667]
 [0.5        0.5        0.45833333]
 [0.5        0.5        0.5       ]
 [0.5        0.5        0.54166667]
 [0.5        0.5        0.58333333]
 [0.5        0.54166667 0.375     ]
 [0.5        0.54166667 0.41666667]
 [0.5        0.54166667 0.45833333]
 [0.5        0.54166667 0.5       ]
 [0.5        0.54166667 0.54166667]
 [0.5        0.54166667 0.58333333]
 [0.5        0.58333333 0.375     ]
 [0.5        0.58333333 0.41666667]
 [0.5        0.58333333 0.45833333]
 [0.5        0.58333333 0.5       ]
 [0.5        0.58333333 0.54166667]
 [0.5        0.58333333 0.58333333]
 [0.54166667 0.375      0.375     ]
 [0.54166667 0.375      0.41666667]
 [0.54166667 0.375      0.45833333]
 [0.54166667 0.375      0.5       ]
 [0.54166667 0.375      0.54166667]
 [0.54166667 0.375      0.58333333]
 [0.54166667 0.41666667 0.375     ]
 [0.54166667 0.41666667 0.41666667]
 [0.54166667 0.41666667 0.45833333]
 [0.54166667 0.41666667 0.5       ]
 [0.54166667 0.41666667 0.54166667]
 [0.54166667 0.41666667 0.58333333]
 [0.54166667 0.45833333 0.375     ]
 [0.54166667 0.45833333 0.41666667]
 [0.54166667 0.45833333 0.45833333]
 [0.54166667 0.45833333 0.5       ]
 [0.54166667 0.45833333 0.54166667]
 [0.54166667 0.45833333 0.58333333]
 [0.54166667 0.5        0.375     ]
 [0.54166667 0.5        0.41666667]
 [0.54166667 0.5        0.45833333]
 [0.54166667 0.5        0.5       ]
 [0.54166667 0.5        0.54166667]
 [0.54166667 0.5        0.58333333]
 [0.54166667 0.54166667 0.375     ]
 [0.54166667 0.54166667 0.41666667]
 [0.54166667 0.54166667 0.45833333]
 [0.54166667 0.54166667 0.5       ]
 [0.54166667 0.54166667 0.54166667]
 [0.54166667 0.54166667 0.58333333]
 [0.54166667 0.58333333 0.375     ]
 [0.54166667 0.58333333 0.41666667]
 [0.54166667 0.58333333 0.45833333]
 [0.54166667 0.58333333 0.5       ]
 [0.54166667 0.58333333 0.54166667]
 [0.54166667 0.58333333 0.58333333]
 [0.58333333 0.375      0.375     ]
 [0.58333333 0.375      0.41666667]
 [0.58333333 0.375      0.45833333]
 [0.58333333 0.375      0.5       ]
 [0.58333333 0.375      0.54166667]
 [0.58333333 0.375      0.58333333]
 [0.58333333 0.41666667 0.375     ]
 [0.58333333 0.41666667 0.41666667]
 [0.58333333 0.41666667 0.45833333]
 [0.58333333 0.41666667 0.5       ]
 [0.58333333 0.41666667 0.54166667]
 [0.58333333 0.41666667 0.58333333]
 [0.58333333 0.45833333 0.375     ]
 [0.58333333 0.45833333 0.41666667]
 [0.58333333 0.45833333 0.45833333]
 [0.58333333 0.45833333 0.5       ]
 [0.58333333 0.45833333 0.54166667]
 [0.58333333 0.45833333 0.58333333]
 [0.58333333 0.5        0.375     ]
 [0.58333333 0.5        0.41666667]
 [0.58333333 0.5        0.45833333]
 [0.58333333 0.5        0.5       ]
 [0.58333333 0.5        0.54166667]
 [0.58333333 0.5        0.58333333]
 [0.58333333 0.54166667 0.375     ]
 [0.58333333 0.54166667 0.41666667]
 [0.58333333 0.54166667 0.45833333]
 [0.58333333 0.54166667 0.5       ]
 [0.58333333 0.54166667 0.54166667]
 [0.58333333 0.54166667 0.58333333]
 [0.58333333 0.58333333 0.375     ]
 [0.58333333 0.58333333 0.41666667]
 [0.58333333 0.58333333 0.45833333]
 [0.58333333 0.58333333 0.5       ]
 [0.58333333 0.58333333 0.54166667]
 [0.58333333 0.58333333 0.58333333]]
S [[0.48202256 0.05079387 0.48225437]
 [0.16687858 0.93022889 0.69895053]
 [0.85874507 0.729124   0.25769943]
 [0.37384239 0.34271761 0.95128574]
 [0.78303331 0.2691657  0.81890526]]
D [[0.35786442 0.67567566 0.61087849 0.57719039 0.61216334]
 [0.34765671 0.65671747 0.62022873 0.5355941  0.58265596]
 [0.34225087 0.63991428 0.63219227 0.49400968 0.55471091]
 ...
 [0.54238092 0.57736679 0.39473549 0.55266735 0.49018562]
 [0.54533657 0.56436629 0.42159689 0.51920147 0.46415797]
 [0.55143369 0.55420071 0.45071497 0.48700242 0.44054002]]
U [[7.80841631 2.1904001  2.67972569 3.00166224 2.66848866]
 [8.27368082 2.31869094 2.59953839 3.48600839 2.94561253]
 [8.53710996 2.44206037 2.50208259 4.09759548 3.24987447]
 ...
 [3.39931333 2.99982834 6.41782166 3.27395258 4.16177755]
 [3.36256553 3.13962568 5.62607103 3.70960933 4.64160719]
 [3.28861789 3.25586089 4.92261691 4.21636081 5.15263358]]
P [[-5.18977916 -2.43963411 29.6779734  ... -4.18753401  2.96785983
  11.41287723]
 [-5.88119643 -2.42233231 32.11272257 ... -4.70933624  2.98136748
  11.43333473]
 [-6.57632504 -2.17903609 34.38420125 ... -5.30111271  2.69759289
  10.74424998]
 ...
 [-3.27866379 -0.66007265 23.62325827 ... -6.0075232  -3.56375613
   0.50794234]
 [-4.40487135 -1.01170107 24.32552194 ... -7.0725127  -3.91611282
  -0.89821266]
 [-5.55541562 -1.25898571 25.22816504 ... -8.14492858 -4.33765742
  -2.49091735]]
test
channel noise power 1.1412822300316774
P power 114.12822300316775
snr test 20.0
ground truth loss 12325.848084342115
/opt/conda/lib/python3.7/site-packages/scipy/optimize/_lsq/trf.py:426: RuntimeWarning: divide by zero encountered in true_divide
  scale, scale_inv = x_scale, 1 / x_scale
   Iteration     Total nfev        Cost      Cost reduction    Step norm     Optimality   
       0              1         1.2525e+06                                    8.58e+03    
       1              2         9.6622e+05      2.86e+05       2.33e+01       1.10e+05    
       2              5         3.5199e+05      6.14e+05       1.46e+00       9.98e+05    
       3              7         2.8709e+05      6.49e+04       7.28e-01       6.53e+05    
       4              8         2.4377e+05      4.33e+04       7.28e-01       5.83e+05    
       5              9         1.9048e+05      5.33e+04       7.28e-01       2.84e+05    
       6             10         1.5058e+05      3.99e+04       1.46e+00       1.07e+05    
       7             11         1.0222e+05      4.84e+04       2.91e+00       1.96e+05    
       8             12         7.3824e+04      2.84e+04       5.83e+00       1.64e+05    
       9             13         7.2433e+04      1.39e+03       1.17e+01       3.58e+05    
      10             15         5.9391e+04      1.30e+04       7.28e-01       2.40e+04    
      11             17         5.5116e+04      4.27e+03       3.64e-01       8.54e+03    
      12             18         5.3619e+04      1.50e+03       7.28e-01       1.67e+05    
      13             19         4.8044e+04      5.58e+03       7.28e-01       3.97e+03    
      14             20         4.5057e+04      2.99e+03       1.46e+00       7.69e+03    
      15             21         3.9751e+04      5.31e+03       2.91e+00       1.90e+04    
      16             22         3.1533e+04      8.22e+03       5.83e+00       5.87e+04    
      17             24         2.8272e+04      3.26e+03       2.91e+00       2.47e+04    
      18             25         2.7472e+04      8.00e+02       5.83e+00       1.43e+05    
      19             26         2.5420e+04      2.05e+03       5.83e+00       5.93e+04    
      20             28         2.4980e+04      4.40e+02       2.91e+00       1.49e+04    
      21             31         2.4824e+04      1.56e+02       3.64e-01       1.06e+03    
      22             32         2.4681e+04      1.43e+02       7.28e-01       1.47e+04    
      23             34         2.4496e+04      1.85e+02       3.64e-01       2.39e+03    
      24             35         2.4163e+04      3.33e+02       7.28e-01       1.15e+04    
      25             36         2.4000e+04      1.63e+02       1.46e+00       4.97e+04    
      26             37         2.2956e+04      1.04e+03       1.46e+00       3.59e+04    
      27             38         2.0487e+04      2.47e+03       2.91e+00       8.98e+03    
      28             39         1.7613e+04      2.87e+03       5.83e+00       3.28e+04    
      29             41         1.6033e+04      1.58e+03       2.91e+00       1.26e+04    
      30             43         1.5648e+04      3.86e+02       1.46e+00       4.44e+03    
      31             44         1.5163e+04      4.85e+02       2.91e+00       1.39e+04    
      32             45         1.5090e+04      7.31e+01       5.83e+00       3.90e+04    
      33             46         1.4387e+04      7.03e+02       1.46e+00       4.27e+03    
      34             47         1.4294e+04      9.30e+01       2.91e+00       2.03e+04    
      35             49         1.4218e+04      7.60e+01       1.46e+00       3.05e+03    
      36             50         1.4198e+04      1.99e+01       2.91e+00       2.96e+04    
      37             51         1.4172e+04      2.59e+01       2.91e+00       2.46e+04    
      38             52         1.4152e+04      1.97e+01       2.91e+00       7.81e+03    
      39             53         1.4140e+04      1.28e+01       2.91e+00       2.28e+03    
      40             55         1.4137e+04      3.02e+00       1.46e+00       3.29e+02    
      41             57         1.4135e+04      1.61e+00       7.28e-01       2.01e+02    
      42             58         1.4133e+04      2.43e+00       1.46e+00       1.78e+03    
      43             60         1.4128e+04      4.60e+00       3.64e-01       2.97e+02    
      44             61         1.4126e+04      2.25e+00       7.28e-01       2.11e+03    
      45             63         1.4120e+04      5.46e+00       1.82e-01       2.16e+02    
      46             64         1.4117e+04      3.16e+00       3.64e-01       1.25e+03    
      47             66         1.4113e+04      3.78e+00       1.82e-01       3.65e+02    
      48             67         1.4110e+04      3.43e+00       3.64e-01       1.70e+03    
      49             68         1.4099e+04      1.09e+01       3.64e-01       6.26e+02    
      50             69         1.4079e+04      1.99e+01       7.28e-01       2.97e+03    
      51             71         1.4052e+04      2.68e+01       3.64e-01       1.38e+03    
      52             72         1.4016e+04      3.65e+01       7.28e-01       1.55e+03    
      53             73         1.3993e+04      2.26e+01       1.46e+00       2.85e+03    
      54             74         1.3902e+04      9.09e+01       1.46e+00       8.53e+02    
      55             75         1.3808e+04      9.43e+01       2.91e+00       2.70e+03    
      56             77         1.3747e+04      6.05e+01       1.46e+00       1.19e+03    
      57             78         1.3664e+04      8.36e+01       2.91e+00       2.79e+03    
      58             80         1.3629e+04      3.45e+01       1.46e+00       1.86e+03    
      59             81         1.3582e+04      4.69e+01       2.91e+00       2.80e+03    
      60             84         1.3572e+04      1.05e+01       3.64e-01       9.71e+02    
      61             85         1.3563e+04      8.88e+00       7.28e-01       8.41e+02    
      62             86         1.3553e+04      1.04e+01       1.46e+00       1.05e+03    
      63             87         1.3541e+04      1.20e+01       2.91e+00       3.40e+03    
      64             89         1.3534e+04      6.89e+00       7.28e-01       2.03e+03    
      65             90         1.3531e+04      2.81e+00       7.28e-01       2.74e+03    
      66             91         1.3531e+04      3.20e-01       7.28e-01       3.59e+03    
      67             92         1.3526e+04      4.76e+00       1.82e-01       1.43e+03    
      68             93         1.3524e+04      1.77e+00       3.64e-01       3.32e+02    
      69             94         1.3521e+04      2.77e+00       7.28e-01       2.45e+02    
      70             95         1.3518e+04      3.78e+00       1.46e+00       1.42e+03    
      71             97         1.3516e+04      1.83e+00       7.28e-01       2.19e+03    
      72             98         1.3514e+04      1.66e+00       7.28e-01       1.69e+03    
      73             99         1.3513e+04      1.40e+00       7.28e-01       3.03e+03    
      74             100        1.3511e+04      1.75e+00       7.28e-01       2.03e+03    
      75             101        1.3510e+04      1.21e+00       7.28e-01       3.59e+03    
      76             102        1.3508e+04      2.30e+00       7.28e-01       2.01e+03    
      77             103        1.3506e+04      1.13e+00       7.28e-01       3.79e+03    
      78             104        1.3504e+04      2.87e+00       7.28e-01       1.80e+03    
      79             105        1.3502e+04      1.15e+00       7.28e-01       3.79e+03    
      80             106        1.3499e+04      3.44e+00       7.28e-01       1.43e+03    
      81             108        1.3497e+04      1.48e+00       3.64e-01       1.61e+03    
      82             109        1.3496e+04      1.69e+00       3.64e-01       1.91e+02    
      83             110        1.3493e+04      2.64e+00       7.28e-01       1.30e+03    
      84             111        1.3488e+04      5.56e+00       1.46e+00       2.12e+03    
      85             112        1.3484e+04      3.77e+00       2.91e+00       1.29e+04    
      86             113        1.3465e+04      1.85e+01       2.91e+00       8.15e+03    
      87             116        1.3460e+04      4.82e+00       3.64e-01       3.54e+03    
      88             118        1.3457e+04      3.62e+00       1.82e-01       1.13e+03    
      89             119        1.3454e+04      2.62e+00       3.64e-01       3.08e+03    
      90             121        1.3451e+04      3.57e+00       1.82e-01       1.57e+03    
      91             122        1.3449e+04      1.83e+00       3.64e-01       4.43e+03    
      92             123        1.3447e+04      1.54e+00       3.64e-01       6.44e+03    
      93             124        1.3437e+04      1.01e+01       9.10e-02       9.53e+02    
      94             125        1.3434e+04      3.19e+00       1.82e-01       1.89e+03    
      95             127        1.3431e+04      2.80e+00       9.10e-02       6.74e+02    
      96             128        1.3428e+04      3.52e+00       1.82e-01       2.00e+03    
      97             130        1.3424e+04      3.26e+00       9.10e-02       6.93e+02    
      98             131        1.3420e+04      4.01e+00       1.82e-01       2.08e+03    
      99             133        1.3417e+04      3.74e+00       9.10e-02       6.91e+02    
      100            134        1.3412e+04      4.62e+00       1.82e-01       2.09e+03    
      101            136        1.3408e+04      4.20e+00       9.10e-02       6.69e+02    
      102            137        1.3402e+04      5.32e+00       1.82e-01       2.04e+03    
      103            139        1.3398e+04      4.63e+00       9.10e-02       6.31e+02    
      104            140        1.3392e+04      6.12e+00       1.82e-01       1.95e+03    
      105            142        1.3387e+04      5.02e+00       9.10e-02       5.83e+02    
      106            143        1.3380e+04      7.00e+00       1.82e-01       1.81e+03    
      107            144        1.3377e+04      3.02e+00       3.64e-01       6.37e+03    
      108            145        1.3356e+04      2.06e+01       9.10e-02       4.89e+02    
      109            146        1.3347e+04      9.14e+00       1.82e-01       1.46e+03    
      110            147        1.3336e+04      1.12e+01       3.64e-01       4.85e+03    
      111            148        1.3310e+04      2.54e+01       3.64e-01       4.10e+03    
      112            150        1.3290e+04      2.01e+01       1.82e-01       8.33e+02    
      113            151        1.3270e+04      2.04e+01       3.64e-01       2.69e+03    
      114            152        1.3257e+04      1.24e+01       7.28e-01       7.62e+03    
      115            153        1.3204e+04      5.37e+01       1.82e-01       1.99e+02    
      116            154        1.3180e+04      2.34e+01       3.64e-01       9.04e+02    
      117            155        1.3140e+04      3.99e+01       7.28e-01       3.01e+03    
      118            156        1.3073e+04      6.75e+01       1.46e+00       5.17e+03    
      119            157        1.3002e+04      7.05e+01       2.91e+00       1.04e+04    
      120            158        1.2901e+04      1.01e+02       2.91e+00       5.73e+03    
      121            160        1.2867e+04      3.39e+01       1.46e+00       6.62e+03    
      122            162        1.2836e+04      3.14e+01       7.28e-01       4.45e+03    
      123            164        1.2818e+04      1.82e+01       3.64e-01       1.77e+03    
      124            165        1.2797e+04      2.03e+01       7.28e-01       4.66e+03    
      125            167        1.2776e+04      2.10e+01       3.64e-01       2.41e+03    
      126            168        1.2757e+04      1.89e+01       7.28e-01       6.38e+03    
      127            169        1.2736e+04      2.12e+01       7.28e-01       8.57e+03    
      128            170        1.2707e+04      2.88e+01       7.28e-01       9.30e+03    
      129            171        1.2670e+04      3.73e+01       7.28e-01       8.81e+03    
      130            172        1.2624e+04      4.61e+01       7.28e-01       7.33e+03    
      131            173        1.2577e+04      4.65e+01       7.28e-01       4.99e+03    
      132            174        1.2570e+04      6.95e+00       1.46e+00       1.30e+04    
      133            175        1.2496e+04      7.41e+01       3.64e-01       5.49e+02    
      134            176        1.2471e+04      2.50e+01       7.28e-01       1.40e+03    
      135            177        1.2432e+04      3.91e+01       1.46e+00       5.72e+03    
      136            178        1.2406e+04      2.61e+01       2.91e+00       1.90e+04    
      137            179        1.2283e+04      1.23e+02       2.91e+00       1.86e+03    
      138            181        1.2251e+04      3.27e+01       1.46e+00       2.60e+02    
      139            182        1.2212e+04      3.83e+01       2.91e+00       8.77e+03    
      140            183        1.2180e+04      3.26e+01       5.83e+00       1.74e+04    
      141            184        1.2136e+04      4.35e+01       5.83e+00       8.44e+03    
      142            186        1.2117e+04      1.91e+01       2.91e+00       2.74e+03    
      143            187        1.2105e+04      1.22e+01       5.83e+00       2.63e+03    
      144            188        1.2090e+04      1.48e+01       5.83e+00       3.78e+03    
      145            189        1.2077e+04      1.28e+01       5.83e+00       5.53e+03    
      146            191        1.2051e+04      2.65e+01       1.46e+00       5.75e+02    
      147            192        1.2043e+04      8.05e+00       2.91e+00       2.97e+03    
      148            194        1.2034e+04      8.31e+00       1.46e+00       1.10e+03    
      149            195        1.2032e+04      2.32e+00       2.91e+00       6.69e+03    
      150            197        1.2023e+04      9.47e+00       7.28e-01       6.99e+02    
      151            198        1.2021e+04      2.05e+00       1.46e+00       3.54e+03    
      152            199        1.2020e+04      3.80e-01       1.46e+00       5.75e+03    
      153            200        1.2017e+04      2.67e+00       3.64e-01       5.76e+02    
      154            201        1.2017e+04      5.53e-02       2.67e-01       3.68e+02    
      155            202        1.2017e+04      1.10e-02       3.11e-02       4.86e+00    
      156            203        1.2017e+04      4.55e-05       7.23e-03       3.20e-01    
`ftol` termination condition is satisfied.
Function evaluations 203, initial cost 1.2525e+06, final cost 1.2017e+04, first-order optimality 3.20e-01.
prediction loss 12017.399128697576
rms error 0.10713083280251112
permuted prediction loss 12017.399128697576
