Q_target [[-8.96088500e-01  1.03482057e+00 -5.04951094e-01 -1.31398645e+00
   4.03174820e-01  7.94878747e-01 -1.21280999e+00  8.88396570e-01
  -9.91847014e-01 -5.64842570e-01  5.83776565e-02  5.86982712e-01
   5.70311834e-01 -6.21128006e-01  2.86410280e-01 -4.66207701e-01
  -4.76480256e-02  3.26990492e-01  9.06432292e-01 -1.01084814e-01
   4.39160238e-02 -1.24795234e+00  9.11551228e-01  4.93304796e-01
   3.21887260e-01 -6.78160040e-01  1.57878734e+00  6.85836542e-01
   1.42590469e+00  9.57380167e-01 -1.64082680e-01 -1.65011196e-01
   9.11167885e-01  4.29018858e-01  4.23775880e-02 -1.07952762e-01
  -3.45436602e-01 -9.76908665e-01  4.51538319e-01  1.68167266e+00
  -1.61940008e+00 -1.41870943e-01  1.11317325e+00  2.50531648e-01
  -1.69327734e+00 -9.98884617e-02 -1.48164711e+00  6.38165131e-01
   1.98280163e-01 -1.06686202e+00  2.61563846e-01 -7.39928055e-01
   8.85902652e-02 -4.18125856e-01  7.89349739e-01  2.87508825e-01
  -1.43725954e+00 -1.23528981e+00 -1.00243104e+00  9.23086835e-01
  -9.27212723e-01 -1.08474516e-01  1.66840365e+00 -1.78379266e-02
  -3.22417428e-01  2.65404351e-02 -6.27971672e-01 -5.14074395e-01
   9.37870096e-01 -1.16166268e+00 -8.27263455e-04  9.37268369e-01
   1.20050404e-01  7.86300281e-01 -7.48807352e-02  4.31379315e-01
   1.03024274e-01 -1.79196752e+00  9.41594374e-01 -1.11041406e+00
   3.34987830e-01 -8.89258871e-01 -1.02860935e+00  1.57812108e+00
  -1.26879201e+00  2.10449411e+00 -1.27146009e+00 -2.26249517e+00
   1.55637418e+00 -6.31389163e-01 -6.68613044e-01  6.16568493e-01
  -2.54680717e-01  1.32481471e+00  6.74480413e-02  8.64253873e-01
   8.61942678e-01 -2.70593564e-02  1.69566986e-01  3.48429111e-01]
 [ 1.00001461e+00  1.70446471e+00 -2.22586753e-01 -3.38687580e-01
   1.02966603e-01  8.35434608e-01  1.96358276e+00 -3.06420927e-01
   1.44310797e-01 -8.94491968e-01 -1.23241190e+00 -1.17369764e+00
  -7.93525189e-01  8.70163643e-02  1.20219508e+00  1.41744740e+00
   3.67102942e-01  2.91346910e-01  1.74520732e-01 -1.25642961e+00
   3.77348006e-01 -8.67767661e-01  2.03131025e-02  6.73433945e-01
  -8.48956506e-01  7.49578076e-01 -5.83512916e-01  4.96319905e-01
   1.89578603e+00 -1.15097340e+00 -5.92423387e-01  3.85889898e-01
   1.35262588e-01 -6.47407576e-01  6.75822430e-02  4.73927985e-01
  -2.09374864e+00 -5.33172331e-02  8.97468663e-02 -3.90621125e-01
  -4.36321304e-01 -3.42550897e-01  7.22519578e-01 -4.26645126e-01
   1.92627805e+00  9.10310628e-01  9.59236140e-01 -5.36438132e-01
   6.73625502e-02  1.91351113e+00  7.00936693e-01  1.16099818e+00
   1.10993855e+00  3.12754088e-01 -1.33523741e+00 -7.08579246e-01
  -1.12181331e-01 -5.17747002e-01  1.47399845e+00  7.39842004e-02
   1.02672599e+00  5.75376486e-01 -1.18217560e-01 -1.63432568e+00
  -1.03300431e+00  2.01626455e+00  3.27586903e-01  1.10618940e+00
  -1.63317240e-01  2.91795454e-01 -1.46760200e-01  2.66195105e-01
  -1.85504011e+00  3.76977933e-01 -2.75732294e-01 -1.06457125e-01
  -1.03456062e-01 -1.68458438e+00 -5.02576562e-01 -1.91353840e-01
   1.78008263e+00  6.78798569e-01  1.74807609e-01  9.80056980e-01
  -2.27619017e-01 -8.91661613e-01 -7.53325647e-02 -1.79920236e-01
   3.66481180e-01 -1.70533416e+00 -5.24927161e-01 -1.19203585e+00
  -7.14523796e-01 -1.08202112e+00 -3.69947794e-01 -3.70477682e-01
  -2.56241705e-01  1.18942493e+00 -5.41883560e-01  8.37476057e-02]
 [ 1.92581059e-01  2.29589845e-01  1.17248524e-01 -1.61552622e+00
   1.40946747e+00  8.96519472e-01  1.68579647e-01 -1.16295590e+00
  -1.03112332e+00 -4.47772919e-01  1.27321255e+00  4.91988214e-01
   6.02506485e-01  2.80347136e-01 -1.96964830e+00 -1.50536273e+00
   4.47698594e-01 -1.07630987e+00 -9.47144377e-01 -4.93000820e-01
   2.60626275e-01  5.89470745e-01 -9.84368264e-01  6.50826964e-01
  -1.66521649e+00  2.60953287e-01 -1.16486761e+00  2.21391477e-01
  -9.48939574e-01  2.78790637e-01 -1.38901057e+00  7.40785131e-01
   7.17413830e-01  9.52715625e-01  9.34624859e-01 -1.03050235e+00
  -8.02932044e-01  2.49661668e-01 -9.30734052e-01 -1.24483379e+00
  -1.02538095e+00  6.70849370e-01  4.57627509e-01  1.82895774e-01
  -3.75547108e-02  3.72978756e-01 -8.95049755e-01 -1.03646619e+00
   5.32644278e-01  6.47545923e-02  1.69854234e+00 -2.66528033e-01
   8.72117604e-01 -1.54993033e+00 -8.22189592e-02  7.01598143e-01
   5.07245923e-01 -3.69829112e-01 -3.22870696e-01 -5.88668523e-01
   4.56858593e-01 -1.15680917e+00 -1.62985217e-01  1.33159135e+00
   8.37911459e-01  1.16678530e+00 -6.98302807e-01 -2.67026857e+00
  -6.70259684e-01 -1.25353859e+00  8.07210466e-01  1.78371035e+00
  -4.78680766e-01 -1.63188121e-01 -7.02834385e-01  1.66116055e+00
  -3.57960645e-01  1.74737037e+00  1.49647461e+00 -1.22576568e+00
  -7.31746737e-01 -2.81213737e-01  2.50665716e-01 -2.28168667e+00
  -8.89815188e-01  2.19771354e-01  2.07080077e-01 -2.07256244e+00
  -1.48145051e+00 -3.57566091e-01 -1.57626334e-01 -1.55139489e+00
  -9.26508362e-01  1.51439196e+00  8.65902145e-02  3.00678539e-02
  -9.42919784e-01  7.69304418e-01 -5.19129086e-01  1.61980015e-03]
 [-1.34357117e+00  7.90146629e-01 -3.91644754e-01 -1.25008277e+00
  -1.98214984e+00  1.08112892e-01  1.93910120e-01  5.90368873e-01
   7.37122541e-01 -1.57749044e-01  1.18293019e+00 -5.69476920e-01
  -8.74885326e-01  1.50666094e+00 -2.11800244e-01  4.83010519e-01
  -8.27586773e-01  3.71780062e-01 -5.66676519e-01 -1.87745626e+00
   2.25702694e+00  1.05446458e+00  5.51008415e-01 -7.96607561e-01
  -7.75145362e-01 -4.86760162e-01  9.72852339e-02  2.50094320e-01
  -3.88205548e-01 -1.51170825e-01 -1.23101206e+00 -1.77439743e+00
   4.35118343e-01 -1.79547262e-01 -8.41016544e-01 -2.36217954e+00
  -6.02561234e-01  1.21056237e+00 -1.05847476e-01  6.81761617e-01
   1.09379170e+00  1.23388830e+00 -1.38505707e+00  7.29374488e-01
  -1.03352092e+00 -1.72384385e-01 -6.17178383e-01 -2.00983682e-01
   7.52022107e-01 -1.14100847e+00 -1.87445765e-01  4.27378885e-01
  -7.12622508e-02 -1.70580408e-02  1.17821841e+00 -1.61482832e+00
   8.73112090e-01 -1.14301168e+00 -1.61235824e+00 -1.80879160e-01
   6.43493156e-01  7.89658896e-01 -3.83150157e-01  1.88889551e+00
  -1.66004455e-01  1.28569565e+00  1.26809152e+00  1.25798225e-01
   5.21342988e-01  3.78606111e-01  1.49711671e+00  2.77164495e-01
   2.13677837e+00 -8.15564766e-01 -1.32640960e+00  4.12552971e-01
  -1.42213781e+00  1.57777563e-01  1.77050099e+00 -8.21743838e-01
  -2.80974381e+00 -5.67851536e-01 -4.23777713e-01  1.03350304e+00
  -5.51058019e-02  2.15708043e+00  1.41162188e+00  1.33635003e+00
  -4.64824047e-01 -2.17939106e+00 -1.13569680e-01 -1.17566316e+00
   3.73365917e-01 -2.09060784e-01 -6.68821716e-01 -4.01795611e-01
  -7.84302114e-01  7.03673575e-01  5.60699381e-01 -6.98647965e-01]
 [ 7.49452431e-01  6.00192102e-01  1.11041169e-02 -6.05316851e-01
   5.52774852e-01 -4.40529450e-01 -2.43934857e+00  1.19656225e+00
  -5.64215663e-01 -4.22710493e-01 -9.44962651e-01  2.76400645e-01
   2.57821698e-01  4.32286033e-01  1.43880009e+00  1.14522721e+00
  -4.97178088e-01  5.11929345e-01 -1.13439815e-01  4.54825921e-01
  -2.94072990e-01  2.34497840e-01  1.45148842e-01  1.02124560e+00
   5.23294548e-01  9.75218790e-01  1.72237943e+00 -2.13488163e+00
  -1.07317728e+00 -2.64882780e-01 -2.69258963e-03  1.28731340e+00
  -7.77635265e-01  7.11754654e-01  3.47408623e-01  1.14348691e+00
  -2.86594535e-01 -1.42463553e+00 -3.72287638e-01  9.00974461e-02
  -2.34597913e-01  7.76800758e-01  1.08953293e+00 -3.88224774e-01
  -6.98711071e-01  8.48489332e-02  2.54888414e+00 -2.20492229e+00
   7.04570919e-02  1.06200128e+00  6.73817071e-01  7.51266443e-01
  -9.26431183e-01  1.86035132e-01  3.36674484e-01 -7.68454783e-01
   5.69001342e-01  1.69139707e+00 -9.09450162e-01  1.65128786e-01
   1.11028559e-02  2.46360751e-01  5.51648723e-01  6.36484238e-01
   7.12800441e-03 -4.85818251e-01 -4.80500277e-01 -2.28913911e-01
   1.62026640e-01 -8.41683479e-01  3.17310822e-01 -2.65692515e-01
  -4.03232995e-01 -1.77997184e+00 -1.37828216e+00 -3.06840164e-01
  -1.24615388e-01  1.73244229e+00 -3.72188526e-01 -7.02891257e-02
  -5.24615288e-01 -1.41260874e+00  4.55031654e-01  2.32521846e+00
  -6.76185889e-01  5.28536726e-01  1.12726202e-02 -1.12507813e+00
  -1.77960680e+00 -5.45664489e-01 -5.36179159e-01 -9.06520531e-01
  -1.55787855e+00 -1.29263440e+00 -5.86726129e-01 -2.19137876e-01
   2.07332014e+00  6.23588042e-01 -2.20699362e-01 -1.32091564e+00]]
R [[0.45       0.45       0.45      ]
 [0.45       0.45       0.46666667]
 [0.45       0.45       0.48333333]
 [0.45       0.45       0.5       ]
 [0.45       0.45       0.51666667]
 [0.45       0.45       0.53333333]
 [0.45       0.46666667 0.45      ]
 [0.45       0.46666667 0.46666667]
 [0.45       0.46666667 0.48333333]
 [0.45       0.46666667 0.5       ]
 [0.45       0.46666667 0.51666667]
 [0.45       0.46666667 0.53333333]
 [0.45       0.48333333 0.45      ]
 [0.45       0.48333333 0.46666667]
 [0.45       0.48333333 0.48333333]
 [0.45       0.48333333 0.5       ]
 [0.45       0.48333333 0.51666667]
 [0.45       0.48333333 0.53333333]
 [0.45       0.5        0.45      ]
 [0.45       0.5        0.46666667]
 [0.45       0.5        0.48333333]
 [0.45       0.5        0.5       ]
 [0.45       0.5        0.51666667]
 [0.45       0.5        0.53333333]
 [0.45       0.51666667 0.45      ]
 [0.45       0.51666667 0.46666667]
 [0.45       0.51666667 0.48333333]
 [0.45       0.51666667 0.5       ]
 [0.45       0.51666667 0.51666667]
 [0.45       0.51666667 0.53333333]
 [0.45       0.53333333 0.45      ]
 [0.45       0.53333333 0.46666667]
 [0.45       0.53333333 0.48333333]
 [0.45       0.53333333 0.5       ]
 [0.45       0.53333333 0.51666667]
 [0.45       0.53333333 0.53333333]
 [0.46666667 0.45       0.45      ]
 [0.46666667 0.45       0.46666667]
 [0.46666667 0.45       0.48333333]
 [0.46666667 0.45       0.5       ]
 [0.46666667 0.45       0.51666667]
 [0.46666667 0.45       0.53333333]
 [0.46666667 0.46666667 0.45      ]
 [0.46666667 0.46666667 0.46666667]
 [0.46666667 0.46666667 0.48333333]
 [0.46666667 0.46666667 0.5       ]
 [0.46666667 0.46666667 0.51666667]
 [0.46666667 0.46666667 0.53333333]
 [0.46666667 0.48333333 0.45      ]
 [0.46666667 0.48333333 0.46666667]
 [0.46666667 0.48333333 0.48333333]
 [0.46666667 0.48333333 0.5       ]
 [0.46666667 0.48333333 0.51666667]
 [0.46666667 0.48333333 0.53333333]
 [0.46666667 0.5        0.45      ]
 [0.46666667 0.5        0.46666667]
 [0.46666667 0.5        0.48333333]
 [0.46666667 0.5        0.5       ]
 [0.46666667 0.5        0.51666667]
 [0.46666667 0.5        0.53333333]
 [0.46666667 0.51666667 0.45      ]
 [0.46666667 0.51666667 0.46666667]
 [0.46666667 0.51666667 0.48333333]
 [0.46666667 0.51666667 0.5       ]
 [0.46666667 0.51666667 0.51666667]
 [0.46666667 0.51666667 0.53333333]
 [0.46666667 0.53333333 0.45      ]
 [0.46666667 0.53333333 0.46666667]
 [0.46666667 0.53333333 0.48333333]
 [0.46666667 0.53333333 0.5       ]
 [0.46666667 0.53333333 0.51666667]
 [0.46666667 0.53333333 0.53333333]
 [0.48333333 0.45       0.45      ]
 [0.48333333 0.45       0.46666667]
 [0.48333333 0.45       0.48333333]
 [0.48333333 0.45       0.5       ]
 [0.48333333 0.45       0.51666667]
 [0.48333333 0.45       0.53333333]
 [0.48333333 0.46666667 0.45      ]
 [0.48333333 0.46666667 0.46666667]
 [0.48333333 0.46666667 0.48333333]
 [0.48333333 0.46666667 0.5       ]
 [0.48333333 0.46666667 0.51666667]
 [0.48333333 0.46666667 0.53333333]
 [0.48333333 0.48333333 0.45      ]
 [0.48333333 0.48333333 0.46666667]
 [0.48333333 0.48333333 0.48333333]
 [0.48333333 0.48333333 0.5       ]
 [0.48333333 0.48333333 0.51666667]
 [0.48333333 0.48333333 0.53333333]
 [0.48333333 0.5        0.45      ]
 [0.48333333 0.5        0.46666667]
 [0.48333333 0.5        0.48333333]
 [0.48333333 0.5        0.5       ]
 [0.48333333 0.5        0.51666667]
 [0.48333333 0.5        0.53333333]
 [0.48333333 0.51666667 0.45      ]
 [0.48333333 0.51666667 0.46666667]
 [0.48333333 0.51666667 0.48333333]
 [0.48333333 0.51666667 0.5       ]
 [0.48333333 0.51666667 0.51666667]
 [0.48333333 0.51666667 0.53333333]
 [0.48333333 0.53333333 0.45      ]
 [0.48333333 0.53333333 0.46666667]
 [0.48333333 0.53333333 0.48333333]
 [0.48333333 0.53333333 0.5       ]
 [0.48333333 0.53333333 0.51666667]
 [0.48333333 0.53333333 0.53333333]
 [0.5        0.45       0.45      ]
 [0.5        0.45       0.46666667]
 [0.5        0.45       0.48333333]
 [0.5        0.45       0.5       ]
 [0.5        0.45       0.51666667]
 [0.5        0.45       0.53333333]
 [0.5        0.46666667 0.45      ]
 [0.5        0.46666667 0.46666667]
 [0.5        0.46666667 0.48333333]
 [0.5        0.46666667 0.5       ]
 [0.5        0.46666667 0.51666667]
 [0.5        0.46666667 0.53333333]
 [0.5        0.48333333 0.45      ]
 [0.5        0.48333333 0.46666667]
 [0.5        0.48333333 0.48333333]
 [0.5        0.48333333 0.5       ]
 [0.5        0.48333333 0.51666667]
 [0.5        0.48333333 0.53333333]
 [0.5        0.5        0.45      ]
 [0.5        0.5        0.46666667]
 [0.5        0.5        0.48333333]
 [0.5        0.5        0.5       ]
 [0.5        0.5        0.51666667]
 [0.5        0.5        0.53333333]
 [0.5        0.51666667 0.45      ]
 [0.5        0.51666667 0.46666667]
 [0.5        0.51666667 0.48333333]
 [0.5        0.51666667 0.5       ]
 [0.5        0.51666667 0.51666667]
 [0.5        0.51666667 0.53333333]
 [0.5        0.53333333 0.45      ]
 [0.5        0.53333333 0.46666667]
 [0.5        0.53333333 0.48333333]
 [0.5        0.53333333 0.5       ]
 [0.5        0.53333333 0.51666667]
 [0.5        0.53333333 0.53333333]
 [0.51666667 0.45       0.45      ]
 [0.51666667 0.45       0.46666667]
 [0.51666667 0.45       0.48333333]
 [0.51666667 0.45       0.5       ]
 [0.51666667 0.45       0.51666667]
 [0.51666667 0.45       0.53333333]
 [0.51666667 0.46666667 0.45      ]
 [0.51666667 0.46666667 0.46666667]
 [0.51666667 0.46666667 0.48333333]
 [0.51666667 0.46666667 0.5       ]
 [0.51666667 0.46666667 0.51666667]
 [0.51666667 0.46666667 0.53333333]
 [0.51666667 0.48333333 0.45      ]
 [0.51666667 0.48333333 0.46666667]
 [0.51666667 0.48333333 0.48333333]
 [0.51666667 0.48333333 0.5       ]
 [0.51666667 0.48333333 0.51666667]
 [0.51666667 0.48333333 0.53333333]
 [0.51666667 0.5        0.45      ]
 [0.51666667 0.5        0.46666667]
 [0.51666667 0.5        0.48333333]
 [0.51666667 0.5        0.5       ]
 [0.51666667 0.5        0.51666667]
 [0.51666667 0.5        0.53333333]
 [0.51666667 0.51666667 0.45      ]
 [0.51666667 0.51666667 0.46666667]
 [0.51666667 0.51666667 0.48333333]
 [0.51666667 0.51666667 0.5       ]
 [0.51666667 0.51666667 0.51666667]
 [0.51666667 0.51666667 0.53333333]
 [0.51666667 0.53333333 0.45      ]
 [0.51666667 0.53333333 0.46666667]
 [0.51666667 0.53333333 0.48333333]
 [0.51666667 0.53333333 0.5       ]
 [0.51666667 0.53333333 0.51666667]
 [0.51666667 0.53333333 0.53333333]
 [0.53333333 0.45       0.45      ]
 [0.53333333 0.45       0.46666667]
 [0.53333333 0.45       0.48333333]
 [0.53333333 0.45       0.5       ]
 [0.53333333 0.45       0.51666667]
 [0.53333333 0.45       0.53333333]
 [0.53333333 0.46666667 0.45      ]
 [0.53333333 0.46666667 0.46666667]
 [0.53333333 0.46666667 0.48333333]
 [0.53333333 0.46666667 0.5       ]
 [0.53333333 0.46666667 0.51666667]
 [0.53333333 0.46666667 0.53333333]
 [0.53333333 0.48333333 0.45      ]
 [0.53333333 0.48333333 0.46666667]
 [0.53333333 0.48333333 0.48333333]
 [0.53333333 0.48333333 0.5       ]
 [0.53333333 0.48333333 0.51666667]
 [0.53333333 0.48333333 0.53333333]
 [0.53333333 0.5        0.45      ]
 [0.53333333 0.5        0.46666667]
 [0.53333333 0.5        0.48333333]
 [0.53333333 0.5        0.5       ]
 [0.53333333 0.5        0.51666667]
 [0.53333333 0.5        0.53333333]
 [0.53333333 0.51666667 0.45      ]
 [0.53333333 0.51666667 0.46666667]
 [0.53333333 0.51666667 0.48333333]
 [0.53333333 0.51666667 0.5       ]
 [0.53333333 0.51666667 0.51666667]
 [0.53333333 0.51666667 0.53333333]
 [0.53333333 0.53333333 0.45      ]
 [0.53333333 0.53333333 0.46666667]
 [0.53333333 0.53333333 0.48333333]
 [0.53333333 0.53333333 0.5       ]
 [0.53333333 0.53333333 0.51666667]
 [0.53333333 0.53333333 0.53333333]]
S [[0.16677338 0.58368903 0.77898622]
 [0.2736354  0.53801542 0.26254059]
 [0.15077859 0.68644514 0.83131339]
 [0.57848461 0.24288584 0.1027794 ]
 [0.57861951 0.49408747 0.09454142]]
D [[0.45422682 0.2720151  0.53929552 0.42422485 0.3805752 ]
 [0.44230485 0.28375807 0.52764286 0.43797091 0.39618668]
 [0.43069793 0.29597402 0.51626532 0.45191357 0.41188085]
 ...
 [0.4633953  0.351926   0.52873426 0.49414835 0.40986307]
 [0.45355644 0.36337997 0.51845339 0.50764265 0.4263576 ]
 [0.44412525 0.3752248  0.50851103 0.52132051 0.44286501]]
U [[ 4.84679271 13.5149351   3.43832063  5.55658293  6.90428998]
 [ 5.11159696 12.41948433  3.59186384  5.21326103  6.37089235]
 [ 5.39081513 11.41544415  3.75192459  4.89653929  5.89463335]
 ...
 [ 4.65689823  8.07415889  3.57705069  4.09529601  5.95281546]
 [ 4.86113102  7.57317573  3.72032229  3.88046525  5.50113099]
 [ 5.06977953  7.10259313  3.86722321  3.67951325  5.09867411]]
P [[  7.542905    37.3751099   -7.15204129 ...  26.80441817  -6.69479714
  -10.17590341]
 [  6.30124096  35.22581387  -6.89538163 ...  25.03821082  -6.21077693
   -9.23069616]
 [  5.14641132  33.30404834  -6.67536625 ...  23.43970224  -5.77492569
   -8.36686016]
 ...
 [  3.54918646  26.2111447   -5.26710319 ...  18.82329025  -4.46010146
   -8.41975274]
 [  2.84290112  25.16062934  -5.16279838 ...  17.89926569  -4.24914124
   -7.64358802]
 [  2.18200547  24.20784565  -5.07195344 ...  17.05453674  -4.05887259
   -6.93805472]]
test
channel noise power 1.6127852826445352
P power 161.27852826445354
snr test 20.0
ground truth loss 17418.081052560978
/opt/conda/lib/python3.7/site-packages/scipy/optimize/_lsq/trf.py:426: RuntimeWarning: divide by zero encountered in true_divide
  scale, scale_inv = x_scale, 1 / x_scale
   Iteration     Total nfev        Cost      Cost reduction    Step norm     Optimality   
       0              1         1.7506e+06                                    2.37e+04    
       1              2         5.7056e+05      1.18e+06       2.15e+01       1.71e+06    
       2              6         2.1489e+05      3.56e+05       6.73e-01       2.71e+05    
       3              7         2.0402e+05      1.09e+04       1.35e+00       1.38e+06    
       4              8         1.2999e+05      7.40e+04       3.36e-01       1.70e+05    
       5              9         1.0619e+05      2.38e+04       6.73e-01       1.04e+05    
       6             10         7.0207e+04      3.60e+04       1.35e+00       9.90e+04    
       7             11         4.3002e+04      2.72e+04       2.69e+00       7.54e+04    
       8             13         4.1999e+04      1.00e+03       1.35e+00       1.79e+04    
       9             15         4.1807e+04      1.91e+02       6.73e-01       6.68e+04    
      10             17         4.1375e+04      4.32e+02       1.68e-01       1.20e+04    
      11             18         4.1281e+04      9.39e+01       3.36e-01       4.97e+04    
      12             19         4.0940e+04      3.41e+02       3.36e-01       4.56e+04    
      13             20         4.0573e+04      3.67e+02       3.36e-01       4.03e+04    
      14             21         4.0377e+04      1.96e+02       6.73e-01       7.86e+04    
      15             22         3.9355e+04      1.02e+03       6.73e-01       4.85e+04    
      16             23         3.7972e+04      1.38e+03       1.35e+00       3.58e+04    
      17             24         3.5212e+04      2.76e+03       2.69e+00       7.89e+03    
      18             25         2.9955e+04      5.26e+03       5.38e+00       8.12e+04    
      19             26         2.3823e+04      6.13e+03       1.08e+01       2.77e+05    
      20             28         1.8474e+04      5.35e+03       2.69e+00       5.60e+04    
      21             31         1.8112e+04      3.63e+02       3.36e-01       2.42e+04    
      22             32         1.7983e+04      1.29e+02       6.73e-01       1.22e+03    
      23             34         1.7959e+04      2.40e+01       3.36e-01       1.00e+03    
      24             35         1.7930e+04      2.94e+01       6.73e-01       8.18e+03    
      25             37         1.7912e+04      1.78e+01       3.36e-01       1.42e+03    
      26             38         1.7893e+04      1.88e+01       6.73e-01       8.75e+03    
      27             40         1.7880e+04      1.35e+01       3.36e-01       1.34e+03    
      28             41         1.7866e+04      1.35e+01       6.73e-01       8.26e+03    
      29             43         1.7857e+04      9.50e+00       3.36e-01       1.25e+03    
      30             44         1.7848e+04      8.93e+00       6.73e-01       7.66e+03    
      31             46         1.7841e+04      6.22e+00       3.36e-01       1.22e+03    
      32             47         1.7836e+04      5.03e+00       6.73e-01       7.16e+03    
      33             49         1.7833e+04      3.75e+00       3.36e-01       1.29e+03    
      34             50         1.7830e+04      2.61e+00       6.73e-01       5.55e+03    
      35             52         1.7828e+04      2.15e+00       3.36e-01       1.02e+03    
      36             54         1.7827e+04      7.37e-01       1.68e-01       4.53e+02    
      37             55         1.7826e+04      1.21e+00       3.36e-01       2.79e+03    
      38             57         1.7825e+04      1.23e+00       1.68e-01       1.16e+03    
      39             58         1.7824e+04      3.41e-01       3.36e-01       6.67e+03    
      40             59         1.7822e+04      2.85e+00       8.41e-02       4.68e+02    
      41             60         1.7820e+04      1.41e+00       1.68e-01       2.54e+03    
      42             62         1.7819e+04      1.25e+00       8.41e-02       6.63e+02    
      43             63         1.7817e+04      1.78e+00       1.68e-01       2.94e+03    
      44             65         1.7815e+04      1.59e+00       8.41e-02       6.78e+02    
      45             66         1.7813e+04      2.26e+00       1.68e-01       2.85e+03    
      46             67         1.7811e+04      2.27e+00       3.36e-01       9.22e+03    
      47             68         1.7801e+04      9.98e+00       3.36e-01       4.72e+03    
      48             69         1.7788e+04      1.33e+01       6.73e-01       8.31e+03    
      49             70         1.7753e+04      3.43e+01       1.35e+00       9.36e+03    
      50             71         1.7745e+04      8.78e+00       2.69e+00       2.23e+04    
      51             72         1.7607e+04      1.38e+02       6.73e-01       2.02e+04    
      52             73         1.7510e+04      9.71e+01       1.35e+00       5.75e+03    
      53             74         1.7406e+04      1.04e+02       2.69e+00       3.36e+03    
      54             76         1.7292e+04      1.14e+02       1.35e+00       6.95e+03    
      55             77         1.7236e+04      5.56e+01       2.69e+00       2.73e+04    
      56             79         1.7153e+04      8.27e+01       6.73e-01       2.58e+03    
      57             80         1.7142e+04      1.12e+01       1.35e+00       1.49e+04    
      58             81         1.7122e+04      2.00e+01       1.35e+00       1.65e+04    
      59             82         1.7111e+04      1.14e+01       1.35e+00       2.00e+04    
      60             83         1.7098e+04      1.29e+01       1.35e+00       1.96e+04    
      61             84         1.7090e+04      8.07e+00       1.35e+00       1.81e+04    
      62             85         1.7084e+04      6.03e+00       1.35e+00       1.73e+04    
      63             86         1.7079e+04      5.08e+00       1.35e+00       1.70e+04    
      64             87         1.7075e+04      4.09e+00       1.35e+00       1.69e+04    
      65             88         1.7071e+04      3.26e+00       1.35e+00       1.64e+04    
      66             89         1.7069e+04      2.72e+00       1.35e+00       1.52e+04    
      67             90         1.7066e+04      2.27e+00       1.35e+00       1.35e+04    
      68             91         1.7064e+04      1.84e+00       1.35e+00       1.17e+04    
      69             92         1.7063e+04      1.71e+00       1.35e+00       8.50e+03    
      70             93         1.7062e+04      8.09e-01       1.35e+00       1.89e+03    
      71             95         1.7061e+04      1.25e+00       3.36e-01       5.11e+02    
      72             97         1.7060e+04      2.31e-01       1.68e-01       2.29e+02    
      73             98         1.7060e+04      1.77e-01       3.36e-01       1.34e+03    
      74             99         1.7060e+04      1.71e-01       3.36e-01       2.20e+03    
      75             100        1.7059e+04      8.62e-01       8.41e-02       1.81e+02    
      76             101        1.7059e+04      2.91e-01       1.68e-01       8.95e+02    
      77             103        1.7059e+04      3.23e-01       8.41e-02       2.54e+02    
      78             104        1.7058e+04      3.16e-01       1.68e-01       1.13e+03    
      79             105        1.7058e+04      5.28e-01       1.68e-01       1.16e+03    
      80             107        1.7057e+04      4.57e-01       8.41e-02       2.63e+02    
      81             108        1.7057e+04      4.95e-01       1.68e-01       9.12e+02    
      82             109        1.7056e+04      1.21e+00       3.36e-01       1.29e+03    
      83             111        1.7055e+04      9.54e-01       1.68e-01       2.27e+02    
      84             112        1.7054e+04      7.90e-01       3.36e-01       2.55e+03    
      85             113        1.7052e+04      1.44e+00       3.36e-01       3.26e+03    
      86             114        1.7050e+04      1.98e+00       3.36e-01       3.53e+03    
      87             115        1.7048e+04      2.93e+00       3.36e-01       2.67e+03    
      88             116        1.7046e+04      1.39e+00       6.73e-01       5.27e+03    
      89             117        1.7039e+04      7.21e+00       6.73e-01       2.54e+03    
      90             119        1.7035e+04      3.52e+00       3.36e-01       5.42e+02    
      91             120        1.7031e+04      4.19e+00       6.73e-01       1.30e+03    
      92             121        1.7030e+04      8.11e-01       1.35e+00       7.32e+03    
      93             122        1.7019e+04      1.17e+01       3.36e-01       6.54e+02    
      94             123        1.7014e+04      4.59e+00       6.73e-01       5.77e+02    
      95             124        1.7009e+04      5.48e+00       1.35e+00       3.81e+03    
      96             125        1.7001e+04      7.56e+00       1.35e+00       1.83e+03    
      97             126        1.6991e+04      1.02e+01       1.35e+00       1.69e+03    
      98             128        1.6985e+04      5.72e+00       6.73e-01       3.66e+02    
      99             129        1.6984e+04      1.38e+00       1.35e+00       7.50e+03    
      100            130        1.6979e+04      4.92e+00       1.35e+00       5.24e+03    
      101            131        1.6976e+04      2.83e+00       1.35e+00       9.31e+03    
      102            132        1.6974e+04      2.00e+00       1.35e+00       1.10e+04    
      103            133        1.6972e+04      1.84e+00       1.35e+00       1.19e+04    
      104            134        1.6971e+04      1.50e+00       1.35e+00       1.28e+04    
      105            135        1.6970e+04      1.01e+00       1.35e+00       1.38e+04    
      106            136        1.6969e+04      1.84e-01       1.35e+00       1.53e+04    
      107            137        1.6966e+04      3.95e+00       3.36e-01       7.76e+02    
      108            138        1.6965e+04      1.10e-01       6.73e-01       4.57e+03    
      109            139        1.6965e+04      2.35e-01       6.73e-01       4.71e+03    
      110            140        1.6965e+04      8.10e-02       6.73e-01       4.16e+03    
      111            141        1.6964e+04      7.66e-01       1.68e-01       9.18e+01    
      112            142        1.6964e+04      6.74e-02       3.36e-01       7.60e+02    
      113            143        1.6964e+04      9.08e-02       3.36e-01       5.76e+02    
      114            144        1.6964e+04      7.34e-02       3.36e-01       5.03e+02    
      115            145        1.6964e+04      6.91e-02       3.36e-01       5.43e+02    
      116            146        1.6964e+04      6.34e-02       3.36e-01       5.83e+02    
      117            147        1.6964e+04      6.20e-02       3.36e-01       6.19e+02    
      118            148        1.6964e+04      5.93e-02       3.36e-01       6.56e+02    
      119            149        1.6964e+04      5.75e-02       3.36e-01       6.94e+02    
      120            150        1.6964e+04      5.49e-02       3.36e-01       7.36e+02    
      121            151        1.6964e+04      5.22e-02       3.36e-01       7.81e+02    
      122            152        1.6963e+04      1.99e-01       8.41e-02       6.00e+01    
      123            153        1.6963e+04      2.40e-02       1.68e-01       2.35e+02    
      124            154        1.6963e+04      3.57e-02       1.68e-01       2.20e+02    
      125            156        1.6963e+04      3.23e-02       8.41e-02       5.94e+01    
      126            157        1.6963e+04      2.01e-02       1.68e-01       2.36e+02    
      127            158        1.6963e+04      3.46e-02       1.68e-01       2.41e+02    
      128            159        1.6963e+04      3.38e-02       1.68e-01       2.50e+02    
      129            160        1.6963e+04      3.36e-02       1.68e-01       2.59e+02    
      130            161        1.6963e+04      3.33e-02       1.68e-01       2.69e+02    
      131            162        1.6963e+04      3.30e-02       1.68e-01       2.79e+02    
      132            163        1.6963e+04      3.28e-02       1.68e-01       2.89e+02    
      133            164        1.6963e+04      3.25e-02       1.68e-01       2.99e+02    
      134            165        1.6963e+04      3.21e-02       1.68e-01       3.10e+02    
      135            166        1.6963e+04      3.18e-02       1.68e-01       3.20e+02    
      136            167        1.6963e+04      3.14e-02       1.68e-01       3.30e+02    
      137            168        1.6963e+04      3.10e-02       1.68e-01       3.40e+02    
      138            169        1.6963e+04      3.06e-02       1.68e-01       3.49e+02    
      139            170        1.6963e+04      3.02e-02       1.68e-01       3.57e+02    
      140            171        1.6963e+04      2.98e-02       1.68e-01       3.64e+02    
      141            172        1.6963e+04      2.95e-02       1.68e-01       3.68e+02    
      142            173        1.6963e+04      2.92e-02       1.68e-01       3.71e+02    
      143            174        1.6963e+04      2.89e-02       1.68e-01       3.70e+02    
      144            175        1.6963e+04      2.87e-02       1.68e-01       3.64e+02    
      145            176        1.6963e+04      2.86e-02       1.68e-01       3.54e+02    
      146            177        1.6963e+04      2.84e-02       1.68e-01       3.38e+02    
      147            178        1.6963e+04      2.80e-02       1.68e-01       3.16e+02    
      148            179        1.6963e+04      2.73e-02       1.68e-01       2.89e+02    
      149            180        1.6963e+04      2.61e-02       1.68e-01       2.56e+02    
      150            181        1.6963e+04      2.44e-02       1.68e-01       2.22e+02    
      151            182        1.6963e+04      2.23e-02       1.68e-01       1.98e+02    
      152            183        1.6963e+04      2.01e-02       1.68e-01       1.79e+02    
      153            184        1.6963e+04      1.66e-02       3.36e-01       5.00e+02    
      154            185        1.6963e+04      3.55e-02       3.36e-01       5.15e+02    
      155            187        1.6963e+04      2.09e-02       1.68e-01       1.59e+02    
      156            188        1.6963e+04      1.87e-02       3.36e-01       5.13e+02    
      157            190        1.6962e+04      1.88e-02       1.68e-01       1.59e+02    
      158            191        1.6962e+04      1.75e-02       3.36e-01       5.24e+02    
      159            193        1.6962e+04      1.75e-02       1.68e-01       1.64e+02    
      160            194        1.6962e+04      1.68e-02       3.36e-01       5.36e+02    
      161            196        1.6962e+04      1.73e-02       1.68e-01       1.69e+02    
      162            197        1.6962e+04      1.60e-02       3.36e-01       5.52e+02    
      163            198        1.6962e+04      2.04e-02       3.36e-01       6.18e+02    
      164            199        1.6962e+04      2.19e-02       3.36e-01       6.23e+02    
      165            200        1.6962e+04      2.06e-02       3.36e-01       6.61e+02    
      166            201        1.6962e+04      2.10e-02       3.36e-01       6.77e+02    
      167            202        1.6962e+04      1.96e-02       3.36e-01       7.18e+02    
      168            203        1.6962e+04      1.93e-02       3.36e-01       7.46e+02    
      169            204        1.6962e+04      1.74e-02       3.36e-01       7.94e+02    
      170            205        1.6962e+04      1.64e-02       3.36e-01       8.32e+02    
      171            206        1.6962e+04      1.38e-02       3.36e-01       8.86e+02    
      172            207        1.6962e+04      1.21e-02       3.36e-01       9.27e+02    
      173            208        1.6962e+04      9.54e-03       3.36e-01       9.64e+02    
      174            209        1.6962e+04      1.12e-02       3.36e-01       9.18e+02    
      175            210        1.6962e+04      1.87e-02       3.36e-01       6.41e+02    
      176            211        1.6962e+04      1.33e-02       1.82e-01       2.30e+02    
      177            212        1.6962e+04      2.08e-03       6.66e-02       6.76e+01    
      178            213        1.6962e+04      3.19e-04       3.53e-02       1.36e+01    
      179            214        1.6962e+04      8.87e-05       2.54e-02       6.87e+00    
`ftol` termination condition is satisfied.
Function evaluations 214, initial cost 1.7506e+06, final cost 1.6962e+04, first-order optimality 6.87e+00.
prediction loss 16962.17399362657
rms error 0.7767371801721995
permuted prediction loss 16962.17399362657
