Q_target [[-1.50879404e+00  1.48659293e+00  1.09909461e-01 -9.93197272e-01
   1.11595535e+00  1.05443900e+00  2.01251463e-01 -1.17284773e+00
   1.03631579e+00 -3.50935055e-01 -4.85051833e-02  1.70405998e-01
  -4.93926269e-01  7.26191641e-02  1.02233218e+00 -7.48417037e-01
  -1.03067156e+00 -1.74768748e-01 -1.46138825e+00 -6.58910093e-02
  -1.35474080e-01  4.64719299e-01  1.32887196e-01 -9.37433552e-01
  -6.48732833e-01 -9.69972450e-01 -5.47624113e-01  4.07603207e-01
   7.80585806e-01  1.33643425e-02  6.79878095e-01 -1.03025519e+00
  -2.12195356e-01 -9.94525617e-01  6.86352001e-01 -2.35555784e-01
  -9.56425875e-01 -1.64926994e+00 -4.88406106e-01 -1.96096052e+00
   5.47275718e-01 -9.37821933e-02 -2.05671920e+00 -2.63418225e-01
  -6.55001376e-01  1.48444863e-01 -1.01225860e+00 -9.87740386e-01
  -6.91612172e-01  4.37534046e-01 -5.06715708e-01 -9.06944216e-01
   1.69200408e+00 -6.95835800e-02 -1.38519629e+00  1.71051554e-01
   1.13507177e+00 -1.71058959e-01  3.37434821e-01 -4.79912309e-01
  -1.06329091e+00 -2.57158704e-01 -3.25975665e-01 -1.26463151e+00
   4.62076759e-01 -9.03669120e-01  7.15932257e-01 -3.02732148e-01
   2.29976501e-01  3.83843065e-02  1.42921464e+00 -1.17408614e+00
  -6.14112461e-01  1.78569339e+00  1.03915278e+00 -1.23116610e-01
  -7.46764977e-01 -9.68368826e-01 -7.82579434e-01 -1.62504919e+00
   3.56845755e-01  7.58457148e-02 -7.45334266e-01 -1.00996779e-01
  -3.97642133e-01 -2.34511410e-01 -8.05797941e-01 -4.22594730e-01
  -6.25074870e-01  1.24052410e+00  5.68965651e-01 -2.74365775e-01
   1.07503729e+00  3.79597907e-01  1.02307798e+00 -1.15879055e-03
   1.41247786e+00  7.29153333e-01  1.60003568e+00  5.81169017e-01]
 [-5.52015903e-01  9.17525194e-01 -5.28103653e-01  1.26420430e+00
  -5.57099405e-03  1.52324857e+00 -3.21912314e-02 -9.65937969e-01
   9.96780956e-01 -2.19205976e+00 -2.78793097e-01  1.06507470e+00
   4.14360344e-01  1.17832102e+00  3.36746782e-01 -4.76277848e-01
   2.15545217e-01  3.29623798e-01 -9.80355619e-01 -1.13471576e-02
  -8.66593829e-02 -1.09697811e+00 -2.36799549e-01 -3.27892683e-01
   9.94037192e-01  1.79474271e+00 -2.82256679e-01  3.73471009e-01
  -1.23693342e+00 -9.91786775e-01 -1.73303919e+00 -7.84307435e-01
   1.12949136e+00  1.01021376e+00 -1.40260457e+00  2.23851026e-01
   1.60310014e+00 -1.26008350e+00 -1.20973670e-01 -6.56980344e-02
   3.74466607e-01 -1.88238636e+00 -4.10337828e-01 -4.66993655e-02
  -9.98653792e-01 -4.89858000e-01  7.75324037e-01 -2.32486809e-01
  -7.38151165e-01  6.60937091e-01  1.11235972e+00 -4.46086933e-01
   4.83972297e-01 -9.48755043e-01 -1.80898631e+00 -5.78712132e-01
  -6.95462704e-01  1.46108770e+00 -7.39028900e-01  9.30324379e-01
   1.12690363e+00 -5.31516406e-01 -1.57979820e+00  9.00725976e-01
   1.71109692e+00  1.62073161e-02  4.71576314e-01  1.05013132e-01
   1.10314457e-01 -1.84333190e+00  2.22764469e-01  1.01833416e+00
  -2.09204917e-01 -1.61896802e+00 -4.98675712e-01 -2.10076592e+00
   8.66329513e-02  9.11305746e-01 -9.94478806e-01  5.75247474e-02
   6.80964617e-01 -3.34776511e-01 -1.34118250e+00 -7.24336617e-02
  -3.98212370e-01 -1.25025692e+00 -1.75285061e+00 -1.37742353e+00
   2.32925927e+00  1.07256471e-01  1.00485750e+00  6.28209710e-01
   3.34207879e-01  4.79188645e-02 -7.14569895e-01 -2.99719698e-01
   4.33315535e-02 -1.13395785e+00  2.61561560e-01  1.39760267e+00]
 [ 8.99247149e-02  2.77397241e-02 -6.40046044e-01  1.80939142e+00
  -1.78053059e+00  1.80966601e+00  5.46387185e-01  1.14974466e+00
  -5.88089735e-01  9.50156833e-01  8.32527018e-01  1.67796677e-01
  -1.26209612e+00 -8.06957659e-01 -3.86470602e-01 -7.61824656e-01
  -2.92610672e-01 -2.20177368e+00 -3.47805242e-01 -9.60143818e-01
  -1.43627421e-01 -1.29620030e-01 -1.23460963e+00 -7.10897207e-01
   4.85128326e-01  1.01207887e+00  1.29227215e+00 -2.06969531e-01
  -6.62419268e-01 -1.18307054e+00 -8.46918256e-01  3.79119084e-01
  -8.74642422e-01 -1.74086129e-01  9.89286438e-01  3.46074601e-01
  -7.30396034e-01  1.22961157e+00 -8.89733010e-01 -7.00071532e-01
  -2.01178185e+00 -1.13403333e-01  1.17477364e+00  1.20031170e+00
  -5.04290963e-01  1.53252928e+00  1.00757376e+00  1.41833376e+00
   5.44686655e-01  1.83155241e+00  6.30136620e-01  8.84517127e-01
   2.70705106e-01  1.50172118e+00  1.40627893e+00 -3.33623611e-01
   1.30657559e+00 -1.11197452e+00 -5.93236367e-01 -8.51965808e-01
  -5.68260762e-01 -2.04461254e-01  1.54249530e-01  3.24052630e-01
  -1.11114728e+00  2.72046951e+00 -9.67197911e-01  7.31814726e-01
  -6.51430011e-01  5.18658958e-01 -3.88876430e-01  7.66819695e-01
   1.02624343e-01 -2.49437452e+00 -7.04669614e-01  1.08058288e+00
   6.16852988e-01  4.77489523e-01 -5.18427498e-01  1.35023078e+00
   1.01980753e+00  7.19180585e-01 -2.43873643e-02 -1.73487862e-01
   6.66662444e-01  3.76892515e-01 -8.86844574e-01  1.32497291e+00
   3.52943907e-01 -1.32153281e+00 -6.69718080e-01 -3.42707041e-01
   6.63418804e-01  5.14854757e-02  5.44650830e-01 -1.51064631e+00
  -7.83272316e-01  8.30248855e-01 -6.61966563e-01 -1.37550669e-01]
 [-1.15434517e+00 -2.17198297e+00  1.50799240e-01  9.94333922e-01
  -2.52149140e+00  1.20923032e+00  1.07039975e+00  5.27322421e-01
   1.85487144e+00  2.62582007e+00  2.20003656e+00  2.08222295e-02
  -5.49853491e-01 -5.60173296e-01  7.54658061e-01  2.14123852e-01
  -1.59805609e-01 -1.04647677e+00 -4.79847557e-01  1.84275084e+00
  -2.57951770e-01 -3.37131804e-01  1.54620432e+00 -1.21313267e+00
   1.20933767e+00  1.88084320e+00 -5.40146834e-01 -4.04546455e-01
  -1.94023808e-01  1.51652893e+00 -2.08691232e-01  2.91545436e-02
  -1.33707748e+00  1.28010147e+00  3.54092636e-01  3.03373848e-01
  -2.19537460e-02  1.47554656e-01 -6.98435371e-01  7.33303286e-01
   2.03119624e+00  2.35068215e+00 -1.15244154e+00  1.10229077e+00
  -1.91429852e-01  1.89614831e+00  5.56705691e-01 -6.79790422e-01
  -2.05190395e+00  1.38618484e+00  1.27476542e+00 -9.00856173e-01
  -5.50683010e-01 -1.17698374e+00 -8.10630555e-01  7.40428055e-01
  -6.31909296e-01 -7.72663458e-01 -2.59432315e-01  9.17552699e-01
   2.28019370e+00  2.93065871e-03  3.05512921e-01 -5.19311929e-01
  -1.05164366e+00  7.85952561e-01 -9.89178065e-01  6.10020971e-01
   1.10193750e+00 -2.62780824e-01 -1.67416638e+00 -1.74150057e+00
  -6.61565137e-01 -8.54634194e-01 -1.86435101e-01  3.69266683e-01
   9.91876188e-01 -1.53802250e+00 -1.05020786e+00  2.69829530e-01
  -1.25184690e+00  2.91814959e-02  5.35846106e-01  1.32104329e+00
  -9.74050794e-01 -6.01059770e-01 -8.45636174e-01  1.02694004e+00
   6.46490508e-01  2.10094172e-02 -8.30281956e-02 -5.16089625e-01
   3.88012032e-02  2.44433204e+00 -5.95563317e-01 -5.00867356e-01
   8.51032319e-01  1.39534238e+00  2.73370035e-01  6.09006217e-03]
 [-4.63982494e-01 -7.19466182e-01  3.10242994e-01  3.17229369e+00
   1.06839236e+00 -1.64964726e+00  9.41133147e-02  1.73295714e-01
   1.67762315e+00 -1.20246345e+00  1.97155037e-01 -6.33083253e-01
  -1.25858860e+00  2.08795892e-01 -9.77893696e-01  7.06063868e-01
   6.37917877e-01 -1.24178459e+00 -2.29894646e-01  1.21511392e+00
  -1.46363173e-01  1.41467264e-01 -6.45766346e-01 -1.76566706e+00
   8.56503568e-01 -1.22446143e+00 -5.45753791e-01  4.62233087e-01
  -4.19012366e-01  4.25625340e-01  1.01977911e+00 -5.71246254e-02
   3.45206113e-01 -5.73970226e-01 -1.90383112e+00 -5.13529843e-01
   3.37510610e-01  9.98604837e-01 -6.71258055e-01  1.59451754e+00
   1.60536638e+00  1.65716372e-01  2.22643856e-01  3.96585316e-01
  -1.58151555e+00  1.16060621e+00 -1.11864700e-01 -6.26667272e-01
   8.23761288e-01 -8.40184716e-01  1.81217927e+00  3.31271832e-01
  -3.75736561e-01  1.89095437e+00 -1.49238423e+00 -4.23748931e-01
   1.28728590e-01 -2.85808685e+00  1.98242458e+00  3.80155165e-01
   1.24381915e+00  1.34257919e+00  1.01578878e+00  5.57493700e-01
   1.87194560e+00 -1.79876065e+00 -4.47714728e-01  7.89760158e-01
   6.36218880e-01  1.28179011e+00  1.28319034e+00  2.45161536e+00
   9.20367036e-02 -8.25768325e-01 -4.30298982e-01  4.89125880e-01
   9.17190181e-01 -3.73135736e-01 -5.15114125e-01 -3.27619986e-01
   2.46178053e+00  1.16250844e+00 -8.33602204e-01  1.49147144e+00
  -1.90087534e-01  4.46616384e-01 -1.23654926e+00 -1.75149852e-01
  -2.71429553e+00  1.00636580e+00 -1.32986900e+00 -1.47934783e+00
   6.54917588e-01  1.95226264e+00 -2.81719924e-01 -1.82627524e+00
  -2.37205209e+00 -2.07199142e-01  1.35420078e+00  2.74684027e-01]]
R [[0.375 0.375 0.375]
 [0.375 0.375 0.425]
 [0.375 0.375 0.475]
 [0.375 0.375 0.525]
 [0.375 0.375 0.575]
 [0.375 0.425 0.375]
 [0.375 0.425 0.425]
 [0.375 0.425 0.475]
 [0.375 0.425 0.525]
 [0.375 0.425 0.575]
 [0.375 0.475 0.375]
 [0.375 0.475 0.425]
 [0.375 0.475 0.475]
 [0.375 0.475 0.525]
 [0.375 0.475 0.575]
 [0.375 0.525 0.375]
 [0.375 0.525 0.425]
 [0.375 0.525 0.475]
 [0.375 0.525 0.525]
 [0.375 0.525 0.575]
 [0.375 0.575 0.375]
 [0.375 0.575 0.425]
 [0.375 0.575 0.475]
 [0.375 0.575 0.525]
 [0.375 0.575 0.575]
 [0.425 0.375 0.375]
 [0.425 0.375 0.425]
 [0.425 0.375 0.475]
 [0.425 0.375 0.525]
 [0.425 0.375 0.575]
 [0.425 0.425 0.375]
 [0.425 0.425 0.425]
 [0.425 0.425 0.475]
 [0.425 0.425 0.525]
 [0.425 0.425 0.575]
 [0.425 0.475 0.375]
 [0.425 0.475 0.425]
 [0.425 0.475 0.475]
 [0.425 0.475 0.525]
 [0.425 0.475 0.575]
 [0.425 0.525 0.375]
 [0.425 0.525 0.425]
 [0.425 0.525 0.475]
 [0.425 0.525 0.525]
 [0.425 0.525 0.575]
 [0.425 0.575 0.375]
 [0.425 0.575 0.425]
 [0.425 0.575 0.475]
 [0.425 0.575 0.525]
 [0.425 0.575 0.575]
 [0.475 0.375 0.375]
 [0.475 0.375 0.425]
 [0.475 0.375 0.475]
 [0.475 0.375 0.525]
 [0.475 0.375 0.575]
 [0.475 0.425 0.375]
 [0.475 0.425 0.425]
 [0.475 0.425 0.475]
 [0.475 0.425 0.525]
 [0.475 0.425 0.575]
 [0.475 0.475 0.375]
 [0.475 0.475 0.425]
 [0.475 0.475 0.475]
 [0.475 0.475 0.525]
 [0.475 0.475 0.575]
 [0.475 0.525 0.375]
 [0.475 0.525 0.425]
 [0.475 0.525 0.475]
 [0.475 0.525 0.525]
 [0.475 0.525 0.575]
 [0.475 0.575 0.375]
 [0.475 0.575 0.425]
 [0.475 0.575 0.475]
 [0.475 0.575 0.525]
 [0.475 0.575 0.575]
 [0.525 0.375 0.375]
 [0.525 0.375 0.425]
 [0.525 0.375 0.475]
 [0.525 0.375 0.525]
 [0.525 0.375 0.575]
 [0.525 0.425 0.375]
 [0.525 0.425 0.425]
 [0.525 0.425 0.475]
 [0.525 0.425 0.525]
 [0.525 0.425 0.575]
 [0.525 0.475 0.375]
 [0.525 0.475 0.425]
 [0.525 0.475 0.475]
 [0.525 0.475 0.525]
 [0.525 0.475 0.575]
 [0.525 0.525 0.375]
 [0.525 0.525 0.425]
 [0.525 0.525 0.475]
 [0.525 0.525 0.525]
 [0.525 0.525 0.575]
 [0.525 0.575 0.375]
 [0.525 0.575 0.425]
 [0.525 0.575 0.475]
 [0.525 0.575 0.525]
 [0.525 0.575 0.575]
 [0.575 0.375 0.375]
 [0.575 0.375 0.425]
 [0.575 0.375 0.475]
 [0.575 0.375 0.525]
 [0.575 0.375 0.575]
 [0.575 0.425 0.375]
 [0.575 0.425 0.425]
 [0.575 0.425 0.475]
 [0.575 0.425 0.525]
 [0.575 0.425 0.575]
 [0.575 0.475 0.375]
 [0.575 0.475 0.425]
 [0.575 0.475 0.475]
 [0.575 0.475 0.525]
 [0.575 0.475 0.575]
 [0.575 0.525 0.375]
 [0.575 0.525 0.425]
 [0.575 0.525 0.475]
 [0.575 0.525 0.525]
 [0.575 0.525 0.575]
 [0.575 0.575 0.375]
 [0.575 0.575 0.425]
 [0.575 0.575 0.475]
 [0.575 0.575 0.525]
 [0.575 0.575 0.575]]
S [[0.39650348 0.08216979 0.22352391]
 [0.19480179 0.87102385 0.94920407]
 [0.08339029 0.14074222 0.52292357]
 [0.75485204 0.05214433 0.21120688]
 [0.09666344 0.04518916 0.56213976]]
D [[0.33038907 0.77988548 0.40223663 0.5247395  0.47039103]
 [0.35609626 0.74384202 0.38665482 0.5424305  0.4528286 ]
 [0.38659043 0.70949316 0.37710688 0.56401256 0.44027238]
 [0.42083223 0.67709685 0.37405513 0.58905813 0.43315793]
 [0.45798185 0.64694647 0.3776571  0.61714568 0.43175434]
 [0.37541971 0.74907875 0.43326676 0.55689955 0.50670386]
 [0.39823055 0.71147633 0.41884094 0.57359953 0.4904435 ]
 [0.42571725 0.67548365 0.41004314 0.59405028 0.47887456]
 [0.45703697 0.64137178 0.40723828 0.61787947 0.4723419 ]
 [0.49145742 0.6094566  0.41054922 0.64471261 0.47105509]
 [0.42157204 0.72042806 0.46759584 0.59154262 0.54518794]
 [0.44200746 0.68124606 0.4542615  0.60729069 0.53010934]
 [0.46692419 0.6435649  0.4461627  0.62664288 0.51942462]
 [0.49564686 0.60766387 0.44358629 0.64927699 0.51340818]
 [0.52755419 0.57387714 0.44662785 0.67486289 0.51222454]
 [0.46851468 0.69420041 0.50455093 0.6282581  0.58541521]
 [0.4869842  0.65344763 0.49221874 0.64310773 0.57139915]
 [0.509707   0.61406302 0.48475451 0.66141278 0.56150068]
 [0.53614255 0.57632716 0.48238426 0.68289544 0.55593978]
 [0.56577066 0.54058541 0.48518266 0.70726621 0.55484688]
 [0.516032   0.67068012 0.54359675 0.66670369 0.62705028]
 [0.53285705 0.62840387 0.53217015 0.68071515 0.6139854 ]
 [0.5537005  0.58734233 0.52527394 0.69803469 0.60478434]
 [0.57812789 0.54776875 0.52308733 0.7184231  0.59962499]
 [0.60570575 0.5100296  0.52566909 0.7416273  0.59861185]
 [0.3309178  0.79293202 0.43983552 0.48976151 0.50159882]
 [0.35658688 0.75750959 0.42563238 0.50867047 0.48516739]
 [0.38704239 0.72380962 0.4169779  0.53162483 0.47346956]
 [0.42124746 0.69208378 0.41422    0.55812568 0.46686127]
 [0.45836342 0.66261569 0.41747557 0.58769344 0.46555931]
 [0.37588511 0.76265248 0.46838132 0.52407242 0.53580076]
 [0.39866931 0.72575367 0.45507    0.54178521 0.52045027]
 [0.42612772 0.6905056  0.44698585 0.56339198 0.50956305]
 [0.45741933 0.65717393 0.44441421 0.58846397 0.50342877]
 [0.49181302 0.62606483 0.44745015 0.61657859 0.50222162]
 [0.42198653 0.73453143 0.50030674 0.56074724 0.57233167]
 [0.44240281 0.69614367 0.48786728 0.57733594 0.55798706]
 [0.46729846 0.65931449 0.48033543 0.59765884 0.54784632]
 [0.49599946 0.62431979 0.47794327 0.62134967 0.54214538]
 [0.52788547 0.59148524 0.48076752 0.64803913 0.54102462]
 [0.46888768 0.70882581 0.53500712 0.59935218 0.61077379]
 [0.48734307 0.66896459 0.52339303 0.61490028 0.59735303]
 [0.51004987 0.63054993 0.51637961 0.63402024 0.58789172]
 [0.53646853 0.59386262 0.51415518 0.65640001 0.58258278]
 [0.56607958 0.55924271 0.51678157 0.68171863 0.58153995]
 [0.51637068 0.6858073  0.57197762 0.6395378  0.65078853]
 [0.53318504 0.64452404 0.56112925 0.65413142 0.63820979]
 [0.55401615 0.60455838 0.55459326 0.67213632 0.62936298]
 [0.57843021 0.56618939 0.55252269 0.69328677 0.62440674]
 [0.60599432 0.52976412 0.55496754 0.71730457 0.62343388]
 [0.33890448 0.80886402 0.47970434 0.45758183 0.53566317]
 [0.36401079 0.77417091 0.46671608 0.4777661  0.52030861]
 [0.3938927  0.74122884 0.45883716 0.5021352  0.50941837]
 [0.42755008 0.71028148 0.45633231 0.53011232 0.50328233]
 [0.46416234 0.6816006  0.45928948 0.56115807 0.50207482]
 [0.38293507 0.77920384 0.50600596 0.49413227 0.56781697]
 [0.40532317 0.74312732 0.49371011 0.51288011 0.55335534]
 [0.43235921 0.70874382 0.48626877 0.53565411 0.54312812]
 [0.46323006 0.67631162 0.48390594 0.56196498 0.53737713]
 [0.49722198 0.6461246  0.4866956  0.59134081 0.53624641]
 [0.42827828 0.75170223 0.53569376 0.53287172 0.60240949]
 [0.44840818 0.71423794 0.52409489 0.55030135 0.58879811]
 [0.47298785 0.67839179 0.51709099 0.57158629 0.57919707]
 [0.50136326 0.64443387 0.51486963 0.59631385 0.57380769]
 [0.53292844 0.61267823 0.5174924  0.62407493 0.57274889]
 [0.47455801 0.72660433 0.56823726 0.57335664 0.63904482]
 [0.49280109 0.68777427 0.55731609 0.58959066 0.62623023]
 [0.51526743 0.6504714  0.55073485 0.60950509 0.61721174]
 [0.54143156 0.61497368 0.54864972 0.63275253 0.61215713]
 [0.5707852  0.58161175 0.55111175 0.65898034 0.61116477]
 [0.521525   0.70416722 0.60317441 0.61524255 0.67739159]
 [0.53817835 0.6640264  0.59289713 0.63039885 0.66531601]
 [0.55882336 0.62530845 0.58671514 0.64906242 0.65683439]
 [0.58303615 0.58829435 0.58475832 0.67094064 0.65208698]
 [0.6103923  0.55332616 0.58706894 0.6957303  0.65115548]
 [0.35384445 0.82751485 0.52132257 0.42883089 0.57207402]
 [0.37795966 0.79363746 0.50939657 0.45030572 0.55772279]
 [0.40681828 0.76153793 0.50218772 0.47608251 0.54757715]
 [0.43948689 0.73145034 0.49990014 0.50550358 0.54187338]
 [0.47518032 0.70363286 0.50260103 0.53797135 0.54075205]
 [0.39621827 0.79854771 0.54562166 0.46763393 0.60228711]
 [0.41789535 0.7633859  0.53423838 0.4874021  0.58867291]
 [0.44416679 0.72995728 0.52736921 0.51131216 0.57906978]
 [0.4742697  0.69851072 0.52519133 0.53881298 0.57367921]
 [0.50752276 0.66932564 0.5277628  0.56938453 0.57262017]
 [0.44019534 0.77173574 0.57326153 0.50839656 0.63500461]
 [0.45980381 0.7352929  0.56243793 0.52663685 0.6221068 ]
 [0.48380487 0.70052498 0.55591732 0.54884031 0.61302765]
 [0.51158065 0.66769367 0.5538517  0.57454765 0.60793826]
 [0.54255173 0.63709845 0.55629071 0.60331112 0.606939  ]
 [0.48534004 0.74731096 0.60378353 0.55068378 0.66985964]
 [0.50319238 0.70961487 0.59351681 0.56756668 0.65764577]
 [0.52521441 0.67352272 0.58734133 0.58822721 0.64906393]
 [0.55090633 0.63930623 0.58538661 0.61228308 0.64425927]
 [0.57978047 0.60728251 0.58769476 0.63935114 0.64331643]
 [0.53135485 0.7255145  0.63677338 0.59417017 0.70653593]
 [0.5477094  0.68662281 0.62704703 0.6098504  0.69496694]
 [0.5680081  0.64925378 0.62120498 0.62912385 0.68685156]
 [0.59184526 0.61368564 0.61935714 0.6516718  0.68231304]
 [0.6188121  0.58024965 0.62153914 0.67716722 0.68142286]
 [0.37490739 0.84870528 0.56430328 0.40424092 0.61041162]
 [0.3977476  0.81570843 0.55330447 0.42695437 0.59698272]
 [0.42526552 0.78451248 0.54667493 0.45405875 0.58751544]
 [0.45661622 0.7553406  0.54457426 0.48481817 0.58220307]
 [0.49106617 0.72843601 0.54705463 0.51858266 0.58115956]
 [0.41513681 0.8204866  0.58682533 0.44519242 0.63881408]
 [0.43587404 0.78630646 0.57625655 0.46591373 0.62599477]
 [0.46112231 0.75389485 0.56989408 0.49087159 0.61697283]
 [0.49018506 0.72348949 0.5678793  0.5194557  0.61191625]
 [0.52242608 0.6953536  0.57025831 0.55110212 0.6109235 ]
 [0.45729814 0.79441543 0.61260897 0.48783384 0.66974959]
 [0.4762029  0.75906223 0.60249265 0.50681473 0.65753367]
 [0.49941647 0.7254344  0.59641012 0.52984949 0.64895035]
 [0.52636909 0.69378286 0.59448522 0.5564349  0.64414484]
 [0.55651777 0.66439013 0.59675818 0.58608797 0.64320184]
 [0.50090379 0.77070973 0.64126089 0.5317588  0.70288377]
 [0.51822024 0.73421597 0.63160365 0.54922376 0.69125365]
 [0.53962934 0.69939451 0.62580413 0.5705489  0.68309417]
 [0.56466578 0.66650752 0.62396992 0.59531955 0.67853052]
 [0.59287018 0.63585522 0.62613585 0.62312493 0.67763536]
 [0.54560758 0.74959396 0.67241453 0.57667408 0.73792051]
 [0.56154719 0.71201875 0.66321109 0.59281726 0.72685122]
 [0.58136293 0.67605495 0.65769035 0.61262682 0.71909577]
 [0.60467385 0.64197343 0.6559453  0.63576012 0.71476202]
 [0.63109276 0.61008973 0.65800599 0.66186875 0.7139123 ]]
U [[9.16112164 1.64413823 6.18068706 3.63172111 4.5194121 ]
 [7.88615242 1.80733466 6.6888758  3.39869186 4.87677032]
 [6.69110445 1.98656861 7.03187423 3.14356507 5.15890019]
 [5.6465348  2.18121469 7.14708207 2.88193178 5.32975774]
 [4.76764008 2.3892594  7.01139924 2.62557613 5.36446691]
 [7.0952198  1.78215322 5.32708038 3.22438038 3.89485752]
 [6.30566444 1.97550932 5.70035301 3.039362   4.15740216]
 [5.51769256 2.19164552 5.94758836 2.83369821 4.36070251]
 [4.78737385 2.43097396 6.0297986  2.61934356 4.48215687]
 [4.14026561 2.69224404 5.93293428 2.40584511 4.50667875]
 [5.62673431 1.92672067 4.57360578 2.85777423 3.36439925]
 [5.11847763 2.15472573 4.84605278 2.71148215 3.5585174 ]
 [4.58677302 2.41443379 5.02358187 2.54659441 3.70642268]
 [4.07057051 2.70815286 5.0821066  2.37213814 3.79380005]
 [3.59307145 3.03642218 5.01312336 2.19567928 3.81135355]
 [4.55568406 2.07505813 3.92816726 2.53351691 2.9179107 ]
 [4.21667623 2.34195436 4.12746796 2.41786774 3.06281535]
 [3.8490966  2.65200359 4.2555558  2.28588741 3.17175347]
 [3.47888004 3.01066084 4.29747879 2.14432979 3.23552305]
 [3.12405848 3.42193191 4.24804833 1.99909845 3.2482818 ]
 [3.75531813 2.22315187 3.38412427 2.24975013 2.5432864 ]
 [3.52191257 2.53234168 3.53101028 2.15808807 2.65267416]
 [3.26174624 2.89879429 3.62433467 2.05232429 2.7340026 ]
 [2.99193507 3.33277115 3.65469889 1.93748982 2.78125339]
 [2.72569087 3.84422881 3.61888775 1.81814527 2.79067576]
 [9.13187039 1.59047955 5.16915328 4.16898852 3.9745411 ]
 [7.86446687 1.74270441 5.51989324 3.8647993  4.24831581]
 [6.67548676 1.90875986 5.7514047  3.5382579  4.46083214]
 [5.63540869 2.08777    5.82824588 3.21022884 4.58800949]
 [4.75970558 2.27759533 5.73770031 2.89533158 4.61370661]
 [7.07766113 1.71928007 4.55827866 3.64097241 3.48331978]
 [6.29179237 1.89854771 4.82884864 3.4067927  3.69182859]
 [5.50706792 2.09732429 5.00509655 3.15049412 3.85127153]
 [4.77937359 2.31547097 5.06318887 2.88775438 3.94569885]
 [4.13428061 2.55129914 4.99471478 2.63040806 3.96468965]
 [5.61568602 1.85344301 3.99509662 3.18028256 3.05284281]
 [5.10933352 2.0634894  4.20142505 3.00014897 3.21182399]
 [4.57942865 2.30046036 4.33421808 2.79958268 3.33182748]
 [4.06478517 2.56558142 4.37771317 2.59016758 3.40226768]
 [3.58856305 2.85832875 4.32643075 2.3812091  3.41637825]
 [4.54843884 1.99031104 3.49366196 2.78378583 2.68064445]
 [4.21046844 2.23456884 3.65043095 2.64478653 2.80244986]
 [3.84392328 2.51513345 3.7502639  2.48767567 2.89337894]
 [3.47465348 2.83548936 3.78278427 2.32093427 2.94635256]
 [3.12064969 3.19741747 3.74443219 2.15173943 2.95692891]
 [3.75039366 2.12615929 3.0566234  2.44493634 2.36113176]
 [3.51758087 2.40725311 3.17595384 2.33706062 2.45512202]
 [3.25803053 2.73604674 3.25125349 2.21352931 2.5246293 ]
 [2.98880837 3.11943935 3.27566714 2.08053094 2.5648669 ]
 [2.72309565 3.56315672 3.24686956 1.94353694 2.57287804]
 [8.70653584 1.528442   4.34562963 4.77597952 3.48510952]
 [7.54695036 1.66850035 4.59086456 4.38096054 3.69383906]
 [6.4453147  1.82010056 4.74988217 3.96605443 3.85345946]
 [5.47048731 1.9821614  4.80217024 3.55847738 3.94799542]
 [4.64151964 2.15248469 4.74053118 3.17562763 3.96700839]
 [6.81945591 1.64701606 3.90560878 4.09556259 3.10158196]
 [6.08691355 1.81081275 4.10256961 3.80161628 3.26581654]
 [5.3494678  1.99077155 4.22909308 3.4852274  3.38996657]
 [4.66022112 2.18628265 4.27049377 3.16651463 3.46291343]
 [4.04482144 2.39534158 4.22167861 2.8597252  3.47753261]
 [5.45190022 1.76973536 3.48471143 3.52171868 2.75560134]
 [4.97339494 1.96026223 3.64066026 3.30216553 2.88447765]
 [4.46992292 2.17289545 3.73995223 3.06081012 2.9808992 ]
 [3.9782768  2.4079268  3.77229325 2.81222596 3.03715718]
 [3.52096902 2.66400544 3.73415252 2.56759505 3.04839673]
 [4.44039269 1.89410494 3.09699555 3.04193768 2.44871005]
 [4.11771872 2.11401543 3.21956227 2.87672807 2.54995162]
 [3.76647088 2.36343461 3.29696916 2.69181571 2.62501415]
 [3.41124463 2.64415517 3.32207685 2.49765364 2.66854282]
 [3.0694078  2.95619897 3.29246117 2.302794   2.67721579]
 [3.67662836 2.01673297 2.74861675 2.6418446  2.17931698]
 [3.45261023 2.26792823 2.84473164 2.51633914 2.25914474]
 [3.20221802 2.55747508 2.90499518 2.37370678 2.31786554]
 [2.94177213 2.88941977 2.92447006 2.22142578 2.351738  ]
 [2.68399622 3.26616104 2.9014948  2.06594219 2.35847133]
 [7.98684436 1.46032126 3.67948422 5.43785829 3.0555933 ]
 [7.00017827 1.58765334 3.85378931 4.93156854 3.21486855]
 [6.0422554  1.72431627 3.96522484 4.41200049 3.33510391]
 [5.17735754 1.86909038 4.00159821 3.91337562 3.40568419]
 [4.42876989 2.01979725 3.95870602 3.45526768 3.41982317]
 [6.36987643 1.5681885  3.35905248 4.57286062 2.75672126]
 [5.72617895 1.71597806 3.50372357 4.20944856 2.8857048 ]
 [5.0688313  1.87674433 3.59559241 3.82496764 2.98220978]
 [4.44579311 2.04952799 3.62547495 3.4444818  3.03851771]
 [3.88229873 2.23215873 3.59023147 3.08452767 3.04976735]
 [5.16070599 1.67904668 3.04294714 3.86896493 2.47996897]
 [4.72993161 1.84960612 3.16119148 3.60559968 2.58386665]
 [4.27227816 2.03775868 3.23578451 3.31977    2.66096936]
 [3.82095369 2.24308372 3.25996554 3.02933915 2.70570879]
 [3.39717329 2.46369481 3.23144217 2.74737116 2.71462543]
 [4.24529377 1.7905947  2.74307366 3.29758064 2.22860129]
 [3.94940702 1.98588723 2.83879451 3.10431805 2.31214964]
 [3.62515626 2.20442585 2.89880411 2.89007941 2.37369575]
 [3.29491694 2.44670794 2.91819579 2.66744509 2.40923214]
 [2.97490315 2.71155524 2.89531863 2.44636421 2.41629921]
 [3.54185434 1.89979967 2.46621085 2.83255469 2.00323314]
 [3.33349346 2.12111174 2.54331276 2.68876828 2.07048321]
 [3.09949504 2.37230773 2.59137431 2.52654884 2.11969913]
 [2.85485238 2.65526625 2.60685998 2.35473558 2.14799196]
 [2.61145414 2.97009418 2.58858857 2.18076137 2.15360773]
 [7.11462491 1.38830918 3.14032683 6.11954937 2.6838264 ]
 [6.32098638 1.50290005 3.26641712 5.48576332 2.80592775]
 [5.52942087 1.6248014  3.34612132 4.8503815  2.89708633]
 [4.79620044 1.75272725 3.37198616 4.25443817 2.95019703]
 [4.14686565 1.88459132 3.34147801 3.71846775 2.96080105]
 [5.80253165 1.48544649 2.90390425 5.04550307 2.45047934]
 [5.2635408  1.61739579 3.01139862 4.60668993 2.55187029]
 [4.70292145 1.75945613 3.07901437 4.15015395 2.62704749]
 [4.16178703 1.91044943 3.10090115 3.70597905 2.67064418]
 [3.66395648 2.06818117 3.07508234 3.29257627 2.67933083]
 [4.78190703 1.58454529 2.66460782 4.20200096 2.22933376]
 [4.40976995 1.73558239 2.75484073 3.89315362 2.31293806]
 [4.00935288 1.90021924 2.81131809 3.56200854 2.37452671]
 [3.60926895 2.07755661 2.82955327 3.22976765 2.41008817]
 [3.22880583 2.26544567 2.80803969 2.91121571 2.41716028]
 [3.98557841 1.68352012 2.43181479 3.53647524 2.02410469]
 [3.72367057 1.85503603 2.50674835 3.31513613 2.09278743]
 [3.43406794 2.04435147 2.55342523 3.07195077 2.14308229]
 [3.13629616 2.25107463 2.56845935 2.82162773 2.17200705]
 [2.84499029 2.47333825 2.55072044 2.57543    2.17774926]
 [3.35922588 1.77970426 2.21169795 3.00703954 1.83645732]
 [3.17122817 1.97250057 2.27350776 2.84549822 1.89281841]
 [2.95873    2.18794302 2.31183623 2.66445256 1.9338667 ]
 [2.73500189 2.42641951 2.3241532  2.47407828 1.95738864]
 [2.51080859 2.68665913 2.30961882 2.28273894 1.96205091]]
P [[-20.46322749   4.1592469   -1.86752904 ...  14.07806334  18.10975181
    8.03538213]
 [-18.4807616    2.67674896  -2.34338179 ...  12.98608063  16.1962691
    7.54933303]
 [-16.58217523   1.42531356  -2.73986187 ...  11.78179144  14.41629338
    7.13406918]
 ...
 [ -9.43698056  -0.70844763  -1.3081839  ...   4.91286012   7.12322236
    5.00683157]
 [ -9.02111228  -0.42532394  -1.48800825 ...   4.21902086   6.79928307
    5.21371061]
 [ -8.60910575  -0.10800344  -1.66818742 ...   3.48043175   6.47226296
    5.4492426 ]]
test
channel noise power 6.03194129681442e-07
P power 60.3194129681442
snr test 80.0
ground truth loss 0.0037699633105091374
/opt/conda/lib/python3.7/site-packages/scipy/optimize/_lsq/trf.py:426: RuntimeWarning: divide by zero encountered in true_divide
  scale, scale_inv = x_scale, 1 / x_scale
   Iteration     Total nfev        Cost      Cost reduction    Step norm     Optimality   
       0              1         1.3454e+06                                    1.52e+07    
       1              2         7.8549e+04      1.27e+06       2.15e+01       3.08e+05    
       2              6         2.8964e+04      4.96e+04       6.71e-01       4.52e+04    
       3              7         2.5216e+04      3.75e+03       1.34e+00       1.37e+05    
       4              8         1.3579e+04      1.16e+04       3.36e-01       3.95e+04    
       5              9         1.1394e+04      2.19e+03       6.71e-01       7.71e+03    
       6             10         1.0072e+04      1.32e+03       1.34e+00       1.30e+04    
       7             11         7.4529e+03      2.62e+03       2.68e+00       6.48e+03    
       8             12         5.2224e+03      2.23e+03       5.37e+00       2.44e+04    
       9             14         4.8793e+03      3.43e+02       2.68e+00       2.92e+04    
      10             15         3.7228e+03      1.16e+03       2.68e+00       1.17e+04    
      11             16         1.9236e+03      1.80e+03       5.37e+00       1.26e+04    
      12             18         1.2651e+03      6.59e+02       2.68e+00       8.27e+03    
      13             19         1.0225e+03      2.43e+02       5.37e+00       2.38e+04    
      14             22         8.8361e+02      1.39e+02       3.36e-01       1.07e+04    
      15             23         7.7555e+02      1.08e+02       3.36e-01       8.50e+01    
      16             24         7.4104e+02      3.45e+01       6.71e-01       1.07e+02    
      17             25         6.7334e+02      6.77e+01       1.34e+00       3.80e+02    
      18             26         5.4440e+02      1.29e+02       2.68e+00       1.98e+03    
      19             28         4.4746e+02      9.69e+01       1.34e+00       4.49e+02    
      20             29         3.2672e+02      1.21e+02       2.68e+00       1.70e+03    
      21             31         2.4184e+02      8.49e+01       1.34e+00       4.18e+02    
      22             32         1.5387e+02      8.80e+01       2.68e+00       3.12e+03    
      23             34         9.9668e+01      5.42e+01       1.34e+00       6.76e+02    
      24             35         6.3375e+01      3.63e+01       2.68e+00       6.72e+03    
      25             36         5.6451e+01      6.92e+00       2.68e+00       1.07e+04    
      26             37         3.1234e+01      2.52e+01       6.71e-01       5.77e+02    
      27             38         2.9574e+01      1.66e+00       1.34e+00       1.75e+03    
      28             39         2.7730e+01      1.84e+00       1.34e+00       1.03e+03    
      29             41         2.6735e+01      9.95e-01       6.71e-01       1.71e+02    
      30             42         2.6020e+01      7.15e-01       1.34e+00       4.39e+02    
      31             43         2.5906e+01      1.15e-01       2.68e+00       3.68e+02    
      32             44         2.4874e+01      1.03e+00       6.71e-01       2.33e+02    
      33             45         2.2788e+01      2.09e+00       6.71e-01       2.31e+01    
      34             46         2.1776e+01      1.01e+00       1.34e+00       1.21e+02    
      35             48         2.1020e+01      7.56e-01       6.71e-01       6.45e+01    
      36             50         2.0426e+01      5.94e-01       3.36e-01       6.90e+00    
      37             51         1.9892e+01      5.34e-01       6.71e-01       7.81e+01    
      38             52         1.9738e+01      1.54e-01       1.34e+00       2.53e+02    
      39             53         1.8248e+01      1.49e+00       3.36e-01       4.35e+01    
      40             54         1.8231e+01      1.74e-02       6.71e-01       1.29e+02    
      41             55         1.7407e+01      8.24e-01       1.68e-01       7.63e+00    
      42             56         1.7138e+01      2.70e-01       3.36e-01       3.29e+01    
      43             57         1.6698e+01      4.39e-01       6.71e-01       1.14e+02    
      44             58         1.6610e+01      8.84e-02       1.34e+00       6.38e+02    
      45             59         1.5240e+01      1.37e+00       3.36e-01       9.19e+01    
      46             60         1.4752e+01      4.89e-01       6.71e-01       2.98e+02    
      47             62         1.4419e+01      3.33e-01       3.36e-01       1.01e+02    
      48             63         1.4338e+01      8.12e-02       6.71e-01       2.52e+02    
      49             64         1.3658e+01      6.79e-01       1.68e-01       3.79e+01    
      50             65         1.3468e+01      1.90e-01       3.36e-01       1.52e+02    
      51             66         1.2751e+01      7.16e-01       3.36e-01       9.23e+01    
      52             67         1.2444e+01      3.07e-01       6.71e-01       3.31e+02    
      53             68         1.0572e+01      1.87e+00       1.68e-01       5.04e+01    
      54             69         9.4994e+00      1.07e+00       3.36e-01       1.18e+02    
      55             70         7.6660e+00      1.83e+00       6.71e-01       5.49e+02    
      56             71         7.1870e+00      4.79e-01       1.34e+00       1.48e+03    
      57             72         1.6511e+00      5.54e+00       3.36e-01       1.54e+02    
      58             73         8.1767e-01      8.33e-01       6.71e-01       7.91e+02    
      59             75         5.2783e-01      2.90e-01       3.36e-01       1.63e+02    
      60             76         4.1836e-01      1.09e-01       6.71e-01       3.26e+02    
      61             78         3.3056e-01      8.78e-02       1.68e-01       6.22e+00    
      62             79         2.9423e-01      3.63e-02       3.36e-01       1.31e+02    
      63             81         2.6568e-01      2.86e-02       1.68e-01       2.79e+01    
      64             82         2.4472e-01      2.10e-02       3.36e-01       1.45e+02    
      65             83         2.1539e-01      2.93e-02       3.36e-01       1.32e+02    
      66             84         1.9068e-01      2.47e-02       3.36e-01       1.23e+02    
      67             85         1.6899e-01      2.17e-02       3.36e-01       1.14e+02    
      68             86         1.4990e-01      1.91e-02       3.36e-01       1.05e+02    
      69             87         1.3308e-01      1.68e-02       3.36e-01       9.59e+01    
      70             88         1.1820e-01      1.49e-02       3.36e-01       8.79e+01    
      71             89         1.0501e-01      1.32e-02       3.36e-01       8.07e+01    
      72             90         9.3277e-02      1.17e-02       3.36e-01       7.42e+01    
      73             91         8.2811e-02      1.05e-02       3.36e-01       6.84e+01    
      74             92         7.3454e-02      9.36e-03       3.36e-01       6.48e+01    
      75             93         6.5072e-02      8.38e-03       3.36e-01       6.17e+01    
      76             94         5.7550e-02      7.52e-03       3.36e-01       5.87e+01    
      77             96         5.2030e-02      5.52e-03       1.68e-01       1.29e+01    
      78             97         4.7772e-02      4.26e-03       3.36e-01       5.58e+01    
      79             98         4.1920e-02      5.85e-03       3.36e-01       5.18e+01    
      80             100        3.7810e-02      4.11e-03       1.68e-01       1.15e+01    
      81             101        3.4411e-02      3.40e-03       3.36e-01       4.92e+01    
      82             102        2.9945e-02      4.47e-03       3.36e-01       4.58e+01    
      83             104        2.6875e-02      3.07e-03       1.68e-01       1.02e+01    
      84             105        2.4214e-02      2.66e-03       3.36e-01       4.35e+01    
      85             106        2.0839e-02      3.37e-03       3.36e-01       4.08e+01    
      86             108        1.8553e-02      2.29e-03       1.68e-01       9.11e+00    
      87             109        1.6544e-02      2.01e-03       3.36e-01       3.89e+01    
      88             110        1.4058e-02      2.49e-03       3.36e-01       3.67e+01    
      89             112        1.2375e-02      1.68e-03       1.68e-01       8.25e+00    
      90             113        1.0958e-02      1.42e-03       3.36e-01       3.54e+01    
      91             114        9.2206e-03      1.74e-03       3.36e-01       3.38e+01    
      92             116        8.0110e-03      1.21e-03       1.68e-01       7.69e+00    
      93             117        7.1485e-03      8.62e-04       3.36e-01       3.33e+01    
      94             118        6.0616e-03      1.09e-03       3.36e-01       3.26e+01    
      95             119        5.2234e-03      8.38e-04       3.36e-01       3.27e+01    
      96             120        4.6172e-03      6.06e-04       3.36e-01       3.33e+01    
      97             121        4.2386e-03      3.79e-04       3.36e-01       3.49e+01    
      98             122        4.0914e-03      1.47e-04       3.36e-01       3.80e+01    
      99             123        3.6170e-03      4.74e-04       8.39e-02       2.25e+00    
      100            124        3.6118e-03      5.23e-06       8.39e-02       2.72e+00    
      101            125        3.6096e-03      2.20e-06       2.37e-04       2.39e-05    
      102            126        3.6096e-03      4.09e-16       4.80e-07       5.05e-09    
`gtol` termination condition is satisfied.
Function evaluations 126, initial cost 1.3454e+06, final cost 3.6096e-03, first-order optimality 5.05e-09.
prediction loss 0.003609586630051264
rms error 0.0018022292697211283
permuted prediction loss 0.003609586630051264
