Q_target [[ 0.50702605  0.05766589  1.0502934  -0.95145879  1.28187162 -1.33510335
   1.001781   -0.48044084 -0.16556123  0.66286798 -0.10281858 -0.19736089
   0.12307233  0.05950797 -0.78059313 -0.47078213  1.39038865  0.46777637
  -1.80634631 -0.00648167 -0.77023095  0.50349936  0.99817101 -1.25084414
   0.04531184 -0.72009994  0.18556445  0.26271291 -0.36177127 -0.61713078
   0.97626824  0.22040793  0.4137042  -0.96798463 -1.7729396   1.25737874
   1.70549913 -1.29505635 -0.82210574 -2.04616782 -1.1746653   0.42878828
   0.21604126  1.20705051  0.56851104 -0.98281285  0.97538663 -0.22978975
  -0.45410397  1.05553152 -0.51395122 -0.85749611 -0.48454434 -1.05362494
  -0.16839282 -0.89065179  1.30921796  1.21813174  1.06137244 -0.06821457
   1.29272056 -0.78487491 -0.41603516 -0.21743787  0.81288205 -0.24632372
   0.57303839  0.32078216 -1.03469116  0.76727597 -0.42570685  0.1361961
  -0.23307146  0.54953195 -2.19100014 -0.06772382  0.53257384  1.09528367
   0.07442643  1.05593885  1.31022647  1.1195038  -0.24329677  0.31873201
  -0.88041184 -1.42251865  0.64775787 -0.45974313 -0.57446206  0.35437054
  -1.07519104 -1.22633665 -0.78792457  1.58027043 -1.03623113  0.97769968
  -1.525586   -0.18485181 -1.20488007  0.52336667]
 [-0.22828061 -0.68883115  0.234807   -0.64426278 -0.24600959  1.08580787
   2.18679435 -0.46010466  0.4853526   0.07371131 -0.15419944 -0.71650936
  -0.04659842 -0.90441988 -1.51242764  0.4504442  -0.01000543  0.32677117
  -0.6127197  -2.33740979  2.17482661 -0.56869017 -1.24325686 -1.56160217
  -0.12827527 -0.87095448  0.89739154  1.16677719  0.58760971  1.13636324
   0.65929408 -0.82162225 -1.06043009  1.22597771 -1.00175001 -1.94160392
  -0.1043391   1.06193431  0.57416499  1.09788951 -1.22358528 -1.14037096
   1.00637525  1.9028411   0.65795839 -2.02537812  2.15628457 -0.21827049
   1.09990401 -0.76697936  0.10609033 -2.06340106 -1.17921531 -1.94068259
  -1.2903304   0.57606298 -0.32268104  0.32724002 -1.36440319  0.21585816
  -1.2277906   1.61326565  0.56199544  0.09932133  1.37576453  0.98819584
   0.36173411  1.31872767 -0.42774909 -0.27767422 -0.53919775  0.12902264
  -0.61912908 -0.10565013  0.32095218  0.75284098 -0.8718641   0.40491237
   0.88045118 -0.86219218 -0.65381818  0.08363522 -0.19512219  1.23888767
  -2.68552495 -0.17825642  0.83796244 -1.35684765  0.37720231  1.79626404
   1.90656767  0.81483789  1.88409537 -0.70678594  1.02250595  0.89822913
   0.38773556  1.69585253  1.27420885  0.07959575]
 [ 0.06305708 -0.82478338  0.49645579 -1.02643094 -0.55772691  1.57832866
   0.33219301 -0.77441202  1.05939935 -0.73806574 -0.69727671 -1.5069265
   0.44043651  0.19758178  0.24221624 -0.5481299  -0.80843242  2.14416674
   1.44762028 -0.03070698 -0.17857924  0.5157046   1.01496014  0.26181555
   0.28617117 -0.11063028  1.01799512  1.24468516 -0.49413019 -0.65742338
  -1.72679657  2.26700954 -0.63711099  0.4912696  -1.47511934 -0.58644818
  -0.20705995 -1.41460726 -0.62915296  0.77800053 -1.22621699 -0.36721877
   0.65686583  0.15404839 -1.0698781   0.02578023  0.35646755 -0.90264587
   0.42308772 -0.21467292 -0.20936234  0.40705383 -0.97902014  0.26261502
  -0.49279436  0.70321731 -0.63737952  1.13682958 -0.94731398  0.52798301
   0.79178994  0.04738913 -0.70029002  0.40057218 -0.52252637 -0.21710108
   1.80276587  0.92947951 -0.06661616  0.25901566  0.80923009  0.84636815
  -2.055407    0.3765899   0.27874357  1.1854187  -0.68866284 -1.0928684
  -0.30503027 -0.89567204 -0.77889844 -0.47645928 -0.15732668  0.76590993
  -0.51503967  0.58702088 -0.57516418 -2.51448918 -0.43136089  0.61269128
  -0.25257023 -0.09253688 -1.63516804  0.06483228 -1.02320349  0.37398035
  -0.4958824   0.27024608 -1.93796129  0.43046732]
 [-1.30224691 -1.50643743 -0.38901022  1.71184729 -2.09292235  1.15847358
  -0.1708191   1.73079406  0.18409653 -0.80897727  1.89857237 -0.98623038
   0.5896523  -0.22227801 -0.14556905  0.3793088   1.28401586 -2.22602566
   1.23385651 -0.86456325  0.11831638  0.19321599 -0.73121789  0.05289131
  -1.15187248 -1.71349476 -0.79439921 -2.74276292  0.358277   -0.90838933
   0.19743557  0.40615831  1.3407622   0.40245902  0.98740218 -0.29664148
  -1.11524014 -1.11992976 -1.17349902 -0.74530215  0.06039394  1.4655793
   0.22436841  0.41893729 -0.30295419  1.68087291 -0.45173414  1.84145501
  -0.83252391  1.37680951 -1.10387035  1.54666634  0.96828481 -1.51724594
   0.43237171  1.73485104 -0.57736665  0.01239169 -0.63634221 -0.84500734
   1.50209087 -1.81076004 -0.41089308 -1.10776951  0.03616604  0.49955502
   0.95712538  1.01069699 -0.1285443  -0.41003548  0.21419329  0.63695604
  -0.96126037  1.64839849 -0.53059889  1.68542443  0.85543124  0.06288629
  -1.56293659 -0.90524038 -0.06366663  2.25058356 -2.03449697 -0.51084037
   0.01898656  1.57434404 -0.01553105  0.33367548  1.72937745  1.60671856
   0.09005264 -0.45889195  0.61802464  0.35559045 -0.9459724  -0.92975802
  -0.22554562  0.82288885 -1.12995316 -0.36246123]
 [-0.08628239 -1.3049521  -1.62493198 -0.47490232 -0.94105653  0.47524361
  -1.42810027 -0.51229799  2.58985926 -0.49782601  0.24626712 -0.92956314
  -0.4893671  -0.45621837 -1.50894063 -1.15790271  1.44117832 -1.51177918
   0.17376701  1.35897682 -0.65215351 -0.58075337 -0.38301445  0.69317207
   0.2821277   0.44603773  0.46188151  1.15173616  0.315794   -0.59956753
  -0.38846222  2.11097302 -0.20827944  0.63330031  0.38157797  0.39594707
  -0.76563206 -0.71778464 -0.95160249  0.57674577 -1.11869994  0.00878447
   0.83579355  0.30963394  1.01731362 -0.14905369 -0.92366444 -2.58751614
   0.70014297  0.16214465  0.3039878   0.17489341  0.39884392  0.21143929
  -0.42578335 -1.17262333 -0.39251236 -1.709249    0.05209316 -1.21248467
   0.92793996  0.63691702  0.10593301  0.39315641  1.21350605  0.67576419
  -0.02634117 -0.33175237 -1.01965042  0.98008251  1.43206969 -0.49125544
  -1.26032261  0.05274056 -2.30319611 -1.29055273  1.98933285 -0.22953826
   0.35872204  0.85642038 -0.54956251  1.06714199 -0.41748517  0.25649024
   0.26480967  0.54302604 -1.03610443 -0.31442071 -0.17001652 -1.14032883
  -0.40956607  1.45214773 -1.80200333 -0.65478408  1.27487893 -1.51485506
  -0.60106923 -1.68989063  0.33657256  1.02813172]]
R [[0.45 0.45 0.45]
 [0.45 0.45 0.47]
 [0.45 0.45 0.49]
 [0.45 0.45 0.51]
 [0.45 0.45 0.53]
 [0.45 0.47 0.45]
 [0.45 0.47 0.47]
 [0.45 0.47 0.49]
 [0.45 0.47 0.51]
 [0.45 0.47 0.53]
 [0.45 0.49 0.45]
 [0.45 0.49 0.47]
 [0.45 0.49 0.49]
 [0.45 0.49 0.51]
 [0.45 0.49 0.53]
 [0.45 0.51 0.45]
 [0.45 0.51 0.47]
 [0.45 0.51 0.49]
 [0.45 0.51 0.51]
 [0.45 0.51 0.53]
 [0.45 0.53 0.45]
 [0.45 0.53 0.47]
 [0.45 0.53 0.49]
 [0.45 0.53 0.51]
 [0.45 0.53 0.53]
 [0.47 0.45 0.45]
 [0.47 0.45 0.47]
 [0.47 0.45 0.49]
 [0.47 0.45 0.51]
 [0.47 0.45 0.53]
 [0.47 0.47 0.45]
 [0.47 0.47 0.47]
 [0.47 0.47 0.49]
 [0.47 0.47 0.51]
 [0.47 0.47 0.53]
 [0.47 0.49 0.45]
 [0.47 0.49 0.47]
 [0.47 0.49 0.49]
 [0.47 0.49 0.51]
 [0.47 0.49 0.53]
 [0.47 0.51 0.45]
 [0.47 0.51 0.47]
 [0.47 0.51 0.49]
 [0.47 0.51 0.51]
 [0.47 0.51 0.53]
 [0.47 0.53 0.45]
 [0.47 0.53 0.47]
 [0.47 0.53 0.49]
 [0.47 0.53 0.51]
 [0.47 0.53 0.53]
 [0.49 0.45 0.45]
 [0.49 0.45 0.47]
 [0.49 0.45 0.49]
 [0.49 0.45 0.51]
 [0.49 0.45 0.53]
 [0.49 0.47 0.45]
 [0.49 0.47 0.47]
 [0.49 0.47 0.49]
 [0.49 0.47 0.51]
 [0.49 0.47 0.53]
 [0.49 0.49 0.45]
 [0.49 0.49 0.47]
 [0.49 0.49 0.49]
 [0.49 0.49 0.51]
 [0.49 0.49 0.53]
 [0.49 0.51 0.45]
 [0.49 0.51 0.47]
 [0.49 0.51 0.49]
 [0.49 0.51 0.51]
 [0.49 0.51 0.53]
 [0.49 0.53 0.45]
 [0.49 0.53 0.47]
 [0.49 0.53 0.49]
 [0.49 0.53 0.51]
 [0.49 0.53 0.53]
 [0.51 0.45 0.45]
 [0.51 0.45 0.47]
 [0.51 0.45 0.49]
 [0.51 0.45 0.51]
 [0.51 0.45 0.53]
 [0.51 0.47 0.45]
 [0.51 0.47 0.47]
 [0.51 0.47 0.49]
 [0.51 0.47 0.51]
 [0.51 0.47 0.53]
 [0.51 0.49 0.45]
 [0.51 0.49 0.47]
 [0.51 0.49 0.49]
 [0.51 0.49 0.51]
 [0.51 0.49 0.53]
 [0.51 0.51 0.45]
 [0.51 0.51 0.47]
 [0.51 0.51 0.49]
 [0.51 0.51 0.51]
 [0.51 0.51 0.53]
 [0.51 0.53 0.45]
 [0.51 0.53 0.47]
 [0.51 0.53 0.49]
 [0.51 0.53 0.51]
 [0.51 0.53 0.53]
 [0.53 0.45 0.45]
 [0.53 0.45 0.47]
 [0.53 0.45 0.49]
 [0.53 0.45 0.51]
 [0.53 0.45 0.53]
 [0.53 0.47 0.45]
 [0.53 0.47 0.47]
 [0.53 0.47 0.49]
 [0.53 0.47 0.51]
 [0.53 0.47 0.53]
 [0.53 0.49 0.45]
 [0.53 0.49 0.47]
 [0.53 0.49 0.49]
 [0.53 0.49 0.51]
 [0.53 0.49 0.53]
 [0.53 0.51 0.45]
 [0.53 0.51 0.47]
 [0.53 0.51 0.49]
 [0.53 0.51 0.51]
 [0.53 0.51 0.53]
 [0.53 0.53 0.45]
 [0.53 0.53 0.47]
 [0.53 0.53 0.49]
 [0.53 0.53 0.51]
 [0.53 0.53 0.53]]
S [[0.90402941 0.58838785 0.70153482]
 [0.65156453 0.75814103 0.90434033]
 [0.56793019 0.52884149 0.44258938]
 [0.27127289 0.93118802 0.29471107]
 [0.66605436 0.3251036  0.04653489]]
D [[0.53718122 0.58481133 0.14205079 0.53628345 0.47440773]
 [0.52811199 0.56941257 0.14448132 0.54241267 0.49152955]
 [0.51965458 0.55430773 0.14957031 0.5492022  0.50886138]
 [0.51183932 0.5395215  0.15705955 0.5566279  0.52638247]
 [0.50469604 0.52508079 0.16662571 0.56466465 0.54407455]
 [0.53237971 0.57452471 0.13200291 0.51841337 0.48006099]
 [0.52322725 0.55884258 0.13461498 0.52475135 0.49698808]
 [0.51468958 0.54344404 0.14006291 0.53176643 0.51413593]
 [0.50679776 0.52835387 0.14803393 0.5394322  0.53148317]
 [0.49958241 0.51359925 0.15814698 0.54772133 0.5490109 ]
 [0.52829219 0.56475925 0.12438291 0.50070441 0.48647138]
 [0.51906767 0.54879813 0.12715162 0.5072637  0.50318288]
 [0.51046043 0.53310954 0.13290583 0.51451727 0.52012654]
 [0.5025022  0.51771823 0.14128122 0.52243619 0.53728039]
 [0.49522426 0.50265152 0.15184469 0.53099071 0.55462494]
 [0.52493535 0.55554241 0.11965555 0.48317428 0.49360942]
 [0.51565078 0.53930859 0.12253112 0.4899683  0.51008712]
 [0.50698554 0.52333559 0.12849241 0.49747412 0.52680876]
 [0.49897189 0.50764803 0.13713761 0.50566002 0.54375185]
 [0.49164169 0.49227321 0.14799713 0.51449355 0.56089632]
 [0.52232328 0.54690193 0.11816848 0.46584317 0.50144403]
 [0.51299144 0.53040372 0.12107937 0.47288626 0.51767241]
 [0.5042805  0.51415416 0.12710877 0.4806589  0.53415665]
 [0.49622317 0.49817756 0.13584206 0.48912629 0.55087379]
 [0.48885175 0.48250106 0.14679744 0.49825304 0.56780325]
 [0.52038687 0.57822289 0.12594134 0.5432762  0.4656399 ]
 [0.51101966 0.56264384 0.12867651 0.54932739 0.48307259]
 [0.50227453 0.54735224 0.13436544 0.5560325  0.50069724]
 [0.49418449 0.53237286 0.14265516 0.56336817 0.51849429]
 [0.48678221 0.5177328  0.15312387 0.57131012 0.53644658]
 [0.51542892 0.56781693 0.11448826 0.5256439  0.47139832]
 [0.50596994 0.55194425 0.11749036 0.53189573 0.4886256 ]
 [0.49713599 0.53634768 0.12369483 0.5388178  0.5060569 ]
 [0.48896094 0.52105204 0.13265307 0.54638464 0.52367183]
 [0.48147835 0.50608459 0.14385152 0.55456987 0.54145248]
 [0.51120589 0.55793407 0.10561203 0.50818696 0.47792492]
 [0.50166729 0.54177192 0.1088592  0.51465089 0.49492508]
 [0.4927562  0.52587375 0.11552814 0.52180178 0.51214201]
 [0.48450726 0.51026423 0.12507268 0.5296118  0.52955457]
 [0.47695481 0.49497068 0.13689266 0.53805224 0.54714408]
 [0.5077361  0.54860257 0.10000121 0.49092409 0.48518871]
 [0.49813106 0.53215709 0.10342469 0.49761232 0.50194292]
 [0.48915556 0.51596275 0.11042233 0.50500453 0.51892706]
 [0.48084485 0.50004394 0.12037241 0.5130703  0.5361193 ]
 [0.47323395 0.48442784 0.132612   0.5217784  0.55350023]
 [0.50503508 0.53985104 0.09821702 0.47387651 0.49315712]
 [0.49537767 0.52313051 0.10170058 0.48080194 0.50964944]
 [0.48635136 0.50664772 0.10880915 0.48844862 0.52638499]
 [0.4779919  0.49042665 0.11889431 0.49678327 0.54334129]
 [0.47033484 0.47449414 0.13127179 0.50577186 0.56049832]
 [0.50382667 0.57225792 0.11110361 0.55090663 0.45757879]
 [0.49414565 0.55651192 0.11419474 0.55687491 0.47530722]
 [0.48509641 0.54104704 0.12056891 0.56349022 0.49320944]
 [0.47671494 0.52588809 0.12974316 0.57073004 0.51126721]
 [0.46903704 0.5110623  0.14117263 0.57857095 0.5294646 ]
 [0.49870412 0.56174147 0.09793035 0.53352656 0.46343738]
 [0.48892168 0.5456921  0.10142375 0.53968708 0.4809499 ]
 [0.47977392 0.52991156 0.10855046 0.54651048 0.49864959]
 [0.4712978  0.51442458 0.11865761 0.55397226 0.5165172 ]
 [0.46353018 0.49925848 0.13105744 0.56204699 0.53453589]
 [0.49433823 0.5517498  0.08738818 0.5163362  0.47007452]
 [0.48446764 0.535401   0.09128592 0.52269937 0.4873486 ]
 [0.47523415 0.51930782 0.09914405 0.52974162 0.504824  ]
 [0.46667559 0.50349479 0.11011798 0.53743627 0.5224805 ]
 [0.45882972 0.48798913 0.12337906 0.54575571 0.54030036]
 [0.49074919 0.5423119  0.08051729 0.49935513 0.47745776]
 [0.48080493 0.52566966 0.08473169 0.50593192 0.49447398]
 [0.47149972 0.50926906 0.09314443 0.51320431 0.51170609]
 [0.46287211 0.49313422 0.10474879 0.52114319 0.529133  ]
 [0.45496066 0.4772921  0.11861169 0.52971858 0.54673607]
 [0.48795416 0.53345718 0.07829032 0.48260546 0.48555306]
 [0.47795174 0.51652972 0.0826184  0.48940738 0.50229511]
 [0.46858988 0.49982931 0.09122623 0.49692167 0.51926773]
 [0.45990768 0.48337948 0.10304683 0.50511652 0.53644905]
 [0.45194434 0.46720671 0.11711138 0.51395939 0.55381963]
 [0.4875245  0.5669361  0.09811628 0.55914864 0.45026234]
 [0.47751308 0.55103805 0.1016033  0.56502987 0.46826785]
 [0.46814245 0.53541509 0.10871824 0.5715508  0.48642921]
 [0.4594518  0.52009201 0.11881111 0.57868979 0.50472961]
 [0.45148042 0.50509612 0.13119644 0.58642427 0.52315446]
 [0.48222881 0.55631907 0.08290444 0.54203291 0.45621489]
 [0.47210511 0.54010859 0.08700328 0.54809783 0.47399434]
 [0.46262494 0.52415997 0.09521552 0.5548178  0.49194434]
 [0.45382865 0.50849785 0.10659465 0.56216932 0.5100469 ]
 [0.44575672 0.49314952 0.12024494 0.57012797 0.52828633]
 [0.47771237 0.54622821 0.07013905 0.52512109 0.46295559]
 [0.46749087 0.52970902 0.07493938 0.53137907 0.48048568]
 [0.45791519 0.51343747 0.08433467 0.53830778 0.49820186]
 [0.44902665 0.49743786 0.09699877 0.5458817  0.51608497]
 [0.4408668  0.48173728 0.11182659 0.55407435 0.53411825]
 [0.47399746 0.53669323 0.06136633 0.50843351 0.47045057]
 [0.46369408 0.51987114 0.06680008 0.51489435 0.48771133]
 [0.45403833 0.50328162 0.07719246 0.5220419  0.50517418]
 [0.44507237 0.48694844 0.09085759 0.52984838 0.52281885]
 [0.43683867 0.47089826 0.10654354 0.53828511 0.54062756]
 [0.47110305 0.52774424 0.05841376 0.491993   0.47866439]
 [0.46073494 0.51062742 0.0640983  0.49866689 0.49563918]
 [0.45101585 0.49372741 0.07486666 0.5060437  0.51283214]
 [0.44198858 0.47706723 0.08889005 0.51409317 0.53022204]
 [0.43369633 0.46067291 0.10487071 0.52278422 0.54779012]
 [0.47150712 0.5622757  0.08780431 0.5679756  0.44372739]
 [0.4611481  0.54624202 0.09168436 0.57376636 0.46198766]
 [0.4514379  0.53047784 0.09951104 0.5801891  0.48038652]
 [0.44241924 0.51500789 0.1104485  0.58722309 0.49890862]
 [0.43413522 0.49985949 0.12367416 0.59484663 0.51754074]
 [0.46602945 0.55156896 0.07039842 0.55113407 0.44976644]
 [0.45554589 0.53521464 0.0751822  0.55709992 0.46779104]
 [0.44571365 0.51911569 0.0845505  0.56371258 0.48597023]
 [0.43657676 0.50329661 0.09718648 0.57094959 0.50428728]
 [0.42817972 0.48778465 0.11198945 0.57878752 0.52272772]
 [0.46135445 0.54138958 0.05479305 0.53451028 0.45660235]
 [0.45076218 0.52471808 0.06081696 0.54065959 0.47436728]
 [0.44082326 0.50828678 0.07207724 0.54747087 0.49230368]
 [0.43158285 0.49211974 0.08655376 0.55491973 0.5103935 ]
 [0.42308671 0.47624387 0.1028979  0.56298088 0.52862097]
 [0.45750674 0.53176784 0.04299556 0.5181252  0.46419992]
 [0.44682326 0.51478483 0.05044842 0.52446666 0.48168472]
 [0.43679473 0.49802592 0.06357255 0.5314855  0.49935836]
 [0.42746724 0.48151449 0.07961089 0.53915526 0.51720149]
 [0.41888763 0.46527689 0.09713042 0.54744858 0.53519714]
 [0.45450732 0.52273454 0.0386647  0.50200219 0.4725224 ]
 [0.44375163 0.5054481  0.04681222 0.50854474 0.48971014]
 [0.43365207 0.48836889 0.06072733 0.5157803  0.50710416]
 [0.4242555  0.47151941 0.07735783 0.52368012 0.52468394]
 [0.41560959 0.45492521 0.09529249 0.53221464 0.54243141]]
U [[  3.46543975   2.92393995  49.55787409   3.47705215   4.44320639]
 [  3.5854853    3.08422391  47.90452881   3.3989154    4.13905061]
 [  3.70314302   3.2546038   44.70017312   3.3153964    3.86189996]
 [  3.81709275   3.43544096  40.53883743   3.22752834   3.60908542]
 [  3.92590877   3.62700155  36.01769893   3.13630862   3.37818309]
 [  3.52823103   3.02958101  57.38957133   3.72089669   4.33917509]
 [  3.65274441   3.2019977   55.18400308   3.63155704   4.04862964]
 [  3.77493297   3.38602645  50.97458699   3.5363738    3.78306743]
 [  3.89341431   3.58220324  45.63283828   3.43657853   3.54014428]
 [  4.00668989   3.79097771  39.9832576    3.33334832   3.31770729]
 [  3.58303969   3.13525812  64.63660722   3.98875329   4.22557102]
 [  3.71152202   3.32028029  61.8523517    3.8862652    3.9495561 ]
 [  3.83774252   3.51857729  56.61245037   3.77746192   3.69642565]
 [  3.96026336   3.73089549  50.0992368    3.66381462   3.4641606 ]
 [  4.07752074   3.95791074  43.37113632   3.54671392   3.25088204]
 [  3.6290116    3.24015339  69.84484193   4.28343707   4.10424348]
 [  3.76087272   3.43815404  66.60505926   4.16547017   3.84336199]
 [  3.89053077   3.65123228  60.56825341   4.04072248   3.6032469 ]
 [  4.01650067   3.88038293  53.17247064   3.91095456   3.38219391]
 [  4.13716263   4.12655463  45.65553496   3.77781021   3.17859226]
 [  3.66539879   3.34334416  71.61379531   4.60808555   3.97699518]
 [  3.79996647   3.55456836  68.2118238    4.47184358   3.731556  ]
 [  3.93238153   3.78279928  61.89405752   4.32838646   3.50479581]
 [  4.06112099   4.0293192   54.19153987   4.17982385   3.29530625]
 [  4.18451995   4.29539849  46.40481093   4.02809858   3.10173182]
 [  3.69272823   2.99095202  63.04685113   3.3881189    4.6121096 ]
 [  3.82934748   3.15887805  60.39506103   3.31388541   4.28524063]
 [  3.96385434   3.33784521  55.3891718    3.23444406   3.98886742]
 [  4.09469706   3.52832172  49.13885334   3.15076043   3.71973531]
 [  4.22017643   3.73068549  42.64952466   3.06377001   3.47493777]
 [  3.76411105   3.10158242  76.29184492   3.61923469   4.5001184 ]
 [  3.90616481   3.2825366   72.44284472   3.53465473   4.18839431]
 [  4.04622095   3.47621941  65.35772251   3.44442023   3.90482254]
 [  4.18265142   3.68330602  56.828399     3.34967776   3.64654494]
 [  4.31366553   3.90439522  48.32491202   3.25152776   3.41098098]
 [  3.82655802   3.21243419  89.65472891   3.87215708   4.37804925]
 [  3.97345622   3.40695988  84.38586218   3.77550053   4.08245188]
 [  4.11846898   3.61607159  74.92460025   3.67272899   3.812582  ]
 [  4.25990021   3.84069438  63.92563691   3.56520655   3.56597715]
 [  4.39587704   4.08169977  53.36292879   3.45422886   3.34038545]
 [  3.87903692   3.32264789  99.99758202   4.14926628   4.24794241]
 [  4.03007151   3.53118355  93.48706688   4.03847825   3.96909359]
 [  4.17932372   3.75632626  82.0136537    3.92111378   3.71353361]
 [  4.32503936   3.99929703  69.0154147    3.79879836   3.47918178]
 [  4.46527493   4.26129711  56.86360294   3.67305823   3.264107  ]
 [  3.92063946   3.43124809 103.66365735   4.45317376   4.11177543]
 [  4.07499555   3.65409558  96.68367992   4.32581143   3.84996608]
 [  4.22765682   3.89572066  84.46351019   4.19143      3.60905096]
 [  4.37682244   4.15768775  70.74208458   4.05196866   3.38730717]
 [  4.52049194   4.44158822  58.03061928   3.90922508   3.18310802]
 [  3.93946906   3.05362976  81.01093453   3.29491341   4.7760431 ]
 [  4.09534083   3.22887376  76.68454323   3.22466565   4.42640538]
 [  4.24955914   3.41609509  68.79063467   3.14939574   4.11090306]
 [  4.40030189   3.61587431  59.4061024    3.07000108   3.8256402 ]
 [  4.54554253   3.8287086   50.17633864   2.98735446   3.56718919]
 [  4.02081496   3.16903489 104.27144734   3.51307895   4.65605271]
 [  4.18332315   3.35818535  97.21216826   3.43333318   4.32315019]
 [  4.34436922   3.5611742   84.86656803   3.34813537   4.02169447]
 [  4.5020381    3.77882329  71.02460399   3.25854682   3.74826622]
 [  4.65418849   4.01189074  58.22059384   3.16559058   3.49982443]
 [  4.09215056   3.28485066 130.94672294   3.75089453   4.52550003]
 [  4.26059698   3.48852344 120.00309312   3.66012613   4.21037276]
 [  4.42776653   3.70809001 101.73412442   3.56345934   3.92391888]
 [  4.59166113   3.9446642   82.46764005   3.46215142   3.66319326]
 [  4.75003615   4.19932711  65.69269201   3.35740255   3.42554354]
 [  4.15222434   3.40017856 154.24876527   4.01033785   4.38662073]
 [  4.3257576    3.61887999 139.28626072   3.90675197   4.08990398]
 [  4.49818303   3.85571936 115.2620303    3.79681476   3.81908065]
 [  4.66743166   4.11215724  91.13852047   3.68201769   3.57166167]
 [  4.83116994   4.3896663   71.07960178   3.56376928   3.34537298]
 [  4.1999291    3.51399285 163.14878349   4.29354026   4.2415698 ]
 [  4.37755799   3.74808453 146.50298499   4.17502391   3.9635296 ]
 [  4.55422201   4.00273252 120.16018166   4.04971193   3.70866262]
 [  4.72779533   4.27980105  94.17393531   3.9193753    3.47490583]
 [  4.89587249   4.58122752  72.91247397   3.78566678   3.26034309]
 [  4.20733517   3.11122753 103.87662468   3.19849341   4.93251893]
 [  4.38560436   3.29334195  96.86890773   3.13225554   4.56048809]
 [  4.56293158   3.48833984  84.60483974   3.06119034   4.22630369]
 [  4.73718212   3.69691638  70.84119798   2.98612763   3.9253865 ]
 [  4.90593927   3.91969193  58.09729716   2.90787763   3.65376101]
 [  4.30024993   3.23111275 145.49379429   3.40367972   4.80464259]
 [  4.48665428   3.42797646 132.10789474   3.32877033   4.45096003]
 [  4.6724204    3.63975621 110.30228561   3.24862236   4.13207371]
 [  4.85530123   3.86742374  88.00941882   3.16421303   3.84396811]
 [  5.03273666   4.11190213  69.16181676   3.07648853   3.58311921]
 [  4.38194603   3.35159662 203.2732748    3.62644491   4.66574851]
 [  4.5756598    3.56389795 178.06550626   3.54153156   4.33150784]
 [  4.76902825   3.79336717 140.60078648   3.45095011   4.02892621]
 [  4.95970413   4.04131155 106.28392329   3.35585304   3.75454728]
 [  5.14499794   4.30902967  79.96682565   3.25734613   3.50529983]
 [  4.45090131   3.47174461 265.54596854   3.8684026    4.51826815]
 [  4.65089883   3.70005836 224.10212649   3.77193107   4.20411229]
 [  4.85081772   3.94800643 167.82250998   3.66935112   3.91848074]
 [  5.04822528   4.21729564 121.1372192    3.56202348   3.65845335]
 [  5.24032048   4.50968114  88.0938818    3.45124079   3.42139834]
 [  4.50576122   3.59048405 293.06890822   4.1312564    4.36453286]
 [  4.71083287   3.83523278 243.39239831   4.02141531   4.07069661]
 [  4.91605117   4.10228215 178.41160051   3.9050262    3.80232758]
 [  5.11891489   4.39380555 126.55918311   3.78369686   3.55700481]
 [  5.31653282   4.71210174  90.9267258    3.65893805   3.33251117]
 [  4.49804189   3.16301587 129.70846313   3.09984974   5.07887502]
 [  4.70239554   3.35142714 118.96233276   3.03759474   4.68531985]
 [  4.90686343   3.55357521 100.98513971   2.97071414   4.33329626]
 [  5.10895401   3.77026817  81.97479237   2.89997168   4.01751944]
 [  5.30578881   4.00224911  65.37957405   2.82611606   3.733455  ]
 [  4.60440247   3.28700496 201.77816432   3.2921945    4.9434017 ]
 [  4.81876495   3.49095327 176.91717121   3.2220614    4.56978957]
 [  5.03370921   3.71083545 139.88386071   3.1469116    4.23429074]
 [  5.24660986   3.94777128 105.8737431    3.06764056   3.93227574]
 [  5.45441032   4.20284849  79.73440514   2.98511927   3.65972907]
 [  4.69818986   3.41177365 333.08040126   3.50015982   4.79649184]
 [  4.92158585   3.63201754 270.36503948   3.42099289   4.44396424]
 [  5.14601437   3.87063631 192.48803838   3.33639888   4.12604375]
 [  5.36873105   4.12912875 133.48367229   3.24742897   3.83874917]
 [  5.58651848   4.40901113  94.44674035   3.15509697   3.57858413]
 [  4.77754738   3.53635502 540.94446754   3.72503686   4.64076824]
 [  5.0087396    3.77353612 392.92058648   3.63550068   4.30997014]
 [  5.24137493   4.0317734  247.43481322   3.54011332   4.01028601]
 [  5.47260784   4.31301816 157.78113194   3.44010986   3.7383544 ]
 [  5.69908228   4.61930919 105.99599883   3.33667058   3.49118149]
 [  4.84081219   3.65963361 668.91463595   3.96815637   4.47873322]
 [  5.07832009   3.91423466 456.33261613   3.86671053   4.16986313]
 [  5.31761817   4.19279878 271.16372096   3.75898426   3.88871086]
 [  5.55578007   4.49780726 167.10576749   3.6464295    3.63249029]
 [  5.78933759   4.83192288 110.12416786   3.53041988   3.39868046]]
P [[  -0.69678666  -53.72490741   20.35706662 ...   13.063494
   -98.92441553   26.68737912]
 [  -0.64876867  -51.95012489   20.22460108 ...   13.3160034
   -95.67478123   25.76686309]
 [  -0.69738929  -48.93031923   19.28020236 ...   13.11685618
   -89.38843657   24.20795735]
 ...
 [  13.60717557 -236.97007284  133.40918312 ...   75.93006026
  -529.5080285   122.47953515]
 [   7.26539314 -150.83725501   82.53089358 ...   48.62239551
  -327.70510983   77.61227809]
 [   3.88569438 -103.57658747   54.99085915 ...   34.04642881
  -217.08025966   53.03405351]]
test
channel noise power 1.7913486353926154
P power 17913.486353926153
snr test 40.0
ground truth loss 11195.928971203848
/opt/conda/lib/python3.7/site-packages/scipy/optimize/_lsq/trf.py:426: RuntimeWarning: divide by zero encountered in true_divide
  scale, scale_inv = x_scale, 1 / x_scale
   Iteration     Total nfev        Cost      Cost reduction    Step norm     Optimality   
       0              1         1.1197e+08                                    5.19e+04    
       1              2         9.8712e+07      1.33e+07       2.29e+01       5.54e+07    
       2              7         6.1530e+07      3.72e+07       1.79e-01       3.07e+08    
       3              9         5.7119e+07      4.41e+06       8.95e-02       2.76e+08    
       4             11         5.2484e+07      4.63e+06       2.24e-02       1.34e+08    
       5             12         5.2400e+07      8.38e+04       4.48e-02       2.18e+08    
       6             13         5.1001e+07      1.40e+06       1.12e-02       4.05e+07    
       7             14         5.0793e+07      2.08e+05       2.24e-02       2.04e+07    
       8             15         5.0449e+07      3.45e+05       4.48e-02       1.47e+07    
       9             16         4.9771e+07      6.77e+05       8.95e-02       1.51e+07    
      10             17         4.8426e+07      1.35e+06       1.79e-01       2.70e+07    
      11             18         4.5762e+07      2.66e+06       3.58e-01       4.12e+07    
      12             19         4.0544e+07      5.22e+06       7.16e-01       8.86e+07    
      13             20         3.0680e+07      9.86e+06       1.43e+00       1.50e+08    
      14             21         1.4263e+07      1.64e+07       2.86e+00       2.41e+08    
      15             22         1.3121e+06      1.30e+07       5.73e+00       2.92e+07    
      16             23         3.2535e+05      9.87e+05       1.15e+01       2.20e+08    
      17             24         1.4735e+05      1.78e+05       2.29e+01       2.50e+07    
      18             25         1.3496e+05      1.24e+04       4.58e+01       1.83e+07    
      19             29         1.2283e+05      1.21e+04       7.16e-01       2.87e+05    
      20             31         1.1693e+05      5.91e+03       3.58e-01       3.07e+05    
      21             32         8.7504e+04      2.94e+04       7.16e-01       5.63e+06    
      22             34         6.5053e+04      2.25e+04       3.58e-01       9.50e+06    
      23             35         4.8385e+04      1.67e+04       7.16e-01       3.00e+06    
      24             37         4.5518e+04      2.87e+03       3.58e-01       2.22e+06    
      25             39         4.3373e+04      2.15e+03       1.79e-01       9.16e+05    
      26             40         4.2296e+04      1.08e+03       3.58e-01       2.91e+06    
      27             41         3.8993e+04      3.30e+03       3.58e-01       1.10e+06    
      28             42         3.5151e+04      3.84e+03       7.16e-01       4.49e+05    
      29             43         2.8680e+04      6.47e+03       1.43e+00       1.09e+05    
      30             44         1.9522e+04      9.16e+03       2.86e+00       6.95e+04    
      31             45         1.6118e+04      3.40e+03       5.73e+00       4.98e+05    
      32             46         1.5920e+04      1.98e+02       1.15e+01       1.37e+05    
      33             47         1.5346e+04      5.75e+02       2.86e+00       1.25e+06    
      34             50         1.5305e+04      4.07e+01       3.58e-01       5.13e+04    
      35             51         1.5297e+04      7.59e+00       7.16e-01       6.58e+05    
      36             52         1.5269e+04      2.85e+01       7.16e-01       4.86e+05    
      37             53         1.5211e+04      5.82e+01       1.43e+00       3.74e+05    
      38             54         1.5160e+04      5.06e+01       2.86e+00       1.30e+06    
      39             56         1.5043e+04      1.17e+02       7.16e-01       3.90e+05    
      40             57         1.4957e+04      8.61e+01       1.43e+00       5.38e+05    
      41             58         1.4752e+04      2.05e+02       2.86e+00       6.20e+05    
      42             61         1.4700e+04      5.23e+01       3.58e-01       3.19e+05    
      43             62         1.4652e+04      4.76e+01       3.58e-01       8.38e+03    
      44             63         1.4592e+04      5.97e+01       7.16e-01       9.36e+03    
      45             64         1.4471e+04      1.21e+02       1.43e+00       4.37e+04    
      46             65         1.4234e+04      2.37e+02       2.86e+00       1.00e+05    
      47             66         1.3779e+04      4.56e+02       5.73e+00       1.40e+06    
      48             70         1.3709e+04      6.95e+01       1.79e-01       4.53e+05    
      49             71         1.3671e+04      3.84e+01       1.79e-01       1.36e+04    
      50             72         1.3637e+04      3.41e+01       3.58e-01       1.75e+04    
      51             73         1.3569e+04      6.81e+01       7.16e-01       2.62e+04    
      52             74         1.3438e+04      1.30e+02       1.43e+00       2.40e+05    
      53             75         1.3224e+04      2.14e+02       2.86e+00       9.20e+05    
      54             79         1.3155e+04      6.96e+01       8.95e-02       1.54e+05    
      55             80         1.3135e+04      2.00e+01       1.79e-01       4.14e+04    
      56             81         1.3101e+04      3.41e+01       3.58e-01       1.89e+04    
      57             82         1.3034e+04      6.67e+01       7.16e-01       6.10e+04    
      58             83         1.2903e+04      1.31e+02       1.43e+00       6.83e+04    
      59             84         1.2696e+04      2.07e+02       2.86e+00       6.03e+05    
      60             85         1.2496e+04      2.00e+02       5.73e+00       1.21e+06    
      61             87         1.2347e+04      1.49e+02       1.43e+00       3.28e+04    
      62             88         1.2334e+04      1.36e+01       2.86e+00       2.39e+05    
      63             89         1.2332e+04      1.66e+00       2.86e+00       3.76e+04    
      64             90         1.2324e+04      8.25e+00       7.16e-01       6.27e+03    
      65             91         1.2323e+04      8.43e-01       1.43e+00       3.02e+04    
      66             92         1.2322e+04      1.03e+00       1.43e+00       3.00e+04    
      67             94         1.2321e+04      7.32e-01       7.16e-01       7.38e+03    
      68             95         1.2320e+04      6.66e-01       1.43e+00       2.88e+04    
      69             96         1.2320e+04      8.37e-01       1.43e+00       2.79e+04    
      70             98         1.2319e+04      5.95e-01       7.16e-01       6.91e+03    
      71             99         1.2318e+04      5.80e-01       1.43e+00       2.75e+04    
      72             100        1.2318e+04      7.28e-01       1.43e+00       2.72e+04    
      73             102        1.2317e+04      5.24e-01       7.16e-01       6.71e+03    
      74             103        1.2317e+04      5.06e-01       1.43e+00       2.71e+04    
      75             104        1.2316e+04      6.45e-01       1.43e+00       2.69e+04    
      76             106        1.2316e+04      4.81e-01       7.16e-01       6.68e+03    
      77             107        1.2315e+04      4.33e-01       1.43e+00       2.71e+04    
      78             108        1.2315e+04      5.76e-01       1.43e+00       2.70e+04    
      79             110        1.2314e+04      4.53e-01       7.16e-01       6.68e+03    
      80             111        1.2314e+04      3.61e-01       1.43e+00       2.72e+04    
      81             112        1.2313e+04      5.15e-01       1.43e+00       2.69e+04    
      82             113        1.2313e+04      4.92e-01       1.43e+00       2.67e+04    
      83             114        1.2312e+04      4.72e-01       1.43e+00       2.64e+04    
      84             115        1.2312e+04      4.54e-01       1.43e+00       2.57e+04    
      85             116        1.2311e+04      4.40e-01       1.43e+00       2.47e+04    
      86             117        1.2311e+04      4.33e-01       1.43e+00       2.29e+04    
      87             118        1.2311e+04      4.35e-01       1.43e+00       1.98e+04    
      88             119        1.2310e+04      4.91e-02       2.86e+00       4.80e+04    
      89             120        1.2309e+04      1.20e+00       7.16e-01       2.16e+03    
      90             121        1.2309e+04      6.46e-01       1.43e+00       2.89e+04    
      91             123        1.2308e+04      6.17e-01       7.16e-01       1.92e+04    
      92             125        1.2308e+04      4.13e-01       3.58e-01       7.53e+03    
      93             126        1.2307e+04      8.55e-01       7.16e-01       4.48e+04    
      94             128        1.2306e+04      9.39e-01       3.58e-01       1.71e+04    
      95             129        1.2305e+04      1.18e+00       7.16e-01       1.02e+05    
      96             130        1.2302e+04      2.27e+00       7.16e-01       1.55e+05    
      97             131        1.2296e+04      6.02e+00       7.16e-01       1.50e+05    
      98             132        1.2287e+04      9.60e+00       1.43e+00       2.91e+05    
      99             134        1.2268e+04      1.85e+01       3.58e-01       8.71e+04    
      100            135        1.2263e+04      5.34e+00       7.16e-01       3.07e+05    
      101            136        1.2237e+04      2.59e+01       7.16e-01       1.97e+05    
      102            138        1.2220e+04      1.73e+01       3.58e-01       1.37e+04    
      103            139        1.2210e+04      9.18e+00       7.16e-01       3.32e+05    
      104            140        1.2171e+04      3.91e+01       7.16e-01       1.32e+05    
      105            141        1.2115e+04      5.62e+01       1.43e+00       9.74e+04    
      106            142        1.2078e+04      3.69e+01       2.86e+00       6.29e+05    
      107            144        1.1929e+04      1.49e+02       7.16e-01       2.80e+05    
      108            145        1.1856e+04      7.37e+01       1.43e+00       5.95e+05    
      109            146        1.1716e+04      1.39e+02       1.43e+00       3.99e+04    
      110            148        1.1652e+04      6.39e+01       7.16e-01       1.37e+05    
      111            149        1.1548e+04      1.04e+02       1.43e+00       1.06e+05    
      112            150        1.1384e+04      1.64e+02       2.86e+00       3.84e+05    
      113            151        1.1211e+04      1.73e+02       5.73e+00       6.03e+05    
      114            152        1.1210e+04      1.80e+00       5.73e+00       1.27e+06    
      115            153        1.0977e+04      2.33e+02       1.43e+00       1.15e+05    
      116            155        1.0973e+04      4.43e+00       7.16e-01       2.17e+04    
      117            156        1.0971e+04      1.95e+00       1.43e+00       8.48e+04    
      118            157        1.0967e+04      3.27e+00       1.43e+00       7.60e+04    
      119            158        1.0964e+04      3.26e+00       1.43e+00       6.78e+04    
      120            159        1.0961e+04      3.29e+00       1.43e+00       6.28e+04    
      121            160        1.0957e+04      3.32e+00       1.43e+00       5.98e+04    
      122            162        1.0955e+04      2.72e+00       7.16e-01       1.61e+04    
      123            163        1.0952e+04      2.37e+00       1.43e+00       5.49e+04    
      124            165        1.0950e+04      2.49e+00       7.16e-01       1.56e+04    
      125            166        1.0947e+04      2.51e+00       1.43e+00       5.38e+04    
      126            168        1.0945e+04      2.43e+00       7.16e-01       1.53e+04    
      127            169        1.0942e+04      2.56e+00       1.43e+00       5.30e+04    
      128            171        1.0940e+04      2.42e+00       7.16e-01       1.49e+04    
      129            172        1.0937e+04      2.55e+00       1.43e+00       5.22e+04    
      130            174        1.0935e+04      2.40e+00       7.16e-01       1.45e+04    
      131            175        1.0933e+04      2.49e+00       1.43e+00       5.13e+04    
      132            177        1.0930e+04      2.35e+00       7.16e-01       1.40e+04    
      133            178        1.0928e+04      2.39e+00       1.43e+00       5.02e+04    
      134            180        1.0926e+04      2.26e+00       7.16e-01       1.35e+04    
      135            181        1.0923e+04      2.26e+00       1.43e+00       4.90e+04    
      136            183        1.0921e+04      2.14e+00       7.16e-01       1.29e+04    
      137            184        1.0919e+04      2.10e+00       1.43e+00       4.77e+04    
      138            186        1.0917e+04      2.00e+00       7.16e-01       1.24e+04    
      139            187        1.0915e+04      1.91e+00       1.43e+00       4.64e+04    
      140            189        1.0913e+04      1.85e+00       7.16e-01       1.18e+04    
      141            190        1.0912e+04      1.71e+00       1.43e+00       4.51e+04    
      142            191        1.0909e+04      2.16e+00       1.43e+00       4.43e+04    
      143            193        1.0908e+04      1.61e+00       7.16e-01       1.09e+04    
      144            194        1.0906e+04      1.35e+00       1.43e+00       4.28e+04    
      145            195        1.0905e+04      1.78e+00       1.43e+00       4.15e+04    
      146            197        1.0903e+04      1.36e+00       7.16e-01       9.98e+03    
      147            198        1.0902e+04      1.02e+00       1.43e+00       4.01e+04    
      148            199        1.0901e+04      1.42e+00       1.43e+00       3.82e+04    
      149            201        1.0900e+04      1.09e+00       7.16e-01       8.98e+03    
      150            202        1.0899e+04      7.41e-01       1.43e+00       3.65e+04    
      151            203        1.0898e+04      1.07e+00       1.43e+00       3.39e+04    
      152            204        1.0897e+04      9.26e-01       1.43e+00       3.17e+04    
      153            205        1.0896e+04      7.94e-01       1.43e+00       2.92e+04    
      154            207        1.0896e+04      5.78e-01       7.16e-01       6.52e+03    
      155            208        1.0895e+04      3.66e-01       1.43e+00       2.49e+04    
      156            209        1.0895e+04      4.96e-01       1.43e+00       1.96e+04    
      157            210        1.0895e+04      2.44e-02       2.86e+00       5.18e+04    
      158            211        1.0894e+04      7.17e-01       7.16e-01       2.71e+03    
      159            212        1.0894e+04      7.77e-02       1.43e+00       1.42e+04    
      160            213        1.0894e+04      7.13e-02       1.43e+00       1.79e+04    
      161            214        1.0894e+04      6.39e-02       1.43e+00       2.06e+04    
      162            215        1.0894e+04      2.35e-01       3.58e-01       1.36e+03    
      163            216        1.0894e+04      3.78e-02       7.16e-01       5.52e+03    
      164            217        1.0894e+04      4.80e-02       7.16e-01       5.73e+03    
      165            219        1.0893e+04      3.81e-02       3.58e-01       1.48e+03    
      166            220        1.0893e+04      2.80e-02       7.16e-01       5.84e+03    
      167            221        1.0893e+04      3.95e-02       7.16e-01       5.84e+03    
      168            222        1.0893e+04      3.63e-02       7.16e-01       5.72e+03    
      169            223        1.0893e+04      3.29e-02       7.16e-01       5.48e+03    
      170            225        1.0893e+04      2.40e-02       3.58e-01       1.34e+03    
      171            226        1.0893e+04      1.88e-02       7.16e-01       4.84e+03    
      172            227        1.0893e+04      2.39e-02       7.16e-01       4.29e+03    
      173            229        1.0893e+04      1.46e-02       3.58e-01       9.68e+02    
      174            230        1.0893e+04      1.59e-02       7.16e-01       3.29e+03    
      175            231        1.0893e+04      1.75e-03       1.43e+00       8.58e+03    
      176            232        1.0893e+04      4.26e-02       3.58e-01       3.42e+02    
      177            233        1.0893e+04      1.32e-02       7.16e-01       1.20e+03    
      178            235        1.0893e+04      1.03e-02       3.58e-01       2.01e+02    
      179            236        1.0893e+04      1.27e-02       7.16e-01       6.27e+02    
      180            238        1.0893e+04      1.06e-02       3.58e-01       7.03e+01    
      181            239        1.0893e+04      1.25e-02       7.16e-01       2.03e+02    
      182            241        1.0893e+04      1.12e-02       3.58e-01       3.93e+01    
      183            242        1.0893e+04      1.27e-02       7.16e-01       1.56e+02    
      184            244        1.0893e+04      1.17e-02       3.58e-01       8.36e+01    
      185            245        1.0893e+04      1.30e-02       7.16e-01       2.86e+02    
      186            247        1.0893e+04      1.24e-02       3.58e-01       1.27e+02    
      187            248        1.0893e+04      1.35e-02       7.16e-01       4.29e+02    
      188            250        1.0893e+04      1.31e-02       3.58e-01       1.60e+02    
      189            251        1.0893e+04      1.40e-02       7.16e-01       5.36e+02    
      190            253        1.0893e+04      1.39e-02       3.58e-01       1.85e+02    
      191            254        1.0893e+04      1.47e-02       7.16e-01       6.21e+02    
      192            256        1.0893e+04      1.48e-02       3.58e-01       2.06e+02    
      193            257        1.0893e+04      1.54e-02       7.16e-01       6.92e+02    
      194            259        1.0893e+04      1.58e-02       3.58e-01       2.25e+02    
      195            260        1.0893e+04      1.61e-02       7.16e-01       7.59e+02    
      196            262        1.0893e+04      1.68e-02       3.58e-01       2.41e+02    
      197            263        1.0893e+04      1.68e-02       7.16e-01       8.18e+02    
      198            264        1.0893e+04      2.35e-02       7.16e-01       9.18e+02    
      199            266        1.0893e+04      1.90e-02       3.58e-01       2.71e+02    
      200            267        1.0893e+04      1.81e-02       7.16e-01       9.19e+02    
      201            268        1.0893e+04      2.59e-02       7.16e-01       1.02e+03    
      202            270        1.0893e+04      2.15e-02       3.58e-01       2.99e+02    
      203            271        1.0893e+04      1.95e-02       7.16e-01       1.02e+03    
      204            272        1.0893e+04      2.86e-02       7.16e-01       1.12e+03    
      205            274        1.0893e+04      2.44e-02       3.58e-01       3.29e+02    
      206            275        1.0893e+04      2.08e-02       7.16e-01       1.12e+03    
      207            276        1.0893e+04      3.16e-02       7.16e-01       1.24e+03    
      208            278        1.0893e+04      2.80e-02       3.58e-01       3.61e+02    
      209            279        1.0893e+04      2.21e-02       7.16e-01       1.24e+03    
      210            280        1.0893e+04      3.50e-02       7.16e-01       1.36e+03    
      211            281        1.0893e+04      3.65e-02       7.16e-01       1.42e+03    
      212            282        1.0893e+04      3.80e-02       7.16e-01       1.49e+03    
      213            283        1.0892e+04      3.96e-02       7.16e-01       1.55e+03    
      214            284        1.0892e+04      4.13e-02       7.16e-01       1.61e+03    
      215            285        1.0892e+04      4.29e-02       7.16e-01       1.68e+03    
      216            286        1.0892e+04      4.47e-02       7.16e-01       1.75e+03    
      217            287        1.0892e+04      4.65e-02       7.16e-01       1.83e+03    
      218            288        1.0892e+04      4.83e-02       7.16e-01       1.91e+03    
      219            289        1.0892e+04      5.02e-02       7.16e-01       2.00e+03    
      220            290        1.0892e+04      5.21e-02       7.16e-01       2.10e+03    
      221            291        1.0892e+04      5.39e-02       7.16e-01       2.20e+03    
      222            292        1.0892e+04      5.58e-02       7.16e-01       2.30e+03    
      223            293        1.0892e+04      5.75e-02       7.16e-01       2.42e+03    
      224            294        1.0892e+04      5.92e-02       7.16e-01       2.54e+03    
      225            295        1.0892e+04      6.06e-02       7.16e-01       2.68e+03    
      226            296        1.0892e+04      6.18e-02       7.16e-01       2.82e+03    
      227            297        1.0892e+04      6.25e-02       7.16e-01       2.98e+03    
      228            298        1.0892e+04      6.27e-02       7.16e-01       3.14e+03    
      229            299        1.0892e+04      6.22e-02       7.16e-01       3.33e+03    
      230            300        1.0892e+04      6.06e-02       7.16e-01       3.52e+03    
      231            301        1.0892e+04      5.76e-02       7.16e-01       3.73e+03    
      232            302        1.0891e+04      5.27e-02       7.16e-01       3.96e+03    
      233            303        1.0891e+04      1.94e-01       1.79e-01       2.86e+02    
      234            304        1.0891e+04      2.60e-02       3.58e-01       1.08e+03    
      235            305        1.0891e+04      3.67e-02       3.58e-01       1.09e+03    
      236            306        1.0891e+04      3.56e-02       3.58e-01       1.12e+03    
      237            307        1.0891e+04      3.41e-02       3.58e-01       1.15e+03    
      238            308        1.0891e+04      3.22e-02       3.58e-01       1.19e+03    
      239            309        1.0891e+04      2.99e-02       3.58e-01       1.22e+03    
      240            310        1.0891e+04      2.71e-02       3.58e-01       1.25e+03    
      241            311        1.0891e+04      2.38e-02       3.58e-01       1.28e+03    
      242            312        1.0891e+04      2.01e-02       3.58e-01       1.29e+03    
      243            313        1.0891e+04      1.70e-02       3.58e-01       1.26e+03    
      244            314        1.0891e+04      1.95e-02       3.58e-01       1.01e+03    
      245            315        1.0891e+04      2.13e-02       3.58e-01       4.11e+02    
      246            316        1.0891e+04      1.08e-02       7.16e-01       1.25e+02    
      247            317        1.0891e+04      1.54e-02       1.43e+00       7.47e+01    
      248            318        1.0891e+04      3.61e-02       2.86e+00       3.37e+02    
      249            319        1.0891e+04      1.12e-01       5.73e+00       3.02e+03    
      250            321        1.0891e+04      1.09e-01       2.86e+00       2.29e+03    
      251            322        1.0891e+04      1.61e-01       5.73e+00       2.54e+04    
      252            324        1.0890e+04      5.79e-01       1.43e+00       5.92e+03    
      253            326        1.0890e+04      1.95e-01       7.16e-01       2.37e+03    
      254            327        1.0889e+04      4.11e-01       1.43e+00       1.50e+04    
      255            329        1.0889e+04      4.63e-01       7.16e-01       6.72e+03    
      256            330        1.0889e+04      1.16e-01       1.43e+00       4.85e+04    
      257            331        1.0887e+04      1.54e+00       3.58e-01       5.68e+03    
      258            332        1.0887e+04      6.47e-01       7.16e-01       3.52e+04    
      259            333        1.0886e+04      5.07e-01       7.16e-01       6.39e+04    
      260            334        1.0884e+04      2.51e+00       1.79e-01       5.41e+03    
      261            335        1.0883e+04      1.00e+00       3.58e-01       3.14e+04    
      262            337        1.0881e+04      1.29e+00       1.79e-01       9.57e+03    
      263            338        1.0880e+04      9.32e-01       3.58e-01       4.98e+04    
      264            339        1.0878e+04      2.10e+00       3.58e-01       5.84e+04    
      265            340        1.0875e+04      3.24e+00       3.58e-01       5.66e+04    
      266            341        1.0870e+04      4.87e+00       3.58e-01       3.69e+04    
      267            342        1.0858e+04      1.19e+01       7.16e-01       1.70e+04    
      268            344        1.0852e+04      5.87e+00       3.58e-01       7.14e+04    
      269            346        1.0847e+04      5.68e+00       1.79e-01       1.70e+04    
      270            347        1.0842e+04      4.25e+00       3.58e-01       1.08e+05    
      271            348        1.0835e+04      7.84e+00       3.58e-01       1.19e+05    
      272            349        1.0827e+04      7.96e+00       3.58e-01       1.18e+05    
      273            350        1.0817e+04      9.22e+00       3.58e-01       7.71e+04    
      274            351        1.0810e+04      7.89e+00       7.16e-01       3.69e+04    
      275            352        1.0809e+04      2.87e-01       1.43e+00       2.32e+05    
      276            353        1.0795e+04      1.42e+01       3.58e-01       1.68e+03    
      277            354        1.0793e+04      2.06e+00       7.16e-01       3.13e+04    
      278            355        1.0791e+04      1.96e+00       1.43e+00       8.86e+04    
      279            356        1.0787e+04      4.15e+00       1.43e+00       7.30e+04    
      280            358        1.0785e+04      2.37e+00       7.16e-01       1.72e+04    
      281            359        1.0784e+04      6.28e-01       1.43e+00       8.69e+04    
      282            360        1.0781e+04      3.09e+00       1.43e+00       8.29e+04    
      283            362        1.0779e+04      1.79e+00       7.16e-01       1.96e+04    
      284            363        1.0778e+04      8.50e-01       1.43e+00       8.32e+04    
      285            364        1.0776e+04      1.93e+00       1.43e+00       7.54e+04    
      286            366        1.0775e+04      1.13e+00       7.16e-01       1.83e+04    
      287            367        1.0774e+04      9.00e-01       1.43e+00       6.73e+04    
      288            368        1.0773e+04      1.22e+00       1.43e+00       6.04e+04    
      289            370        1.0772e+04      9.95e-01       7.16e-01       1.51e+04    
      290            371        1.0771e+04      7.38e-01       1.43e+00       5.00e+04    
      291            372        1.0770e+04      1.05e+00       1.43e+00       4.52e+04    
      292            373        1.0769e+04      1.04e+00       1.43e+00       3.95e+04    
      293            374        1.0768e+04      1.02e+00       1.43e+00       3.35e+04    
      294            375        1.0767e+04      9.94e-01       1.43e+00       2.75e+04    
      295            376        1.0766e+04      9.66e-01       1.43e+00       2.17e+04    
      296            377        1.0765e+04      9.33e-01       1.43e+00       1.63e+04    
      297            378        1.0764e+04      8.93e-01       1.43e+00       1.11e+04    
      298            379        1.0764e+04      8.43e-01       1.43e+00       6.23e+03    
      299            380        1.0763e+04      7.85e-01       1.43e+00       1.75e+03    
      300            381        1.0762e+04      7.17e-01       1.43e+00       2.29e+03    
      301            382        1.0761e+04      6.44e-01       1.43e+00       5.69e+03    
      302            383        1.0761e+04      5.78e-01       1.43e+00       7.82e+03    
      303            384        1.0760e+04      5.24e-01       1.43e+00       6.84e+03    
      304            386        1.0760e+04      3.83e-01       7.16e-01       7.30e+03    
      305            387        1.0760e+04      1.17e-01       1.43e+00       8.26e+03    
      306            389        1.0759e+04      2.64e-01       3.58e-01       3.89e+03    
      307            390        1.0759e+04      1.27e-01       7.16e-01       3.79e+03    
      308            392        1.0759e+04      9.72e-02       3.58e-01       2.44e+03    
      309            393        1.0759e+04      9.20e-02       7.16e-01       6.64e+03    
      310            395        1.0759e+04      1.03e-01       3.58e-01       8.92e+02    
      311            396        1.0759e+04      5.34e-02       7.16e-01       8.52e+03    
      312            397        1.0759e+04      7.10e-02       7.16e-01       5.48e+03    
      313            398        1.0759e+04      8.10e-02       7.16e-01       7.83e+03    
      314            399        1.0759e+04      8.42e-02       7.16e-01       5.49e+03    
      315            400        1.0759e+04      9.38e-02       7.16e-01       5.92e+03    
      316            401        1.0759e+04      1.06e-01       7.16e-01       4.45e+03    
      317            402        1.0758e+04      1.14e-01       7.16e-01       4.44e+03    
      318            403        1.0758e+04      1.17e-01       7.16e-01       4.02e+03    
      319            404        1.0758e+04      1.21e-01       7.16e-01       4.23e+03    
      320            406        1.0758e+04      1.36e-01       3.58e-01       1.55e+03    
      321            407        1.0758e+04      7.16e-02       7.16e-01       4.75e+03    
      322            408        1.0758e+04      1.17e-01       7.16e-01       3.67e+03    
      323            409        1.0758e+04      1.58e-01       7.16e-01       3.60e+03    
      324            411        1.0758e+04      1.78e-01       3.58e-01       1.31e+03    
      325            412        1.0758e+04      6.41e-02       7.16e-01       3.14e+03    
      326            413        1.0757e+04      9.87e-02       7.16e-01       1.02e+03    
      327            414        1.0757e+04      1.86e-01       7.16e-01       1.05e+03    
      328            415        1.0757e+04      1.28e-01       7.16e-01       1.38e+03    
      329            416        1.0757e+04      1.94e-01       7.16e-01       1.65e+03    
      330            417        1.0757e+04      1.61e-01       7.16e-01       3.16e+03    
      331            418        1.0757e+04      2.14e-01       7.16e-01       3.59e+03    
      332            419        1.0756e+04      2.01e-01       7.16e-01       4.75e+03    
      333            420        1.0756e+04      2.41e-01       7.16e-01       5.23e+03    
      334            421        1.0756e+04      2.39e-01       7.16e-01       6.11e+03    
      335            422        1.0756e+04      2.68e-01       7.16e-01       6.58e+03    
      336            423        1.0755e+04      2.73e-01       7.16e-01       7.26e+03    
      337            424        1.0755e+04      2.94e-01       7.16e-01       7.67e+03    
      338            425        1.0755e+04      3.01e-01       7.16e-01       8.18e+03    
      339            426        1.0754e+04      3.17e-01       7.16e-01       8.52e+03    
      340            427        1.0754e+04      3.24e-01       7.16e-01       8.87e+03    
      341            428        1.0754e+04      3.36e-01       7.16e-01       9.09e+03    
      342            429        1.0753e+04      3.42e-01       7.16e-01       9.29e+03    
      343            430        1.0753e+04      3.49e-01       7.16e-01       9.34e+03    
      344            431        1.0753e+04      3.51e-01       7.16e-01       9.33e+03    
      345            432        1.0752e+04      3.53e-01       7.16e-01       9.15e+03    
      346            433        1.0752e+04      3.51e-01       7.16e-01       8.80e+03    
      347            434        1.0752e+04      3.48e-01       7.16e-01       8.12e+03    
      348            435        1.0751e+04      3.87e-01       1.43e+00       4.71e+03    
      349            437        1.0751e+04      4.22e-01       7.16e-01       2.74e+03    
      350            438        1.0751e+04      9.52e-02       1.43e+00       3.81e+03    
      351            439        1.0751e+04      8.34e-02       1.43e+00       4.53e+03    
      352            440        1.0751e+04      2.83e-02       1.43e+00       5.36e+03    
      353            441        1.0750e+04      5.56e-01       3.58e-01       1.11e+03    
      354            442        1.0750e+04      6.25e-02       7.16e-01       1.53e+03    
      355            444        1.0750e+04      1.04e-01       3.58e-01       1.01e+02    
      356            445        1.0750e+04      6.32e-03       7.16e-01       2.29e+03    
      357            446        1.0750e+04      9.48e-02       1.79e-01       2.53e+02    
      358            447        1.0750e+04      3.04e-02       3.58e-01       6.11e+02    
      359            449        1.0750e+04      2.71e-02       1.79e-01       4.80e+01    
      360            450        1.0750e+04      1.71e-02       3.58e-01       7.68e+02    
      361            452        1.0750e+04      1.95e-02       1.79e-01       1.27e+02    
      362            453        1.0750e+04      8.84e-03       3.58e-01       7.86e+02    
      363            455        1.0750e+04      1.52e-02       1.79e-01       1.63e+02    
      364            456        1.0750e+04      3.41e-03       3.58e-01       7.63e+02    
      365            457        1.0750e+04      7.76e-03       3.58e-01       6.36e+02    
      366            458        1.0750e+04      6.31e-03       3.58e-01       6.25e+02    
      367            459        1.0750e+04      5.91e-03       3.58e-01       5.99e+02    
      368            460        1.0750e+04      7.30e-03       1.69e-01       1.88e+02    
      369            461        1.0750e+04      2.19e-03       9.82e-02       9.33e+01    
      370            462        1.0750e+04      1.28e-03       6.12e-02       4.30e+01    
      371            463        1.0750e+04      8.99e-04       4.06e-02       1.82e+01    
      372            464        1.0750e+04      6.56e-04       3.00e-02       8.16e+00    
      373            465        1.0750e+04      4.83e-04       2.03e-02       2.74e+00    
      374            466        1.0750e+04      3.58e-04       1.63e-02       2.37e+00    
      375            467        1.0750e+04      2.65e-04       1.35e-02       2.07e+00    
      376            468        1.0750e+04      1.97e-04       1.06e-02       1.76e+00    
      377            469        1.0750e+04      1.46e-04       8.58e-03       1.56e+00    
      378            470        1.0750e+04      1.08e-04       7.68e-03       1.31e+00    
      379            471        1.0750e+04      8.04e-05       5.81e-03       1.18e+00    
`ftol` termination condition is satisfied.
Function evaluations 471, initial cost 1.1197e+08, final cost 1.0750e+04, first-order optimality 1.18e+00.
prediction loss 10749.6371834313
rms error 1.0606571099095197
permuted prediction loss 10749.6371834313
