Q_target [[-3.73078817e-01  3.00591602e-01  1.19437966e+00  1.93059048e+00
  -3.51221183e-03  6.80777767e-02  1.18322727e+00 -1.84579137e+00
  -3.60189393e-01  1.31493307e+00  1.27865807e+00  1.04199230e+00
  -2.15271100e-01  6.89968299e-01 -7.77720448e-01  1.68096445e+00
  -3.07287707e-01 -2.04253367e+00 -1.54128978e+00 -1.67870808e+00
  -1.60959964e+00  9.67237849e-01  9.08813988e-01 -3.04384461e-01
   1.17180344e+00 -3.51669534e-01  1.34092898e-01 -9.21206365e-01
  -3.24009288e-01  5.98053073e-01 -2.91827909e-01  7.41942028e-01
   6.35777805e-01 -9.47467654e-02  7.91767099e-02  4.45921631e-01
   1.47085966e+00  4.60556370e-02 -1.70057440e+00 -7.16506240e-01
  -2.04930952e+00  7.77029441e-01  1.71949157e+00 -1.03732918e+00
   1.50883765e+00  9.97164222e-01  1.78374419e+00 -1.31988441e+00
   6.72746972e-01  5.85063514e-01 -7.52151698e-01 -7.68973225e-01
   5.34852617e-01 -1.27938939e+00  2.14461407e+00 -1.67783545e-01
  -1.90892990e+00  1.76079421e-01 -7.00975836e-01 -6.28871432e-01
   2.57764697e-02 -1.23835258e+00 -1.47092212e+00  3.48384435e-01
   5.28279723e-01 -4.29388965e-01 -6.50469199e-01 -5.58783300e-01
   1.72910178e+00  1.70971075e-02 -1.68366585e+00  1.24034097e+00
  -5.64575070e-02 -1.30587332e+00 -1.96457844e+00 -6.36823357e-01
  -7.09269463e-01  4.19462791e-01 -2.02018851e-01  6.26157980e-01
  -7.42178133e-01  6.39740505e-01 -1.29907509e+00 -8.16708650e-01
   1.74393339e-02  1.71707949e+00  2.43359712e+00  1.38379306e-01
   8.66095952e-01  2.26503779e+00  9.96653411e-01  2.41169188e-02
   8.77067020e-01 -8.73252091e-01  4.75041798e-01 -6.76927390e-01
   8.27574556e-01  6.77738181e-01  8.07571114e-01  3.67032853e-01]
 [ 8.52238300e-01  1.92226331e+00 -4.16387487e-01  1.14823613e-01
  -1.31598237e+00  2.68920326e+00  1.33686387e+00  4.57823460e-01
   8.96007386e-01  1.85298341e+00  8.73230556e-02 -1.18019267e+00
  -7.05683536e-01  5.13924661e-01  8.21461610e-01 -1.28031003e-01
  -2.99911929e+00  9.90490325e-01  1.43140428e+00  3.71646335e+00
  -6.38145584e-01  1.46025496e+00 -3.30078162e-01 -1.08830388e+00
  -4.07593328e-01 -1.64309925e-02  7.17758954e-01 -8.17532617e-01
  -8.54102554e-01  2.37011522e-01 -1.63619468e-01 -8.29737723e-02
  -2.99024205e-01 -1.42081277e+00  1.69950244e+00 -6.08933957e-01
  -8.53869480e-02  5.74827228e-01 -3.84340658e-01  4.39519951e-01
   1.97083807e-01  2.41108568e+00  3.46415332e-01 -3.45697925e-01
   1.26754660e+00  1.04369674e+00 -3.11879766e-01 -1.33074517e+00
   5.97858824e-02 -7.13115818e-01  5.17750541e-01 -7.72397853e-01
  -6.22896717e-01  1.92912843e+00  4.87691852e-01 -3.17282337e-01
  -3.41898704e-01  1.42782157e-01  5.30493261e-01  8.20852191e-01
  -2.79776298e-01 -1.33814520e-01 -1.49258800e+00  4.33198574e-01
   1.85907015e+00 -1.71987191e-01  1.96362192e+00 -2.96710444e-02
   4.59059005e-01  3.41242441e-01  3.81122767e-01  5.39891586e-01
   1.74989283e+00  1.63477817e-01 -4.96532781e-01  8.56621420e-02
   1.17204154e+00 -2.94107452e-01  2.57230719e-01  6.58420879e-01
   1.02156402e+00  9.06838797e-01  4.69288735e-01  1.84470603e+00
  -1.32519661e-01 -8.38365275e-01 -8.43534198e-01  1.07277021e+00
  -1.26702273e+00 -5.18777565e-01  1.96630421e-01  2.90438950e-01
   7.89262153e-01  1.45637041e+00  1.42936864e+00  4.71737635e-02
   1.34494983e+00 -8.91822738e-01  1.42721664e+00  8.55046113e-01]
 [-7.82892481e-01 -5.85257613e-01 -8.75656436e-01 -7.45717977e-01
  -2.12838735e-01  8.26693958e-01  1.34430995e+00 -9.99447417e-01
   9.92603141e-01  1.62761504e-01  6.82558549e-01  8.19465724e-02
   1.02109797e-01 -7.05734322e-01 -5.82884855e-01  1.75614149e-02
  -1.28715268e+00 -7.79067723e-01  7.77237341e-03  7.10752368e-02
  -2.17904527e-01  9.27021064e-01 -1.39792899e+00  4.86735348e-01
   6.80853599e-01  2.68315652e+00  6.64870758e-01 -5.32936167e-01
  -2.82318356e-03  1.95287337e+00 -1.42974488e+00 -3.58216782e-01
  -1.66268440e+00 -1.79349314e+00  7.93598150e-01  1.77203719e-01
  -1.56591702e+00 -2.87066383e-01  4.13624422e-01  4.91162873e-01
  -1.12299420e-01  5.07710387e-01  1.05429707e-01 -7.84988045e-01
   9.30676798e-01  3.47190189e-01  1.31866210e+00  1.02702158e+00
   6.03742478e-01  9.36791426e-02  1.20439985e+00  2.05061447e+00
  -2.53725937e-01  3.34888399e-01  9.77655129e-01 -1.34648004e+00
  -1.78305812e-01 -1.88893308e-01  8.24644847e-01  1.85887042e-01
   1.35619655e-01 -5.08344321e-01 -5.56632689e-01  4.32335066e-01
   9.02186060e-01  8.20182382e-02 -3.40431148e-01 -1.08262992e+00
  -8.53519001e-01 -1.09434795e+00  3.52189930e-01  1.85638476e+00
   3.27999739e-01 -8.62339706e-01  1.98596906e-01  3.73788466e-01
  -7.81851095e-01  1.19415778e+00 -8.08755938e-01  5.91951070e-01
  -8.06368842e-01 -1.32248441e-01 -1.90638107e+00  9.17600403e-01
  -1.54552411e-01  1.37067380e-02 -6.78087921e-01  6.74274591e-01
   4.97305317e-01  1.30512121e+00 -4.23732761e-01 -8.37320447e-01
  -1.27386998e-02  8.38607971e-02  9.53129483e-01  9.26737986e-01
   4.00001736e-02  2.25373981e+00  6.26309806e-01 -6.89383792e-02]
 [-2.40268938e-03 -6.54649464e-01 -1.53082944e+00 -8.49167744e-01
   7.84080286e-01  1.17547128e+00  1.29608026e+00 -1.29878987e+00
  -4.44181677e-01  5.08270599e-01  4.42119106e-01  4.48976527e-01
   3.33715410e-02  1.78597345e+00  4.84143383e-01  1.30224455e+00
   5.59812092e-02 -1.50906849e+00  9.35385772e-01 -4.90873430e-01
  -3.25985930e-01 -1.44707692e+00 -8.24298854e-02 -1.10045012e+00
  -4.35147365e-01  7.56433300e-01  1.92588403e+00 -5.09112913e-02
   5.29933895e-01 -2.84481050e-01  6.33413810e-01  4.41067539e-02
   4.10999680e-02 -1.03346272e-01 -1.03733667e+00  8.08526742e-01
   4.43192060e-01 -5.23055503e-01  1.37330010e+00 -2.12249755e+00
  -2.10364847e-01 -3.70818145e-01  7.55830200e-01  1.64239301e+00
   1.84628255e+00 -7.33934182e-01  1.10773265e+00 -3.84647732e-01
  -1.35512928e+00 -1.54568751e+00  3.82500544e-01 -5.95628616e-01
   4.05216510e-01  7.65334201e-01 -7.39397912e-01  2.20236075e+00
   1.95526637e+00  4.39858053e-01  4.00264799e-02 -1.02797255e+00
  -2.26992666e+00 -3.57795929e-01 -9.07487404e-02  4.48472307e-01
   1.01317471e+00  2.16203122e+00  1.47314675e+00 -6.05378135e-01
  -1.00665227e-01 -1.49048647e-01 -9.61670762e-01  1.21060036e+00
  -1.82375803e-01  5.92675434e-01 -9.97654012e-01 -1.85121390e+00
  -8.49986711e-01 -1.72308616e+00  2.37447911e+00 -8.60797584e-01
  -1.72204455e+00  1.39688448e-01  3.78049802e-01 -1.96623300e+00
   5.32355629e-02 -1.13333361e+00  1.00026045e+00 -2.24538914e-01
   1.42657292e+00  8.54261158e-01 -7.51592346e-01 -4.81515366e-01
  -1.62791419e+00 -8.63386172e-01 -1.39329603e+00  2.41933049e-01
  -5.32881445e-01 -2.64887152e-01  5.11757622e-01  5.48002910e-01]
 [ 4.16813065e-01 -1.52176227e+00  2.27957290e-01  1.61719287e-01
   7.21588747e-01  1.31667004e+00  9.51848877e-01 -2.25616282e-01
  -6.82204943e-01 -1.44787209e+00  7.30323306e-01  4.00085169e-01
   3.50987930e-01  1.17401221e+00  6.82786423e-03 -7.25081977e-01
   4.59672658e-01 -7.83659362e-01 -1.51164015e+00 -3.45858278e-01
  -4.60909035e-01 -1.43342195e+00 -1.22652291e+00  6.40313837e-01
  -1.15872260e-01  1.09455830e+00  1.93364623e-01  1.69951426e+00
  -2.72316670e-01  8.21653648e-01  2.19655812e-01 -4.64021521e-01
   6.57784509e-01 -9.42128095e-01  9.06924730e-02 -1.01032866e+00
   5.88629104e-01  7.21338257e-01 -1.65306348e-01  9.01612371e-01
   3.49935716e-01 -1.48702546e+00  2.04758986e+00 -1.19411276e+00
   1.21441663e+00 -4.70518712e-01  6.11044716e-01  1.04982788e+00
   2.60265810e-02 -1.76831003e+00 -1.53562863e+00  2.69075895e-01
   4.02824822e-01 -7.52334343e-01  1.15030282e+00 -9.33375531e-01
   2.71978899e-02  5.86148941e-01 -6.57561935e-01 -1.23881686e-01
   1.03949789e+00  9.29233959e-01 -1.41083402e+00 -2.03385205e+00
   1.92636523e+00 -2.49358292e+00  4.28834842e-01  4.59971570e-01
   3.01195444e-01 -3.80842298e-01  1.99178951e-01  9.97485662e-01
  -9.24265362e-01  6.61636355e-02 -8.33943721e-02 -5.45971962e-01
  -1.03054855e+00 -3.39357071e-01  2.23334902e-02 -1.40623886e+00
  -1.33069211e+00 -6.14370909e-01  1.36065172e-01 -1.45396916e-02
  -1.35198232e+00 -4.31960939e-01  1.63622576e+00  6.20770857e-01
   2.49762395e-01 -8.74956322e-01  1.21677333e+00  2.39911354e-01
  -8.41226888e-01 -1.10227193e+00 -2.09198127e-01  5.84256788e-01
  -5.71123703e-02 -6.70503753e-01 -9.41239254e-01  8.39204078e-01]]
R [[0.475      0.475      0.475     ]
 [0.475      0.475      0.48333333]
 [0.475      0.475      0.49166667]
 [0.475      0.475      0.5       ]
 [0.475      0.475      0.50833333]
 [0.475      0.475      0.51666667]
 [0.475      0.48333333 0.475     ]
 [0.475      0.48333333 0.48333333]
 [0.475      0.48333333 0.49166667]
 [0.475      0.48333333 0.5       ]
 [0.475      0.48333333 0.50833333]
 [0.475      0.48333333 0.51666667]
 [0.475      0.49166667 0.475     ]
 [0.475      0.49166667 0.48333333]
 [0.475      0.49166667 0.49166667]
 [0.475      0.49166667 0.5       ]
 [0.475      0.49166667 0.50833333]
 [0.475      0.49166667 0.51666667]
 [0.475      0.5        0.475     ]
 [0.475      0.5        0.48333333]
 [0.475      0.5        0.49166667]
 [0.475      0.5        0.5       ]
 [0.475      0.5        0.50833333]
 [0.475      0.5        0.51666667]
 [0.475      0.50833333 0.475     ]
 [0.475      0.50833333 0.48333333]
 [0.475      0.50833333 0.49166667]
 [0.475      0.50833333 0.5       ]
 [0.475      0.50833333 0.50833333]
 [0.475      0.50833333 0.51666667]
 [0.475      0.51666667 0.475     ]
 [0.475      0.51666667 0.48333333]
 [0.475      0.51666667 0.49166667]
 [0.475      0.51666667 0.5       ]
 [0.475      0.51666667 0.50833333]
 [0.475      0.51666667 0.51666667]
 [0.48333333 0.475      0.475     ]
 [0.48333333 0.475      0.48333333]
 [0.48333333 0.475      0.49166667]
 [0.48333333 0.475      0.5       ]
 [0.48333333 0.475      0.50833333]
 [0.48333333 0.475      0.51666667]
 [0.48333333 0.48333333 0.475     ]
 [0.48333333 0.48333333 0.48333333]
 [0.48333333 0.48333333 0.49166667]
 [0.48333333 0.48333333 0.5       ]
 [0.48333333 0.48333333 0.50833333]
 [0.48333333 0.48333333 0.51666667]
 [0.48333333 0.49166667 0.475     ]
 [0.48333333 0.49166667 0.48333333]
 [0.48333333 0.49166667 0.49166667]
 [0.48333333 0.49166667 0.5       ]
 [0.48333333 0.49166667 0.50833333]
 [0.48333333 0.49166667 0.51666667]
 [0.48333333 0.5        0.475     ]
 [0.48333333 0.5        0.48333333]
 [0.48333333 0.5        0.49166667]
 [0.48333333 0.5        0.5       ]
 [0.48333333 0.5        0.50833333]
 [0.48333333 0.5        0.51666667]
 [0.48333333 0.50833333 0.475     ]
 [0.48333333 0.50833333 0.48333333]
 [0.48333333 0.50833333 0.49166667]
 [0.48333333 0.50833333 0.5       ]
 [0.48333333 0.50833333 0.50833333]
 [0.48333333 0.50833333 0.51666667]
 [0.48333333 0.51666667 0.475     ]
 [0.48333333 0.51666667 0.48333333]
 [0.48333333 0.51666667 0.49166667]
 [0.48333333 0.51666667 0.5       ]
 [0.48333333 0.51666667 0.50833333]
 [0.48333333 0.51666667 0.51666667]
 [0.49166667 0.475      0.475     ]
 [0.49166667 0.475      0.48333333]
 [0.49166667 0.475      0.49166667]
 [0.49166667 0.475      0.5       ]
 [0.49166667 0.475      0.50833333]
 [0.49166667 0.475      0.51666667]
 [0.49166667 0.48333333 0.475     ]
 [0.49166667 0.48333333 0.48333333]
 [0.49166667 0.48333333 0.49166667]
 [0.49166667 0.48333333 0.5       ]
 [0.49166667 0.48333333 0.50833333]
 [0.49166667 0.48333333 0.51666667]
 [0.49166667 0.49166667 0.475     ]
 [0.49166667 0.49166667 0.48333333]
 [0.49166667 0.49166667 0.49166667]
 [0.49166667 0.49166667 0.5       ]
 [0.49166667 0.49166667 0.50833333]
 [0.49166667 0.49166667 0.51666667]
 [0.49166667 0.5        0.475     ]
 [0.49166667 0.5        0.48333333]
 [0.49166667 0.5        0.49166667]
 [0.49166667 0.5        0.5       ]
 [0.49166667 0.5        0.50833333]
 [0.49166667 0.5        0.51666667]
 [0.49166667 0.50833333 0.475     ]
 [0.49166667 0.50833333 0.48333333]
 [0.49166667 0.50833333 0.49166667]
 [0.49166667 0.50833333 0.5       ]
 [0.49166667 0.50833333 0.50833333]
 [0.49166667 0.50833333 0.51666667]
 [0.49166667 0.51666667 0.475     ]
 [0.49166667 0.51666667 0.48333333]
 [0.49166667 0.51666667 0.49166667]
 [0.49166667 0.51666667 0.5       ]
 [0.49166667 0.51666667 0.50833333]
 [0.49166667 0.51666667 0.51666667]
 [0.5        0.475      0.475     ]
 [0.5        0.475      0.48333333]
 [0.5        0.475      0.49166667]
 [0.5        0.475      0.5       ]
 [0.5        0.475      0.50833333]
 [0.5        0.475      0.51666667]
 [0.5        0.48333333 0.475     ]
 [0.5        0.48333333 0.48333333]
 [0.5        0.48333333 0.49166667]
 [0.5        0.48333333 0.5       ]
 [0.5        0.48333333 0.50833333]
 [0.5        0.48333333 0.51666667]
 [0.5        0.49166667 0.475     ]
 [0.5        0.49166667 0.48333333]
 [0.5        0.49166667 0.49166667]
 [0.5        0.49166667 0.5       ]
 [0.5        0.49166667 0.50833333]
 [0.5        0.49166667 0.51666667]
 [0.5        0.5        0.475     ]
 [0.5        0.5        0.48333333]
 [0.5        0.5        0.49166667]
 [0.5        0.5        0.5       ]
 [0.5        0.5        0.50833333]
 [0.5        0.5        0.51666667]
 [0.5        0.50833333 0.475     ]
 [0.5        0.50833333 0.48333333]
 [0.5        0.50833333 0.49166667]
 [0.5        0.50833333 0.5       ]
 [0.5        0.50833333 0.50833333]
 [0.5        0.50833333 0.51666667]
 [0.5        0.51666667 0.475     ]
 [0.5        0.51666667 0.48333333]
 [0.5        0.51666667 0.49166667]
 [0.5        0.51666667 0.5       ]
 [0.5        0.51666667 0.50833333]
 [0.5        0.51666667 0.51666667]
 [0.50833333 0.475      0.475     ]
 [0.50833333 0.475      0.48333333]
 [0.50833333 0.475      0.49166667]
 [0.50833333 0.475      0.5       ]
 [0.50833333 0.475      0.50833333]
 [0.50833333 0.475      0.51666667]
 [0.50833333 0.48333333 0.475     ]
 [0.50833333 0.48333333 0.48333333]
 [0.50833333 0.48333333 0.49166667]
 [0.50833333 0.48333333 0.5       ]
 [0.50833333 0.48333333 0.50833333]
 [0.50833333 0.48333333 0.51666667]
 [0.50833333 0.49166667 0.475     ]
 [0.50833333 0.49166667 0.48333333]
 [0.50833333 0.49166667 0.49166667]
 [0.50833333 0.49166667 0.5       ]
 [0.50833333 0.49166667 0.50833333]
 [0.50833333 0.49166667 0.51666667]
 [0.50833333 0.5        0.475     ]
 [0.50833333 0.5        0.48333333]
 [0.50833333 0.5        0.49166667]
 [0.50833333 0.5        0.5       ]
 [0.50833333 0.5        0.50833333]
 [0.50833333 0.5        0.51666667]
 [0.50833333 0.50833333 0.475     ]
 [0.50833333 0.50833333 0.48333333]
 [0.50833333 0.50833333 0.49166667]
 [0.50833333 0.50833333 0.5       ]
 [0.50833333 0.50833333 0.50833333]
 [0.50833333 0.50833333 0.51666667]
 [0.50833333 0.51666667 0.475     ]
 [0.50833333 0.51666667 0.48333333]
 [0.50833333 0.51666667 0.49166667]
 [0.50833333 0.51666667 0.5       ]
 [0.50833333 0.51666667 0.50833333]
 [0.50833333 0.51666667 0.51666667]
 [0.51666667 0.475      0.475     ]
 [0.51666667 0.475      0.48333333]
 [0.51666667 0.475      0.49166667]
 [0.51666667 0.475      0.5       ]
 [0.51666667 0.475      0.50833333]
 [0.51666667 0.475      0.51666667]
 [0.51666667 0.48333333 0.475     ]
 [0.51666667 0.48333333 0.48333333]
 [0.51666667 0.48333333 0.49166667]
 [0.51666667 0.48333333 0.5       ]
 [0.51666667 0.48333333 0.50833333]
 [0.51666667 0.48333333 0.51666667]
 [0.51666667 0.49166667 0.475     ]
 [0.51666667 0.49166667 0.48333333]
 [0.51666667 0.49166667 0.49166667]
 [0.51666667 0.49166667 0.5       ]
 [0.51666667 0.49166667 0.50833333]
 [0.51666667 0.49166667 0.51666667]
 [0.51666667 0.5        0.475     ]
 [0.51666667 0.5        0.48333333]
 [0.51666667 0.5        0.49166667]
 [0.51666667 0.5        0.5       ]
 [0.51666667 0.5        0.50833333]
 [0.51666667 0.5        0.51666667]
 [0.51666667 0.50833333 0.475     ]
 [0.51666667 0.50833333 0.48333333]
 [0.51666667 0.50833333 0.49166667]
 [0.51666667 0.50833333 0.5       ]
 [0.51666667 0.50833333 0.50833333]
 [0.51666667 0.50833333 0.51666667]
 [0.51666667 0.51666667 0.475     ]
 [0.51666667 0.51666667 0.48333333]
 [0.51666667 0.51666667 0.49166667]
 [0.51666667 0.51666667 0.5       ]
 [0.51666667 0.51666667 0.50833333]
 [0.51666667 0.51666667 0.51666667]]
S [[0.50384071 0.3315923  0.50284927]
 [0.98956955 0.96708209 0.07394691]
 [0.45399193 0.06422403 0.59439278]
 [0.80765209 0.46180964 0.3154672 ]
 [0.75223119 0.77353292 0.5373852 ]]
D [[0.14890647 0.81717206 0.42829064 0.36916407 0.41215404]
 [0.14757516 0.821294   0.42604276 0.37284104 0.41097524]
 [0.14670585 0.82547949 0.4239468  0.3766665  0.40996247]
 ...
 [0.18554014 0.77976434 0.46641447 0.34890423 0.35052614]
 [0.1855993  0.78434862 0.46479962 0.35338245 0.34973551]
 [0.18603211 0.78899428 0.46332905 0.35799865 0.34914206]]
U [[45.099617    1.4975212   5.45158569  7.33772007  5.88682163]
 [45.91699785  1.48252728  5.50926447  7.19370441  5.92064054]
 [46.46277456  1.46753147  5.56387395  7.04832643  5.9499293 ]
 ...
 [29.04853389  1.64464914  4.59680387  8.21462078  8.13877774]
 [29.03001827  1.62548038  4.62880059  8.00774151  8.17561683]
 [28.89509696  1.60639482  4.65823015  7.80256174  8.20343357]]
P [[-17.38139839  -0.5173634   38.57794604 ...  35.62586085  40.18704326
   26.41900398]
 [-17.72983836  -0.29142934  39.73811827 ...  36.33866815  40.75632885
   26.6516728 ]
 [-17.97643221  -0.13755889  40.57763327 ...  36.86388155  41.10791651
   26.78031567]
 ...
 [ -9.66195115  -8.5601024   19.26505619 ...  20.94753637  25.22840854
   23.08285248]
 [ -9.68057763  -8.54186871  19.54799965 ...  21.05429396  25.0655913
   22.97500574]
 [ -9.65745961  -8.5443459   19.68946545 ...  21.0818984   24.81664102
   22.81804213]]
test
channel noise power 1.976914464813648e-05
P power 1976.9144648136485
snr test 80.0
ground truth loss 0.21350676219987688
/opt/conda/lib/python3.7/site-packages/scipy/optimize/_lsq/trf.py:426: RuntimeWarning: divide by zero encountered in true_divide
  scale, scale_inv = x_scale, 1 / x_scale
   Iteration     Total nfev        Cost      Cost reduction    Step norm     Optimality   
       0              1         2.1711e+07                                    9.43e+05    
       1              2         1.8366e+07      3.35e+06       2.30e+01       4.98e+06    
       2              5         1.6017e+07      2.35e+06       1.44e+00       1.26e+07    
       3              7         4.7913e+06      1.12e+07       3.60e-01       1.30e+07    
       4             10         4.6970e+06      9.42e+04       4.50e-02       4.92e+06    
       5             11         4.6416e+06      5.55e+04       9.00e-02       1.31e+07    
       6             12         4.5242e+06      1.17e+05       9.00e-02       4.51e+06    
       7             13         4.3861e+06      1.38e+05       1.80e-01       2.45e+06    
       8             14         4.1238e+06      2.62e+05       3.60e-01       2.15e+06    
       9             15         3.6219e+06      5.02e+05       7.20e-01       3.99e+06    
      10             16         2.7049e+06      9.17e+05       1.44e+00       6.98e+06    
      11             17         1.2510e+06      1.45e+06       2.88e+00       9.62e+06    
      12             18         6.5519e+04      1.19e+06       5.76e+00       3.56e+06    
      13             20         5.2498e+04      1.30e+04       2.88e+00       1.06e+06    
      14             22         4.8673e+04      3.82e+03       1.44e+00       5.25e+05    
      15             23         4.4910e+04      3.76e+03       2.88e+00       2.83e+06    
      16             25         4.3418e+04      1.49e+03       1.44e+00       1.66e+04    
      17             28         4.3272e+04      1.46e+02       1.80e-01       3.44e+04    
      18             29         4.3045e+04      2.27e+02       3.60e-01       2.75e+05    
      19             31         4.2783e+04      2.62e+02       1.80e-01       1.22e+05    
      20             33         4.2652e+04      1.32e+02       9.00e-02       3.76e+04    
      21             34         4.2430e+04      2.22e+02       1.80e-01       1.94e+05    
      22             35         4.2175e+04      2.55e+02       3.60e-01       4.95e+05    
      23             36         4.1365e+04      8.10e+02       3.60e-01       7.00e+04    
      24             37         4.0984e+04      3.81e+02       7.20e-01       7.75e+05    
      25             39         3.9699e+04      1.28e+03       1.80e-01       1.67e+04    
      26             41         3.9469e+04      2.31e+02       9.00e-02       7.77e+04    
      27             42         3.9135e+04      3.34e+02       1.80e-01       3.34e+05    
      28             43         3.8578e+04      5.57e+02       1.80e-01       3.37e+05    
      29             45         3.8086e+04      4.92e+02       9.00e-02       7.65e+04    
      30             46         3.7737e+04      3.49e+02       1.80e-01       4.01e+05    
      31             47         3.7001e+04      7.36e+02       1.80e-01       3.43e+05    
      32             49         3.6442e+04      5.59e+02       9.00e-02       6.86e+04    
      33             50         3.5990e+04      4.51e+02       1.80e-01       3.50e+05    
      34             51         3.5186e+04      8.04e+02       1.80e-01       2.52e+05    
      35             52         3.4821e+04      3.65e+02       3.60e-01       7.18e+05    
      36             53         3.2391e+04      2.43e+03       3.60e-01       1.55e+05    
      37             54         2.9757e+04      2.63e+03       7.20e-01       2.56e+05    
      38             55         2.4003e+04      5.75e+03       1.44e+00       3.31e+04    
      39             56         1.3436e+04      1.06e+04       2.88e+00       2.41e+05    
      40             57         4.7156e+03      8.72e+03       5.76e+00       6.22e+05    
      41             59         2.8190e+03      1.90e+03       2.88e+00       3.22e+06    
      42             60         1.9463e+03      8.73e+02       2.88e+00       3.98e+05    
      43             62         1.6821e+03      2.64e+02       7.20e-01       4.69e+05    
      44             64         1.5729e+03      1.09e+02       3.60e-01       4.97e+04    
      45             66         1.5613e+03      1.16e+01       1.80e-01       7.59e+02    
      46             67         1.5510e+03      1.02e+01       3.60e-01       1.78e+05    
      47             68         1.5273e+03      2.37e+01       3.60e-01       1.95e+05    
      48             69         1.5045e+03      2.28e+01       3.60e-01       2.31e+05    
      49             70         1.4725e+03      3.20e+01       3.60e-01       2.27e+05    
      50             71         1.4336e+03      3.89e+01       3.60e-01       1.88e+05    
      51             73         1.4022e+03      3.14e+01       1.80e-01       6.86e+03    
      52             74         1.3763e+03      2.59e+01       3.60e-01       1.28e+05    
      53             75         1.3179e+03      5.84e+01       7.20e-01       1.78e+05    
      54             76         1.1947e+03      1.23e+02       1.44e+00       1.55e+05    
      55             77         9.9096e+02      2.04e+02       2.88e+00       2.16e+05    
      56             78         7.1112e+02      2.80e+02       2.88e+00       1.47e+05    
      57             79         3.8702e+02      3.24e+02       2.88e+00       6.30e+04    
      58             81         2.7895e+02      1.08e+02       1.44e+00       2.06e+04    
      59             83         2.4986e+02      2.91e+01       7.20e-01       3.70e+04    
      60             85         2.3853e+02      1.13e+01       3.60e-01       1.80e+04    
      61             86         2.3346e+02      5.08e+00       7.20e-01       1.33e+05    
      62             88         2.1843e+02      1.50e+01       1.80e-01       8.24e+03    
      63             89         2.1498e+02      3.45e+00       3.60e-01       5.53e+04    
      64             90         2.1176e+02      3.21e+00       3.60e-01       6.96e+04    
      65             91         2.0953e+02      2.24e+00       3.60e-01       8.17e+04    
      66             92         2.0745e+02      2.07e+00       3.60e-01       8.90e+04    
      67             93         2.0494e+02      2.52e+00       3.60e-01       8.96e+04    
      68             94         2.0208e+02      2.85e+00       3.60e-01       8.60e+04    
      69             95         1.9916e+02      2.92e+00       3.60e-01       8.06e+04    
      70             96         1.9632e+02      2.84e+00       3.60e-01       7.46e+04    
      71             97         1.9364e+02      2.69e+00       3.60e-01       6.87e+04    
      72             98         1.9113e+02      2.51e+00       3.60e-01       6.31e+04    
      73             99         1.8881e+02      2.32e+00       3.60e-01       5.79e+04    
      74             100        1.8669e+02      2.13e+00       3.60e-01       5.31e+04    
      75             101        1.8475e+02      1.94e+00       3.60e-01       4.87e+04    
      76             102        1.8299e+02      1.76e+00       3.60e-01       4.46e+04    
      77             103        1.8141e+02      1.58e+00       3.60e-01       4.07e+04    
      78             104        1.7999e+02      1.42e+00       3.60e-01       3.71e+04    
      79             105        1.7873e+02      1.26e+00       3.60e-01       3.36e+04    
      80             106        1.7762e+02      1.11e+00       3.60e-01       3.01e+04    
      81             107        1.7664e+02      9.76e-01       3.60e-01       2.65e+04    
      82             108        1.7579e+02      8.50e-01       3.60e-01       2.29e+04    
      83             109        1.7505e+02      7.36e-01       3.60e-01       1.92e+04    
      84             110        1.7442e+02      6.34e-01       3.60e-01       1.54e+04    
      85             111        1.7388e+02      5.43e-01       3.60e-01       1.18e+04    
      86             112        1.7341e+02      4.65e-01       3.60e-01       8.56e+03    
      87             114        1.7310e+02      3.17e-01       1.80e-01       1.70e+03    
      88             115        1.7283e+02      2.61e-01       3.60e-01       5.14e+03    
      89             116        1.7258e+02      2.54e-01       7.20e-01       1.10e+04    
      90             117        1.7166e+02      9.24e-01       7.20e-01       6.51e+03    
      91             118        1.7155e+02      1.12e-01       1.44e+00       9.64e+03    
      92             119        1.6894e+02      2.61e+00       3.60e-01       1.63e+03    
      93             121        1.6831e+02      6.28e-01       1.80e-01       6.96e+02    
      94             122        1.6753e+02      7.77e-01       3.60e-01       3.99e+03    
      95             123        1.6659e+02      9.42e-01       3.60e-01       6.54e+03    
      96             124        1.6598e+02      6.14e-01       3.60e-01       9.77e+03    
      97             125        1.6174e+02      4.24e+00       9.00e-02       6.22e+02    
      98             126        1.6050e+02      1.23e+00       1.80e-01       3.01e+03    
      99             127        1.5918e+02      1.33e+00       3.60e-01       7.56e+03    
      100            128        1.5382e+02      5.36e+00       3.60e-01       2.38e+03    
      101            129        1.4671e+02      7.11e+00       7.20e-01       5.53e+02    
      102            130        1.3533e+02      1.14e+01       1.44e+00       7.10e+03    
      103            132        1.2190e+02      1.34e+01       7.20e-01       3.72e+03    
      104            134        1.1488e+02      7.02e+00       3.60e-01       1.18e+03    
      105            135        1.0821e+02      6.67e+00       7.20e-01       7.98e+03    
      106            136        9.7987e+01      1.02e+01       7.20e-01       7.19e+03    
      107            138        8.9779e+01      8.21e+00       3.60e-01       5.81e+02    
      108            140        8.7087e+01      2.69e+00       1.80e-01       3.81e+02    
      109            141        8.2957e+01      4.13e+00       3.60e-01       3.87e+03    
      110            143        7.9587e+01      3.37e+00       1.80e-01       4.02e+02    
      111            144        7.6046e+01      3.54e+00       3.60e-01       4.72e+03    
      112            145        7.0909e+01      5.14e+00       3.60e-01       3.92e+03    
      113            147        6.7435e+01      3.47e+00       1.80e-01       2.27e+02    
      114            148        6.4686e+01      2.75e+00       3.60e-01       5.13e+03    
      115            149        5.8999e+01      5.69e+00       3.60e-01       2.84e+03    
      116            151        5.5934e+01      3.07e+00       1.80e-01       2.48e+02    
      117            152        5.2774e+01      3.16e+00       3.60e-01       3.37e+03    
      118            153        4.7658e+01      5.12e+00       3.60e-01       4.92e+02    
      119            155        4.5340e+01      2.32e+00       1.80e-01       4.48e+02    
      120            156        4.1800e+01      3.54e+00       3.60e-01       1.10e+03    
      121            157        3.8729e+01      3.07e+00       7.20e-01       1.13e+03    
      122            159        3.2494e+01      6.24e+00       1.80e-01       6.07e+02    
      123            160        2.9551e+01      2.94e+00       3.60e-01       5.39e+02    
      124            162        2.7737e+01      1.81e+00       1.80e-01       4.70e+02    
      125            163        2.5317e+01      2.42e+00       3.60e-01       1.11e+03    
      126            165        2.3521e+01      1.80e+00       1.80e-01       5.49e+02    
      127            166        2.1609e+01      1.91e+00       3.60e-01       1.70e+03    
      128            167        1.9533e+01      2.08e+00       3.60e-01       2.35e+03    
      129            168        1.7497e+01      2.04e+00       3.60e-01       2.52e+03    
      130            169        1.5698e+01      1.80e+00       3.60e-01       2.66e+03    
      131            170        1.4080e+01      1.62e+00       3.60e-01       2.60e+03    
      132            171        1.2643e+01      1.44e+00       3.60e-01       2.27e+03    
      133            172        1.1789e+01      8.54e-01       7.20e-01       2.81e+03    
      134            173        9.4758e+00      2.31e+00       7.20e-01       2.78e+03    
      135            175        8.6395e+00      8.36e-01       3.60e-01       9.28e+02    
      136            176        8.5617e+00      7.78e-02       7.20e-01       4.37e+03    
      137            177        7.5396e+00      1.02e+00       1.80e-01       3.10e+02    
      138            178        7.2068e+00      3.33e-01       3.60e-01       1.04e+03    
      139            180        6.9747e+00      2.32e-01       1.80e-01       2.80e+02    
      140            181        6.6775e+00      2.97e-01       3.60e-01       1.01e+03    
      141            183        6.4610e+00      2.17e-01       1.80e-01       2.71e+02    
      142            184        6.1996e+00      2.61e-01       3.60e-01       1.09e+03    
      143            186        5.9977e+00      2.02e-01       1.80e-01       2.72e+02    
      144            187        5.7734e+00      2.24e-01       3.60e-01       1.40e+03    
      145            189        5.5857e+00      1.88e-01       1.80e-01       3.43e+02    
      146            190        5.3997e+00      1.86e-01       3.60e-01       1.84e+03    
      147            191        5.1825e+00      2.17e-01       3.60e-01       2.11e+03    
      148            193        5.0155e+00      1.67e-01       1.80e-01       5.52e+02    
      149            194        4.8954e+00      1.20e-01       3.60e-01       2.84e+03    
      150            195        4.7379e+00      1.58e-01       3.60e-01       3.33e+03    
      151            196        4.6010e+00      1.37e-01       3.60e-01       4.02e+03    
      152            197        4.4857e+00      1.15e-01       3.60e-01       4.87e+03    
      153            198        4.3888e+00      9.69e-02       3.60e-01       5.88e+03    
      154            199        4.3044e+00      8.44e-02       3.60e-01       6.85e+03    
      155            200        4.2269e+00      7.76e-02       3.60e-01       7.19e+03    
      156            201        4.1601e+00      6.68e-02       3.60e-01       6.30e+03    
      157            203        4.1192e+00      4.09e-02       1.80e-01       1.33e+03    
      158            204        4.0879e+00      3.13e-02       3.60e-01       4.01e+03    
      159            205        4.0833e+00      4.59e-03       7.20e-01       1.02e+04    
      160            206        3.9911e+00      9.23e-02       1.80e-01       5.33e+02    
      161            207        3.9598e+00      3.13e-02       3.60e-01       1.88e+03    
      162            209        3.9382e+00      2.16e-02       1.80e-01       4.39e+02    
      163            210        3.9077e+00      3.05e-02       3.60e-01       1.67e+03    
      164            212        3.8860e+00      2.17e-02       1.80e-01       4.08e+02    
      165            213        3.8565e+00      2.95e-02       3.60e-01       1.62e+03    
      166            215        3.8346e+00      2.19e-02       1.80e-01       4.05e+02    
      167            216        3.8065e+00      2.81e-02       3.60e-01       1.64e+03    
      168            218        3.7843e+00      2.21e-02       1.80e-01       4.18e+02    
      169            219        3.7579e+00      2.64e-02       3.60e-01       1.72e+03    
      170            221        3.7355e+00      2.24e-02       1.80e-01       4.41e+02    
      171            222        3.7113e+00      2.43e-02       3.60e-01       1.83e+03    
      172            224        3.6886e+00      2.27e-02       1.80e-01       4.72e+02    
      173            225        3.6670e+00      2.16e-02       3.60e-01       1.97e+03    
      174            226        3.6391e+00      2.79e-02       3.60e-01       2.08e+03    
      175            227        3.6126e+00      2.65e-02       3.60e-01       2.20e+03    
      176            228        3.5879e+00      2.48e-02       3.60e-01       2.33e+03    
      177            229        3.5650e+00      2.28e-02       3.60e-01       2.48e+03    
      178            230        3.5444e+00      2.06e-02       3.60e-01       2.65e+03    
      179            231        3.5262e+00      1.81e-02       3.60e-01       2.84e+03    
      180            232        3.5110e+00      1.53e-02       3.60e-01       3.07e+03    
      181            233        3.4989e+00      1.21e-02       3.60e-01       3.32e+03    
      182            234        3.4903e+00      8.60e-03       3.60e-01       3.62e+03    
      183            235        3.4569e+00      3.34e-02       9.00e-02       2.33e+02    
      184            236        3.4537e+00      3.25e-03       1.80e-01       9.76e+02    
      185            237        3.4492e+00      4.46e-03       1.80e-01       1.02e+03    
      186            238        3.4454e+00      3.83e-03       1.80e-01       1.05e+03    
      187            239        3.4421e+00      3.32e-03       1.80e-01       1.06e+03    
      188            240        3.4391e+00      3.01e-03       1.80e-01       9.97e+02    
      189            241        3.4362e+00      2.86e-03       1.80e-01       8.33e+02    
      190            242        3.4336e+00      2.56e-03       1.80e-01       5.75e+02    
      191            243        3.4311e+00      2.58e-03       3.60e-01       7.93e+02    
      192            244        3.4269e+00      4.18e-03       3.60e-01       1.55e+02    
      193            245        3.4210e+00      5.87e-03       7.20e-01       3.51e+02    
      194            247        3.4155e+00      5.54e-03       3.60e-01       2.34e+02    
      195            248        3.4134e+00      2.06e-03       7.20e-01       1.42e+03    
      196            249        3.4004e+00      1.30e-02       1.80e-01       1.50e+02    
      197            250        3.3942e+00      6.13e-03       3.60e-01       7.36e+02    
      198            252        3.3872e+00      7.04e-03       1.80e-01       2.42e+02    
      199            253        3.3812e+00      6.05e-03       3.60e-01       1.20e+03    
      200            254        3.3715e+00      9.62e-03       3.60e-01       1.68e+03    
      201            255        3.3632e+00      8.36e-03       3.60e-01       2.39e+03    
      202            256        3.3613e+00      1.84e-03       3.60e-01       3.45e+03    
      203            257        3.3054e+00      5.59e-02       9.00e-02       2.76e+02    
      204            258        3.2939e+00      1.16e-02       1.80e-01       1.31e+03    
      205            259        3.2758e+00      1.81e-02       1.80e-01       1.58e+03    
      206            260        3.2556e+00      2.02e-02       1.80e-01       1.91e+03    
      207            261        3.2329e+00      2.26e-02       1.80e-01       2.28e+03    
      208            262        3.2075e+00      2.54e-02       1.80e-01       2.67e+03    
      209            263        3.1784e+00      2.92e-02       1.80e-01       3.03e+03    
      210            264        3.1437e+00      3.47e-02       1.80e-01       3.28e+03    
      211            265        3.1017e+00      4.20e-02       1.80e-01       3.36e+03    
      212            266        3.0522e+00      4.95e-02       1.80e-01       3.22e+03    
      213            267        2.9976e+00      5.46e-02       1.80e-01       2.90e+03    
      214            268        2.9413e+00      5.63e-02       1.80e-01       2.49e+03    
      215            269        2.8856e+00      5.57e-02       1.80e-01       2.06e+03    
      216            271        2.8438e+00      4.18e-02       9.00e-02       4.02e+02    
      217            272        2.8061e+00      3.76e-02       1.80e-01       1.53e+03    
      218            273        2.7925e+00      1.37e-02       3.60e-01       3.93e+03    
      219            274        2.6750e+00      1.17e-01       9.00e-02       4.99e+01    
      220            275        2.6290e+00      4.60e-02       1.80e-01       4.04e+02    
      221            276        2.5469e+00      8.21e-02       3.60e-01       5.28e+02    
      222            277        2.4384e+00      1.08e-01       7.20e-01       2.31e+03    
      223            278        2.2365e+00      2.02e-01       7.20e-01       4.40e+03    
      224            279        2.0531e+00      1.83e-01       7.20e-01       5.52e+03    
      225            280        1.8755e+00      1.78e-01       7.20e-01       6.30e+03    
      226            281        1.7032e+00      1.72e-01       7.20e-01       6.90e+03    
      227            282        1.5359e+00      1.67e-01       7.20e-01       7.34e+03    
      228            283        1.3726e+00      1.63e-01       7.20e-01       7.60e+03    
      229            284        1.2127e+00      1.60e-01       7.20e-01       7.68e+03    
      230            285        1.0577e+00      1.55e-01       7.20e-01       7.59e+03    
      231            286        9.1240e-01      1.45e-01       7.20e-01       7.41e+03    
      232            287        7.8479e-01      1.28e-01       7.20e-01       7.27e+03    
      233            288        6.8525e-01      9.95e-02       7.20e-01       7.36e+03    
      234            289        6.3021e-01      5.50e-02       7.20e-01       7.93e+03    
      235            290        3.6606e-01      2.64e-01       1.80e-01       4.46e+02    
      236            291        3.6189e-01      4.17e-03       3.60e-01       2.47e+03    
      237            292        3.3110e-01      3.08e-02       9.00e-02       1.50e+02    
      238            293        3.2180e-01      9.30e-03       1.80e-01       6.98e+02    
      239            295        3.1491e-01      6.90e-03       9.00e-02       1.80e+02    
      240            296        3.0798e-01      6.92e-03       1.80e-01       7.59e+02    
      241            297        3.0026e-01      7.72e-03       1.80e-01       8.13e+02    
      242            298        2.9389e-01      6.38e-03       1.80e-01       8.71e+02    
      243            299        2.8845e-01      5.43e-03       1.80e-01       9.06e+02    
      244            300        2.8359e-01      4.87e-03       1.80e-01       8.88e+02    
      245            301        2.7892e-01      4.67e-03       1.80e-01       7.99e+02    
      246            302        2.7431e-01      4.61e-03       1.80e-01       6.45e+02    
      247            303        2.6982e-01      4.48e-03       1.80e-01       4.55e+02    
      248            304        2.6559e-01      4.23e-03       1.80e-01       2.61e+02    
      249            305        2.6165e-01      3.95e-03       1.80e-01       7.93e+01    
      250            307        2.5881e-01      2.84e-03       9.00e-02       3.06e+01    
      251            308        2.5626e-01      2.54e-03       1.80e-01       1.88e+02    
      252            309        2.5370e-01      2.56e-03       3.60e-01       2.02e+03    
      253            310        2.4595e-01      7.75e-03       3.60e-01       2.29e+03    
      254            312        2.4090e-01      5.05e-03       1.80e-01       4.85e+02    
      255            313        2.3703e-01      3.87e-03       3.60e-01       2.91e+03    
      256            314        2.3196e-01      5.07e-03       3.60e-01       3.00e+03    
      257            316        2.2839e-01      3.57e-03       1.80e-01       6.81e+02    
      258            317        2.2600e-01      2.39e-03       3.60e-01       3.18e+03    
      259            318        2.2245e-01      3.55e-03       3.60e-01       3.08e+03    
      260            319        2.1969e-01      2.76e-03       3.60e-01       2.92e+03    
      261            320        2.1774e-01      1.94e-03       3.60e-01       2.67e+03    
      262            321        2.1676e-01      9.86e-04       3.60e-01       2.29e+03    
      263            322        2.1124e-01      5.52e-03       9.00e-02       1.37e+02    
      264            323        2.1076e-01      4.80e-04       1.80e-01       4.57e+02    
      265            324        2.1013e-01      6.29e-04       1.80e-01       3.65e+02    
      266            325        2.0965e-01      4.78e-04       1.80e-01       2.48e+02    
      267            326        2.0933e-01      3.22e-04       1.80e-01       1.10e+02    
      268            327        2.0917e-01      1.59e-04       1.80e-01       1.18e+02    
      269            328        2.0825e-01      9.20e-04       4.50e-02       7.02e+00    
      270            329        2.0825e-01      1.04e-06       9.00e-02       6.37e+01    
      271            330        2.0818e-01      7.44e-05       2.25e-02       4.82e+00    
      272            331        2.0817e-01      7.71e-06       4.50e-02       2.40e+01    
      273            332        2.0816e-01      5.06e-06       4.50e-02       1.18e+01    
      274            333        2.0816e-01      2.13e-06       1.66e-02       3.79e-01    
      275            334        2.0816e-01      4.80e-08       2.94e-04       4.34e-04    
      276            335        2.0816e-01      1.56e-14       1.33e-05       5.00e-06    
      277            336        2.0816e-01      1.01e-13       3.32e-06       9.78e-07    
`ftol` termination condition is satisfied.
Function evaluations 336, initial cost 2.1711e+07, final cost 2.0816e-01, first-order optimality 9.78e-07.
prediction loss 0.20816242724485917
rms error 0.009135127236574194
permuted prediction loss 0.20816242724485917
