Q_target [[ 2.00156203e+00  1.16338333e+00 -8.56232105e-01 -5.30173699e-01
  -3.82300039e-01  6.81859050e-01  1.14039585e+00 -6.46797051e-01
   9.86565209e-02 -7.43616124e-02 -2.77257099e-01  2.48784216e+00
   2.72001783e-01 -2.07795193e-01  7.35858772e-01  3.96998843e-01
   3.47483234e-01  1.45080311e-01  4.38048176e-01  1.16615930e+00
   4.03875159e-01  1.90014642e-01 -1.95360236e+00  1.91194844e-01
  -6.53141761e-01 -9.38660309e-01 -9.34761265e-01  1.12011075e+00
  -4.47446015e-02  1.90517732e+00 -5.89240684e-01 -1.64734444e-01
   2.41969927e-01  1.79806863e-01  1.30199758e+00 -1.19222606e+00
  -6.62234987e-01  6.60833671e-01 -5.36626709e-01 -1.29427213e+00
  -2.20311087e-02  2.69351692e-01 -1.14583090e+00 -7.92771374e-01
  -1.32822247e+00  8.93393209e-02 -1.25435221e+00  7.80643140e-01
   1.27429916e+00 -2.19826630e-01 -2.75328567e+00  5.35865128e-01
  -6.38639022e-01 -3.47061151e-01 -1.00706854e+00 -3.92548034e-01
  -3.07743764e-01  1.69461723e+00  1.46914425e+00 -1.52551309e+00
  -3.81564934e-01  3.77221534e-02 -6.01356535e-01 -1.76043386e+00
   1.15166248e-01 -9.25333762e-01 -2.19073027e+00 -8.37554644e-01
   2.91081249e-01 -7.45278760e-01 -2.20862268e-02  9.69827123e-01
  -8.25784755e-03 -3.75701015e-01 -7.52742148e-01 -5.70124102e-01
  -4.20263506e-01 -1.45182641e+00  5.55121087e-01  7.73283722e-01
  -9.48618635e-01 -1.26709517e+00  5.99981504e-02  9.81874720e-02
  -1.52482018e+00 -9.46137959e-01  4.94453128e-01  1.14204098e+00
   2.12696992e+00  9.10906886e-01 -7.32595836e-01  1.44489708e+00
   7.09170367e-01  7.19393557e-01  3.47065047e-01 -7.16038535e-01
   3.94174853e-01 -8.18113138e-01  8.90287753e-01  6.53972759e-01]
 [-1.10660242e+00  4.59878067e-01 -2.12388085e+00  6.29848694e-01
   8.12503434e-01  1.33162437e+00 -4.98834901e-01  5.53190318e-01
   3.50323953e-01 -1.46354149e+00  9.28657092e-01 -2.43629410e-01
  -1.13244277e+00 -6.80165012e-01 -7.61370366e-01 -3.88091120e-01
   9.47220836e-01 -1.04440463e-01  4.95328178e-01  3.48790997e-01
  -1.02523181e+00  1.91350247e-01  8.81477771e-01 -1.96792088e+00
   1.66056614e+00 -1.12007201e+00  1.26488930e+00  6.66735056e-01
  -7.59056419e-01 -2.19639025e-01  6.42008520e-01  1.37013255e+00
   1.24150273e-01  1.07584182e+00 -4.73164966e-01 -4.54333232e-01
   1.54580050e+00  3.30620553e-01 -4.22599815e-01 -1.60734136e-02
   4.16107122e-01  9.20233624e-01 -1.79810486e-01  1.04467495e-01
   1.05793671e+00  4.87905214e-01  6.22053425e-02  7.01291069e-01
   1.33282254e+00  7.06657495e-02 -9.43348370e-01  9.98457667e-01
   2.20282592e-01  2.07632201e-01 -1.28812182e+00 -3.97767854e-01
   1.61536222e+00  1.84339687e-01 -1.69191780e+00  8.06743412e-01
  -1.85407090e-01  3.58096080e-01 -5.20590648e-01 -1.26213733e+00
   1.14476564e+00  8.86667313e-01 -8.56925333e-02 -1.80351630e+00
   2.99788744e-01  6.32393907e-01 -5.55113599e-01 -1.61146810e+00
  -7.05049832e-02  2.14200348e+00  1.87718505e+00  1.22367013e+00
   1.66934444e-01  3.27381025e-01  4.26707462e-01  9.79753099e-01
   1.38361456e+00  8.40930041e-01  1.30690710e+00  1.04912680e+00
  -8.95072561e-01  2.56671411e-01 -1.44810217e+00  1.17648683e-01
  -3.91185173e-01  5.75163293e-01  7.47923791e-01 -6.00351423e-01
   2.70592956e-01  3.35713212e-01 -1.31424667e+00  1.55955812e+00
  -5.05717241e-01 -1.25967522e+00  7.80653432e-01 -6.86517118e-02]
 [ 1.67292083e+00  1.41191320e+00  1.07549238e+00  8.96144312e-01
   5.13683956e-02 -3.46470578e-01 -6.72059611e-01 -8.93200576e-01
  -6.85937761e-02  2.26646925e-01 -1.79834498e-03 -2.87427269e-01
   4.73773156e-01 -6.60576546e-01 -1.29481070e-01 -1.33878351e+00
   6.66427302e-01 -1.57809894e-01  1.21686061e+00  1.45418812e+00
  -7.18889563e-01  4.70115607e-01  4.26796489e-01  3.22465543e-01
  -5.22582502e-01 -1.18455732e+00 -1.14569013e-01  4.86925092e-02
  -3.16243671e-01 -3.23804412e-01  8.61532750e-01  9.77754050e-02
  -2.77962367e+00 -8.45187945e-01 -1.35308826e+00 -1.34007541e+00
   1.17950121e+00  7.18162948e-02 -5.19975848e-01  7.61255499e-01
  -2.35815862e-01 -6.82064096e-01  1.19442396e+00 -8.65659535e-02
  -3.27111566e-01 -1.51176261e+00 -6.08328944e-01  7.76952364e-02
   3.25018611e-01  3.27954596e-01 -1.20984527e+00 -8.78742712e-01
   1.68342611e-01  1.28151521e+00 -9.74531401e-01  8.05739150e-01
  -2.01085041e+00  8.16961506e-01 -1.22951087e+00  9.93447645e-01
   1.70705347e-01 -1.16339995e+00  3.49226818e-01 -8.42921632e-01
   1.42331749e+00  5.50399139e-01 -2.54396274e+00 -1.24905164e+00
   9.23972760e-01  8.44359254e-01  2.35212830e+00 -2.60956907e-01
   6.35809705e-01  4.05437238e-01  7.61617986e-01  4.44291882e-01
   1.17870754e+00 -3.65804623e-01 -1.72781381e+00  2.92502796e-01
   6.34715547e-01 -1.04546206e+00 -5.37659527e-01 -4.14119595e-01
  -1.44241097e-01  4.66450870e-01 -4.24869865e-01  1.01696778e-01
   8.16951504e-01  2.24322573e+00 -1.29690483e+00 -1.39946080e+00
   7.87793476e-01 -1.57068645e+00  2.32966782e+00 -1.15191038e-01
   2.12622527e+00 -1.93911656e-01 -1.26970268e+00  3.92910575e-01]
 [ 4.29033052e-01 -6.33717300e-01 -1.42254244e-01 -8.99744597e-01
  -1.43275084e+00  1.32268279e+00 -1.02932892e+00 -1.90866245e+00
  -4.79165436e-01  6.52572104e-01  5.86023737e-02  2.93555173e-01
  -1.02302308e+00 -1.89344077e+00 -3.79328701e-01  1.91479754e-02
  -9.71141699e-01 -4.51326075e-01 -2.00387194e-01 -1.71012757e+00
   1.42721864e+00 -7.05762625e-01  1.12023921e+00 -9.53765233e-01
  -1.56387716e-01 -1.30763598e-01 -1.34462763e+00  5.40080432e-01
  -1.30163125e+00 -1.92988854e+00  9.86411919e-01  1.63327278e+00
   1.09033706e+00  1.48473826e-01 -1.77503295e+00  7.85723590e-01
  -7.34152527e-01  2.74440152e-01 -2.33359435e+00 -1.01605435e+00
  -3.66526975e-01 -1.79821135e+00 -4.46059038e-01  8.05148376e-02
  -3.30080682e-01 -8.28877358e-01 -7.91463249e-01 -1.50111506e+00
   8.12641326e-01  4.88986249e-01 -4.83035375e-01 -7.65238073e-01
  -7.33313377e-01  2.45875029e-01 -9.65460424e-01  1.65868429e+00
   2.44983962e-02  1.67363306e+00  2.08917462e-01 -1.71681100e+00
   1.39744955e+00  6.40298693e-01  2.33971706e+00  6.94692023e-01
   1.03709839e+00  1.74259513e+00  7.87245495e-02  8.21223278e-02
   1.28856822e+00 -1.00275359e+00  6.47167521e-01 -2.12319555e-02
  -7.38549666e-02 -7.93549006e-01  4.80822855e-01  5.10555645e-01
  -2.68583360e-01  8.87046312e-02  6.97404242e-01 -3.57261055e-02
   2.96499848e+00  1.27235262e-01  7.75855484e-01  2.56691059e-01
  -3.62005360e-01 -2.45205163e-02  5.05193369e-01 -5.33052465e-01
  -3.27661959e-01 -1.18507797e-01  2.97016589e-01 -1.22010658e+00
  -3.01780746e-01 -7.31197712e-01  2.85365696e-03 -9.96543783e-01
  -2.08044341e-01 -5.99377683e-01  1.31161112e+00 -7.92367896e-01]
 [ 7.37454263e-01 -5.01474933e-01 -1.23335272e+00  3.84532655e-01
  -7.40684545e-01 -1.58077232e+00 -8.49161618e-01  8.78049697e-01
   8.20986398e-01 -5.39395832e-01 -1.91687673e+00  1.77054031e-01
   1.11861584e+00  3.57649835e-01  7.40949949e-01  6.81585278e-01
   1.03122303e+00  2.22587483e+00  3.55892208e-02  7.86829267e-01
  -7.73864563e-01 -4.79670548e-01  1.21455211e-01  1.15477987e+00
  -9.37946260e-01  1.30941168e+00  1.02542689e+00 -6.68264359e-01
  -1.58607620e+00 -3.57443606e-01  3.49808974e-01  7.30500330e-01
   8.92935936e-01 -1.24761244e+00  3.58335812e-01  1.57095308e-01
   1.01067878e-01  4.74525662e-01 -1.29126970e+00 -6.51904272e-01
  -1.96121023e-01  8.58690713e-01  1.03343194e+00  3.21307930e-01
  -9.59760100e-01 -8.41430728e-01  6.33229099e-01 -4.72742904e-01
   1.91740292e+00 -8.79694660e-01 -2.32723900e+00  8.54664645e-01
   1.21381516e+00  4.02883568e-02  1.02964635e+00 -1.79725777e-01
  -2.91324916e-01  1.74793247e+00 -1.48565036e+00  1.20582715e+00
   1.05565412e+00  1.59207876e+00 -9.31127734e-01  1.00358631e+00
   1.56841493e+00 -4.60742726e-01  5.45336261e-02  4.73981780e-01
  -1.13487513e+00  8.60492032e-01  3.26387890e-02 -4.88550030e-01
   1.03817508e-01  6.05888743e-01  1.08067829e+00  7.64943327e-01
  -9.49684325e-01  9.24170884e-01  8.53499127e-01  1.32307611e+00
  -1.08213189e+00  4.53329055e-01  2.20146063e+00 -2.03216933e-01
   5.41203096e-01  2.00359544e+00 -1.05842032e+00  5.51603807e-03
   5.47088677e-01  1.18406153e+00  4.37709377e-01  1.06380277e+00
   1.50672652e+00  8.01725690e-01 -1.89359837e+00  3.68566905e-01
   1.66880659e+00  7.34074016e-02  1.31411476e+00  1.46828385e+00]]
R [[0.375  0.375  0.375 ]
 [0.375  0.375  0.4375]
 [0.375  0.375  0.5   ]
 [0.375  0.375  0.5625]
 [0.375  0.4375 0.375 ]
 [0.375  0.4375 0.4375]
 [0.375  0.4375 0.5   ]
 [0.375  0.4375 0.5625]
 [0.375  0.5    0.375 ]
 [0.375  0.5    0.4375]
 [0.375  0.5    0.5   ]
 [0.375  0.5    0.5625]
 [0.375  0.5625 0.375 ]
 [0.375  0.5625 0.4375]
 [0.375  0.5625 0.5   ]
 [0.375  0.5625 0.5625]
 [0.4375 0.375  0.375 ]
 [0.4375 0.375  0.4375]
 [0.4375 0.375  0.5   ]
 [0.4375 0.375  0.5625]
 [0.4375 0.4375 0.375 ]
 [0.4375 0.4375 0.4375]
 [0.4375 0.4375 0.5   ]
 [0.4375 0.4375 0.5625]
 [0.4375 0.5    0.375 ]
 [0.4375 0.5    0.4375]
 [0.4375 0.5    0.5   ]
 [0.4375 0.5    0.5625]
 [0.4375 0.5625 0.375 ]
 [0.4375 0.5625 0.4375]
 [0.4375 0.5625 0.5   ]
 [0.4375 0.5625 0.5625]
 [0.5    0.375  0.375 ]
 [0.5    0.375  0.4375]
 [0.5    0.375  0.5   ]
 [0.5    0.375  0.5625]
 [0.5    0.4375 0.375 ]
 [0.5    0.4375 0.4375]
 [0.5    0.4375 0.5   ]
 [0.5    0.4375 0.5625]
 [0.5    0.5    0.375 ]
 [0.5    0.5    0.4375]
 [0.5    0.5    0.5   ]
 [0.5    0.5    0.5625]
 [0.5    0.5625 0.375 ]
 [0.5    0.5625 0.4375]
 [0.5    0.5625 0.5   ]
 [0.5    0.5625 0.5625]
 [0.5625 0.375  0.375 ]
 [0.5625 0.375  0.4375]
 [0.5625 0.375  0.5   ]
 [0.5625 0.375  0.5625]
 [0.5625 0.4375 0.375 ]
 [0.5625 0.4375 0.4375]
 [0.5625 0.4375 0.5   ]
 [0.5625 0.4375 0.5625]
 [0.5625 0.5    0.375 ]
 [0.5625 0.5    0.4375]
 [0.5625 0.5    0.5   ]
 [0.5625 0.5    0.5625]
 [0.5625 0.5625 0.375 ]
 [0.5625 0.5625 0.4375]
 [0.5625 0.5625 0.5   ]
 [0.5625 0.5625 0.5625]]
S [[0.83622923 0.47474658 0.08677271]
 [0.60023867 0.02558651 0.89425329]
 [0.32986789 0.36130527 0.21542941]
 [0.95197405 0.36749805 0.11589236]
 [0.81511559 0.58971491 0.24299337]]
D [[0.55295276 0.66516632 0.16639479 0.63252834 0.50717844]
 [0.58795528 0.617613   0.22702378 0.6605958  0.52691275]
 [0.62724682 0.57293796 0.28845255 0.69317675 0.55304306]
 [0.67007331 0.53186699 0.35026054 0.72966685 0.5847125 ]
 [0.54515565 0.70002083 0.18249744 0.63634589 0.48404221]
 [0.5806284  0.65500286 0.23907716 0.66425206 0.50468201]
 [0.62038416 0.61305859 0.29803182 0.69666204 0.53190555]
 [0.66365365 0.57486123 0.35819064 0.73297866 0.56476153]
 [0.54446773 0.73852867 0.21618489 0.64621404 0.46816262]
 [0.57998256 0.69600588 0.26568493 0.67371158 0.48947249]
 [0.61977975 0.65668583 0.3197711  0.70568725 0.51749676]
 [0.66308868 0.621177   0.37647195 0.741562   0.55121228]
 [0.55091564 0.78014905 0.26072782 0.66186221 0.46029135]
 [0.58603984 0.74002171 0.30303724 0.68873528 0.48194938]
 [0.62545173 0.70316727 0.35142089 0.72004409 0.5103869 ]
 [0.66839324 0.67012596 0.40370065 0.75523718 0.5445428 ]
 [0.50200533 0.64668203 0.1929637  0.57608731 0.45400636]
 [0.54031844 0.5976598  0.24715898 0.60677121 0.47595047]
 [0.58283031 0.5513704  0.30455317 0.64208917 0.50472609]
 [0.62868978 0.50856062 0.36363472 0.68132093 0.53924068]
 [0.49340377 0.68248119 0.20700985 0.5802763  0.42800544]
 [0.5323363  0.63622336 0.25827437 0.61074978 0.45121584]
 [0.57543818 0.59295215 0.31364108 0.64585021 0.48147203]
 [0.62184304 0.55336863 0.37127927 0.68486656 0.51753975]
 [0.49264359 0.72192522 0.2372418  0.59108128 0.40996103]
 [0.5316318  0.67836244 0.28308346 0.62102479 0.43413722]
 [0.57478651 0.63795587 0.33436704 0.65557531 0.46550478]
 [0.62124004 0.60134207 0.38894587 0.69404517 0.50271938]
 [0.49976058 0.7644501  0.27843628 0.60814971 0.40094879]
 [0.5382335  0.72345251 0.31840122 0.63729176 0.42563718]
 [0.58089797 0.68570812 0.36475253 0.67100521 0.45758779]
 [0.62689881 0.65178234 0.41535766 0.70863791 0.49539748]
 [0.45395423 0.63384664 0.23365627 0.52103127 0.40351713]
 [0.49599305 0.5837475  0.28008539 0.55476869 0.42805742]
 [0.54199287 0.53625855 0.33183264 0.59319095 0.4598399 ]
 [0.59102955 0.49213598 0.38676927 0.63544882 0.49747845]
 [0.44442364 0.67033163 0.24538407 0.52565919 0.37402267]
 [0.48728537 0.6231726  0.28994123 0.55911742 0.40037487]
 [0.53403576 0.57892674 0.34019258 0.59725999 0.43418846]
 [0.58374126 0.53831288 0.39396518 0.63924893 0.47386886]
 [0.44357953 0.71045051 0.27137416 0.53756309 0.35323129]
 [0.48651564 0.66613776 0.31224431 0.5703234  0.38102418]
 [0.5333335  0.62494128 0.35939057 0.6077631  0.41641206]
 [0.58309886 0.58751698 0.41065698 0.64907295 0.45763641]
 [0.45147063 0.75362316 0.30803738 0.55627607 0.34273056]
 [0.49372097 0.71200243 0.34458613 0.58799471 0.37131026]
 [0.53991439 0.67361676 0.38782041 0.62437567 0.4075425 ]
 [0.58912411 0.6390494  0.4357548  0.66465381 0.44958088]
 [0.40981952 0.62700716 0.28243232 0.46784942 0.35685133]
 [0.45594594 0.57631377 0.32190152 0.50515125 0.38438256]
 [0.50560248 0.52815685 0.36781199 0.54706946 0.41948722]
 [0.55784722 0.48329519 0.41804693 0.59262526 0.46043632]
 [0.39923673 0.66386814 0.29220901 0.47299797 0.32312499]
 [0.44645787 0.61621465 0.33051275 0.50992331 0.35329427]
 [0.49706317 0.5714303  0.37537149 0.55147891 0.39119869]
 [0.55011949 0.53024256 0.42471323 0.59669816 0.43482007]
 [0.39829687 0.70435527 0.31435123 0.48619294 0.2988129 ]
 [0.44561762 0.65963318 0.35024173 0.52218605 0.33120421]
 [0.49630859 0.61800326 0.3928541  0.56283699 0.37137017]
 [0.54943779 0.58013155 0.44024075 0.60721099 0.4170706 ]
 [0.40706673 0.74787986 0.34649645 0.50680624 0.28632331]
 [0.45347325 0.70592059 0.37935783 0.54143076 0.31998143]
 [0.50337377 0.6671851  0.41901961 0.58073615 0.36139686]
 [0.55582804 0.6322662  0.46374024 0.62383826 0.40821535]]
U [[ 3.27057369  2.26016166 36.11774034  2.49942451  3.88757189]
 [ 2.89275334  2.62160432 19.40248181  2.29154499  3.60182478]
 [ 2.5416928   3.04638513 12.01852702  2.08119139  3.26950576]
 [ 2.22718023  3.53503672  8.15112544  1.87823861  2.92492845]
 [ 3.36479775  2.04069487 30.02523678  2.46952548  4.2680897 ]
 [ 2.96622058  2.33084611 17.49539756  2.26638757  3.92612702]
 [ 2.59823602  2.66070073 11.25834995  2.06041973  3.53452419]
 [ 2.27047658  3.02603514  7.79419969  1.86130414  3.1352327 ]
 [ 3.37330576  1.83343399 21.39682443  2.39467852  4.56253828]
 [ 2.97283036  2.0643065  14.16661744  2.20319012  4.17391325]
 [ 2.60330613  2.31891437  9.77961118  2.00805431  3.73408951]
 [ 2.27434726  2.59160773  7.0556131   1.81846548  3.2912603 ]
 [ 3.29480565  1.64302751 14.71042565  2.28278407  4.71991705]
 [ 2.91169386  1.82604335 10.88950109  2.10812005  4.30523777]
 [ 2.55630347  2.02247286  8.09738595  1.92877611  3.83884842]
 [ 2.23839076  2.22683027  6.13593984  1.75320732  3.37237572]
 [ 3.96810672  2.39121385 26.85646089  3.0131682   4.85150109]
 [ 3.4253143   2.79957376 16.36994465  2.71612698  4.41444876]
 [ 2.94385041  3.28937283 10.78136487  2.42554484  3.9254413 ]
 [ 2.53003894  3.86646903  7.56256844  2.15425216  3.43902008]
 [ 4.10766555  2.14693365 23.335546    2.96982138  5.45885324]
 [ 3.52880639  2.47047676 14.99123329  2.68085523  4.91169421]
 [ 3.01997015  2.84420371 10.1656259   2.39737727  4.31377884]
 [ 2.58605912  3.26565967  7.25435137  2.13200431  3.73346923]
 [ 4.12035208  1.91873756 17.76714267  2.86223697  5.94997104]
 [ 3.53816517  2.17308347 12.47874811  2.59287828  5.30574   ]
 [ 3.02682192  2.45707676  8.94443845  2.32677729  4.6147875 ]
 [ 2.59108177  2.76539281  6.6103076   2.07598651  3.95684225]
 [ 4.00383352  1.71120373 12.89877175  2.70382753  6.22045549]
 [ 3.45190279  1.91064472  9.86394319  2.46220041  5.51976875]
 [ 2.96346823  2.12677434  7.51628733  2.22099827  4.77585508]
 [ 2.54451555  2.35393694  5.79636282  1.99136666  4.07466969]
 [ 4.85261523  2.48903852 18.3166114   3.68359959  6.14152255]
 [ 4.06489015  2.93460685 12.74732607  3.24919759  5.45752771]
 [ 3.40418267  3.47737505  9.08158824  2.84191426  4.72918937]
 [ 2.86273804  4.12885623  6.68491776  2.47650291  4.04065207]
 [ 5.06297391  2.225464   16.60761489  3.61902414  7.14832255]
 [ 4.21146551  2.575036   11.89542743  3.19885058  6.2383017 ]
 [ 3.50638271  2.98368367  8.64072801  2.80332311  5.30448778]
 [ 2.93466964  3.45088472  6.4429435   2.44714653  4.45331754]
 [ 5.08226142  1.98121832 13.57885101  3.46051803  8.0145964 ]
 [ 4.22480235  2.25357435 10.25677773  3.0743805   6.88802839]
 [ 3.51562277  2.56048107  7.74224036  2.70726857  5.76704585]
 [ 2.9411394   2.89707114  5.92982103  2.37362977  4.77484046]
 [ 4.90615193  1.76072498 10.53884875  3.2316122   8.51322969]
 [ 4.10238921  1.97259102  8.42179035  2.89236546  7.25314054]
 [ 3.43044286  2.20381039  6.64872966  2.56512216  6.02079982]
 [ 2.88128628  2.44867496  5.26642183  2.26364857  4.94748326]
 [ 5.95408061  2.54363623 12.53635318  4.5686491   7.85281471]
 [ 4.81031246  3.01080066  9.65059185  3.91883638  6.76819166]
 [ 3.91184478  3.5848763   7.39176636  3.34129682  5.68280198]
 [ 3.21343446  4.28129401  5.7220273   2.84734231  4.71694532]
 [ 6.27392048  2.26900964 11.71150733  4.46973167  9.57764854]
 [ 5.01694142  2.63351596  9.1542667   3.84583165  8.01173946]
 [ 4.04740659  3.06248146  7.09704308  3.28807855  6.53439236]
 [ 3.3043492   3.55672941  5.54381112  2.80860461  5.28908846]
 [ 6.30356461  2.01565621 10.11974732  4.23041245 11.19956925]
 [ 5.03587915  2.29823805  8.1520009   3.66732552  9.11608386]
 [ 4.05972307  2.61829438  6.47943923  3.15671032  7.25080061]
 [ 3.31255389  2.97130363  5.15964145  2.71219401  5.74884835]
 [ 6.03488188  1.78787159  8.32918348  3.89328408 12.19794309]
 [ 4.86291475  2.00672706  6.94867343  3.41125469  9.76675874]
 [ 3.94656122  2.24650464  5.69549272  2.96512003  7.65651693]
 [ 3.23682409  2.50149746  4.64997309  2.56954353  6.00096845]]
P [[ 6.84065181e+01  5.23059958e+01  2.60933691e+01 ... -1.37391425e+01
  -3.27956486e+01  1.99023396e+01]
 [ 3.89870971e+01  2.87072031e+01  8.05407541e+00 ... -1.05404372e+01
  -1.22746089e+01  1.28079990e+01]
 [ 2.51262737e+01  1.83685836e+01 -4.91159341e-02 ... -9.25479437e+00
  -3.59272749e+00  9.32675793e+00]
 ...
 [ 2.78034359e+01  9.33165170e+00 -1.34837115e+01 ... -9.18134512e+00
   1.43820839e+01  1.74100612e+01]
 [ 2.18598736e+01  7.94742397e+00 -1.18900085e+01 ... -8.37820400e+00
   1.19863606e+01  1.35570107e+01]
 [ 1.70174368e+01  6.84370998e+00 -1.08501839e+01 ... -7.80045822e+00
   1.01866272e+01  1.05471876e+01]]
test
channel noise power 2.5463699590547684
P power 254.63699590547688
snr test 20.0
ground truth loss 8148.383868975258
/opt/conda/lib/python3.7/site-packages/scipy/optimize/_lsq/trf.py:426: RuntimeWarning: divide by zero encountered in true_divide
  scale, scale_inv = x_scale, 1 / x_scale
   Iteration     Total nfev        Cost      Cost reduction    Step norm     Optimality   
       0              1         8.2042e+05                                    1.04e+04    
       1              2         5.3506e+05      2.85e+05       2.21e+01       1.59e+05    
       2              5         3.4955e+05      1.86e+05       2.76e+00       1.60e+05    
       3              6         1.7844e+05      1.71e+05       2.76e+00       7.39e+04    
       4              9         1.5625e+05      2.22e+04       3.45e-01       6.91e+04    
       5             10         1.5350e+05      2.75e+03       6.90e-01       1.36e+05    
       6             11         1.3094e+05      2.26e+04       1.72e-01       2.97e+04    
       7             12         1.2554e+05      5.39e+03       3.45e-01       1.34e+05    
       8             13         1.1025e+05      1.53e+04       3.45e-01       1.35e+05    
       9             14         1.0798e+05      2.27e+03       6.90e-01       2.07e+05    
      10             15         9.2615e+04      1.54e+04       1.72e-01       6.22e+04    
      11             16         8.7846e+04      4.77e+03       3.45e-01       5.84e+03    
      12             17         8.0203e+04      7.64e+03       6.90e-01       1.12e+04    
      13             18         6.9316e+04      1.09e+04       1.38e+00       9.62e+03    
      14             19         6.1654e+04      7.66e+03       2.76e+00       8.34e+04    
      15             20         5.9080e+04      2.57e+03       5.52e+00       3.58e+05    
      16             22         5.7778e+04      1.30e+03       1.38e+00       1.01e+05    
      17             23         4.7112e+04      1.07e+04       3.45e-01       4.41e+04    
      18             24         4.4700e+04      2.41e+03       6.90e-01       1.07e+04    
      19             25         3.9865e+04      4.83e+03       1.38e+00       3.27e+04    
      20             26         3.0402e+04      9.46e+03       2.76e+00       8.36e+04    
      21             27         1.4871e+04      1.55e+04       5.52e+00       1.55e+04    
      22             28         1.2545e+04      2.33e+03       1.10e+01       1.43e+05    
      23             30         9.3818e+03      3.16e+03       2.76e+00       1.42e+04    
      24             31         9.0100e+03      3.72e+02       5.52e+00       3.67e+04    
      25             34         8.3300e+03      6.80e+02       3.45e-01       6.22e+03    
      26             35         8.2428e+03      8.72e+01       6.90e-01       5.24e+03    
      27             36         8.1864e+03      5.64e+01       6.90e-01       3.80e+03    
      28             37         8.1383e+03      4.81e+01       6.90e-01       1.27e+03    
      29             38         8.0929e+03      4.54e+01       1.38e+00       4.39e+02    
      30             39         8.0208e+03      7.21e+01       2.76e+00       1.63e+03    
      31             40         7.9577e+03      6.31e+01       5.52e+00       6.57e+03    
      32             41         7.8271e+03      1.31e+02       5.52e+00       4.26e+03    
      33             44         7.7613e+03      6.58e+01       6.90e-01       2.28e+03    
      34             45         7.7419e+03      1.94e+01       1.38e+00       2.29e+03    
      35             47         7.7286e+03      1.33e+01       6.90e-01       1.04e+03    
      36             48         7.7166e+03      1.20e+01       1.38e+00       1.47e+03    
      37             50         7.7091e+03      7.57e+00       6.90e-01       7.67e+02    
      38             51         7.7017e+03      7.36e+00       1.38e+00       9.29e+02    
      39             52         7.6963e+03      5.35e+00       2.76e+00       2.75e+03    
      40             54         7.6886e+03      7.79e+00       6.90e-01       1.61e+03    
      41             56         7.6868e+03      1.75e+00       3.45e-01       7.13e+02    
      42             57         7.6844e+03      2.37e+00       6.90e-01       4.05e+03    
      43             58         7.6816e+03      2.87e+00       1.38e+00       8.98e+03    
      44             59         7.6668e+03      1.48e+01       1.38e+00       2.38e+03    
      45             60         7.6471e+03      1.96e+01       2.76e+00       9.38e+02    
      46             61         7.6142e+03      3.29e+01       5.52e+00       1.98e+03    
      47             63         7.5893e+03      2.50e+01       2.76e+00       5.33e+02    
      48             65         7.5816e+03      7.71e+00       1.38e+00       1.18e+03    
      49             67         7.5784e+03      3.16e+00       6.90e-01       2.10e+02    
      50             68         7.5744e+03      4.03e+00       1.38e+00       2.85e+03    
      51             70         7.5712e+03      3.14e+00       6.90e-01       1.93e+02    
      52             71         7.5690e+03      2.26e+00       1.38e+00       3.24e+03    
      53             72         7.5655e+03      3.46e+00       1.38e+00       1.38e+03    
      54             74         7.5638e+03      1.76e+00       6.90e-01       2.88e+02    
      55             75         7.5628e+03      9.24e-01       1.38e+00       1.82e+03    
      56             76         7.5625e+03      3.44e-01       1.38e+00       1.14e+03    
      57             77         7.5593e+03      3.23e+00       3.45e-01       1.38e+01    
      58             78         7.5584e+03      8.24e-01       6.90e-01       1.35e+02    
      59             80         7.5577e+03      7.02e-01       3.45e-01       2.73e+01    
      60             81         7.5569e+03      8.46e-01       6.90e-01       1.48e+02    
      61             83         7.5562e+03      7.14e-01       3.45e-01       2.56e+01    
      62             84         7.5553e+03      8.83e-01       6.90e-01       1.54e+02    
      63             86         7.5546e+03      7.15e-01       3.45e-01       2.58e+01    
      64             87         7.5537e+03      9.21e-01       6.90e-01       1.47e+02    
      65             88         7.5533e+03      3.83e-01       1.38e+00       8.22e+02    
      66             89         7.5504e+03      2.84e+00       1.38e+00       4.97e+02    
      67             90         7.5499e+03      4.99e-01       2.76e+00       8.27e+02    
      68             91         7.5459e+03      4.06e+00       6.90e-01       8.32e+01    
      69             92         7.5443e+03      1.58e+00       1.38e+00       2.17e+02    
      70             93         7.5419e+03      2.44e+00       2.76e+00       2.56e+02    
      71             95         7.5400e+03      1.81e+00       1.38e+00       3.13e+02    
      72             96         7.5381e+03      1.95e+00       2.76e+00       3.85e+02    
      73             98         7.5361e+03      1.99e+00       1.38e+00       7.96e+02    
      74             100        7.5347e+03      1.42e+00       6.90e-01       3.90e+02    
      75             101        7.5332e+03      1.52e+00       1.38e+00       7.50e+02    
      76             103        7.5318e+03      1.36e+00       6.90e-01       6.22e+02    
      77             104        7.5302e+03      1.55e+00       1.38e+00       8.49e+02    
      78             106        7.5289e+03      1.37e+00       6.90e-01       7.51e+02    
      79             107        7.5273e+03      1.57e+00       1.38e+00       8.85e+02    
      80             109        7.5259e+03      1.38e+00       6.90e-01       7.85e+02    
      81             110        7.5244e+03      1.58e+00       1.38e+00       8.84e+02    
      82             112        7.5230e+03      1.35e+00       6.90e-01       9.01e+02    
      83             113        7.5214e+03      1.60e+00       1.38e+00       9.87e+02    
      84             115        7.5201e+03      1.28e+00       6.90e-01       1.02e+03    
      85             116        7.5185e+03      1.65e+00       1.38e+00       9.96e+02    
      86             118        7.5173e+03      1.15e+00       6.90e-01       1.10e+03    
      87             119        7.5156e+03      1.71e+00       1.38e+00       8.97e+02    
      88             121        7.5146e+03      9.87e-01       6.90e-01       1.14e+03    
      89             122        7.5129e+03      1.74e+00       1.38e+00       7.03e+02    
      90             124        7.5120e+03      8.36e-01       6.90e-01       1.11e+03    
      91             125        7.5104e+03      1.67e+00       1.38e+00       4.58e+02    
      92             127        7.5097e+03      7.26e-01       6.90e-01       1.05e+03    
      93             128        7.5082e+03      1.50e+00       1.38e+00       2.57e+02    
      94             130        7.5075e+03      6.47e-01       6.90e-01       9.65e+02    
      95             131        7.5062e+03      1.27e+00       1.38e+00       1.53e+02    
      96             133        7.5057e+03      5.67e-01       6.90e-01       8.72e+02    
      97             134        7.5046e+03      1.04e+00       1.38e+00       1.62e+02    
      98             136        7.5041e+03      4.87e-01       6.90e-01       6.99e+02    
      99             137        7.5033e+03      8.13e-01       1.38e+00       1.77e+02    
      100            139        7.5029e+03      4.20e-01       6.90e-01       4.28e+02    
      101            140        7.5023e+03      6.18e-01       1.38e+00       1.85e+02    
      102            141        7.5021e+03      1.57e-01       2.76e+00       1.20e+03    
      103            142        7.5011e+03      1.04e+00       2.76e+00       5.24e+02    
      104            144        7.5006e+03      4.58e-01       1.38e+00       2.90e+02    
      105            145        7.5002e+03      4.19e-01       2.76e+00       4.19e+02    
      106            147        7.4998e+03      3.70e-01       1.38e+00       2.53e+02    
      107            148        7.4996e+03      2.94e-01       2.76e+00       2.98e+02    
      108            150        7.4993e+03      2.96e-01       1.38e+00       1.45e+02    
      109            151        7.4990e+03      2.24e-01       2.76e+00       3.04e+02    
      110            153        7.4988e+03      2.27e-01       1.38e+00       9.97e+01    
      111            154        7.4986e+03      1.97e-01       2.76e+00       3.18e+02    
      112            156        7.4984e+03      1.81e-01       1.38e+00       2.16e+02    
      113            157        7.4983e+03      1.34e-01       2.76e+00       9.47e+02    
      114            158        7.4981e+03      1.64e-01       2.76e+00       1.41e+03    
      115            159        7.4980e+03      1.55e-01       2.76e+00       1.85e+03    
      116            160        7.4978e+03      2.04e-01       2.76e+00       2.06e+03    
      117            161        7.4976e+03      1.92e-01       2.76e+00       2.36e+03    
      118            162        7.4973e+03      2.58e-01       2.76e+00       2.42e+03    
      119            163        7.4971e+03      2.47e-01       2.76e+00       2.51e+03    
      120            164        7.4968e+03      2.81e-01       2.76e+00       2.41e+03    
      121            165        7.4965e+03      2.63e-01       2.76e+00       2.29e+03    
      122            166        7.4963e+03      2.55e-01       2.76e+00       2.04e+03    
      123            167        7.4961e+03      2.21e-01       2.76e+00       1.79e+03    
      124            168        7.4959e+03      1.93e-01       2.76e+00       1.51e+03    
      125            169        7.4958e+03      1.09e-01       5.52e+00       1.96e+03    
      126            170        7.4955e+03      2.48e-01       5.52e+00       1.26e+03    
      127            172        7.4953e+03      2.10e-01       2.76e+00       7.65e+02    
      128            174        7.4952e+03      6.68e-02       1.38e+00       3.16e+02    
      129            175        7.4952e+03      7.00e-02       2.76e+00       4.90e+02    
      130            177        7.4951e+03      4.84e-02       1.38e+00       1.17e+02    
      131            178        7.4951e+03      5.52e-02       2.76e+00       1.95e+02    
      132            180        7.4950e+03      3.56e-02       1.38e+00       2.59e+01    
      133            181        7.4950e+03      3.01e-02       2.76e+00       5.72e+02    
      134            183        7.4949e+03      3.87e-02       1.38e+00       1.53e+02    
      135            185        7.4949e+03      1.23e-02       6.90e-01       6.61e+00    
      136            186        7.4949e+03      1.70e-02       1.38e+00       1.87e+02    
      137            188        7.4949e+03      1.04e-02       6.90e-01       4.46e+01    
      138            189        7.4949e+03      1.24e-02       1.38e+00       2.85e+02    
      139            191        7.4949e+03      9.57e-03       6.90e-01       7.06e+01    
      140            192        7.4949e+03      8.41e-03       1.38e+00       3.76e+02    
      141            194        7.4949e+03      9.30e-03       6.90e-01       9.03e+01    
      142            195        7.4949e+03      5.27e-03       1.38e+00       4.42e+02    
      143            196        7.4949e+03      8.48e-03       1.38e+00       4.60e+02    
      144            197        7.4948e+03      7.44e-03       1.38e+00       4.77e+02    
      145            198        7.4948e+03      6.99e-03       1.38e+00       4.73e+02    
      146            199        7.4948e+03      6.07e-03       1.38e+00       4.79e+02    
      147            200        7.4948e+03      5.68e-03       1.38e+00       4.70e+02    
      148            201        7.4948e+03      4.99e-03       1.38e+00       4.70e+02    
      149            202        7.4948e+03      4.63e-03       1.38e+00       4.61e+02    
      150            203        7.4948e+03      4.12e-03       1.38e+00       4.60e+02    
      151            204        7.4948e+03      3.81e-03       1.38e+00       4.55e+02    
      152            205        7.4948e+03      3.43e-03       1.38e+00       4.57e+02    
      153            206        7.4948e+03      3.17e-03       1.38e+00       4.60e+02    
      154            207        7.4948e+03      2.88e-03       1.38e+00       4.69e+02    
      155            208        7.4948e+03      2.65e-03       1.38e+00       4.78e+02    
      156            209        7.4948e+03      2.43e-03       1.38e+00       4.92e+02    
      157            210        7.4948e+03      2.24e-03       1.38e+00       5.09e+02    
      158            211        7.4948e+03      2.04e-03       1.38e+00       5.30e+02    
      159            212        7.4948e+03      1.88e-03       1.38e+00       5.54e+02    
      160            213        7.4948e+03      1.72e-03       1.38e+00       5.81e+02    
      161            214        7.4948e+03      1.56e-03       1.38e+00       6.12e+02    
      162            215        7.4948e+03      6.03e-03       3.45e-01       4.28e+01    
      163            216        7.4948e+03      6.51e-04       6.90e-01       1.81e+02    
      164            217        7.4948e+03      1.13e-03       6.90e-01       1.80e+02    
      165            218        7.4948e+03      1.06e-03       6.90e-01       1.91e+02    
      166            219        7.4948e+03      1.12e-03       6.90e-01       1.95e+02    
      167            220        7.4948e+03      1.10e-03       6.90e-01       2.03e+02    
      168            221        7.4948e+03      1.14e-03       6.90e-01       2.08e+02    
      169            222        7.4948e+03      1.14e-03       6.90e-01       2.16e+02    
      170            223        7.4948e+03      1.18e-03       6.90e-01       2.21e+02    
      171            224        7.4948e+03      1.20e-03       6.90e-01       2.28e+02    
      172            225        7.4948e+03      1.24e-03       6.90e-01       2.33e+02    
      173            226        7.4948e+03      1.27e-03       6.90e-01       2.39e+02    
      174            227        7.4948e+03      1.32e-03       6.90e-01       2.44e+02    
      175            228        7.4948e+03      1.37e-03       6.90e-01       2.49e+02    
      176            229        7.4948e+03      1.42e-03       6.90e-01       2.54e+02    
      177            230        7.4948e+03      1.48e-03       6.90e-01       2.58e+02    
      178            231        7.4948e+03      1.54e-03       6.90e-01       2.61e+02    
      179            232        7.4948e+03      1.60e-03       6.90e-01       2.65e+02    
      180            233        7.4948e+03      1.68e-03       6.90e-01       2.68e+02    
      181            234        7.4948e+03      1.75e-03       6.90e-01       2.71e+02    
      182            235        7.4948e+03      1.84e-03       6.90e-01       2.72e+02    
      183            236        7.4948e+03      1.92e-03       6.90e-01       2.74e+02    
      184            237        7.4948e+03      2.01e-03       6.90e-01       2.75e+02    
      185            238        7.4947e+03      2.12e-03       6.90e-01       2.75e+02    
      186            239        7.4947e+03      2.21e-03       6.90e-01       2.75e+02    
      187            240        7.4947e+03      2.32e-03       6.90e-01       2.75e+02    
      188            241        7.4947e+03      2.43e-03       6.90e-01       2.74e+02    
      189            242        7.4947e+03      2.54e-03       6.90e-01       2.73e+02    
      190            243        7.4947e+03      2.67e-03       6.90e-01       2.71e+02    
      191            244        7.4947e+03      2.79e-03       6.90e-01       2.69e+02    
      192            245        7.4947e+03      2.92e-03       6.90e-01       2.67e+02    
      193            246        7.4947e+03      3.05e-03       6.90e-01       2.64e+02    
      194            247        7.4947e+03      3.18e-03       6.90e-01       2.61e+02    
      195            248        7.4947e+03      3.33e-03       6.90e-01       2.57e+02    
      196            249        7.4947e+03      3.46e-03       6.90e-01       2.53e+02    
      197            250        7.4947e+03      3.62e-03       6.90e-01       2.49e+02    
      198            251        7.4947e+03      3.75e-03       6.90e-01       2.45e+02    
      199            252        7.4947e+03      3.92e-03       6.90e-01       2.40e+02    
      200            253        7.4947e+03      4.05e-03       6.90e-01       2.35e+02    
      201            254        7.4947e+03      4.21e-03       6.90e-01       2.29e+02    
      202            255        7.4947e+03      4.35e-03       6.90e-01       2.24e+02    
      203            256        7.4947e+03      4.51e-03       6.90e-01       2.18e+02    
      204            257        7.4947e+03      4.65e-03       6.90e-01       2.12e+02    
      205            258        7.4947e+03      4.79e-03       6.90e-01       2.06e+02    
      206            260        7.4947e+03      5.48e-03       3.45e-01       8.14e+01    
      207            261        7.4947e+03      1.95e-03       6.90e-01       2.02e+02    
      208            262        7.4947e+03      6.22e-03       6.90e-01       1.64e+02    
      209            264        7.4947e+03      4.83e-03       3.45e-01       8.16e+01    
      210            265        7.4947e+03      2.83e-03       6.90e-01       1.67e+02    
      211            266        7.4947e+03      5.83e-03       6.90e-01       1.52e+02    
      212            268        7.4946e+03      5.09e-03       3.45e-01       7.35e+01    
      213            269        7.4946e+03      3.08e-03       6.90e-01       1.48e+02    
      214            270        7.4946e+03      6.01e-03       6.90e-01       1.34e+02    
      215            272        7.4946e+03      4.96e-03       3.45e-01       6.90e+01    
      216            273        7.4946e+03      3.47e-03       6.90e-01       1.26e+02    
      217            274        7.4946e+03      2.40e-03       1.38e+00       3.54e+02    
      218            275        7.4946e+03      7.24e-03       1.38e+00       3.99e+02    
      219            276        7.4946e+03      5.52e-03       1.38e+00       4.06e+02    
      220            277        7.4946e+03      6.41e-03       1.38e+00       3.95e+02    
      221            278        7.4946e+03      5.46e-03       1.38e+00       3.92e+02    
      222            279        7.4946e+03      5.51e-03       1.38e+00       3.86e+02    
      223            280        7.4946e+03      5.10e-03       1.38e+00       3.82e+02    
      224            281        7.4946e+03      4.95e-03       1.38e+00       3.81e+02    
      225            282        7.4946e+03      4.73e-03       1.38e+00       3.88e+02    
      226            283        7.4946e+03      4.57e-03       1.38e+00       3.98e+02    
      227            284        7.4946e+03      4.44e-03       1.38e+00       4.07e+02    
      228            285        7.4946e+03      4.33e-03       1.38e+00       4.17e+02    
      229            286        7.4946e+03      4.26e-03       1.38e+00       4.27e+02    
      230            287        7.4946e+03      4.20e-03       1.38e+00       4.38e+02    
      231            288        7.4946e+03      4.17e-03       1.38e+00       4.49e+02    
      232            289        7.4946e+03      4.17e-03       1.38e+00       4.61e+02    
      233            290        7.4945e+03      4.19e-03       1.38e+00       4.73e+02    
      234            291        7.4945e+03      4.23e-03       1.38e+00       4.86e+02    
      235            292        7.4945e+03      4.30e-03       1.38e+00       5.00e+02    
      236            293        7.4945e+03      4.39e-03       1.38e+00       5.15e+02    
      237            294        7.4945e+03      4.51e-03       1.38e+00       5.30e+02    
      238            295        7.4945e+03      4.63e-03       1.38e+00       5.47e+02    
      239            296        7.4945e+03      4.79e-03       1.38e+00       5.65e+02    
      240            297        7.4945e+03      4.96e-03       1.38e+00       5.84e+02    
      241            298        7.4945e+03      5.15e-03       1.38e+00       6.04e+02    
      242            299        7.4945e+03      5.35e-03       1.38e+00       6.26e+02    
      243            300        7.4945e+03      5.57e-03       1.38e+00       6.49e+02    
      244            301        7.4945e+03      5.77e-03       1.38e+00       6.75e+02    
      245            302        7.4945e+03      5.98e-03       1.38e+00       7.02e+02    
      246            303        7.4945e+03      6.14e-03       1.38e+00       7.32e+02    
      247            304        7.4945e+03      2.46e-02       3.45e-01       6.45e+01    
      248            305        7.4945e+03      3.87e-03       6.90e-01       1.91e+02    
      249            307        7.4945e+03      4.72e-03       3.45e-01       5.74e+01    
      250            308        7.4944e+03      3.88e-03       6.90e-01       1.94e+02    
      251            310        7.4944e+03      4.81e-03       3.45e-01       5.83e+01    
      252            311        7.4944e+03      3.92e-03       6.90e-01       1.99e+02    
      253            313        7.4944e+03      4.99e-03       3.45e-01       6.01e+01    
      254            314        7.4944e+03      3.95e-03       6.90e-01       2.06e+02    
      255            315        7.4944e+03      5.66e-03       6.90e-01       2.23e+02    
      256            317        7.4944e+03      5.68e-03       3.45e-01       6.20e+01    
      257            318        7.4944e+03      3.93e-03       6.90e-01       2.21e+02    
      258            319        7.4944e+03      6.03e-03       6.90e-01       2.36e+02    
      259            320        7.4944e+03      6.38e-03       6.90e-01       2.41e+02    
      260            321        7.4944e+03      6.43e-03       6.90e-01       2.49e+02    
      261            322        7.4944e+03      6.59e-03       6.90e-01       2.56e+02    
      262            323        7.4944e+03      6.61e-03       6.90e-01       2.64e+02    
      263            324        7.4944e+03      6.67e-03       6.90e-01       2.71e+02    
      264            325        7.4944e+03      6.60e-03       6.90e-01       2.79e+02    
      265            326        7.4944e+03      6.52e-03       6.90e-01       2.87e+02    
      266            327        7.4944e+03      6.28e-03       6.90e-01       2.95e+02    
      267            328        7.4943e+03      5.96e-03       6.90e-01       3.04e+02    
      268            329        7.4943e+03      5.44e-03       6.90e-01       3.13e+02    
      269            330        7.4943e+03      4.77e-03       6.90e-01       3.22e+02    
      270            331        7.4943e+03      3.81e-03       6.90e-01       3.31e+02    
      271            332        7.4943e+03      2.59e-03       6.90e-01       3.40e+02    
      272            333        7.4943e+03      1.03e-02       1.72e-01       2.93e+01    
      273            334        7.4943e+03      7.37e-04       3.45e-01       8.54e+01    
      274            335        7.4943e+03      1.44e-03       5.73e-02       3.93e+00    
      275            336        7.4943e+03      6.53e-04       8.78e-02       4.26e+00    
      276            337        7.4943e+03      5.18e-04       4.00e-02       2.92e+00    
      277            338        7.4943e+03      4.18e-04       5.22e-02       1.57e+00    
      278            339        7.4943e+03      3.36e-04       3.17e-02       2.13e+00    
      279            340        7.4943e+03      2.76e-04       3.63e-02       1.07e+00    
      280            341        7.4943e+03      2.24e-04       2.57e-02       1.56e+00    
      281            342        7.4943e+03      1.84e-04       2.74e-02       7.57e-01    
      282            343        7.4943e+03      1.50e-04       2.09e-02       1.15e+00    
      283            344        7.4943e+03      1.23e-04       2.12e-02       5.45e-01    
      284            345        7.4943e+03      1.01e-04       1.72e-02       8.45e-01    
      285            346        7.4943e+03      8.28e-05       1.71e-02       4.01e-01    
      286            347        7.4943e+03      6.75e-05       1.42e-02       6.28e-01    
`ftol` termination condition is satisfied.
Function evaluations 347, initial cost 8.2042e+05, final cost 7.4943e+03, first-order optimality 6.28e-01.
prediction loss 7494.316941954641
rms error 1.18733088754029
permuted prediction loss 7494.316941954641
