Q_target [[-1.94343758e+00  2.22568881e+00  1.07086311e+00  4.33001515e-01
   5.24019618e-01  1.63563656e+00  1.90316426e+00 -8.54887959e-01
  -2.43140719e-01  4.55130376e-01  7.87469040e-02 -3.12552675e-01
   1.77836985e+00 -2.26880774e-01 -1.34217015e-01  4.75340999e-01
   5.00835798e-01  1.33947133e+00 -5.17849423e-01  4.77686558e-01
  -5.86271531e-01 -1.44763234e-01  1.20117980e+00 -5.35231576e-02
   4.50171312e-01 -6.07829496e-01  3.82581278e-01 -3.73605955e-01
   2.96074859e-01  3.03865588e-01 -5.43481165e-01 -1.09299477e+00
   6.73872017e-02  2.65829822e-01 -1.07901688e+00  4.48118816e-01
   4.27719475e-01 -6.55530942e-01  1.26165846e+00 -2.31045004e-01
  -7.15891917e-01  6.87897165e-01  6.85961160e-01 -4.50847896e-01
   4.63669741e-01  1.33186857e+00  2.68270288e-01  6.98141828e-01
  -2.56862436e-01  1.33351600e+00 -7.86590155e-01 -1.32168309e-01
  -8.78979333e-01 -7.83078334e-01 -7.88041866e-01  1.82037619e-01
  -2.01831791e+00  1.53307409e+00 -1.03572882e+00  1.03548265e+00
   3.18775130e-01 -5.91711075e-01 -6.27603688e-01 -1.19236117e+00
   1.78881637e-01 -3.87487260e-01 -2.33709003e-01 -1.77193424e+00
  -2.04784447e+00 -2.12786658e-01 -1.56655468e+00  8.59241718e-01
  -1.78358500e+00  1.31728828e+00  4.53518561e-01  1.36577614e-01
  -5.33604320e-01 -8.56752657e-01 -1.23151992e+00  1.33679703e-01
   7.98655386e-02  1.99497029e-01  2.46347437e-01  8.40163086e-01
   2.35139746e-02  8.22019080e-01  7.68194793e-02 -2.89716211e-01
  -1.84320456e+00 -2.09354692e+00 -1.78358824e+00 -4.35240876e-01
   1.60014436e+00 -9.12626112e-01 -5.13763510e-01  5.62786911e-03
  -7.31453815e-01 -5.09191905e-01 -1.73624179e+00 -4.42093176e-02]
 [-1.20626397e-01 -2.02137080e+00 -1.11385136e+00 -4.95300859e-02
   9.22590107e-01 -8.57692346e-01  1.05111404e+00 -1.05428003e+00
   8.35251099e-01 -1.59529662e+00  9.81605916e-01 -5.47155596e-01
   9.93019967e-01 -1.21825286e+00  2.33140573e-01  1.47625301e+00
   2.09549367e-01 -1.41164535e+00  1.08170212e+00  2.44516518e-01
  -1.26317236e+00  1.76894555e+00 -3.44802972e-01  4.09571915e-01
   2.72599069e-01 -7.35399511e-01 -3.69770435e-01 -1.25154341e+00
  -4.82955351e-01 -2.88027483e-02  2.37377548e-01 -5.79486538e-01
  -4.09191924e-02  8.38642432e-01 -1.29450685e-01 -1.05100010e+00
   7.83126167e-01  1.28203620e+00  7.83530909e-01 -1.65378810e+00
   8.38310573e-01 -6.31940170e-01  1.87504435e+00  4.90930277e-01
  -8.74879413e-02 -7.88559597e-02 -8.58735455e-02  2.34549668e+00
  -1.11572281e+00  4.87015619e-01 -5.94435704e-01  1.09153220e+00
   2.99000651e-01 -2.15455623e-01  7.24503808e-02 -8.85308285e-01
  -6.45543203e-01 -3.59072192e-01  1.31754167e+00  1.36171633e+00
  -4.33434441e-01  1.76585782e+00 -1.35269694e+00 -4.97018673e-01
   1.23473679e+00 -1.08419329e+00  3.78637563e-01  1.59947567e-01
   1.79579631e+00 -1.51573976e+00 -1.19638294e+00  1.45429558e+00
  -2.65536064e-01  3.92791542e-02 -1.52333205e+00  8.47602470e-01
   1.02321376e+00 -3.14397492e+00  2.07867566e+00  1.00718645e+00
   1.99701408e+00 -1.61878236e+00 -4.44247687e-01  3.16008984e-01
  -8.83365683e-01 -6.25058167e-01  2.78366355e-01 -5.51992688e-01
   9.83211310e-02 -1.09693331e+00  2.28226456e+00 -5.10400501e-02
  -3.99889744e-01  1.08645978e+00  1.21012406e+00  2.41468259e+00
  -1.49409788e+00  6.25199755e-01  1.01765178e+00 -2.08437197e-01]
 [-1.37686426e+00  8.68971008e-01 -3.55602282e-01  5.75925669e-01
  -1.20193362e+00  1.27106066e+00 -2.23066148e-01  1.62496350e+00
  -4.92945773e-02 -1.58115274e-01  7.26685608e-01 -1.42662947e+00
   1.00958423e-02 -3.03733084e-01  4.41539241e-01  8.33050663e-01
   1.57997294e+00  7.01010039e-01 -2.13587841e+00 -4.51138183e-01
   6.99103045e-01 -4.96625698e-01  2.56726029e+00  1.59947509e+00
   3.11060541e-01  2.72977928e-01 -8.60737371e-01  2.91739211e-01
  -4.03880265e-01  1.24594529e+00 -1.84141123e+00  5.11755019e-01
  -3.84120559e-01  1.57355685e-01  1.96748689e+00  2.29044094e-01
  -4.23911250e-02  5.72582812e-02 -6.08612836e-01 -1.31912148e+00
  -6.41542784e-01  2.99535937e-01 -2.54263473e-01 -9.13325573e-01
  -3.65333429e-02  1.01799871e+00  1.37544910e+00 -5.17878466e-02
  -2.48285509e+00 -7.17516604e-01  2.04939660e-01  2.04506058e+00
   6.49462589e-01 -6.24320837e-01  1.87438294e+00 -1.15289769e+00
   1.31301531e+00 -7.81633638e-01  9.70284009e-01  1.51165176e+00
  -9.22474866e-01 -1.00335771e+00  9.18563033e-01  2.37277187e+00
  -1.30185497e-01 -5.76545042e-01  1.41519254e+00 -2.12734213e+00
  -2.78589361e-01 -2.88544650e-01 -1.42055884e+00  4.69663644e-01
  -1.05697133e+00  2.52203888e+00  1.16350943e-01  2.21041878e+00
  -2.10325946e-01  8.36566869e-02 -1.29550163e+00  3.50197890e-02
  -4.05989463e-01  1.35401447e+00  1.01857317e+00 -1.11809077e+00
  -6.94498535e-02 -1.57398123e-01  1.35122639e+00  3.13790968e-01
  -5.11020851e-01  1.86209416e-01  9.22131870e-01  6.46743534e-01
   2.00076365e-01 -2.45652705e-01  1.07106628e-01 -1.04266954e+00
  -1.58485468e-01 -9.44288592e-01  2.73793132e-01 -4.03236774e-01]
 [ 2.08661594e+00 -7.16776309e-01 -1.51085441e+00 -1.13996941e+00
  -1.10733945e+00 -3.46767731e-01  8.77754989e-01  4.78971853e-01
  -6.93176616e-01 -1.86246737e+00 -8.45503086e-01 -1.31064316e+00
  -5.82089465e-01  1.44772727e+00 -1.32490449e-04 -2.79015362e-01
   1.52794945e-01  2.17469807e-01  8.67767690e-01 -1.54258989e+00
  -1.61972808e-01 -2.09169492e-01 -3.69989812e-01 -7.30183954e-01
  -1.16391525e-01 -7.84031606e-01  2.03742706e+00 -3.58694226e-01
   9.66108731e-01  3.31106981e-01 -1.22697330e-01 -1.59212622e+00
  -8.63147657e-01  3.06799200e-01 -3.68254824e-01  4.96931084e-01
   1.35685886e-01  1.25423267e+00  6.69943133e-01 -9.83251419e-02
   7.11774395e-01  1.14381912e+00 -2.47828276e+00 -2.19192955e+00
  -9.25049951e-01  1.18323120e+00  2.17722579e+00 -1.28115195e+00
  -7.35214010e-01 -8.52668820e-01 -1.58261112e+00  4.76352256e-01
   3.30702693e-01  7.23842367e-01 -1.95877118e-01  6.75452539e-01
  -1.03705640e+00 -5.71576101e-01 -5.83206342e-03 -2.25492839e-01
  -6.66634713e-01  5.97651120e-01 -2.21942305e-02  1.06880363e+00
   1.54869884e+00 -1.41165937e-01 -8.93555765e-01  1.18009779e+00
  -9.53475379e-01  6.46164042e-01  2.59858284e-01  5.99127204e-01
   6.03281474e-01  1.04540690e+00 -2.98902332e-01 -1.19040457e+00
   1.53583072e+00 -2.25483304e-01 -5.62391849e-01  1.39060408e-02
   5.86673952e-01  8.23230013e-01  7.33386053e-01 -3.58731614e-01
  -3.69600616e-01  2.61344783e+00  3.20145089e-01  5.56359671e-01
  -7.74164431e-01 -7.38276246e-01  9.69969673e-01  3.13916494e-01
   4.89939700e-02 -3.30521575e-01 -8.81280385e-01  1.19480540e+00
   1.06892865e+00 -1.27184507e+00  2.58111067e-02  1.58941708e+00]
 [ 3.76443506e-01 -4.47035572e-01  3.25090796e-01 -7.07161811e-01
  -1.62646728e+00 -1.09455629e-01 -2.17062380e-01  1.68093643e+00
   2.84706926e-01 -1.18225463e+00  1.13049220e+00 -4.23221553e-01
   1.49201004e+00  8.83824753e-01 -1.69331422e-01  4.07510759e-01
  -9.73266847e-01  1.46254631e+00  4.82226536e-01 -1.60902030e+00
  -3.92687415e-01 -6.63048469e-01 -9.60258578e-01 -3.85805693e-01
   1.18201982e+00  1.62137994e+00  1.27596108e+00  7.08209671e-01
  -5.14528384e-01 -6.85457940e-01  5.44233495e-01 -4.21166116e-01
  -8.22912019e-01  8.13427337e-01  3.64183632e-01 -8.26988446e-01
   6.89479074e-03 -2.20494469e-02 -2.14573457e-01  6.57207971e-01
  -1.27672970e+00 -1.72022505e+00  4.76077110e-02  1.46987710e-01
  -1.56821025e+00 -3.46726898e-02  2.53664732e-01 -2.28928798e-01
  -7.46220495e-01  9.75943829e-01 -3.86766170e-01  1.53407615e+00
  -1.33210652e+00 -2.14940380e+00 -9.87993215e-01  1.58475001e+00
  -3.93942308e-01 -2.86999270e+00  3.56447167e-01 -8.92631393e-01
   4.52876670e-01 -5.58635229e-01  8.75103591e-01 -4.32891354e-01
   4.71190236e-02  1.69093874e-01 -3.30904249e-01  2.70037101e-01
  -3.80601064e-01  4.83414832e-01 -1.02319594e+00 -1.31463022e+00
  -2.05004032e-01  2.55986636e-01 -5.30594487e-01  9.68817887e-02
   1.83074501e+00  4.09726115e-01  6.93112994e-01  1.52404851e-01
  -1.41250354e+00  9.74916801e-01  2.05691482e+00  8.24275857e-01
   7.47560949e-02  5.44043098e-01  1.83603805e-01  4.72499541e-01
  -1.43646689e+00  1.10313638e+00  8.36800330e-01 -8.42890117e-01
  -3.09963457e-01 -1.77427187e+00 -6.69688285e-01 -1.11878965e+00
   1.63915323e+00  1.88105819e+00 -6.26550034e-01  1.38702688e+00]]
R [[0.45 0.45 0.45]
 [0.45 0.45 0.47]
 [0.45 0.45 0.49]
 [0.45 0.45 0.51]
 [0.45 0.45 0.53]
 [0.45 0.47 0.45]
 [0.45 0.47 0.47]
 [0.45 0.47 0.49]
 [0.45 0.47 0.51]
 [0.45 0.47 0.53]
 [0.45 0.49 0.45]
 [0.45 0.49 0.47]
 [0.45 0.49 0.49]
 [0.45 0.49 0.51]
 [0.45 0.49 0.53]
 [0.45 0.51 0.45]
 [0.45 0.51 0.47]
 [0.45 0.51 0.49]
 [0.45 0.51 0.51]
 [0.45 0.51 0.53]
 [0.45 0.53 0.45]
 [0.45 0.53 0.47]
 [0.45 0.53 0.49]
 [0.45 0.53 0.51]
 [0.45 0.53 0.53]
 [0.47 0.45 0.45]
 [0.47 0.45 0.47]
 [0.47 0.45 0.49]
 [0.47 0.45 0.51]
 [0.47 0.45 0.53]
 [0.47 0.47 0.45]
 [0.47 0.47 0.47]
 [0.47 0.47 0.49]
 [0.47 0.47 0.51]
 [0.47 0.47 0.53]
 [0.47 0.49 0.45]
 [0.47 0.49 0.47]
 [0.47 0.49 0.49]
 [0.47 0.49 0.51]
 [0.47 0.49 0.53]
 [0.47 0.51 0.45]
 [0.47 0.51 0.47]
 [0.47 0.51 0.49]
 [0.47 0.51 0.51]
 [0.47 0.51 0.53]
 [0.47 0.53 0.45]
 [0.47 0.53 0.47]
 [0.47 0.53 0.49]
 [0.47 0.53 0.51]
 [0.47 0.53 0.53]
 [0.49 0.45 0.45]
 [0.49 0.45 0.47]
 [0.49 0.45 0.49]
 [0.49 0.45 0.51]
 [0.49 0.45 0.53]
 [0.49 0.47 0.45]
 [0.49 0.47 0.47]
 [0.49 0.47 0.49]
 [0.49 0.47 0.51]
 [0.49 0.47 0.53]
 [0.49 0.49 0.45]
 [0.49 0.49 0.47]
 [0.49 0.49 0.49]
 [0.49 0.49 0.51]
 [0.49 0.49 0.53]
 [0.49 0.51 0.45]
 [0.49 0.51 0.47]
 [0.49 0.51 0.49]
 [0.49 0.51 0.51]
 [0.49 0.51 0.53]
 [0.49 0.53 0.45]
 [0.49 0.53 0.47]
 [0.49 0.53 0.49]
 [0.49 0.53 0.51]
 [0.49 0.53 0.53]
 [0.51 0.45 0.45]
 [0.51 0.45 0.47]
 [0.51 0.45 0.49]
 [0.51 0.45 0.51]
 [0.51 0.45 0.53]
 [0.51 0.47 0.45]
 [0.51 0.47 0.47]
 [0.51 0.47 0.49]
 [0.51 0.47 0.51]
 [0.51 0.47 0.53]
 [0.51 0.49 0.45]
 [0.51 0.49 0.47]
 [0.51 0.49 0.49]
 [0.51 0.49 0.51]
 [0.51 0.49 0.53]
 [0.51 0.51 0.45]
 [0.51 0.51 0.47]
 [0.51 0.51 0.49]
 [0.51 0.51 0.51]
 [0.51 0.51 0.53]
 [0.51 0.53 0.45]
 [0.51 0.53 0.47]
 [0.51 0.53 0.49]
 [0.51 0.53 0.51]
 [0.51 0.53 0.53]
 [0.53 0.45 0.45]
 [0.53 0.45 0.47]
 [0.53 0.45 0.49]
 [0.53 0.45 0.51]
 [0.53 0.45 0.53]
 [0.53 0.47 0.45]
 [0.53 0.47 0.47]
 [0.53 0.47 0.49]
 [0.53 0.47 0.51]
 [0.53 0.47 0.53]
 [0.53 0.49 0.45]
 [0.53 0.49 0.47]
 [0.53 0.49 0.49]
 [0.53 0.49 0.51]
 [0.53 0.49 0.53]
 [0.53 0.51 0.45]
 [0.53 0.51 0.47]
 [0.53 0.51 0.49]
 [0.53 0.51 0.51]
 [0.53 0.51 0.53]
 [0.53 0.53 0.45]
 [0.53 0.53 0.47]
 [0.53 0.53 0.49]
 [0.53 0.53 0.51]
 [0.53 0.53 0.53]]
S [[0.27366629 0.29389283 0.75511796]
 [0.77246677 0.75320963 0.65704136]
 [0.97593853 0.68401149 0.61834216]
 [0.84313545 0.2619192  0.06000465]
 [0.53342279 0.31723754 0.41193107]]
D [[0.38543482 0.48865839 0.59975978 0.5848301  0.16135203]
 [0.36980438 0.48052614 0.59445615 0.59835279 0.16720417]
 [0.35461326 0.47310011 0.58978337 0.61223024 0.17515705]
 [0.33992035 0.46641404 0.58575655 0.62643889 0.18493986]
 [0.32579307 0.46050017 0.58238909 0.64095671 0.19627916]
 [0.39395975 0.4765067  0.59224264 0.59156528 0.1781712 ]
 [0.37868135 0.46816341 0.58687107 0.60493743 0.18348769]
 [0.36386103 0.46053809 0.58213741 0.6186672  0.19076292]
 [0.34955705 0.45366692 0.57805733 0.63273131 0.199783  ]
 [0.33583539 0.44758465 0.57464475 0.64710797 0.21032358]
 [0.40329713 0.46489811 0.58531263 0.5988929  0.19559007]
 [0.38838622 0.45634263 0.57987688 0.61210499 0.20044509]
 [0.37395071 0.44851638 0.57508565 0.6256775  0.20712554]
 [0.3600478  0.44145814 0.57095518 0.63958748 0.21546171]
 [0.34674154 0.43520528 0.5674999  0.6538134  0.22526985]
 [0.4133919  0.45387429 0.57899086 0.60679151 0.21346188]
 [0.39885855 0.44510697 0.57349519 0.61983526 0.21791909]
 [0.38481609 0.43707958 0.5686502  0.63324211 0.2240792 ]
 [0.37132022 0.42983358 0.56447264 0.64698947 0.23180648]
 [0.35843268 0.42340908 0.56097743 0.66105612 0.24095021]
 [0.42418999 0.44347884 0.57329745 0.61523912 0.23168183]
 [0.41003954 0.43450181 0.56774666 0.62810746 0.23579489]
 [0.39639338 0.42627476 0.56285219 0.64134141 0.24149946]
 [0.38330535 0.41884188 0.55863127 0.65491878 0.24868604]
 [0.37083456 0.41224612 0.55509928 0.66881868 0.25723045]
 [0.39498525 0.47569775 0.58230083 0.57157749 0.15197884]
 [0.37974811 0.46734002 0.57683669 0.58540639 0.15817814]
 [0.36497111 0.45970104 0.57202    0.59958357 0.16656254]
 [0.35071241 0.45281717 0.56786724 0.6140849  0.17682149]
 [0.33703779 0.44672333 0.56439305 0.62888797 0.1886494 ]
 [0.40330836 0.46320618 0.5745553  0.57846699 0.16972939]
 [0.38839788 0.45461886 0.56901679 0.59213501 0.17530209]
 [0.37396283 0.44676242 0.56413334 0.60615484 0.1829032 ]
 [0.36006038 0.43967602 0.55992208 0.62050262 0.19229232]
 [0.34675461 0.43339745 0.55639829 0.63515613 0.20322179]
 [0.41243414 0.45125556 0.56740932 0.58595844 0.18793234]
 [0.39786581 0.44243635 0.56180037 0.59945567 0.19298011]
 [0.38378703 0.43435961 0.55685363 0.61330817 0.19991018]
 [0.37025365 0.42706746 0.5525869  0.62749241 0.20853498]
 [0.35732765 0.42060072 0.54901602 0.64198641 0.21865405]
 [0.42231056 0.43988998 0.5608858  0.59402906 0.20646807]
 [0.40809495 0.43083819 0.55521094 0.60734696 0.21107302]
 [0.3943815  0.42253981 0.55020497 0.62102347 0.21742718]
 [0.38122441 0.41504004 0.54588627 0.6350354  0.22538264]
 [0.36868324 0.40838288 0.54227127 0.64936105 0.23477669]
 [0.43288624 0.42915593 0.55500668 0.60265558 0.22525444]
 [0.41902957 0.41987279 0.54927109 0.61578695 0.22948272]
 [0.40568591 0.41135326 0.54421048 0.62928005 0.23534034]
 [0.39290755 0.4036457  0.53984383 0.64311212 0.24270936]
 [0.38075139 0.39679742 0.5361881  0.65726175 0.25145694]
 [0.40529828 0.46323826 0.56501037 0.55872659 0.14477795]
 [0.3904638  0.45465154 0.55937736 0.5728658  0.15127264]
 [0.37610804 0.44679567 0.554409   0.58734575 0.16001928]
 [0.36228792 0.43970981 0.55012331 0.60214188 0.17067199]
 [0.34906707 0.43343173 0.54653634 0.61723145 0.18289802]
 [0.41341382 0.45040126 0.55702447 0.5657726  0.16331305]
 [0.39888127 0.44156499 0.55130987 0.57973999 0.16909734]
 [0.38483964 0.43347201 0.54626814 0.59405241 0.17696516]
 [0.37134462 0.42616468 0.54191807 0.60868553 0.18665322]
 [0.35845796 0.41968402 0.53827643 0.62361678 0.19789437]
 [0.42232129 0.43810148 0.54965061 0.57342992 0.18215832]
 [0.40810605 0.42901195 0.54385854 0.58721519 0.18736171]
 [0.39439299 0.42067755 0.53874709 0.60134973 0.19449207]
 [0.3812363  0.41314398 0.53433579 0.61580948 0.20334681]
 [0.36869553 0.40645577 0.53064211 0.63057206 0.21371168]
 [0.43197171 0.42638542 0.54291375 0.5816744  0.20122662]
 [0.41808473 0.41704061 0.53704902 0.59526878 0.2059488 ]
 [0.40470992 0.40846201 0.53187213 0.60921649 0.21245627]
 [0.39189973 0.40069884 0.52740334 0.62349382 0.22059108]
 [0.37971131 0.39379932 0.52366076 0.63807865 0.23018076]
 [0.44231645 0.41530247 0.53683785 0.59048144 0.22046009]
 [0.42876465 0.40570246 0.53090601 0.60387759 0.22477857]
 [0.41573358 0.39687886 0.52566863 0.61763093 0.23075564]
 [0.40327371 0.38888453 0.52114664 0.63171811 0.23826649]
 [0.39143961 0.38177156 0.5173588  0.64611732 0.24717135]
 [0.41631724 0.45132141 0.54790435 0.54630576 0.14008477]
 [0.40188969 0.44250351 0.54209362 0.56075824 0.14678726]
 [0.38795697 0.43442802 0.53696536 0.57554289 0.15578594]
 [0.37457428 0.42713704 0.53253931 0.59063477 0.16670937]
 [0.36180267 0.42067136 0.52883308 0.60601093 0.17920595]
 [0.42422203 0.4381354  0.53966537 0.55350991 0.15916734]
 [0.41007269 0.42904658 0.53376496 0.56777904 0.16509694]
 [0.39642767 0.42071287 0.5285559  0.58238548 0.17314663]
 [0.38334081 0.41317994 0.52405883 0.5973045  0.18303692]
 [0.37087121 0.40649232 0.5202922  0.61251325 0.1944872 ]
 [0.43290717 0.42548119 0.53205099 0.56133453 0.17845095]
 [0.41905119 0.41611607 0.52606518 0.57540965 0.18375935]
 [0.40570825 0.40751801 0.52077911 0.58982716 0.19102423]
 [0.39293061 0.39973651 0.51621429 0.60456256 0.20003253]
 [0.38077519 0.39282009 0.51239    0.61959318 0.21056061]
 [0.4423267  0.41340761 0.52508837 0.56975406 0.19787683]
 [0.42877522 0.40376255 0.51902226 0.58362616 0.20267707]
 [0.41574447 0.39489561 0.51366373 0.59784556 0.2092863 ]
 [0.40328495 0.3868603  0.5090351  0.61238805 0.21753968]
 [0.39145119 0.37970941 0.50515646 0.62723117 0.22725815]
 [0.45243474 0.401967   0.51880376 0.57874253 0.21740685]
 [0.43919526 0.39204058 0.51266329 0.5924042  0.22178479]
 [0.42648301 0.38290229 0.50723758 0.6064178  0.22784041]
 [0.41434652 0.3746098  0.50254978 0.6207595  0.23544428]
 [0.40283783 0.36722044 0.49862069 0.63540709 0.24445197]
 [0.42798761 0.4399913  0.5310006  0.53434499 0.1381551 ]
 [0.413967   0.43094163 0.52500281 0.54911236 0.14494685]
 [0.40045469 0.42264528 0.51970594 0.56420227 0.15405306]
 [0.38750385 0.41514742 0.51513161 0.57958952 0.1650912 ]
 [0.37517265 0.40849201 0.51129922 0.59525106 0.17770161]
 [0.43568071 0.4264551  0.52249514 0.54170823 0.15747168]
 [0.42191582 0.41711186 0.51639858 0.55628016 0.1634628 ]
 [0.40866642 0.40853475 0.51101253 0.57118073 0.17158917]
 [0.39598425 0.40077299 0.50635967 0.58638489 0.18156432]
 [0.38392552 0.39387477 0.50246038 0.60186964 0.19310194]
 [0.44414183 0.41344355 0.51462677 0.54970086 0.17694018]
 [0.43064748 0.40379935 0.50843586 0.56406635 0.18229258]
 [0.41767515 0.39493324 0.50296455 0.5787665  0.18961367]
 [0.40527498 0.3868987  0.49823655 0.59377645 0.19868593]
 [0.39350107 0.37974854 0.49427317 0.6090733  0.20928177]
 [0.45332798 0.40100771 0.50742512 0.55829586 0.19651546]
 [0.44011537 0.39105694 0.50114526 0.5724457  0.20134817]
 [0.42743048 0.38189511 0.49559347 0.58693602 0.20799962]
 [0.41532168 0.37358027 0.49079445 0.60174223 0.2163021 ]
 [0.40384079 0.36617013 0.48677049 0.61684157 0.22607379]
 [0.46319601 0.38920277 0.50091895 0.56746586 0.21616851]
 [0.45027305 0.37894214 0.49455648 0.58139256 0.22057104]
 [0.43788252 0.36948003 0.48892988 0.59566528 0.22665908]
 [0.42607087 0.36087925 0.48406481 0.61025973 0.2343013 ]
 [0.41488753 0.35320275 0.47998443 0.62515338 0.2433513 ]]
U [[ 6.73128707  4.18783227  2.78000333  2.92375226 38.41060272]
 [ 7.3123319   4.33077848  2.82983004  2.7930928  35.76891557]
 [ 7.95225075  4.46780184  2.87484842  2.6679055  32.59453157]
 [ 8.65457355  4.59681224  2.91451092  2.54825318 29.2374148 ]
 [ 9.4214189   4.71563752  2.94831265  2.4341235  25.95682856]
 [ 6.44312104  4.40414869  2.85102261  2.85755537 31.50104678]
 [ 6.97352174  4.56252288  2.90345164  2.73261906 29.70202847]
 [ 7.55316396  4.71486104  2.95086253  2.61267758 27.47970573]
 [ 8.18396705  4.85876367  2.99266545  2.49782117 25.05433724]
 [ 8.8663949   4.99171328  3.02831541  2.38806694 22.606019  ]
 [ 6.14822487  4.62683956  2.91893351  2.78805714 26.14004895]
 [ 6.62937184  4.8019531   2.97391407  2.66899744 24.88909866]
 [ 7.15107395  4.97099566  3.02367379  2.55445893 23.3094853 ]
 [ 7.71400082  5.13122364  3.06758045  2.44455655 21.54069959]
 [ 8.31741251  5.27972975  3.10504876  2.33933471 19.7057906 ]
 [ 5.85161956  4.85432494  2.98302284  2.71594522 21.94620046]
 [ 6.28582365  5.04744058  3.04046802  2.60283981 21.05762716]
 [ 6.75295035  5.23454538  3.09249931  2.49379316 19.9157608 ]
 [ 7.25275166  5.41251765  3.13844272  2.38894179 18.61010568]
 [ 7.78367695  5.57801485  3.17767316  2.28835468 17.22445078]
 [ 5.55749616  5.08456957  3.04256586  2.64187411 18.63013628]
 [ 5.94769261  5.29683946  3.10235019  2.53473226 17.9858606 ]
 [ 6.36424984  5.50326922  3.15653987  2.43120422 17.14619211]
 [ 6.80628671  5.70032747  3.20442055  2.33144464 16.16952263]
 [ 7.27176093  5.88419215  3.24532852  2.23554394 15.11315929]
 [ 6.40970799  4.41914041  2.94920648  3.06090443 43.29460419]
 [ 6.9343978   4.57861417  3.00534436  2.91799865 39.96750818]
 [ 7.50728711  4.73204683  3.05617041  2.78163767 36.0450229 ]
 [ 8.13013471  4.87701656  3.1010329   2.65181462 31.98378943]
 [ 8.80324517  5.01098072  3.13932796  2.52844449 28.09888872]
 [ 6.14788235  4.66070169  3.02925841  2.9884283  34.71250138]
 [ 6.62897362  4.83843704  3.08851582  2.8520591  32.54061944]
 [ 7.15061058  5.01010394  3.14221911  2.72165362 29.89216711]
 [ 7.71346163  5.17290425  3.18966305  2.59724408 27.04432278]
 [ 8.31678568  5.32386825  3.23019271  2.47878585 24.21360586]
 [ 5.87882837  4.91082961  3.10604016  2.91250297 28.31372216]
 [ 6.31723102  5.10855874  3.16837051  2.78282472 26.85189383]
 [ 6.78921267  5.30030825  3.22491215  2.65853568 25.02247113]
 [ 7.29459697  5.4828584   3.27490596  2.53970363 22.99546472]
 [ 7.83189328  5.65275265  3.31764537  2.42632145 20.91630429]
 [ 5.60707183  5.16787329  3.17871149  2.83390065 23.45817491]
 [ 6.00450976  5.38730576  3.24402329  2.71097973 22.44577229]
 [ 6.42934782  5.60098931  3.30332258  2.59288929 21.15301843]
 [ 6.88079458  5.80523778  3.35579681  2.47972845 19.68607232]
 [ 7.35687201  5.9960458   3.40068812  2.37152401 18.14220489]
 [ 5.33644996  5.42962414  3.24641154  2.75335132 19.70848746]
 [ 5.69522213  5.67236993  3.3145648   2.63717554 18.98890957]
 [ 6.07603337  5.90976375  3.37649568  2.52529474 18.0554055 ]
 [ 6.47767659  6.13761086  3.43133971  2.41783475 16.97567111]
 [ 6.89790176  6.35129551  3.47828901  2.31485228 15.81512988]
 [ 6.08766125  4.66005632  3.13247176  3.20332729 47.70843322]
 [ 6.55901239  4.8377415   3.19587828  3.04715267 43.69977658]
 [ 7.06927313  5.00935818  3.25341489  2.89876049 39.05308825]
 [ 7.61890015  5.17210924  3.30430329  2.75805121 34.33013518]
 [ 8.20695835  5.32302617  3.34781855  2.62484648 29.89386095]
 [ 5.85099906  4.92947654  3.22293433  3.12403703 37.49369159]
 [ 6.28510765  5.12874058  3.29009522  2.97531867 34.97248094]
 [ 6.75212398  5.32203679  3.35110666  2.83367785 31.93187713]
 [ 7.25179846  5.50611273  3.40512241  2.69906932 28.7031139 ]
 [ 7.78257909  5.6774737   3.45135219  2.57136903 25.53483808]
 [ 5.60678695  5.21015388  3.30998911  3.04116024 30.13713723]
 [ 6.00418307  5.43326908  3.38086707  2.90004963 28.48644992]
 [ 6.42897326  5.65068797  3.44532447  2.76532232 26.43602695]
 [ 6.88036558  5.85864449  3.50244616  2.63698259 24.18384122]
 [ 7.3563816   6.0530382   3.55137532  2.51495691 21.89492638]
 [ 5.35906954  5.50041313  3.39264424  2.95556221 24.69614444]
 [ 5.72099274  5.74967509  3.46714609  2.82210906 23.57661604]
 [ 6.10537438  5.99372278  3.53496834  2.69436669 22.15444667]
 [ 6.51103551  6.22821829  3.59512715  2.57238337 20.55058184]
 [ 6.93574189  6.44837177  3.64669915  2.45613129 18.87391428]
 [ 5.11132874  5.7979034   3.4698743   2.86805511 20.57501014]
 [ 5.43953851  6.07553768  3.54784564  2.7422192  19.79202282]
 [ 5.785885    6.34868913  3.61889418  2.62145212 18.77999025]
 [ 6.14893881  6.61239317  3.68196892  2.50584001 17.61465159]
 [ 6.52635144  6.86108596  3.73608124  2.39539553 16.36830554]
 [ 5.76967311  4.90939682  3.33112174  3.35064513 50.95867771]
 [ 6.19136291  5.10700827  3.40291744  3.18015783 46.41124905]
 [ 6.64404999  5.29863922  3.4682265   3.01887142 41.2043914 ]
 [ 7.12728458  5.48107244  3.5261165   2.86656624 35.98155769]
 [ 7.63935109  5.65085432  3.57571393  2.72294638 31.13831792]
 [ 5.55665665  5.20934738  3.43360942  3.26399285 39.47226887]
 [ 5.9467311   5.43239204  3.50994154  3.10199642 36.68782455]
 [ 6.36314894  5.64973934  3.5794652   2.94834921 33.35584134]
 [ 6.80502758  5.85762475  3.64116127  2.80290534 29.84850643]
 [ 7.27032371  6.05194968  3.69407215  2.66544073 26.43735174]
 [ 5.3359339   5.52381693  3.53259206  3.17363141 31.40236004]
 [ 5.69463435  5.77525306  3.61344037  3.02026963 29.61427612]
 [ 6.07536436  6.02152342  3.68716766  2.87442158 27.40457687]
 [ 6.47691622  6.25824225  3.75266631  2.73600885 24.99186987]
 [ 6.89703955  6.48056128  3.80889246  2.60487413 22.55515138]
 [ 5.11109201  5.85117462  3.62689682  3.08052791 25.53936659]
 [ 5.4392704   6.13405861  3.71217144  2.93582723 24.34393326]
 [ 5.78558166  6.41261815  3.79002613  2.79783427 22.83065738]
 [ 6.14859621  6.68177232  3.8592644   2.66653066 21.13114555]
 [ 6.52596549  6.93581145  3.91875556  2.54181967 19.36248311]
 [ 4.88526486  6.18898168  3.71529906  2.98558336 21.15697444]
 [ 5.18423545  6.50635802  3.80483263  2.84946777 20.32995729]
 [ 5.49789621  6.82062358  3.8866654   2.71929374 19.26364625]
 [ 5.82468728  7.12593275  3.95951353  2.59509493 18.03946722]
 [ 6.16225268  7.4156002   4.02216064  2.4768282  16.7345064 ]
 [ 5.45930816  5.16549364  3.5465818   3.50232556 52.39214302]
 [ 5.8353722   5.38471978  3.62807911  3.31648136 47.59731429]
 [ 6.23581523  5.59819418  3.70241113  3.14145141 42.13658411]
 [ 6.65959695  5.80223513  3.76845731  2.97686371 36.69037612]
 [ 7.10456763  5.99284257  3.82516123  2.82227704 31.66775617]
 [ 5.26821316  5.49861572  3.6629879   3.40776108 40.32692231]
 [ 5.61756847  5.74771111  3.74998844  3.23156472 37.42502732]
 [ 5.9877284   5.99158857  3.82945445  3.06515824 33.96410939]
 [ 6.37740767  6.22591385  3.90015425  2.90826818 30.33464991]
 [ 6.78431547  6.44590157  3.96092266  2.76054692 26.81802077]
 [ 5.06940094  5.85015748  3.77585448  3.30938404 31.9408929 ]
 [ 5.39207828  6.13294076  3.86836677  3.1429655  30.09275855]
 [ 5.73221839  6.41139647  3.95298568  2.98533607 27.81382499]
 [ 6.08836119  6.68044594  4.02836523  2.83631236 25.33178256]
 [ 6.45815052  6.93438231  4.09322785  2.69563366 22.83164546]
 [ 4.86603197  6.21862764  3.88379295  3.20827204 25.89444113]
 [ 5.16258169  6.53913053  3.98173865  3.05162668 24.66633566]
 [ 5.47354912  6.85664722  4.07144768  2.90280907 23.11398976]
 [ 5.79736701  7.16526289  4.15145855  2.76171603 21.37364147]
 [ 6.1316823   7.45820241  4.22037962  2.62816564 19.56588899]
 [ 4.66090646  6.60158389  3.98533722  3.1054213  21.40006694]
 [ 4.93228413  6.96392678  4.08853963  2.95842835 20.55431571]
 [ 5.21536583  7.32517607  4.18318287  2.81835325 19.46497005]
 [ 5.50853758  7.67849613  4.26769116  2.68516249 18.21589916]
 [ 5.80950629  8.01589194  4.34055942  2.55874394 16.88622835]]
P [[  3.14548342 -10.33425142   9.62465824 ...  65.09960851 -30.65494024
   55.63211508]
 [  0.66332926  -8.01209404   9.40855764 ...  60.04307566 -29.85288618
   51.68477675]
 [ -2.11501996  -5.31689532   9.0823676  ...  53.94840861 -28.82649304
   47.00784177]
 ...
 [ -3.57074017 -10.28571392  -1.99200264 ...  31.00417711 -12.57836367
   28.03375539]
 [ -5.04759991  -9.62011333  -2.3064828  ...  28.81581479 -11.92551854
   25.96888202]
 [ -6.53787528  -8.8839083   -2.62717112 ...  26.46429173 -11.25492842
   23.81064644]]
test
channel noise power 8.470639035269288e-06
P power 847.063903526929
snr test 80.0
ground truth loss 0.052941493970432386
/opt/conda/lib/python3.7/site-packages/scipy/optimize/_lsq/trf.py:426: RuntimeWarning: divide by zero encountered in true_divide
  scale, scale_inv = x_scale, 1 / x_scale
   Iteration     Total nfev        Cost      Cost reduction    Step norm     Optimality   
       0              1         5.3713e+06                                    1.27e+05    
       1              3         5.1976e+06      1.74e+05       5.69e+00       4.01e+04    
       2              4         4.9335e+06      2.64e+05       5.69e+00       3.37e+05    
       3              7         4.5823e+06      3.51e+05       3.56e-01       9.37e+05    
       4              8         4.2079e+06      3.74e+05       7.11e-01       1.34e+06    
       5              9         3.9594e+06      2.49e+05       1.42e+00       2.65e+06    
       6             10         3.5302e+06      4.29e+05       1.42e+00       3.78e+06    
       7             13         3.0902e+06      4.40e+05       8.89e-02       4.03e+06    
       8             14         2.8717e+06      2.19e+05       1.78e-01       1.69e+06    
       9             15         2.7047e+06      1.67e+05       3.56e-01       9.07e+05    
      10             16         2.4000e+06      3.05e+05       7.11e-01       1.80e+06    
      11             17         1.9133e+06      4.87e+05       1.42e+00       3.60e+06    
      12             18         1.0297e+06      8.84e+05       2.85e+00       5.75e+06    
      13             19         1.1748e+05      9.12e+05       5.69e+00       1.14e+06    
      14             23         8.0564e+04      3.69e+04       1.78e-01       6.05e+04    
      15             24         8.0170e+04      3.94e+02       3.56e-01       7.66e+05    
      16             25         6.8112e+04      1.21e+04       8.89e-02       9.57e+04    
      17             26         6.6460e+04      1.65e+03       1.78e-01       7.83e+03    
      18             27         6.4975e+04      1.49e+03       3.56e-01       1.42e+04    
      19             28         6.2264e+04      2.71e+03       7.11e-01       1.93e+04    
      20             29         5.7166e+04      5.10e+03       1.42e+00       3.10e+04    
      21             30         4.7341e+04      9.83e+03       2.85e+00       1.61e+05    
      22             32         4.1708e+04      5.63e+03       1.42e+00       1.42e+05    
      23             33         3.2320e+04      9.39e+03       2.85e+00       2.33e+05    
      24             34         1.8673e+04      1.36e+04       5.69e+00       1.87e+05    
      25             36         1.4082e+04      4.59e+03       2.85e+00       3.05e+05    
      26             38         1.2020e+04      2.06e+03       1.42e+00       3.53e+04    
      27             39         1.0469e+04      1.55e+03       2.85e+00       8.04e+04    
      28             41         9.4670e+03      1.00e+03       1.42e+00       1.23e+04    
      29             42         9.2123e+03      2.55e+02       2.85e+00       1.45e+05    
      30             44         8.4727e+03      7.40e+02       7.11e-01       3.62e+04    
      31             45         8.2738e+03      1.99e+02       1.42e+00       3.19e+04    
      32             47         7.9705e+03      3.03e+02       3.56e-01       6.26e+04    
      33             48         7.6636e+03      3.07e+02       3.56e-01       2.11e+03    
      34             49         7.3425e+03      3.21e+02       7.11e-01       2.08e+04    
      35             50         6.7019e+03      6.41e+02       1.42e+00       5.64e+04    
      36             51         5.4606e+03      1.24e+03       2.85e+00       1.46e+04    
      37             55         5.0876e+03      3.73e+02       8.89e-02       3.59e+04    
      38             56         4.9900e+03      9.76e+01       1.78e-01       5.41e+04    
      39             57         4.8033e+03      1.87e+02       1.78e-01       8.88e+03    
      40             58         4.5841e+03      2.19e+02       3.56e-01       4.92e+03    
      41             59         4.1597e+03      4.24e+02       7.11e-01       9.58e+03    
      42             60         3.4686e+03      6.91e+02       1.42e+00       4.54e+04    
      43             63         3.3439e+03      1.25e+02       1.78e-01       9.45e+04    
      44             64         3.0480e+03      2.96e+02       1.78e-01       4.54e+04    
      45             66         2.9215e+03      1.27e+02       8.89e-02       1.54e+04    
      46             67         2.8103e+03      1.11e+02       1.78e-01       3.75e+04    
      47             68         2.7008e+03      1.10e+02       1.78e-01       5.15e+04    
      48             69         2.5804e+03      1.20e+02       1.78e-01       5.77e+04    
      49             70         2.4415e+03      1.39e+02       1.78e-01       5.57e+04    
      50             71         2.2710e+03      1.70e+02       1.78e-01       4.31e+04    
      51             72         2.1001e+03      1.71e+02       1.78e-01       2.20e+04    
      52             73         1.9284e+03      1.72e+02       3.56e-01       1.56e+04    
      53             74         1.6405e+03      2.88e+02       7.11e-01       1.30e+04    
      54             75         1.1724e+03      4.68e+02       1.42e+00       1.97e+04    
      55             76         9.9769e+02      1.75e+02       2.85e+00       7.76e+04    
      56             77         7.6339e+02      2.34e+02       2.85e+00       1.07e+05    
      57             78         2.6090e+02      5.02e+02       2.85e+00       3.11e+04    
      58             80         2.2016e+02      4.07e+01       1.42e+00       4.27e+04    
      59             82         2.1451e+02      5.64e+00       7.11e-01       4.33e+04    
      60             83         2.0293e+02      1.16e+01       7.11e-01       1.66e+04    
      61             85         1.9871e+02      4.23e+00       3.56e-01       1.65e+03    
      62             86         1.9603e+02      2.68e+00       7.11e-01       2.78e+04    
      63             87         1.8944e+02      6.59e+00       7.11e-01       3.01e+04    
      64             88         1.8379e+02      5.65e+00       7.11e-01       3.82e+04    
      65             89         1.7725e+02      6.54e+00       7.11e-01       4.46e+04    
      66             90         1.7089e+02      6.36e+00       7.11e-01       5.22e+04    
      67             91         1.6491e+02      5.98e+00       7.11e-01       6.07e+04    
      68             92         1.5859e+02      6.32e+00       7.11e-01       6.83e+04    
      69             93         1.3515e+02      2.34e+01       1.78e-01       8.89e+03    
      70             94         1.3160e+02      3.55e+00       3.56e-01       2.30e+04    
      71             95         1.2511e+02      6.50e+00       3.56e-01       1.79e+04    
      72             97         1.2075e+02      4.35e+00       1.78e-01       1.19e+03    
      73             98         1.1657e+02      4.18e+00       3.56e-01       1.78e+04    
      74             100        1.1228e+02      4.29e+00       1.78e-01       4.17e+02    
      75             101        1.0730e+02      4.99e+00       3.56e-01       1.08e+04    
      76             102        1.0010e+02      7.19e+00       7.11e-01       2.79e+04    
      77             103        8.7365e+01      1.27e+01       7.11e-01       1.53e+04    
      78             104        7.2503e+01      1.49e+01       1.42e+00       1.38e+04    
      79             105        5.7952e+01      1.46e+01       1.42e+00       2.01e+04    
      80             106        3.9909e+01      1.80e+01       1.42e+00       2.24e+03    
      81             108        3.2448e+01      7.46e+00       7.11e-01       3.43e+03    
      82             109        2.8968e+01      3.48e+00       1.42e+00       2.28e+04    
      83             110        2.4243e+01      4.73e+00       1.42e+00       1.13e+04    
      84             111        2.1520e+01      2.72e+00       1.42e+00       3.06e+03    
      85             112        2.0645e+01      8.75e-01       1.42e+00       1.10e+04    
      86             114        1.9375e+01      1.27e+00       3.56e-01       5.12e+02    
      87             115        1.9299e+01      7.55e-02       7.11e-01       2.37e+03    
      88             116        1.9135e+01      1.64e-01       7.11e-01       1.80e+03    
      89             117        1.8984e+01      1.50e-01       7.11e-01       1.50e+03    
      90             118        1.8846e+01      1.38e-01       7.11e-01       1.31e+03    
      91             119        1.8721e+01      1.25e-01       7.11e-01       1.17e+03    
      92             120        1.8607e+01      1.14e-01       7.11e-01       1.01e+03    
      93             121        1.8505e+01      1.02e-01       7.11e-01       7.97e+02    
      94             123        1.8436e+01      6.95e-02       3.56e-01       1.47e+02    
      95             124        1.8390e+01      4.59e-02       7.11e-01       5.03e+02    
      96             126        1.8340e+01      4.96e-02       1.78e-01       2.52e+01    
      97             127        1.8309e+01      3.12e-02       3.56e-01       1.41e+02    
      98             129        1.8282e+01      2.69e-02       1.78e-01       3.74e+01    
      99             130        1.8257e+01      2.47e-02       3.56e-01       1.78e+02    
      100            131        1.8214e+01      4.36e-02       3.56e-01       1.65e+02    
      101            132        1.8149e+01      6.43e-02       3.56e-01       6.82e+01    
      102            133        1.8046e+01      1.03e-01       7.11e-01       5.39e+02    
      103            135        1.7870e+01      1.77e-01       3.56e-01       1.90e+02    
      104            137        1.7778e+01      9.17e-02       1.78e-01       3.28e+01    
      105            138        1.7582e+01      1.96e-01       3.56e-01       2.43e+02    
      106            140        1.7426e+01      1.56e-01       1.78e-01       2.98e+01    
      107            141        1.7135e+01      2.91e-01       3.56e-01       3.71e+02    
      108            143        1.6886e+01      2.49e-01       1.78e-01       6.83e+01    
      109            144        1.6636e+01      2.51e-01       3.56e-01       7.19e+02    
      110            145        1.6219e+01      4.17e-01       3.56e-01       8.38e+02    
      111            146        1.5783e+01      4.36e-01       3.56e-01       9.43e+02    
      112            147        1.5251e+01      5.32e-01       3.56e-01       9.19e+02    
      113            148        1.4669e+01      5.83e-01       3.56e-01       8.04e+02    
      114            149        1.4085e+01      5.83e-01       3.56e-01       6.40e+02    
      115            150        1.3655e+01      4.31e-01       7.11e-01       1.42e+03    
      116            151        1.2164e+01      1.49e+00       7.11e-01       7.05e+02    
      117            152        1.0692e+01      1.47e+00       1.42e+00       1.36e+03    
      118            154        9.2238e+00      1.47e+00       7.11e-01       3.84e+02    
      119            155        8.0456e+00      1.18e+00       1.42e+00       1.31e+03    
      120            156        7.2482e+00      7.97e-01       1.42e+00       1.91e+03    
      121            158        5.5037e+00      1.74e+00       3.56e-01       1.48e+02    
      122            159        5.1737e+00      3.30e-01       7.11e-01       7.48e+02    
      123            160        5.1532e+00      2.06e-02       7.11e-01       1.23e+03    
      124            161        4.1402e+00      1.01e+00       1.78e-01       1.11e+02    
      125            162        4.0275e+00      1.13e-01       3.56e-01       4.61e+02    
      126            163        3.8564e+00      1.71e-01       3.56e-01       5.68e+02    
      127            164        3.7032e+00      1.53e-01       3.56e-01       6.48e+02    
      128            165        3.5515e+00      1.52e-01       3.56e-01       7.04e+02    
      129            166        3.3815e+00      1.70e-01       3.56e-01       7.26e+02    
      130            167        3.1785e+00      2.03e-01       3.56e-01       7.06e+02    
      131            168        2.9471e+00      2.31e-01       3.56e-01       6.48e+02    
      132            169        2.7119e+00      2.35e-01       3.56e-01       5.68e+02    
      133            170        2.4983e+00      2.14e-01       3.56e-01       4.86e+02    
      134            171        2.3163e+00      1.82e-01       3.56e-01       4.16e+02    
      135            172        2.1624e+00      1.54e-01       3.56e-01       3.59e+02    
      136            174        2.0594e+00      1.03e-01       1.78e-01       5.82e+01    
      137            175        1.9928e+00      6.66e-02       3.56e-01       3.56e+02    
      138            176        1.8563e+00      1.36e-01       3.56e-01       2.38e+02    
      139            178        1.7982e+00      5.80e-02       1.78e-01       3.98e+01    
      140            179        1.7154e+00      8.29e-02       3.56e-01       2.40e+02    
      141            180        1.6225e+00      9.29e-02       7.11e-01       7.67e+02    
      142            181        1.5237e+00      9.88e-02       7.11e-01       2.22e+02    
      143            182        1.3363e+00      1.87e-01       7.11e-01       1.48e+02    
      144            183        1.2310e+00      1.05e-01       7.11e-01       2.06e+02    
      145            184        1.0992e+00      1.32e-01       7.11e-01       3.35e+02    
      146            185        9.8287e-01      1.16e-01       7.11e-01       5.03e+02    
      147            186        8.7284e-01      1.10e-01       7.11e-01       6.73e+02    
      148            187        7.8168e-01      9.12e-02       7.11e-01       8.97e+02    
      149            188        7.2023e-01      6.14e-02       7.11e-01       1.28e+03    
      150            189        6.9968e-01      2.06e-02       7.11e-01       1.91e+03    
      151            190        5.1869e-01      1.81e-01       1.78e-01       2.47e+01    
      152            191        5.1364e-01      5.05e-03       3.56e-01       3.71e+02    
      153            192        5.0402e-01      9.62e-03       3.56e-01       1.12e+02    
      154            193        5.0221e-01      1.81e-03       3.56e-01       4.48e+02    
      155            194        4.7988e-01      2.23e-02       8.89e-02       1.03e+02    
      156            195        4.7692e-01      2.96e-03       1.78e-01       1.79e+02    
      157            196        4.7297e-01      3.95e-03       1.78e-01       2.18e+02    
      158            197        4.6899e-01      3.98e-03       1.78e-01       2.44e+02    
      159            198        4.6498e-01      4.01e-03       1.78e-01       2.63e+02    
      160            199        4.6096e-01      4.01e-03       1.78e-01       2.80e+02    
      161            200        4.5695e-01      4.01e-03       1.78e-01       2.98e+02    
      162            201        4.5294e-01      4.01e-03       1.78e-01       3.18e+02    
      163            202        4.4895e-01      4.00e-03       1.78e-01       3.41e+02    
      164            203        4.4497e-01      3.97e-03       1.78e-01       3.69e+02    
      165            204        4.4104e-01      3.93e-03       1.78e-01       4.03e+02    
      166            205        4.3719e-01      3.86e-03       1.78e-01       4.44e+02    
      167            206        4.3345e-01      3.74e-03       1.78e-01       4.92e+02    
      168            207        4.2988e-01      3.56e-03       1.78e-01       5.48e+02    
      169            208        4.2657e-01      3.31e-03       1.78e-01       6.13e+02    
      170            209        4.1271e-01      1.39e-02       4.45e-02       7.69e+01    
      171            210        4.1070e-01      2.00e-03       8.89e-02       1.90e+02    
      172            211        4.0767e-01      3.03e-03       8.89e-02       1.95e+02    
      173            212        4.0461e-01      3.06e-03       8.89e-02       2.05e+02    
      174            213        4.0150e-01      3.12e-03       8.89e-02       2.16e+02    
      175            214        3.9831e-01      3.19e-03       8.89e-02       2.27e+02    
      176            215        3.9504e-01      3.26e-03       8.89e-02       2.40e+02    
      177            216        3.9170e-01      3.34e-03       8.89e-02       2.52e+02    
      178            217        3.8827e-01      3.43e-03       8.89e-02       2.64e+02    
      179            218        3.8476e-01      3.51e-03       8.89e-02       2.76e+02    
      180            219        3.8116e-01      3.60e-03       8.89e-02       2.88e+02    
      181            220        3.7747e-01      3.69e-03       8.89e-02       3.00e+02    
      182            221        3.7369e-01      3.78e-03       8.89e-02       3.10e+02    
      183            222        3.6982e-01      3.88e-03       8.89e-02       3.20e+02    
      184            223        3.6584e-01      3.97e-03       8.89e-02       3.29e+02    
      185            224        3.6178e-01      4.07e-03       8.89e-02       3.36e+02    
      186            225        3.5761e-01      4.16e-03       8.89e-02       3.42e+02    
      187            226        3.5335e-01      4.26e-03       8.89e-02       3.47e+02    
      188            227        3.4900e-01      4.35e-03       8.89e-02       3.49e+02    
      189            228        3.4456e-01      4.44e-03       8.89e-02       3.50e+02    
      190            229        3.4004e-01      4.52e-03       8.89e-02       3.49e+02    
      191            230        3.3545e-01      4.59e-03       8.89e-02       3.47e+02    
      192            231        3.3079e-01      4.66e-03       8.89e-02       3.42e+02    
      193            232        3.2608e-01      4.71e-03       8.89e-02       3.36e+02    
      194            233        3.2132e-01      4.76e-03       8.89e-02       3.29e+02    
      195            234        3.1653e-01      4.79e-03       8.89e-02       3.20e+02    
      196            235        3.1172e-01      4.81e-03       8.89e-02       3.10e+02    
      197            236        3.0690e-01      4.83e-03       8.89e-02       3.00e+02    
      198            237        3.0206e-01      4.83e-03       8.89e-02       2.89e+02    
      199            238        2.9723e-01      4.83e-03       8.89e-02       2.78e+02    
      200            239        2.9240e-01      4.83e-03       8.89e-02       2.67e+02    
      201            240        2.8757e-01      4.82e-03       8.89e-02       2.56e+02    
      202            241        2.8276e-01      4.82e-03       8.89e-02       2.45e+02    
      203            243        2.7891e-01      3.84e-03       4.45e-02       5.67e+01    
      204            244        2.7567e-01      3.25e-03       8.89e-02       2.38e+02    
      205            245        2.7074e-01      4.93e-03       8.89e-02       2.20e+02    
      206            247        2.6724e-01      3.50e-03       4.45e-02       5.09e+01    
      207            248        2.6365e-01      3.59e-03       8.89e-02       2.14e+02    
      208            250        2.6020e-01      3.44e-03       4.45e-02       4.78e+01    
      209            251        2.5644e-01      3.76e-03       8.89e-02       2.02e+02    
      210            253        2.5314e-01      3.30e-03       4.45e-02       4.52e+01    
      211            254        2.4923e-01      3.91e-03       8.89e-02       1.92e+02    
      212            256        2.4604e-01      3.18e-03       4.45e-02       4.30e+01    
      213            257        2.4201e-01      4.04e-03       8.89e-02       1.82e+02    
      214            259        2.3892e-01      3.09e-03       4.45e-02       4.10e+01    
      215            260        2.3477e-01      4.15e-03       8.89e-02       1.74e+02    
      216            261        2.3376e-01      1.00e-03       1.78e-01       6.68e+02    
      217            262        2.2214e-01      1.16e-02       4.45e-02       3.05e+01    
      218            263        2.1779e-01      4.34e-03       8.89e-02       1.59e+02    
      219            264        2.1468e-01      3.11e-03       1.78e-01       6.17e+02    
      220            265        2.0306e-01      1.16e-02       1.78e-01       5.65e+02    
      221            266        1.9267e-01      1.04e-02       1.78e-01       5.48e+02    
      222            267        1.8231e-01      1.04e-02       1.78e-01       5.32e+02    
      223            268        1.7206e-01      1.03e-02       1.78e-01       5.18e+02    
      224            270        1.6392e-01      8.14e-03       8.89e-02       1.18e+02    
      225            271        1.5742e-01      6.49e-03       1.78e-01       5.22e+02    
      226            272        1.4699e-01      1.04e-02       1.78e-01       4.92e+02    
      227            274        1.4000e-01      7.00e-03       8.89e-02       1.14e+02    
      228            275        1.3295e-01      7.05e-03       1.78e-01       5.02e+02    
      229            277        1.2617e-01      6.77e-03       8.89e-02       1.12e+02    
      230            278        1.1911e-01      7.07e-03       1.78e-01       4.97e+02    
      231            280        1.1300e-01      6.10e-03       8.89e-02       1.13e+02    
      232            281        1.0617e-01      6.83e-03       1.78e-01       5.00e+02    
      233            283        1.0073e-01      5.44e-03       8.89e-02       1.16e+02    
      234            284        9.4408e-02      6.33e-03       1.78e-01       5.12e+02    
      235            286        8.9647e-02      4.76e-03       8.89e-02       1.21e+02    
      236            287        8.4116e-02      5.53e-03       1.78e-01       5.38e+02    
      237            289        8.0052e-02      4.06e-03       8.89e-02       1.30e+02    
      238            290        7.5629e-02      4.42e-03       1.78e-01       5.81e+02    
      239            292        7.2263e-02      3.37e-03       8.89e-02       1.43e+02    
      240            293        6.9283e-02      2.98e-03       1.78e-01       6.44e+02    
      241            294        6.6284e-02      3.00e-03       1.78e-01       6.71e+02    
      242            295        6.4246e-02      2.04e-03       1.78e-01       6.38e+02    
      243            296        6.2444e-02      1.80e-03       1.78e-01       4.90e+02    
      244            297        6.0662e-02      1.78e-03       1.78e-01       3.24e+02    
      245            298        5.9168e-02      1.49e-03       1.78e-01       2.22e+02    
      246            299        5.7960e-02      1.21e-03       1.78e-01       1.69e+02    
      247            300        5.6949e-02      1.01e-03       1.78e-01       1.40e+02    
      248            302        5.6252e-02      6.97e-04       8.89e-02       3.18e+01    
      249            303        5.5689e-02      5.63e-04       1.78e-01       1.09e+02    
      250            304        5.4989e-02      7.00e-04       1.78e-01       8.80e+01    
      251            306        5.4562e-02      4.27e-04       8.89e-02       1.86e+01    
      252            307        5.4129e-02      4.33e-04       1.78e-01       4.94e+01    
      253            309        5.3821e-02      3.08e-04       8.89e-02       7.66e+00    
      254            310        5.3495e-02      3.26e-04       1.78e-01       2.79e+01    
      255            312        5.3243e-02      2.52e-04       8.89e-02       8.58e+00    
      256            313        5.3067e-02      1.75e-04       1.78e-01       5.15e+01    
      257            314        5.2851e-02      2.16e-04       1.78e-01       7.68e+01    
      258            315        5.2650e-02      2.01e-04       1.78e-01       9.26e+01    
      259            316        5.2450e-02      2.00e-04       1.78e-01       1.01e+02    
      260            317        5.2251e-02      1.99e-04       1.78e-01       1.05e+02    
      261            318        5.2056e-02      1.95e-04       1.78e-01       1.07e+02    
      262            319        5.1870e-02      1.86e-04       1.78e-01       1.08e+02    
      263            320        5.1697e-02      1.73e-04       1.78e-01       1.08e+02    
      264            321        5.1538e-02      1.58e-04       1.78e-01       1.08e+02    
      265            322        5.1397e-02      1.41e-04       1.78e-01       1.07e+02    
      266            323        5.1275e-02      1.22e-04       1.78e-01       1.06e+02    
      267            324        5.0847e-02      4.28e-04       4.45e-02       7.01e+00    
      268            325        5.0825e-02      2.19e-05       8.89e-02       2.63e+01    
      269            326        5.0786e-02      3.87e-05       8.89e-02       2.60e+01    
      270            327        5.0754e-02      3.19e-05       8.89e-02       2.56e+01    
      271            328        5.0730e-02      2.48e-05       8.89e-02       2.52e+01    
      272            329        5.0712e-02      1.75e-05       8.89e-02       2.47e+01    
      273            330        5.0702e-02      9.93e-06       8.89e-02       2.41e+01    
      274            331        5.0684e-02      1.86e-05       6.00e-02       1.08e+01    
      275            332        5.0679e-02      4.24e-06       2.05e-04       3.16e-05    
      276            334        5.0679e-02      2.30e-15       4.48e-07       9.75e-08    
      277            335        5.0679e-02      1.30e-15       1.12e-07       9.87e-08    
`xtol` termination condition is satisfied.
Function evaluations 335, initial cost 5.3713e+06, final cost 5.0679e-02, first-order optimality 9.87e-08.
prediction loss 0.05067934196869979
rms error 0.006368029306432829
permuted prediction loss 0.05067934196869979
